Analysis & Synthesis report for Doan
Sun Nov 17 09:40:07 2024
Quartus II 64-Bit Version 13.0.1 Build 232 06/12/2013 Service Pack 1 SJ Web Edition


---------------------
; Table of Contents ;
---------------------
  1. Legal Notice
  2. Analysis & Synthesis Summary
  3. Analysis & Synthesis Settings
  4. Parallel Compilation
  5. Analysis & Synthesis Source Files Read
  6. Analysis & Synthesis Resource Usage Summary
  7. Analysis & Synthesis Resource Utilization by Entity
  8. Analysis & Synthesis DSP Block Usage Summary
  9. State Machine - |giaithua|Control_Unit:CU|c_state
 10. User-Specified and Inferred Latches
 11. Registers Removed During Synthesis
 12. General Register Statistics
 13. Multiplexer Restructuring Statistics (Restructuring Performed)
 14. Parameter Settings for User Entity Instance: Control_Unit:CU
 15. Parameter Settings for Inferred Entity Instance: Data_Path:DP|ALU:ALU1|Multiplier:Mul|lpm_mult:Mult0
 16. lpm_mult Parameter Settings by Entity Instance
 17. Port Connectivity Checks: "Data_Path:DP|ALU:ALU2"
 18. Port Connectivity Checks: "Data_Path:DP|ALU:ALU1|FullAdder:Incre"
 19. Port Connectivity Checks: "Data_Path:DP|ALU:ALU1|FullSubtracter:Decre"
 20. Port Connectivity Checks: "Data_Path:DP|ALU:ALU1|mux16_1:mux16_1"
 21. Port Connectivity Checks: "Data_Path:DP|ALU:ALU1|mux4_1:mux2"
 22. Port Connectivity Checks: "Data_Path:DP|ALU:ALU1"
 23. Elapsed Time Per Partition
 24. Analysis & Synthesis Messages
 25. Analysis & Synthesis Suppressed Messages



----------------
; Legal Notice ;
----------------
Copyright (C) 1991-2013 Altera Corporation
Your use of Altera Corporation's design tools, logic functions 
and other software and tools, and its AMPP partner logic 
functions, and any output files from any of the foregoing 
(including device programming or simulation files), and any 
associated documentation or information are expressly subject 
to the terms and conditions of the Altera Program License 
Subscription Agreement, Altera MegaCore Function License 
Agreement, or other applicable license agreement, including, 
without limitation, that your use is for the sole purpose of 
programming logic devices manufactured by Altera and sold by 
Altera or its authorized distributors.  Please refer to the 
applicable agreement for further details.



+--------------------------------------------------------------------------------------+
; Analysis & Synthesis Summary                                                         ;
+------------------------------------+-------------------------------------------------+
; Analysis & Synthesis Status        ; Successful - Sun Nov 17 09:40:07 2024           ;
; Quartus II 64-Bit Version          ; 13.0.1 Build 232 06/12/2013 SP 1 SJ Web Edition ;
; Revision Name                      ; Doan                                            ;
; Top-level Entity Name              ; giaithua                                        ;
; Family                             ; Cyclone II                                      ;
; Total logic elements               ; 285                                             ;
;     Total combinational functions  ; 269                                             ;
;     Dedicated logic registers      ; 52                                              ;
; Total registers                    ; 52                                              ;
; Total pins                         ; 51                                              ;
; Total virtual pins                 ; 0                                               ;
; Total memory bits                  ; 0                                               ;
; Embedded Multiplier 9-bit elements ; 2                                               ;
; Total PLLs                         ; 0                                               ;
+------------------------------------+-------------------------------------------------+


+----------------------------------------------------------------------------------------------------------------------+
; Analysis & Synthesis Settings                                                                                        ;
+----------------------------------------------------------------------------+--------------------+--------------------+
; Option                                                                     ; Setting            ; Default Value      ;
+----------------------------------------------------------------------------+--------------------+--------------------+
; Device                                                                     ; EP2C35F672C6       ;                    ;
; Top-level entity name                                                      ; giaithua           ; Doan               ;
; Family name                                                                ; Cyclone II         ; Cyclone IV GX      ;
; Use smart compilation                                                      ; Off                ; Off                ;
; Enable parallel Assembler and TimeQuest Timing Analyzer during compilation ; On                 ; On                 ;
; Enable compact report table                                                ; Off                ; Off                ;
; Restructure Multiplexers                                                   ; Auto               ; Auto               ;
; Create Debugging Nodes for IP Cores                                        ; Off                ; Off                ;
; Preserve fewer node names                                                  ; On                 ; On                 ;
; Disable OpenCore Plus hardware evaluation                                  ; Off                ; Off                ;
; Verilog Version                                                            ; Verilog_2001       ; Verilog_2001       ;
; VHDL Version                                                               ; VHDL_1993          ; VHDL_1993          ;
; State Machine Processing                                                   ; Auto               ; Auto               ;
; Safe State Machine                                                         ; Off                ; Off                ;
; Extract Verilog State Machines                                             ; On                 ; On                 ;
; Extract VHDL State Machines                                                ; On                 ; On                 ;
; Ignore Verilog initial constructs                                          ; Off                ; Off                ;
; Iteration limit for constant Verilog loops                                 ; 5000               ; 5000               ;
; Iteration limit for non-constant Verilog loops                             ; 250                ; 250                ;
; Add Pass-Through Logic to Inferred RAMs                                    ; On                 ; On                 ;
; Infer RAMs from Raw Logic                                                  ; On                 ; On                 ;
; Parallel Synthesis                                                         ; On                 ; On                 ;
; DSP Block Balancing                                                        ; Auto               ; Auto               ;
; NOT Gate Push-Back                                                         ; On                 ; On                 ;
; Power-Up Don't Care                                                        ; On                 ; On                 ;
; Remove Redundant Logic Cells                                               ; Off                ; Off                ;
; Remove Duplicate Registers                                                 ; On                 ; On                 ;
; Ignore CARRY Buffers                                                       ; Off                ; Off                ;
; Ignore CASCADE Buffers                                                     ; Off                ; Off                ;
; Ignore GLOBAL Buffers                                                      ; Off                ; Off                ;
; Ignore ROW GLOBAL Buffers                                                  ; Off                ; Off                ;
; Ignore LCELL Buffers                                                       ; Off                ; Off                ;
; Ignore SOFT Buffers                                                        ; On                 ; On                 ;
; Limit AHDL Integers to 32 Bits                                             ; Off                ; Off                ;
; Optimization Technique                                                     ; Balanced           ; Balanced           ;
; Carry Chain Length                                                         ; 70                 ; 70                 ;
; Auto Carry Chains                                                          ; On                 ; On                 ;
; Auto Open-Drain Pins                                                       ; On                 ; On                 ;
; Perform WYSIWYG Primitive Resynthesis                                      ; Off                ; Off                ;
; Auto ROM Replacement                                                       ; On                 ; On                 ;
; Auto RAM Replacement                                                       ; On                 ; On                 ;
; Auto Shift Register Replacement                                            ; Auto               ; Auto               ;
; Allow Shift Register Merging across Hierarchies                            ; Auto               ; Auto               ;
; Auto Clock Enable Replacement                                              ; On                 ; On                 ;
; Strict RAM Replacement                                                     ; Off                ; Off                ;
; Allow Synchronous Control Signals                                          ; On                 ; On                 ;
; Force Use of Synchronous Clear Signals                                     ; Off                ; Off                ;
; Auto RAM to Logic Cell Conversion                                          ; Off                ; Off                ;
; Auto Resource Sharing                                                      ; Off                ; Off                ;
; Allow Any RAM Size For Recognition                                         ; Off                ; Off                ;
; Allow Any ROM Size For Recognition                                         ; Off                ; Off                ;
; Allow Any Shift Register Size For Recognition                              ; Off                ; Off                ;
; Use LogicLock Constraints during Resource Balancing                        ; On                 ; On                 ;
; Ignore translate_off and synthesis_off directives                          ; Off                ; Off                ;
; Timing-Driven Synthesis                                                    ; Off                ; Off                ;
; Report Parameter Settings                                                  ; On                 ; On                 ;
; Report Source Assignments                                                  ; On                 ; On                 ;
; Report Connectivity Checks                                                 ; On                 ; On                 ;
; Ignore Maximum Fan-Out Assignments                                         ; Off                ; Off                ;
; Synchronization Register Chain Length                                      ; 2                  ; 2                  ;
; PowerPlay Power Optimization                                               ; Normal compilation ; Normal compilation ;
; HDL message level                                                          ; Level2             ; Level2             ;
; Suppress Register Optimization Related Messages                            ; Off                ; Off                ;
; Number of Removed Registers Reported in Synthesis Report                   ; 5000               ; 5000               ;
; Number of Swept Nodes Reported in Synthesis Report                         ; 5000               ; 5000               ;
; Number of Inverted Registers Reported in Synthesis Report                  ; 100                ; 100                ;
; Clock MUX Protection                                                       ; On                 ; On                 ;
; Auto Gated Clock Conversion                                                ; Off                ; Off                ;
; Block Design Naming                                                        ; Auto               ; Auto               ;
; SDC constraint protection                                                  ; Off                ; Off                ;
; Synthesis Effort                                                           ; Auto               ; Auto               ;
; Shift Register Replacement - Allow Asynchronous Clear Signal               ; On                 ; On                 ;
; Pre-Mapping Resynthesis Optimization                                       ; Off                ; Off                ;
; Analysis & Synthesis Message Level                                         ; Medium             ; Medium             ;
; Disable Register Merging Across Hierarchies                                ; Auto               ; Auto               ;
; Resource Aware Inference For Block RAM                                     ; On                 ; On                 ;
; Synthesis Seed                                                             ; 1                  ; 1                  ;
+----------------------------------------------------------------------------+--------------------+--------------------+


Parallel compilation was disabled, but you have multiple processors available. Enable parallel compilation to reduce compilation time.
+-------------------------------------+
; Parallel Compilation                ;
+----------------------------+--------+
; Processors                 ; Number ;
+----------------------------+--------+
; Number detected on machine ; 8      ;
; Maximum allowed            ; 1      ;
+----------------------------+--------+


+-----------------------------------------------------------------------------------------------------------------------------------------------------------------+
; Analysis & Synthesis Source Files Read                                                                                                                          ;
+----------------------------------+-----------------+------------------------------+-------------------------------------------------------------------+---------+
; File Name with User-Entered Path ; Used in Netlist ; File Type                    ; File Name with Absolute Path                                      ; Library ;
+----------------------------------+-----------------+------------------------------+-------------------------------------------------------------------+---------+
; ../Lab3/mux16_1.v                ; yes             ; User Verilog HDL File        ; C:/CE118/BTL_factorial/DOLLS/Lab3/mux16_1.v                       ;         ;
; ../Lab3/mux4_1.v                 ; yes             ; User Verilog HDL File        ; C:/CE118/BTL_factorial/DOLLS/Lab3/mux4_1.v                        ;         ;
; ../Lab3/Mux2_1.v                 ; yes             ; User Verilog HDL File        ; C:/CE118/BTL_factorial/DOLLS/Lab3/Mux2_1.v                        ;         ;
; ../Lab3/Multiplier.v             ; yes             ; User Verilog HDL File        ; C:/CE118/BTL_factorial/DOLLS/Lab3/Multiplier.v                    ;         ;
; ../Lab3/FullSubtracter.v         ; yes             ; User Verilog HDL File        ; C:/CE118/BTL_factorial/DOLLS/Lab3/FullSubtracter.v                ;         ;
; ../Lab3/FullAdder.v              ; yes             ; User Verilog HDL File        ; C:/CE118/BTL_factorial/DOLLS/Lab3/FullAdder.v                     ;         ;
; ../Lab3/comp.v                   ; yes             ; User Verilog HDL File        ; C:/CE118/BTL_factorial/DOLLS/Lab3/comp.v                          ;         ;
; ../Lab3/ALU.v                    ; yes             ; User Verilog HDL File        ; C:/CE118/BTL_factorial/DOLLS/Lab3/ALU.v                           ;         ;
; ../Lab4/RegisterFile.v           ; yes             ; User Verilog HDL File        ; C:/CE118/BTL_factorial/DOLLS/Lab4/RegisterFile.v                  ;         ;
; ../Lab4/Register4Bit.v           ; yes             ; User Verilog HDL File        ; C:/CE118/BTL_factorial/DOLLS/Lab4/Register4Bit.v                  ;         ;
; ../Lab4/Data_Path.v              ; yes             ; User Verilog HDL File        ; C:/CE118/BTL_factorial/DOLLS/Lab4/Data_Path.v                     ;         ;
; ../Lab4/Control_Unit.v           ; yes             ; User Verilog HDL File        ; C:/CE118/BTL_factorial/DOLLS/Lab4/Control_Unit.v                  ;         ;
; ../Lab4/giaithua.v               ; yes             ; User Verilog HDL File        ; C:/CE118/BTL_factorial/DOLLS/Lab4/giaithua.v                      ;         ;
; lpm_mult.tdf                     ; yes             ; Megafunction                 ; c:/altera/13.0sp1/quartus/libraries/megafunctions/lpm_mult.tdf    ;         ;
; aglobal130.inc                   ; yes             ; Megafunction                 ; c:/altera/13.0sp1/quartus/libraries/megafunctions/aglobal130.inc  ;         ;
; lpm_add_sub.inc                  ; yes             ; Megafunction                 ; c:/altera/13.0sp1/quartus/libraries/megafunctions/lpm_add_sub.inc ;         ;
; multcore.inc                     ; yes             ; Megafunction                 ; c:/altera/13.0sp1/quartus/libraries/megafunctions/multcore.inc    ;         ;
; bypassff.inc                     ; yes             ; Megafunction                 ; c:/altera/13.0sp1/quartus/libraries/megafunctions/bypassff.inc    ;         ;
; altshift.inc                     ; yes             ; Megafunction                 ; c:/altera/13.0sp1/quartus/libraries/megafunctions/altshift.inc    ;         ;
; db/mult_h1t.tdf                  ; yes             ; Auto-Generated Megafunction  ; C:/CE118/BTL_factorial/DOLLS/DOAN/db/mult_h1t.tdf                 ;         ;
+----------------------------------+-----------------+------------------------------+-------------------------------------------------------------------+---------+


+----------------------------------------------------------------------+
; Analysis & Synthesis Resource Usage Summary                          ;
+---------------------------------------------+------------------------+
; Resource                                    ; Usage                  ;
+---------------------------------------------+------------------------+
; Estimated Total logic elements              ; 285                    ;
;                                             ;                        ;
; Total combinational functions               ; 269                    ;
; Logic element usage by number of LUT inputs ;                        ;
;     -- 4 input functions                    ; 197                    ;
;     -- 3 input functions                    ; 34                     ;
;     -- <=2 input functions                  ; 38                     ;
;                                             ;                        ;
; Logic elements by mode                      ;                        ;
;     -- normal mode                          ; 269                    ;
;     -- arithmetic mode                      ; 0                      ;
;                                             ;                        ;
; Total registers                             ; 52                     ;
;     -- Dedicated logic registers            ; 52                     ;
;     -- I/O registers                        ; 0                      ;
;                                             ;                        ;
; I/O pins                                    ; 51                     ;
; Embedded Multiplier 9-bit elements          ; 2                      ;
; Maximum fan-out node                        ; Control_Unit:CU|RAB[1] ;
; Maximum fan-out                             ; 68                     ;
; Total fan-out                               ; 1184                   ;
; Average fan-out                             ; 3.17                   ;
+---------------------------------------------+------------------------+


+-------------------------------------------------------------------------------------------------------------------------------------------------------------------------------------------------------------------------------------------------------------+
; Analysis & Synthesis Resource Utilization by Entity                                                                                                                                                                                                         ;
+------------------------------------------+-------------------+--------------+-------------+--------------+---------+-----------+------+--------------+---------------------------------------------------------------------------------------+--------------+
; Compilation Hierarchy Node               ; LC Combinationals ; LC Registers ; Memory Bits ; DSP Elements ; DSP 9x9 ; DSP 18x18 ; Pins ; Virtual Pins ; Full Hierarchy Name                                                                   ; Library Name ;
+------------------------------------------+-------------------+--------------+-------------+--------------+---------+-----------+------+--------------+---------------------------------------------------------------------------------------+--------------+
; |giaithua                                ; 269 (0)           ; 52 (0)       ; 0           ; 2            ; 0       ; 1         ; 51   ; 0            ; |giaithua                                                                             ; work         ;
;    |Control_Unit:CU|                     ; 24 (24)           ; 4 (4)        ; 0           ; 0            ; 0       ; 0         ; 0    ; 0            ; |giaithua|Control_Unit:CU                                                             ; work         ;
;    |Data_Path:DP|                        ; 245 (0)           ; 48 (0)       ; 0           ; 2            ; 0       ; 1         ; 0    ; 0            ; |giaithua|Data_Path:DP                                                                ; work         ;
;       |ALU:ALU1|                         ; 178 (9)           ; 0 (0)        ; 0           ; 2            ; 0       ; 1         ; 0    ; 0            ; |giaithua|Data_Path:DP|ALU:ALU1                                                       ; work         ;
;          |FullAdder:Add|                 ; 20 (20)           ; 0 (0)        ; 0           ; 0            ; 0       ; 0         ; 0    ; 0            ; |giaithua|Data_Path:DP|ALU:ALU1|FullAdder:Add                                         ; work         ;
;          |FullAdder:Incre|               ; 15 (15)           ; 0 (0)        ; 0           ; 0            ; 0       ; 0         ; 0    ; 0            ; |giaithua|Data_Path:DP|ALU:ALU1|FullAdder:Incre                                       ; work         ;
;          |FullSubtracter:Decre|          ; 7 (7)             ; 0 (0)        ; 0           ; 0            ; 0       ; 0         ; 0    ; 0            ; |giaithua|Data_Path:DP|ALU:ALU1|FullSubtracter:Decre                                  ; work         ;
;          |FullSubtracter:Sub|            ; 17 (17)           ; 0 (0)        ; 0           ; 0            ; 0       ; 0         ; 0    ; 0            ; |giaithua|Data_Path:DP|ALU:ALU1|FullSubtracter:Sub                                    ; work         ;
;          |Multiplier:Mul|                ; 0 (0)             ; 0 (0)        ; 0           ; 2            ; 0       ; 1         ; 0    ; 0            ; |giaithua|Data_Path:DP|ALU:ALU1|Multiplier:Mul                                        ; work         ;
;             |lpm_mult:Mult0|             ; 0 (0)             ; 0 (0)        ; 0           ; 2            ; 0       ; 1         ; 0    ; 0            ; |giaithua|Data_Path:DP|ALU:ALU1|Multiplier:Mul|lpm_mult:Mult0                         ; work         ;
;                |mult_h1t:auto_generated| ; 0 (0)             ; 0 (0)        ; 0           ; 2            ; 0       ; 1         ; 0    ; 0            ; |giaithua|Data_Path:DP|ALU:ALU1|Multiplier:Mul|lpm_mult:Mult0|mult_h1t:auto_generated ; work         ;
;          |mux16_1:mux16_1|               ; 110 (110)         ; 0 (0)        ; 0           ; 0            ; 0       ; 0         ; 0    ; 0            ; |giaithua|Data_Path:DP|ALU:ALU1|mux16_1:mux16_1                                       ; work         ;
;       |ALU:ALU2|                         ; 17 (0)            ; 0 (0)        ; 0           ; 0            ; 0       ; 0         ; 0    ; 0            ; |giaithua|Data_Path:DP|ALU:ALU2                                                       ; work         ;
;          |FullSubtracter:Decre|          ; 17 (17)           ; 0 (0)        ; 0           ; 0            ; 0       ; 0         ; 0    ; 0            ; |giaithua|Data_Path:DP|ALU:ALU2|FullSubtracter:Decre                                  ; work         ;
;       |Mux2_1:Mux2_1|                    ; 18 (18)           ; 0 (0)        ; 0           ; 0            ; 0       ; 0         ; 0    ; 0            ; |giaithua|Data_Path:DP|Mux2_1:Mux2_1                                                  ; work         ;
;       |Register4Bit:Reg1|                ; 0 (0)             ; 16 (16)      ; 0           ; 0            ; 0       ; 0         ; 0    ; 0            ; |giaithua|Data_Path:DP|Register4Bit:Reg1                                              ; work         ;
;       |RegisterFile:Reg|                 ; 32 (32)           ; 32 (32)      ; 0           ; 0            ; 0       ; 0         ; 0    ; 0            ; |giaithua|Data_Path:DP|RegisterFile:Reg                                               ; work         ;
+------------------------------------------+-------------------+--------------+-------------+--------------+---------+-----------+------+--------------+---------------------------------------------------------------------------------------+--------------+
Note: For table entries with two numbers listed, the numbers in parentheses indicate the number of resources of the given type used by the specific entity alone. The numbers listed outside of parentheses indicate the total resources of the given type used by the specific entity and all of its sub-entities in the hierarchy.


+-----------------------------------------------------+
; Analysis & Synthesis DSP Block Usage Summary        ;
+---------------------------------------+-------------+
; Statistic                             ; Number Used ;
+---------------------------------------+-------------+
; Simple Multipliers (9-bit)            ; 0           ;
; Simple Multipliers (18-bit)           ; 1           ;
; Embedded Multiplier Blocks            ; --          ;
; Embedded Multiplier 9-bit elements    ; 2           ;
; Signed Embedded Multipliers           ; 1           ;
; Unsigned Embedded Multipliers         ; 0           ;
; Mixed Sign Embedded Multipliers       ; 0           ;
; Variable Sign Embedded Multipliers    ; 0           ;
; Dedicated Input Shift Register Chains ; 0           ;
+---------------------------------------+-------------+
Note: number of Embedded Multiplier Blocks used is only available after a successful fit.


Encoding Type:  One-Hot
+------------------------------------------------------------------------------------+
; State Machine - |giaithua|Control_Unit:CU|c_state                                  ;
+----------------+----------------+----------------+----------------+----------------+
; Name           ; c_state.state3 ; c_state.state2 ; c_state.state1 ; c_state.state0 ;
+----------------+----------------+----------------+----------------+----------------+
; c_state.state0 ; 0              ; 0              ; 0              ; 0              ;
; c_state.state1 ; 0              ; 0              ; 1              ; 1              ;
; c_state.state2 ; 0              ; 1              ; 0              ; 1              ;
; c_state.state3 ; 1              ; 0              ; 0              ; 1              ;
+----------------+----------------+----------------+----------------+----------------+


+--------------------------------------------------------------------------------------------------------------+
; User-Specified and Inferred Latches                                                                          ;
+----------------------------------------------------+--------------------------------+------------------------+
; Latch Name                                         ; Latch Enable Signal            ; Free of Timing Hazards ;
+----------------------------------------------------+--------------------------------+------------------------+
; Control_Unit:CU|RAB[1]                             ; Control_Unit:CU|RAB            ; yes                    ;
; Control_Unit:CU|RAA[0]                             ; Control_Unit:CU|c_state.state0 ; yes                    ;
; Control_Unit:CU|S_ALU1[0]                          ; Control_Unit:CU|c_state.state0 ; yes                    ;
; Control_Unit:CU|S_ALU1[2]                          ; Control_Unit:CU|c_state.state0 ; yes                    ;
; Control_Unit:CU|S_ALU1[1]                          ; Control_Unit:CU|c_state.state0 ; yes                    ;
; Control_Unit:CU|S_ALU1[3]                          ; Control_Unit:CU|c_state.state0 ; yes                    ;
; Number of user-specified and inferred latches = 6  ;                                ;                        ;
+----------------------------------------------------+--------------------------------+------------------------+
Note: All latches listed above may not be present at the end of synthesis due to various synthesis optimizations.


+---------------------------------------------------------------------------------------------------------+
; Registers Removed During Synthesis                                                                      ;
+-----------------------------------------------+---------------------------------------------------------+
; Register name                                 ; Reason for Removal                                      ;
+-----------------------------------------------+---------------------------------------------------------+
; Data_Path:DP|RegisterFile:Reg|regfile[3][0]   ; Lost fanout                                             ;
; Data_Path:DP|RegisterFile:Reg|regfile[3][1]   ; Lost fanout                                             ;
; Data_Path:DP|RegisterFile:Reg|regfile[3][2]   ; Lost fanout                                             ;
; Data_Path:DP|RegisterFile:Reg|regfile[3][3]   ; Lost fanout                                             ;
; Data_Path:DP|RegisterFile:Reg|regfile[3][4]   ; Lost fanout                                             ;
; Data_Path:DP|RegisterFile:Reg|regfile[3][5]   ; Lost fanout                                             ;
; Data_Path:DP|RegisterFile:Reg|regfile[3][6]   ; Lost fanout                                             ;
; Data_Path:DP|RegisterFile:Reg|regfile[3][7]   ; Lost fanout                                             ;
; Data_Path:DP|RegisterFile:Reg|regfile[3][8]   ; Lost fanout                                             ;
; Data_Path:DP|RegisterFile:Reg|regfile[3][9]   ; Lost fanout                                             ;
; Data_Path:DP|RegisterFile:Reg|regfile[3][10]  ; Lost fanout                                             ;
; Data_Path:DP|RegisterFile:Reg|regfile[3][11]  ; Lost fanout                                             ;
; Data_Path:DP|RegisterFile:Reg|regfile[3][12]  ; Lost fanout                                             ;
; Data_Path:DP|RegisterFile:Reg|regfile[3][13]  ; Lost fanout                                             ;
; Data_Path:DP|RegisterFile:Reg|regfile[3][14]  ; Lost fanout                                             ;
; Data_Path:DP|RegisterFile:Reg|regfile[3][15]  ; Lost fanout                                             ;
; Data_Path:DP|RegisterFile:Reg|regfile[4][0]   ; Lost fanout                                             ;
; Data_Path:DP|RegisterFile:Reg|regfile[4][1]   ; Lost fanout                                             ;
; Data_Path:DP|RegisterFile:Reg|regfile[4][2]   ; Lost fanout                                             ;
; Data_Path:DP|RegisterFile:Reg|regfile[4][3]   ; Lost fanout                                             ;
; Data_Path:DP|RegisterFile:Reg|regfile[4][4]   ; Lost fanout                                             ;
; Data_Path:DP|RegisterFile:Reg|regfile[4][5]   ; Lost fanout                                             ;
; Data_Path:DP|RegisterFile:Reg|regfile[4][6]   ; Lost fanout                                             ;
; Data_Path:DP|RegisterFile:Reg|regfile[4][7]   ; Lost fanout                                             ;
; Data_Path:DP|RegisterFile:Reg|regfile[4][8]   ; Lost fanout                                             ;
; Data_Path:DP|RegisterFile:Reg|regfile[4][9]   ; Lost fanout                                             ;
; Data_Path:DP|RegisterFile:Reg|regfile[4][10]  ; Lost fanout                                             ;
; Data_Path:DP|RegisterFile:Reg|regfile[4][11]  ; Lost fanout                                             ;
; Data_Path:DP|RegisterFile:Reg|regfile[4][12]  ; Lost fanout                                             ;
; Data_Path:DP|RegisterFile:Reg|regfile[4][13]  ; Lost fanout                                             ;
; Data_Path:DP|RegisterFile:Reg|regfile[4][14]  ; Lost fanout                                             ;
; Data_Path:DP|RegisterFile:Reg|regfile[4][15]  ; Lost fanout                                             ;
; Data_Path:DP|RegisterFile:Reg|regfile[5][0]   ; Lost fanout                                             ;
; Data_Path:DP|RegisterFile:Reg|regfile[5][1]   ; Lost fanout                                             ;
; Data_Path:DP|RegisterFile:Reg|regfile[5][2]   ; Lost fanout                                             ;
; Data_Path:DP|RegisterFile:Reg|regfile[5][3]   ; Lost fanout                                             ;
; Data_Path:DP|RegisterFile:Reg|regfile[5][4]   ; Lost fanout                                             ;
; Data_Path:DP|RegisterFile:Reg|regfile[5][5]   ; Lost fanout                                             ;
; Data_Path:DP|RegisterFile:Reg|regfile[5][6]   ; Lost fanout                                             ;
; Data_Path:DP|RegisterFile:Reg|regfile[5][7]   ; Lost fanout                                             ;
; Data_Path:DP|RegisterFile:Reg|regfile[5][8]   ; Lost fanout                                             ;
; Data_Path:DP|RegisterFile:Reg|regfile[5][9]   ; Lost fanout                                             ;
; Data_Path:DP|RegisterFile:Reg|regfile[5][10]  ; Lost fanout                                             ;
; Data_Path:DP|RegisterFile:Reg|regfile[5][11]  ; Lost fanout                                             ;
; Data_Path:DP|RegisterFile:Reg|regfile[5][12]  ; Lost fanout                                             ;
; Data_Path:DP|RegisterFile:Reg|regfile[5][13]  ; Lost fanout                                             ;
; Data_Path:DP|RegisterFile:Reg|regfile[5][14]  ; Lost fanout                                             ;
; Data_Path:DP|RegisterFile:Reg|regfile[5][15]  ; Lost fanout                                             ;
; Data_Path:DP|RegisterFile:Reg|regfile[6][0]   ; Lost fanout                                             ;
; Data_Path:DP|RegisterFile:Reg|regfile[6][1]   ; Lost fanout                                             ;
; Data_Path:DP|RegisterFile:Reg|regfile[6][2]   ; Lost fanout                                             ;
; Data_Path:DP|RegisterFile:Reg|regfile[6][3]   ; Lost fanout                                             ;
; Data_Path:DP|RegisterFile:Reg|regfile[6][4]   ; Lost fanout                                             ;
; Data_Path:DP|RegisterFile:Reg|regfile[6][5]   ; Lost fanout                                             ;
; Data_Path:DP|RegisterFile:Reg|regfile[6][6]   ; Lost fanout                                             ;
; Data_Path:DP|RegisterFile:Reg|regfile[6][7]   ; Lost fanout                                             ;
; Data_Path:DP|RegisterFile:Reg|regfile[6][8]   ; Lost fanout                                             ;
; Data_Path:DP|RegisterFile:Reg|regfile[6][9]   ; Lost fanout                                             ;
; Data_Path:DP|RegisterFile:Reg|regfile[6][10]  ; Lost fanout                                             ;
; Data_Path:DP|RegisterFile:Reg|regfile[6][11]  ; Lost fanout                                             ;
; Data_Path:DP|RegisterFile:Reg|regfile[6][12]  ; Lost fanout                                             ;
; Data_Path:DP|RegisterFile:Reg|regfile[6][13]  ; Lost fanout                                             ;
; Data_Path:DP|RegisterFile:Reg|regfile[6][14]  ; Lost fanout                                             ;
; Data_Path:DP|RegisterFile:Reg|regfile[6][15]  ; Lost fanout                                             ;
; Data_Path:DP|RegisterFile:Reg|regfile[7][0]   ; Lost fanout                                             ;
; Data_Path:DP|RegisterFile:Reg|regfile[7][1]   ; Lost fanout                                             ;
; Data_Path:DP|RegisterFile:Reg|regfile[7][2]   ; Lost fanout                                             ;
; Data_Path:DP|RegisterFile:Reg|regfile[7][3]   ; Lost fanout                                             ;
; Data_Path:DP|RegisterFile:Reg|regfile[7][4]   ; Lost fanout                                             ;
; Data_Path:DP|RegisterFile:Reg|regfile[7][5]   ; Lost fanout                                             ;
; Data_Path:DP|RegisterFile:Reg|regfile[7][6]   ; Lost fanout                                             ;
; Data_Path:DP|RegisterFile:Reg|regfile[7][7]   ; Lost fanout                                             ;
; Data_Path:DP|RegisterFile:Reg|regfile[7][8]   ; Lost fanout                                             ;
; Data_Path:DP|RegisterFile:Reg|regfile[7][9]   ; Lost fanout                                             ;
; Data_Path:DP|RegisterFile:Reg|regfile[7][10]  ; Lost fanout                                             ;
; Data_Path:DP|RegisterFile:Reg|regfile[7][11]  ; Lost fanout                                             ;
; Data_Path:DP|RegisterFile:Reg|regfile[7][12]  ; Lost fanout                                             ;
; Data_Path:DP|RegisterFile:Reg|regfile[7][13]  ; Lost fanout                                             ;
; Data_Path:DP|RegisterFile:Reg|regfile[7][14]  ; Lost fanout                                             ;
; Data_Path:DP|RegisterFile:Reg|regfile[7][15]  ; Lost fanout                                             ;
; Data_Path:DP|RegisterFile:Reg|regfile[8][0]   ; Lost fanout                                             ;
; Data_Path:DP|RegisterFile:Reg|regfile[8][1]   ; Lost fanout                                             ;
; Data_Path:DP|RegisterFile:Reg|regfile[8][2]   ; Lost fanout                                             ;
; Data_Path:DP|RegisterFile:Reg|regfile[8][3]   ; Lost fanout                                             ;
; Data_Path:DP|RegisterFile:Reg|regfile[8][4]   ; Lost fanout                                             ;
; Data_Path:DP|RegisterFile:Reg|regfile[8][5]   ; Lost fanout                                             ;
; Data_Path:DP|RegisterFile:Reg|regfile[8][6]   ; Lost fanout                                             ;
; Data_Path:DP|RegisterFile:Reg|regfile[8][7]   ; Lost fanout                                             ;
; Data_Path:DP|RegisterFile:Reg|regfile[8][8]   ; Lost fanout                                             ;
; Data_Path:DP|RegisterFile:Reg|regfile[8][9]   ; Lost fanout                                             ;
; Data_Path:DP|RegisterFile:Reg|regfile[8][10]  ; Lost fanout                                             ;
; Data_Path:DP|RegisterFile:Reg|regfile[8][11]  ; Lost fanout                                             ;
; Data_Path:DP|RegisterFile:Reg|regfile[8][12]  ; Lost fanout                                             ;
; Data_Path:DP|RegisterFile:Reg|regfile[8][13]  ; Lost fanout                                             ;
; Data_Path:DP|RegisterFile:Reg|regfile[8][14]  ; Lost fanout                                             ;
; Data_Path:DP|RegisterFile:Reg|regfile[8][15]  ; Lost fanout                                             ;
; Data_Path:DP|RegisterFile:Reg|regfile[9][0]   ; Lost fanout                                             ;
; Data_Path:DP|RegisterFile:Reg|regfile[9][1]   ; Lost fanout                                             ;
; Data_Path:DP|RegisterFile:Reg|regfile[9][2]   ; Lost fanout                                             ;
; Data_Path:DP|RegisterFile:Reg|regfile[9][3]   ; Lost fanout                                             ;
; Data_Path:DP|RegisterFile:Reg|regfile[9][4]   ; Lost fanout                                             ;
; Data_Path:DP|RegisterFile:Reg|regfile[9][5]   ; Lost fanout                                             ;
; Data_Path:DP|RegisterFile:Reg|regfile[9][6]   ; Lost fanout                                             ;
; Data_Path:DP|RegisterFile:Reg|regfile[9][7]   ; Lost fanout                                             ;
; Data_Path:DP|RegisterFile:Reg|regfile[9][8]   ; Lost fanout                                             ;
; Data_Path:DP|RegisterFile:Reg|regfile[9][9]   ; Lost fanout                                             ;
; Data_Path:DP|RegisterFile:Reg|regfile[9][10]  ; Lost fanout                                             ;
; Data_Path:DP|RegisterFile:Reg|regfile[9][11]  ; Lost fanout                                             ;
; Data_Path:DP|RegisterFile:Reg|regfile[9][12]  ; Lost fanout                                             ;
; Data_Path:DP|RegisterFile:Reg|regfile[9][13]  ; Lost fanout                                             ;
; Data_Path:DP|RegisterFile:Reg|regfile[9][14]  ; Lost fanout                                             ;
; Data_Path:DP|RegisterFile:Reg|regfile[9][15]  ; Lost fanout                                             ;
; Data_Path:DP|RegisterFile:Reg|regfile[10][0]  ; Lost fanout                                             ;
; Data_Path:DP|RegisterFile:Reg|regfile[10][1]  ; Lost fanout                                             ;
; Data_Path:DP|RegisterFile:Reg|regfile[10][2]  ; Lost fanout                                             ;
; Data_Path:DP|RegisterFile:Reg|regfile[10][3]  ; Lost fanout                                             ;
; Data_Path:DP|RegisterFile:Reg|regfile[10][4]  ; Lost fanout                                             ;
; Data_Path:DP|RegisterFile:Reg|regfile[10][5]  ; Lost fanout                                             ;
; Data_Path:DP|RegisterFile:Reg|regfile[10][6]  ; Lost fanout                                             ;
; Data_Path:DP|RegisterFile:Reg|regfile[10][7]  ; Lost fanout                                             ;
; Data_Path:DP|RegisterFile:Reg|regfile[10][8]  ; Lost fanout                                             ;
; Data_Path:DP|RegisterFile:Reg|regfile[10][9]  ; Lost fanout                                             ;
; Data_Path:DP|RegisterFile:Reg|regfile[10][10] ; Lost fanout                                             ;
; Data_Path:DP|RegisterFile:Reg|regfile[10][11] ; Lost fanout                                             ;
; Data_Path:DP|RegisterFile:Reg|regfile[10][12] ; Lost fanout                                             ;
; Data_Path:DP|RegisterFile:Reg|regfile[10][13] ; Lost fanout                                             ;
; Data_Path:DP|RegisterFile:Reg|regfile[10][14] ; Lost fanout                                             ;
; Data_Path:DP|RegisterFile:Reg|regfile[10][15] ; Lost fanout                                             ;
; Data_Path:DP|RegisterFile:Reg|regfile[11][0]  ; Lost fanout                                             ;
; Data_Path:DP|RegisterFile:Reg|regfile[11][1]  ; Lost fanout                                             ;
; Data_Path:DP|RegisterFile:Reg|regfile[11][2]  ; Lost fanout                                             ;
; Data_Path:DP|RegisterFile:Reg|regfile[11][3]  ; Lost fanout                                             ;
; Data_Path:DP|RegisterFile:Reg|regfile[11][4]  ; Lost fanout                                             ;
; Data_Path:DP|RegisterFile:Reg|regfile[11][5]  ; Lost fanout                                             ;
; Data_Path:DP|RegisterFile:Reg|regfile[11][6]  ; Lost fanout                                             ;
; Data_Path:DP|RegisterFile:Reg|regfile[11][7]  ; Lost fanout                                             ;
; Data_Path:DP|RegisterFile:Reg|regfile[11][8]  ; Lost fanout                                             ;
; Data_Path:DP|RegisterFile:Reg|regfile[11][9]  ; Lost fanout                                             ;
; Data_Path:DP|RegisterFile:Reg|regfile[11][10] ; Lost fanout                                             ;
; Data_Path:DP|RegisterFile:Reg|regfile[11][11] ; Lost fanout                                             ;
; Data_Path:DP|RegisterFile:Reg|regfile[11][12] ; Lost fanout                                             ;
; Data_Path:DP|RegisterFile:Reg|regfile[11][13] ; Lost fanout                                             ;
; Data_Path:DP|RegisterFile:Reg|regfile[11][14] ; Lost fanout                                             ;
; Data_Path:DP|RegisterFile:Reg|regfile[11][15] ; Lost fanout                                             ;
; Data_Path:DP|RegisterFile:Reg|regfile[12][0]  ; Lost fanout                                             ;
; Data_Path:DP|RegisterFile:Reg|regfile[12][1]  ; Lost fanout                                             ;
; Data_Path:DP|RegisterFile:Reg|regfile[12][2]  ; Lost fanout                                             ;
; Data_Path:DP|RegisterFile:Reg|regfile[12][3]  ; Lost fanout                                             ;
; Data_Path:DP|RegisterFile:Reg|regfile[12][4]  ; Lost fanout                                             ;
; Data_Path:DP|RegisterFile:Reg|regfile[12][5]  ; Lost fanout                                             ;
; Data_Path:DP|RegisterFile:Reg|regfile[12][6]  ; Lost fanout                                             ;
; Data_Path:DP|RegisterFile:Reg|regfile[12][7]  ; Lost fanout                                             ;
; Data_Path:DP|RegisterFile:Reg|regfile[12][8]  ; Lost fanout                                             ;
; Data_Path:DP|RegisterFile:Reg|regfile[12][9]  ; Lost fanout                                             ;
; Data_Path:DP|RegisterFile:Reg|regfile[12][10] ; Lost fanout                                             ;
; Data_Path:DP|RegisterFile:Reg|regfile[12][11] ; Lost fanout                                             ;
; Data_Path:DP|RegisterFile:Reg|regfile[12][12] ; Lost fanout                                             ;
; Data_Path:DP|RegisterFile:Reg|regfile[12][13] ; Lost fanout                                             ;
; Data_Path:DP|RegisterFile:Reg|regfile[12][14] ; Lost fanout                                             ;
; Data_Path:DP|RegisterFile:Reg|regfile[12][15] ; Lost fanout                                             ;
; Data_Path:DP|RegisterFile:Reg|regfile[13][0]  ; Lost fanout                                             ;
; Data_Path:DP|RegisterFile:Reg|regfile[13][1]  ; Lost fanout                                             ;
; Data_Path:DP|RegisterFile:Reg|regfile[13][2]  ; Lost fanout                                             ;
; Data_Path:DP|RegisterFile:Reg|regfile[13][3]  ; Lost fanout                                             ;
; Data_Path:DP|RegisterFile:Reg|regfile[13][4]  ; Lost fanout                                             ;
; Data_Path:DP|RegisterFile:Reg|regfile[13][5]  ; Lost fanout                                             ;
; Data_Path:DP|RegisterFile:Reg|regfile[13][6]  ; Lost fanout                                             ;
; Data_Path:DP|RegisterFile:Reg|regfile[13][7]  ; Lost fanout                                             ;
; Data_Path:DP|RegisterFile:Reg|regfile[13][8]  ; Lost fanout                                             ;
; Data_Path:DP|RegisterFile:Reg|regfile[13][9]  ; Lost fanout                                             ;
; Data_Path:DP|RegisterFile:Reg|regfile[13][10] ; Lost fanout                                             ;
; Data_Path:DP|RegisterFile:Reg|regfile[13][11] ; Lost fanout                                             ;
; Data_Path:DP|RegisterFile:Reg|regfile[13][12] ; Lost fanout                                             ;
; Data_Path:DP|RegisterFile:Reg|regfile[13][13] ; Lost fanout                                             ;
; Data_Path:DP|RegisterFile:Reg|regfile[13][14] ; Lost fanout                                             ;
; Data_Path:DP|RegisterFile:Reg|regfile[13][15] ; Lost fanout                                             ;
; Data_Path:DP|RegisterFile:Reg|regfile[14][0]  ; Lost fanout                                             ;
; Data_Path:DP|RegisterFile:Reg|regfile[14][1]  ; Lost fanout                                             ;
; Data_Path:DP|RegisterFile:Reg|regfile[14][2]  ; Lost fanout                                             ;
; Data_Path:DP|RegisterFile:Reg|regfile[14][3]  ; Lost fanout                                             ;
; Data_Path:DP|RegisterFile:Reg|regfile[14][4]  ; Lost fanout                                             ;
; Data_Path:DP|RegisterFile:Reg|regfile[14][5]  ; Lost fanout                                             ;
; Data_Path:DP|RegisterFile:Reg|regfile[14][6]  ; Lost fanout                                             ;
; Data_Path:DP|RegisterFile:Reg|regfile[14][7]  ; Lost fanout                                             ;
; Data_Path:DP|RegisterFile:Reg|regfile[14][8]  ; Lost fanout                                             ;
; Data_Path:DP|RegisterFile:Reg|regfile[14][9]  ; Lost fanout                                             ;
; Data_Path:DP|RegisterFile:Reg|regfile[14][10] ; Lost fanout                                             ;
; Data_Path:DP|RegisterFile:Reg|regfile[14][11] ; Lost fanout                                             ;
; Data_Path:DP|RegisterFile:Reg|regfile[14][12] ; Lost fanout                                             ;
; Data_Path:DP|RegisterFile:Reg|regfile[14][13] ; Lost fanout                                             ;
; Data_Path:DP|RegisterFile:Reg|regfile[14][14] ; Lost fanout                                             ;
; Data_Path:DP|RegisterFile:Reg|regfile[14][15] ; Lost fanout                                             ;
; Data_Path:DP|RegisterFile:Reg|regfile[15][0]  ; Lost fanout                                             ;
; Data_Path:DP|RegisterFile:Reg|regfile[15][1]  ; Lost fanout                                             ;
; Data_Path:DP|RegisterFile:Reg|regfile[15][2]  ; Lost fanout                                             ;
; Data_Path:DP|RegisterFile:Reg|regfile[15][3]  ; Lost fanout                                             ;
; Data_Path:DP|RegisterFile:Reg|regfile[15][4]  ; Lost fanout                                             ;
; Data_Path:DP|RegisterFile:Reg|regfile[15][5]  ; Lost fanout                                             ;
; Data_Path:DP|RegisterFile:Reg|regfile[15][6]  ; Lost fanout                                             ;
; Data_Path:DP|RegisterFile:Reg|regfile[15][7]  ; Lost fanout                                             ;
; Data_Path:DP|RegisterFile:Reg|regfile[15][8]  ; Lost fanout                                             ;
; Data_Path:DP|RegisterFile:Reg|regfile[15][9]  ; Lost fanout                                             ;
; Data_Path:DP|RegisterFile:Reg|regfile[15][10] ; Lost fanout                                             ;
; Data_Path:DP|RegisterFile:Reg|regfile[15][11] ; Lost fanout                                             ;
; Data_Path:DP|RegisterFile:Reg|regfile[15][12] ; Lost fanout                                             ;
; Data_Path:DP|RegisterFile:Reg|regfile[15][13] ; Lost fanout                                             ;
; Data_Path:DP|RegisterFile:Reg|regfile[15][14] ; Lost fanout                                             ;
; Data_Path:DP|RegisterFile:Reg|regfile[15][15] ; Lost fanout                                             ;
; Data_Path:DP|RegisterFile:Reg|regfile[0][8]   ; Merged with Data_Path:DP|RegisterFile:Reg|regfile[0][0] ;
; Data_Path:DP|RegisterFile:Reg|regfile[0][10]  ; Merged with Data_Path:DP|RegisterFile:Reg|regfile[0][0] ;
; Data_Path:DP|RegisterFile:Reg|regfile[0][4]   ; Merged with Data_Path:DP|RegisterFile:Reg|regfile[0][0] ;
; Data_Path:DP|RegisterFile:Reg|regfile[0][15]  ; Merged with Data_Path:DP|RegisterFile:Reg|regfile[0][0] ;
; Data_Path:DP|RegisterFile:Reg|regfile[0][12]  ; Merged with Data_Path:DP|RegisterFile:Reg|regfile[0][0] ;
; Data_Path:DP|RegisterFile:Reg|regfile[0][3]   ; Merged with Data_Path:DP|RegisterFile:Reg|regfile[0][0] ;
; Data_Path:DP|RegisterFile:Reg|regfile[0][9]   ; Merged with Data_Path:DP|RegisterFile:Reg|regfile[0][0] ;
; Data_Path:DP|RegisterFile:Reg|regfile[0][1]   ; Merged with Data_Path:DP|RegisterFile:Reg|regfile[0][0] ;
; Data_Path:DP|RegisterFile:Reg|regfile[0][11]  ; Merged with Data_Path:DP|RegisterFile:Reg|regfile[0][0] ;
; Data_Path:DP|RegisterFile:Reg|regfile[0][5]   ; Merged with Data_Path:DP|RegisterFile:Reg|regfile[0][0] ;
; Data_Path:DP|RegisterFile:Reg|regfile[0][7]   ; Merged with Data_Path:DP|RegisterFile:Reg|regfile[0][0] ;
; Data_Path:DP|RegisterFile:Reg|regfile[0][13]  ; Merged with Data_Path:DP|RegisterFile:Reg|regfile[0][0] ;
; Data_Path:DP|RegisterFile:Reg|regfile[0][2]   ; Merged with Data_Path:DP|RegisterFile:Reg|regfile[0][0] ;
; Data_Path:DP|RegisterFile:Reg|regfile[0][6]   ; Merged with Data_Path:DP|RegisterFile:Reg|regfile[0][0] ;
; Data_Path:DP|RegisterFile:Reg|regfile[0][14]  ; Merged with Data_Path:DP|RegisterFile:Reg|regfile[0][0] ;
; Data_Path:DP|RegisterFile:Reg|regfile[0][0]   ; Stuck at GND due to stuck port data_in                  ;
; Control_Unit:CU|c_state~2                     ; Lost fanout                                             ;
; Control_Unit:CU|c_state~3                     ; Lost fanout                                             ;
; Total Number of Removed Registers = 226       ;                                                         ;
+-----------------------------------------------+---------------------------------------------------------+


+------------------------------------------------------+
; General Register Statistics                          ;
+----------------------------------------------+-------+
; Statistic                                    ; Value ;
+----------------------------------------------+-------+
; Total registers                              ; 52    ;
; Number of registers using Synchronous Clear  ; 0     ;
; Number of registers using Synchronous Load   ; 0     ;
; Number of registers using Asynchronous Clear ; 0     ;
; Number of registers using Asynchronous Load  ; 0     ;
; Number of registers using Clock Enable       ; 48    ;
; Number of registers using Preset             ; 0     ;
+----------------------------------------------+-------+


+---------------------------------------------------------------------------------------------------------------------------------------------------------------------+
; Multiplexer Restructuring Statistics (Restructuring Performed)                                                                                                      ;
+--------------------+-----------+---------------+----------------------+------------------------+------------+-------------------------------------------------------+
; Multiplexer Inputs ; Bus Width ; Baseline Area ; Area if Restructured ; Saving if Restructured ; Registered ; Example Multiplexer Output                            ;
+--------------------+-----------+---------------+----------------------+------------------------+------------+-------------------------------------------------------+
; 14:1               ; 14 bits   ; 126 LEs       ; 98 LEs               ; 28 LEs                 ; No         ; |giaithua|Data_Path:DP|ALU:ALU1|mux16_1:mux16_1|Mux13 ;
+--------------------+-----------+---------------+----------------------+------------------------+------------+-------------------------------------------------------+


+--------------------------------------------------------------+
; Parameter Settings for User Entity Instance: Control_Unit:CU ;
+----------------+-------+-------------------------------------+
; Parameter Name ; Value ; Type                                ;
+----------------+-------+-------------------------------------+
; state0         ; 00    ; Unsigned Binary                     ;
; state1         ; 01    ; Unsigned Binary                     ;
; state2         ; 10    ; Unsigned Binary                     ;
; state3         ; 11    ; Unsigned Binary                     ;
+----------------+-------+-------------------------------------+
Note: In order to hide this table in the UI and the text report file, please set the "Show Parameter Settings in Synthesis Report" option in "Analysis and Synthesis Settings -> More Settings" to "Off".


+------------------------------------------------------------------------------------------------------+
; Parameter Settings for Inferred Entity Instance: Data_Path:DP|ALU:ALU1|Multiplier:Mul|lpm_mult:Mult0 ;
+------------------------------------------------+------------+----------------------------------------+
; Parameter Name                                 ; Value      ; Type                                   ;
+------------------------------------------------+------------+----------------------------------------+
; AUTO_CARRY_CHAINS                              ; ON         ; AUTO_CARRY                             ;
; IGNORE_CARRY_BUFFERS                           ; OFF        ; IGNORE_CARRY                           ;
; AUTO_CASCADE_CHAINS                            ; ON         ; AUTO_CASCADE                           ;
; IGNORE_CASCADE_BUFFERS                         ; OFF        ; IGNORE_CASCADE                         ;
; LPM_WIDTHA                                     ; 16         ; Untyped                                ;
; LPM_WIDTHB                                     ; 16         ; Untyped                                ;
; LPM_WIDTHP                                     ; 32         ; Untyped                                ;
; LPM_WIDTHR                                     ; 32         ; Untyped                                ;
; LPM_WIDTHS                                     ; 1          ; Untyped                                ;
; LPM_REPRESENTATION                             ; SIGNED     ; Untyped                                ;
; LPM_PIPELINE                                   ; 0          ; Untyped                                ;
; LATENCY                                        ; 0          ; Untyped                                ;
; INPUT_A_IS_CONSTANT                            ; NO         ; Untyped                                ;
; INPUT_B_IS_CONSTANT                            ; NO         ; Untyped                                ;
; USE_EAB                                        ; OFF        ; Untyped                                ;
; MAXIMIZE_SPEED                                 ; 5          ; Untyped                                ;
; DEVICE_FAMILY                                  ; Cyclone II ; Untyped                                ;
; CARRY_CHAIN                                    ; MANUAL     ; Untyped                                ;
; APEX20K_TECHNOLOGY_MAPPER                      ; LUT        ; TECH_MAPPER_APEX20K                    ;
; DEDICATED_MULTIPLIER_CIRCUITRY                 ; AUTO       ; Untyped                                ;
; DEDICATED_MULTIPLIER_MIN_INPUT_WIDTH_FOR_AUTO  ; 0          ; Untyped                                ;
; DEDICATED_MULTIPLIER_MIN_OUTPUT_WIDTH_FOR_AUTO ; 0          ; Untyped                                ;
; CBXI_PARAMETER                                 ; mult_h1t   ; Untyped                                ;
; INPUT_A_FIXED_VALUE                            ; Bx         ; Untyped                                ;
; INPUT_B_FIXED_VALUE                            ; Bx         ; Untyped                                ;
; USE_AHDL_IMPLEMENTATION                        ; OFF        ; Untyped                                ;
+------------------------------------------------+------------+----------------------------------------+
Note: In order to hide this table in the UI and the text report file, please set the "Show Parameter Settings in Synthesis Report" option in "Analysis and Synthesis Settings -> More Settings" to "Off".


+---------------------------------------------------------------------------------------------+
; lpm_mult Parameter Settings by Entity Instance                                              ;
+---------------------------------------+-----------------------------------------------------+
; Name                                  ; Value                                               ;
+---------------------------------------+-----------------------------------------------------+
; Number of entity instances            ; 1                                                   ;
; Entity Instance                       ; Data_Path:DP|ALU:ALU1|Multiplier:Mul|lpm_mult:Mult0 ;
;     -- LPM_WIDTHA                     ; 16                                                  ;
;     -- LPM_WIDTHB                     ; 16                                                  ;
;     -- LPM_WIDTHP                     ; 32                                                  ;
;     -- LPM_REPRESENTATION             ; SIGNED                                              ;
;     -- INPUT_A_IS_CONSTANT            ; NO                                                  ;
;     -- INPUT_B_IS_CONSTANT            ; NO                                                  ;
;     -- USE_EAB                        ; OFF                                                 ;
;     -- DEDICATED_MULTIPLIER_CIRCUITRY ; AUTO                                                ;
;     -- INPUT_A_FIXED_VALUE            ; Bx                                                  ;
;     -- INPUT_B_FIXED_VALUE            ; Bx                                                  ;
+---------------------------------------+-----------------------------------------------------+


+-------------------------------------------------------------------------------------------------------------------------------------------------------------------------------------+
; Port Connectivity Checks: "Data_Path:DP|ALU:ALU2"                                                                                                                                   ;
+------------------+--------+----------+----------------------------------------------------------------------------------------------------------------------------------------------+
; Port             ; Type   ; Severity ; Details                                                                                                                                      ;
+------------------+--------+----------+----------------------------------------------------------------------------------------------------------------------------------------------+
; cin              ; Input  ; Info     ; Stuck at VCC                                                                                                                                 ;
; b                ; Input  ; Warning  ; Declared by entity but not connected by instance. If a default value exists, it will be used.  Otherwise, the port will be connected to GND. ;
; add_sub_overflow ; Output ; Warning  ; Declared by entity but not connected by instance. Logic that only feeds a dangling port will be removed.                                     ;
; mul_overflow     ; Output ; Warning  ; Declared by entity but not connected by instance. Logic that only feeds a dangling port will be removed.                                     ;
; zero             ; Output ; Warning  ; Declared by entity but not connected by instance. Logic that only feeds a dangling port will be removed.                                     ;
+------------------+--------+----------+----------------------------------------------------------------------------------------------------------------------------------------------+


+-------------------------------------------------------------------+
; Port Connectivity Checks: "Data_Path:DP|ALU:ALU1|FullAdder:Incre" ;
+----------+-------+----------+-------------------------------------+
; Port     ; Type  ; Severity ; Details                             ;
+----------+-------+----------+-------------------------------------+
; b[15..1] ; Input ; Info     ; Stuck at GND                        ;
; b[0]     ; Input ; Info     ; Stuck at VCC                        ;
+----------+-------+----------+-------------------------------------+


+------------------------------------------------------------------------+
; Port Connectivity Checks: "Data_Path:DP|ALU:ALU1|FullSubtracter:Decre" ;
+----------+-------+----------+------------------------------------------+
; Port     ; Type  ; Severity ; Details                                  ;
+----------+-------+----------+------------------------------------------+
; b[15..1] ; Input ; Info     ; Stuck at GND                             ;
; b[0]     ; Input ; Info     ; Stuck at VCC                             ;
+----------+-------+----------+------------------------------------------+


+-------------------------------------------------------------------+
; Port Connectivity Checks: "Data_Path:DP|ALU:ALU1|mux16_1:mux16_1" ;
+------------+-------+----------+-----------------------------------+
; Port       ; Type  ; Severity ; Details                           ;
+------------+-------+----------+-----------------------------------+
; shiftL[0]  ; Input ; Info     ; Stuck at GND                      ;
; shiftR[15] ; Input ; Info     ; Stuck at GND                      ;
+------------+-------+----------+-----------------------------------+


+------------------------------------------------------------------------------------------------------------------------------------------------------------------------+
; Port Connectivity Checks: "Data_Path:DP|ALU:ALU1|mux4_1:mux2"                                                                                                          ;
+------+-------+----------+----------------------------------------------------------------------------------------------------------------------------------------------+
; Port ; Type  ; Severity ; Details                                                                                                                                      ;
+------+-------+----------+----------------------------------------------------------------------------------------------------------------------------------------------+
; mul  ; Input ; Warning  ; Declared by entity but not connected by instance. If a default value exists, it will be used.  Otherwise, the port will be connected to GND. ;
+------+-------+----------+----------------------------------------------------------------------------------------------------------------------------------------------+


+-------------------------------------------------------------------------------------------------------------------------------------------------+
; Port Connectivity Checks: "Data_Path:DP|ALU:ALU1"                                                                                               ;
+------------------+--------+----------+----------------------------------------------------------------------------------------------------------+
; Port             ; Type   ; Severity ; Details                                                                                                  ;
+------------------+--------+----------+----------------------------------------------------------------------------------------------------------+
; cin              ; Input  ; Info     ; Stuck at GND                                                                                             ;
; add_sub_overflow ; Output ; Warning  ; Declared by entity but not connected by instance. Logic that only feeds a dangling port will be removed. ;
; mul_overflow     ; Output ; Warning  ; Declared by entity but not connected by instance. Logic that only feeds a dangling port will be removed. ;
; zero             ; Output ; Warning  ; Declared by entity but not connected by instance. Logic that only feeds a dangling port will be removed. ;
+------------------+--------+----------+----------------------------------------------------------------------------------------------------------+


+-------------------------------+
; Elapsed Time Per Partition    ;
+----------------+--------------+
; Partition Name ; Elapsed Time ;
+----------------+--------------+
; Top            ; 00:00:00     ;
+----------------+--------------+


+-------------------------------+
; Analysis & Synthesis Messages ;
+-------------------------------+
Info: *******************************************************************
Info: Running Quartus II 64-Bit Analysis & Synthesis
    Info: Version 13.0.1 Build 232 06/12/2013 Service Pack 1 SJ Web Edition
    Info: Processing started: Sun Nov 17 09:40:05 2024
Info: Command: quartus_map --read_settings_files=on --write_settings_files=off Doan -c Doan
Warning (20028): Parallel compilation is not licensed and has been disabled
Warning (12018): Entity "Xor" will be ignored because it conflicts with Quartus II primitive name
Info (12021): Found 1 design units, including 1 entities, in source file /ce118/btl_factorial/dolls/lab3/xor.v
Warning (12018): Entity "Or" will be ignored because it conflicts with Quartus II primitive name
Info (12021): Found 1 design units, including 1 entities, in source file /ce118/btl_factorial/dolls/lab3/or.v
Info (12021): Found 1 design units, including 1 entities, in source file /ce118/btl_factorial/dolls/lab3/mux16_1.v
    Info (12023): Found entity 1: mux16_1
Info (12021): Found 1 design units, including 1 entities, in source file /ce118/btl_factorial/dolls/lab3/mux4_1.v
    Info (12023): Found entity 1: mux4_1
Info (12021): Found 1 design units, including 1 entities, in source file /ce118/btl_factorial/dolls/lab3/mux2_1.v
    Info (12023): Found entity 1: Mux2_1
Info (12021): Found 1 design units, including 1 entities, in source file /ce118/btl_factorial/dolls/lab3/multiplier.v
    Info (12023): Found entity 1: Multiplier
Info (12021): Found 1 design units, including 1 entities, in source file /ce118/btl_factorial/dolls/lab3/led.v
    Info (12023): Found entity 1: LED
Info (12021): Found 1 design units, including 1 entities, in source file /ce118/btl_factorial/dolls/lab3/fullsubtracter.v
    Info (12023): Found entity 1: FullSubtracter
Info (12021): Found 1 design units, including 1 entities, in source file /ce118/btl_factorial/dolls/lab3/fulladder.v
    Info (12023): Found entity 1: FullAdder
Info (12021): Found 1 design units, including 1 entities, in source file /ce118/btl_factorial/dolls/lab3/comp.v
    Info (12023): Found entity 1: comp
Info (12021): Found 1 design units, including 1 entities, in source file /ce118/btl_factorial/dolls/lab3/bcd_to_led.v
    Info (12023): Found entity 1: bcd_to_led
Warning (12018): Entity "And2" will be ignored because it conflicts with Quartus II primitive name
Info (12021): Found 1 design units, including 1 entities, in source file /ce118/btl_factorial/dolls/lab3/and2.v
Warning (12018): Entity "And" will be ignored because it conflicts with Quartus II primitive name
Info (12021): Found 1 design units, including 1 entities, in source file /ce118/btl_factorial/dolls/lab3/and.v
Info (12021): Found 1 design units, including 1 entities, in source file /ce118/btl_factorial/dolls/lab3/alu.v
    Info (12023): Found entity 1: ALU
Info (12021): Found 1 design units, including 1 entities, in source file /ce118/btl_factorial/dolls/lab4/shift_register.v
    Info (12023): Found entity 1: Shift_Register
Info (12021): Found 1 design units, including 1 entities, in source file /ce118/btl_factorial/dolls/lab4/registerfile.v
    Info (12023): Found entity 1: RegisterFile
Info (12021): Found 1 design units, including 1 entities, in source file /ce118/btl_factorial/dolls/lab4/register4bit.v
    Info (12023): Found entity 1: Register4Bit
Warning (10238): Verilog Module Declaration warning at Data_Path.v(1): ignored anonymous port(s) indicated by duplicate or dangling comma(s) in the port list for module "Data_Path"
Info (12021): Found 1 design units, including 1 entities, in source file /ce118/btl_factorial/dolls/lab4/data_path.v
    Info (12023): Found entity 1: Data_Path
Info (12021): Found 1 design units, including 1 entities, in source file /ce118/btl_factorial/dolls/lab4/control_unit.v
    Info (12023): Found entity 1: Control_Unit
Info (12021): Found 1 design units, including 1 entities, in source file /ce118/btl_factorial/dolls/lab4/giaithua.v
    Info (12023): Found entity 1: giaithua
Warning (10236): Verilog HDL Implicit Net warning at FullSubtracter.v(37): created implicit net for "co8"
Warning (10236): Verilog HDL Implicit Net warning at FullSubtracter.v(40): created implicit net for "co9"
Warning (10236): Verilog HDL Implicit Net warning at FullSubtracter.v(43): created implicit net for "co10"
Warning (10236): Verilog HDL Implicit Net warning at FullSubtracter.v(46): created implicit net for "co11"
Warning (10236): Verilog HDL Implicit Net warning at FullSubtracter.v(49): created implicit net for "co12"
Warning (10236): Verilog HDL Implicit Net warning at FullSubtracter.v(52): created implicit net for "co13"
Warning (10236): Verilog HDL Implicit Net warning at FullSubtracter.v(55): created implicit net for "co14"
Warning (10236): Verilog HDL Implicit Net warning at FullSubtracter.v(58): created implicit net for "co15"
Warning (10236): Verilog HDL Implicit Net warning at FullAdder.v(34): created implicit net for "co8"
Warning (10236): Verilog HDL Implicit Net warning at FullAdder.v(37): created implicit net for "co9"
Warning (10236): Verilog HDL Implicit Net warning at FullAdder.v(40): created implicit net for "co10"
Warning (10236): Verilog HDL Implicit Net warning at FullAdder.v(43): created implicit net for "co11"
Warning (10236): Verilog HDL Implicit Net warning at FullAdder.v(46): created implicit net for "co12"
Warning (10236): Verilog HDL Implicit Net warning at FullAdder.v(49): created implicit net for "co13"
Warning (10236): Verilog HDL Implicit Net warning at FullAdder.v(52): created implicit net for "co14"
Warning (10236): Verilog HDL Implicit Net warning at FullAdder.v(55): created implicit net for "co15"
Critical Warning (10846): Verilog HDL Instantiation warning at bcd_to_led.v(23): instance has no name
Info (12127): Elaborating entity "giaithua" for the top level hierarchy
Info (12128): Elaborating entity "Control_Unit" for hierarchy "Control_Unit:CU"
Warning (10240): Verilog HDL Always Construct warning at Control_Unit.v(26): inferring latch(es) for variable "WAA", which holds its previous value in one or more paths through the always construct
Warning (10240): Verilog HDL Always Construct warning at Control_Unit.v(26): inferring latch(es) for variable "WAB", which holds its previous value in one or more paths through the always construct
Warning (10240): Verilog HDL Always Construct warning at Control_Unit.v(26): inferring latch(es) for variable "RAA", which holds its previous value in one or more paths through the always construct
Warning (10240): Verilog HDL Always Construct warning at Control_Unit.v(26): inferring latch(es) for variable "S_ALU1", which holds its previous value in one or more paths through the always construct
Warning (10240): Verilog HDL Always Construct warning at Control_Unit.v(26): inferring latch(es) for variable "S_ALU2", which holds its previous value in one or more paths through the always construct
Warning (10240): Verilog HDL Always Construct warning at Control_Unit.v(26): inferring latch(es) for variable "RAB", which holds its previous value in one or more paths through the always construct
Info (10041): Inferred latch for "RAB[0]" at Control_Unit.v(26)
Info (10041): Inferred latch for "RAB[1]" at Control_Unit.v(26)
Info (10041): Inferred latch for "RAB[2]" at Control_Unit.v(26)
Info (10041): Inferred latch for "RAB[3]" at Control_Unit.v(26)
Info (10041): Inferred latch for "S_ALU2[0]" at Control_Unit.v(26)
Info (10041): Inferred latch for "S_ALU2[1]" at Control_Unit.v(26)
Info (10041): Inferred latch for "S_ALU2[2]" at Control_Unit.v(26)
Info (10041): Inferred latch for "S_ALU2[3]" at Control_Unit.v(26)
Info (10041): Inferred latch for "S_ALU1[0]" at Control_Unit.v(26)
Info (10041): Inferred latch for "S_ALU1[1]" at Control_Unit.v(26)
Info (10041): Inferred latch for "S_ALU1[2]" at Control_Unit.v(26)
Info (10041): Inferred latch for "S_ALU1[3]" at Control_Unit.v(26)
Info (10041): Inferred latch for "RAA[0]" at Control_Unit.v(26)
Info (10041): Inferred latch for "RAA[1]" at Control_Unit.v(26)
Info (10041): Inferred latch for "RAA[2]" at Control_Unit.v(26)
Info (10041): Inferred latch for "RAA[3]" at Control_Unit.v(26)
Info (10041): Inferred latch for "WAB[0]" at Control_Unit.v(26)
Info (10041): Inferred latch for "WAB[1]" at Control_Unit.v(26)
Info (10041): Inferred latch for "WAB[2]" at Control_Unit.v(26)
Info (10041): Inferred latch for "WAB[3]" at Control_Unit.v(26)
Info (10041): Inferred latch for "WAA[0]" at Control_Unit.v(26)
Info (10041): Inferred latch for "WAA[1]" at Control_Unit.v(26)
Info (10041): Inferred latch for "WAA[2]" at Control_Unit.v(26)
Info (10041): Inferred latch for "WAA[3]" at Control_Unit.v(26)
Info (12128): Elaborating entity "Data_Path" for hierarchy "Data_Path:DP"
Info (12128): Elaborating entity "Mux2_1" for hierarchy "Data_Path:DP|Mux2_1:Mux2_1"
Info (12128): Elaborating entity "RegisterFile" for hierarchy "Data_Path:DP|RegisterFile:Reg"
Info (12128): Elaborating entity "ALU" for hierarchy "Data_Path:DP|ALU:ALU1"
Info (12128): Elaborating entity "mux4_1" for hierarchy "Data_Path:DP|ALU:ALU1|mux4_1:mux1"
Info (12128): Elaborating entity "mux16_1" for hierarchy "Data_Path:DP|ALU:ALU1|mux16_1:mux16_1"
Info (12128): Elaborating entity "comp" for hierarchy "Data_Path:DP|ALU:ALU1|comp:Comp"
Info (12128): Elaborating entity "FullSubtracter" for hierarchy "Data_Path:DP|ALU:ALU1|FullSubtracter:Decre"
Warning (10036): Verilog HDL or VHDL warning at FullSubtracter.v(58): object "co15" assigned a value but never read
Info (12128): Elaborating entity "FullAdder" for hierarchy "Data_Path:DP|ALU:ALU1|FullAdder:Add"
Warning (10036): Verilog HDL or VHDL warning at FullAdder.v(55): object "co15" assigned a value but never read
Info (12128): Elaborating entity "Multiplier" for hierarchy "Data_Path:DP|ALU:ALU1|Multiplier:Mul"
Info (12128): Elaborating entity "Register4Bit" for hierarchy "Data_Path:DP|Register4Bit:Reg1"
Warning (13046): Tri-state node(s) do not directly drive top-level pin(s)
    Warning (13049): Converted tri-state buffer "Data_Path:DP|RegisterFile:Reg|RDB[0]" feeding internal logic into a wire
    Warning (13049): Converted tri-state buffer "Data_Path:DP|RegisterFile:Reg|RDB[1]" feeding internal logic into a wire
    Warning (13049): Converted tri-state buffer "Data_Path:DP|RegisterFile:Reg|RDB[2]" feeding internal logic into a wire
    Warning (13049): Converted tri-state buffer "Data_Path:DP|RegisterFile:Reg|RDB[3]" feeding internal logic into a wire
    Warning (13049): Converted tri-state buffer "Data_Path:DP|RegisterFile:Reg|RDB[4]" feeding internal logic into a wire
    Warning (13049): Converted tri-state buffer "Data_Path:DP|RegisterFile:Reg|RDB[5]" feeding internal logic into a wire
    Warning (13049): Converted tri-state buffer "Data_Path:DP|RegisterFile:Reg|RDB[6]" feeding internal logic into a wire
    Warning (13049): Converted tri-state buffer "Data_Path:DP|RegisterFile:Reg|RDB[7]" feeding internal logic into a wire
    Warning (13049): Converted tri-state buffer "Data_Path:DP|RegisterFile:Reg|RDB[8]" feeding internal logic into a wire
    Warning (13049): Converted tri-state buffer "Data_Path:DP|RegisterFile:Reg|RDB[9]" feeding internal logic into a wire
    Warning (13049): Converted tri-state buffer "Data_Path:DP|RegisterFile:Reg|RDB[10]" feeding internal logic into a wire
    Warning (13049): Converted tri-state buffer "Data_Path:DP|RegisterFile:Reg|RDB[11]" feeding internal logic into a wire
    Warning (13049): Converted tri-state buffer "Data_Path:DP|RegisterFile:Reg|RDB[12]" feeding internal logic into a wire
    Warning (13049): Converted tri-state buffer "Data_Path:DP|RegisterFile:Reg|RDB[13]" feeding internal logic into a wire
    Warning (13049): Converted tri-state buffer "Data_Path:DP|RegisterFile:Reg|RDB[14]" feeding internal logic into a wire
    Warning (13049): Converted tri-state buffer "Data_Path:DP|RegisterFile:Reg|RDB[15]" feeding internal logic into a wire
    Warning (13049): Converted tri-state buffer "Data_Path:DP|RegisterFile:Reg|RDA[0]" feeding internal logic into a wire
    Warning (13049): Converted tri-state buffer "Data_Path:DP|RegisterFile:Reg|RDA[1]" feeding internal logic into a wire
    Warning (13049): Converted tri-state buffer "Data_Path:DP|RegisterFile:Reg|RDA[2]" feeding internal logic into a wire
    Warning (13049): Converted tri-state buffer "Data_Path:DP|RegisterFile:Reg|RDA[3]" feeding internal logic into a wire
    Warning (13049): Converted tri-state buffer "Data_Path:DP|RegisterFile:Reg|RDA[4]" feeding internal logic into a wire
    Warning (13049): Converted tri-state buffer "Data_Path:DP|RegisterFile:Reg|RDA[5]" feeding internal logic into a wire
    Warning (13049): Converted tri-state buffer "Data_Path:DP|RegisterFile:Reg|RDA[6]" feeding internal logic into a wire
    Warning (13049): Converted tri-state buffer "Data_Path:DP|RegisterFile:Reg|RDA[7]" feeding internal logic into a wire
    Warning (13049): Converted tri-state buffer "Data_Path:DP|RegisterFile:Reg|RDA[8]" feeding internal logic into a wire
    Warning (13049): Converted tri-state buffer "Data_Path:DP|RegisterFile:Reg|RDA[9]" feeding internal logic into a wire
    Warning (13049): Converted tri-state buffer "Data_Path:DP|RegisterFile:Reg|RDA[10]" feeding internal logic into a wire
    Warning (13049): Converted tri-state buffer "Data_Path:DP|RegisterFile:Reg|RDA[11]" feeding internal logic into a wire
    Warning (13049): Converted tri-state buffer "Data_Path:DP|RegisterFile:Reg|RDA[12]" feeding internal logic into a wire
    Warning (13049): Converted tri-state buffer "Data_Path:DP|RegisterFile:Reg|RDA[13]" feeding internal logic into a wire
    Warning (13049): Converted tri-state buffer "Data_Path:DP|RegisterFile:Reg|RDA[14]" feeding internal logic into a wire
    Warning (13049): Converted tri-state buffer "Data_Path:DP|RegisterFile:Reg|RDA[15]" feeding internal logic into a wire
Info (278001): Inferred 1 megafunctions from design logic
    Info (278003): Inferred multiplier megafunction ("lpm_mult") from the following logic: "Data_Path:DP|ALU:ALU1|Multiplier:Mul|Mult0"
Info (12130): Elaborated megafunction instantiation "Data_Path:DP|ALU:ALU1|Multiplier:Mul|lpm_mult:Mult0"
Info (12133): Instantiated megafunction "Data_Path:DP|ALU:ALU1|Multiplier:Mul|lpm_mult:Mult0" with the following parameter:
    Info (12134): Parameter "LPM_WIDTHA" = "16"
    Info (12134): Parameter "LPM_WIDTHB" = "16"
    Info (12134): Parameter "LPM_WIDTHP" = "32"
    Info (12134): Parameter "LPM_WIDTHR" = "32"
    Info (12134): Parameter "LPM_WIDTHS" = "1"
    Info (12134): Parameter "LPM_REPRESENTATION" = "SIGNED"
    Info (12134): Parameter "INPUT_A_IS_CONSTANT" = "NO"
    Info (12134): Parameter "INPUT_B_IS_CONSTANT" = "NO"
    Info (12134): Parameter "MAXIMIZE_SPEED" = "5"
Info (12021): Found 1 design units, including 1 entities, in source file db/mult_h1t.tdf
    Info (12023): Found entity 1: mult_h1t
Warning (12241): 3 hierarchies have connectivity warnings - see the Connectivity Checks report folder
Info (13025): Duplicate LATCH primitives merged into single LATCH primitive
    Info (13026): Duplicate LATCH primitive "Control_Unit:CU|S_ALU1[2]" merged with LATCH primitive "Control_Unit:CU|S_ALU1[0]"
Info (17049): 210 registers lost all their fanouts during netlist optimizations.
Info (144001): Generated suppressed messages file C:/CE118/BTL_factorial/DOLLS/DOAN/output_files/Doan.map.smsg
Info (16010): Generating hard_block partition "hard_block:auto_generated_inst"
    Info (16011): Adding 0 node(s), including 0 DDIO, 0 PLL, 0 transceiver and 0 LCELL
Info (21057): Implemented 370 device resources after synthesis - the final resource count might be different
    Info (21058): Implemented 18 input pins
    Info (21059): Implemented 33 output pins
    Info (21061): Implemented 317 logic cells
    Info (21062): Implemented 2 DSP elements
Info: Quartus II 64-Bit Analysis & Synthesis was successful. 0 errors, 65 warnings
    Info: Peak virtual memory: 4616 megabytes
    Info: Processing ended: Sun Nov 17 09:40:07 2024
    Info: Elapsed time: 00:00:02
    Info: Total CPU time (on all processors): 00:00:01


+------------------------------------------+
; Analysis & Synthesis Suppressed Messages ;
+------------------------------------------+
The suppressed messages can be found in C:/CE118/BTL_factorial/DOLLS/DOAN/output_files/Doan.map.smsg.


