Analysis & Synthesis report for Lab4
Thu Nov 07 08:36:28 2024
Quartus II 64-Bit Version 13.0.1 Build 232 06/12/2013 Service Pack 1 SJ Web Edition


---------------------
; Table of Contents ;
---------------------
  1. Legal Notice
  2. Analysis & Synthesis Summary
  3. Analysis & Synthesis Settings
  4. Parallel Compilation
  5. Analysis & Synthesis Source Files Read
  6. Analysis & Synthesis Resource Usage Summary
  7. Analysis & Synthesis Resource Utilization by Entity
  8. State Machine - |One_Counter|Control_Unit:CU|c_state
  9. User-Specified and Inferred Latches
 10. Registers Removed During Synthesis
 11. General Register Statistics
 12. Multiplexer Restructuring Statistics (Restructuring Performed)
 13. Parameter Settings for User Entity Instance: Control_Unit:CU
 14. Port Connectivity Checks: "Data_Path:DP|ALU:ALU1|FullAdder:Incre"
 15. Port Connectivity Checks: "Data_Path:DP|ALU:ALU1|FullSubtracter:Decre"
 16. Port Connectivity Checks: "Data_Path:DP|ALU:ALU1|mux16_1:mux16_1"
 17. Port Connectivity Checks: "Data_Path:DP|ALU:ALU1|mux4_1:mux2"
 18. Port Connectivity Checks: "Data_Path:DP|ALU:ALU1"
 19. Elapsed Time Per Partition
 20. Analysis & Synthesis Messages
 21. Analysis & Synthesis Suppressed Messages



----------------
; Legal Notice ;
----------------
Copyright (C) 1991-2013 Altera Corporation
Your use of Altera Corporation's design tools, logic functions 
and other software and tools, and its AMPP partner logic 
functions, and any output files from any of the foregoing 
(including device programming or simulation files), and any 
associated documentation or information are expressly subject 
to the terms and conditions of the Altera Program License 
Subscription Agreement, Altera MegaCore Function License 
Agreement, or other applicable license agreement, including, 
without limitation, that your use is for the sole purpose of 
programming logic devices manufactured by Altera and sold by 
Altera or its authorized distributors.  Please refer to the 
applicable agreement for further details.



+--------------------------------------------------------------------------------------+
; Analysis & Synthesis Summary                                                         ;
+------------------------------------+-------------------------------------------------+
; Analysis & Synthesis Status        ; Successful - Thu Nov 07 08:36:28 2024           ;
; Quartus II 64-Bit Version          ; 13.0.1 Build 232 06/12/2013 SP 1 SJ Web Edition ;
; Revision Name                      ; Lab4                                            ;
; Top-level Entity Name              ; One_Counter                                     ;
; Family                             ; Cyclone II                                      ;
; Total logic elements               ; 115                                             ;
;     Total combinational functions  ; 83                                              ;
;     Dedicated logic registers      ; 44                                              ;
; Total registers                    ; 44                                              ;
; Total pins                         ; 12                                              ;
; Total virtual pins                 ; 0                                               ;
; Total memory bits                  ; 0                                               ;
; Embedded Multiplier 9-bit elements ; 0                                               ;
; Total PLLs                         ; 0                                               ;
+------------------------------------+-------------------------------------------------+


+----------------------------------------------------------------------------------------------------------------------+
; Analysis & Synthesis Settings                                                                                        ;
+----------------------------------------------------------------------------+--------------------+--------------------+
; Option                                                                     ; Setting            ; Default Value      ;
+----------------------------------------------------------------------------+--------------------+--------------------+
; Device                                                                     ; EP2C35F672C6       ;                    ;
; Top-level entity name                                                      ; One_Counter        ; Lab4               ;
; Family name                                                                ; Cyclone II         ; Cyclone IV GX      ;
; Use smart compilation                                                      ; Off                ; Off                ;
; Enable parallel Assembler and TimeQuest Timing Analyzer during compilation ; On                 ; On                 ;
; Enable compact report table                                                ; Off                ; Off                ;
; Restructure Multiplexers                                                   ; Auto               ; Auto               ;
; Create Debugging Nodes for IP Cores                                        ; Off                ; Off                ;
; Preserve fewer node names                                                  ; On                 ; On                 ;
; Disable OpenCore Plus hardware evaluation                                  ; Off                ; Off                ;
; Verilog Version                                                            ; Verilog_2001       ; Verilog_2001       ;
; VHDL Version                                                               ; VHDL_1993          ; VHDL_1993          ;
; State Machine Processing                                                   ; Auto               ; Auto               ;
; Safe State Machine                                                         ; Off                ; Off                ;
; Extract Verilog State Machines                                             ; On                 ; On                 ;
; Extract VHDL State Machines                                                ; On                 ; On                 ;
; Ignore Verilog initial constructs                                          ; Off                ; Off                ;
; Iteration limit for constant Verilog loops                                 ; 5000               ; 5000               ;
; Iteration limit for non-constant Verilog loops                             ; 250                ; 250                ;
; Add Pass-Through Logic to Inferred RAMs                                    ; On                 ; On                 ;
; Infer RAMs from Raw Logic                                                  ; On                 ; On                 ;
; Parallel Synthesis                                                         ; On                 ; On                 ;
; DSP Block Balancing                                                        ; Auto               ; Auto               ;
; NOT Gate Push-Back                                                         ; On                 ; On                 ;
; Power-Up Don't Care                                                        ; On                 ; On                 ;
; Remove Redundant Logic Cells                                               ; Off                ; Off                ;
; Remove Duplicate Registers                                                 ; On                 ; On                 ;
; Ignore CARRY Buffers                                                       ; Off                ; Off                ;
; Ignore CASCADE Buffers                                                     ; Off                ; Off                ;
; Ignore GLOBAL Buffers                                                      ; Off                ; Off                ;
; Ignore ROW GLOBAL Buffers                                                  ; Off                ; Off                ;
; Ignore LCELL Buffers                                                       ; Off                ; Off                ;
; Ignore SOFT Buffers                                                        ; On                 ; On                 ;
; Limit AHDL Integers to 32 Bits                                             ; Off                ; Off                ;
; Optimization Technique                                                     ; Balanced           ; Balanced           ;
; Carry Chain Length                                                         ; 70                 ; 70                 ;
; Auto Carry Chains                                                          ; On                 ; On                 ;
; Auto Open-Drain Pins                                                       ; On                 ; On                 ;
; Perform WYSIWYG Primitive Resynthesis                                      ; Off                ; Off                ;
; Auto ROM Replacement                                                       ; On                 ; On                 ;
; Auto RAM Replacement                                                       ; On                 ; On                 ;
; Auto Shift Register Replacement                                            ; Auto               ; Auto               ;
; Allow Shift Register Merging across Hierarchies                            ; Auto               ; Auto               ;
; Auto Clock Enable Replacement                                              ; On                 ; On                 ;
; Strict RAM Replacement                                                     ; Off                ; Off                ;
; Allow Synchronous Control Signals                                          ; On                 ; On                 ;
; Force Use of Synchronous Clear Signals                                     ; Off                ; Off                ;
; Auto RAM to Logic Cell Conversion                                          ; Off                ; Off                ;
; Auto Resource Sharing                                                      ; Off                ; Off                ;
; Allow Any RAM Size For Recognition                                         ; Off                ; Off                ;
; Allow Any ROM Size For Recognition                                         ; Off                ; Off                ;
; Allow Any Shift Register Size For Recognition                              ; Off                ; Off                ;
; Use LogicLock Constraints during Resource Balancing                        ; On                 ; On                 ;
; Ignore translate_off and synthesis_off directives                          ; Off                ; Off                ;
; Timing-Driven Synthesis                                                    ; Off                ; Off                ;
; Report Parameter Settings                                                  ; On                 ; On                 ;
; Report Source Assignments                                                  ; On                 ; On                 ;
; Report Connectivity Checks                                                 ; On                 ; On                 ;
; Ignore Maximum Fan-Out Assignments                                         ; Off                ; Off                ;
; Synchronization Register Chain Length                                      ; 2                  ; 2                  ;
; PowerPlay Power Optimization                                               ; Normal compilation ; Normal compilation ;
; HDL message level                                                          ; Level2             ; Level2             ;
; Suppress Register Optimization Related Messages                            ; Off                ; Off                ;
; Number of Removed Registers Reported in Synthesis Report                   ; 5000               ; 5000               ;
; Number of Swept Nodes Reported in Synthesis Report                         ; 5000               ; 5000               ;
; Number of Inverted Registers Reported in Synthesis Report                  ; 100                ; 100                ;
; Clock MUX Protection                                                       ; On                 ; On                 ;
; Auto Gated Clock Conversion                                                ; Off                ; Off                ;
; Block Design Naming                                                        ; Auto               ; Auto               ;
; SDC constraint protection                                                  ; Off                ; Off                ;
; Synthesis Effort                                                           ; Auto               ; Auto               ;
; Shift Register Replacement - Allow Asynchronous Clear Signal               ; On                 ; On                 ;
; Pre-Mapping Resynthesis Optimization                                       ; Off                ; Off                ;
; Analysis & Synthesis Message Level                                         ; Medium             ; Medium             ;
; Disable Register Merging Across Hierarchies                                ; Auto               ; Auto               ;
; Resource Aware Inference For Block RAM                                     ; On                 ; On                 ;
; Synthesis Seed                                                             ; 1                  ; 1                  ;
+----------------------------------------------------------------------------+--------------------+--------------------+


Parallel compilation was disabled, but you have multiple processors available. Enable parallel compilation to reduce compilation time.
+-------------------------------------+
; Parallel Compilation                ;
+----------------------------+--------+
; Processors                 ; Number ;
+----------------------------+--------+
; Number detected on machine ; 12     ;
; Maximum allowed            ; 1      ;
+----------------------------+--------+


+----------------------------------------------------------------------------------------------------------------------------------------------+
; Analysis & Synthesis Source Files Read                                                                                                       ;
+----------------------------------+-----------------+------------------------+------------------------------------------------------+---------+
; File Name with User-Entered Path ; Used in Netlist ; File Type              ; File Name with Absolute Path                         ; Library ;
+----------------------------------+-----------------+------------------------+------------------------------------------------------+---------+
; ../Lab3/mux16_1.v                ; yes             ; User Verilog HDL File  ; C:/Users/Admin/Desktop/LLS/THL/Lab3/mux16_1.v        ;         ;
; ../Lab3/mux4_1.v                 ; yes             ; User Verilog HDL File  ; C:/Users/Admin/Desktop/LLS/THL/Lab3/mux4_1.v         ;         ;
; ../Lab3/Multiplier.v             ; yes             ; User Verilog HDL File  ; C:/Users/Admin/Desktop/LLS/THL/Lab3/Multiplier.v     ;         ;
; ../Lab3/FullSubtracter.v         ; yes             ; User Verilog HDL File  ; C:/Users/Admin/Desktop/LLS/THL/Lab3/FullSubtracter.v ;         ;
; ../Lab3/FullAdder.v              ; yes             ; User Verilog HDL File  ; C:/Users/Admin/Desktop/LLS/THL/Lab3/FullAdder.v      ;         ;
; ../Lab3/comp.v                   ; yes             ; User Verilog HDL File  ; C:/Users/Admin/Desktop/LLS/THL/Lab3/comp.v           ;         ;
; ../Lab3/ALU.v                    ; yes             ; User Verilog HDL File  ; C:/Users/Admin/Desktop/LLS/THL/Lab3/ALU.v            ;         ;
; RegisterFile.v                   ; yes             ; User Verilog HDL File  ; C:/Users/Admin/Desktop/LLS/THL/Lab4/RegisterFile.v   ;         ;
; ../Lab3/Mux2_1.v                 ; yes             ; User Verilog HDL File  ; C:/Users/Admin/Desktop/LLS/THL/Lab3/Mux2_1.v         ;         ;
; Data_Path.v                      ; yes             ; User Verilog HDL File  ; C:/Users/Admin/Desktop/LLS/THL/Lab4/Data_Path.v      ;         ;
; Control_Unit.v                   ; yes             ; User Verilog HDL File  ; C:/Users/Admin/Desktop/LLS/THL/Lab4/Control_Unit.v   ;         ;
; Shift_Register.v                 ; yes             ; User Verilog HDL File  ; C:/Users/Admin/Desktop/LLS/THL/Lab4/Shift_Register.v ;         ;
; Register4Bit.v                   ; yes             ; User Verilog HDL File  ; C:/Users/Admin/Desktop/LLS/THL/Lab4/Register4Bit.v   ;         ;
; One_Counter.v                    ; yes             ; User Verilog HDL File  ; C:/Users/Admin/Desktop/LLS/THL/Lab4/One_Counter.v    ;         ;
+----------------------------------+-----------------+------------------------+------------------------------------------------------+---------+


+-----------------------------------------------------+
; Analysis & Synthesis Resource Usage Summary         ;
+---------------------------------------------+-------+
; Resource                                    ; Usage ;
+---------------------------------------------+-------+
; Estimated Total logic elements              ; 115   ;
;                                             ;       ;
; Total combinational functions               ; 83    ;
; Logic element usage by number of LUT inputs ;       ;
;     -- 4 input functions                    ; 43    ;
;     -- 3 input functions                    ; 28    ;
;     -- <=2 input functions                  ; 12    ;
;                                             ;       ;
; Logic elements by mode                      ;       ;
;     -- normal mode                          ; 83    ;
;     -- arithmetic mode                      ; 0     ;
;                                             ;       ;
; Total registers                             ; 44    ;
;     -- Dedicated logic registers            ; 44    ;
;     -- I/O registers                        ; 0     ;
;                                             ;       ;
; I/O pins                                    ; 12    ;
; Embedded Multiplier 9-bit elements          ; 0     ;
; Maximum fan-out node                        ; CLK2  ;
; Maximum fan-out                             ; 36    ;
; Total fan-out                               ; 409   ;
; Average fan-out                             ; 2.94  ;
+---------------------------------------------+-------+


+------------------------------------------------------------------------------------------------------------------------------------------------------------------------------------------------------------------+
; Analysis & Synthesis Resource Utilization by Entity                                                                                                                                                              ;
+----------------------------------+-------------------+--------------+-------------+--------------+---------+-----------+------+--------------+----------------------------------------------------+--------------+
; Compilation Hierarchy Node       ; LC Combinationals ; LC Registers ; Memory Bits ; DSP Elements ; DSP 9x9 ; DSP 18x18 ; Pins ; Virtual Pins ; Full Hierarchy Name                                ; Library Name ;
+----------------------------------+-------------------+--------------+-------------+--------------+---------+-----------+------+--------------+----------------------------------------------------+--------------+
; |One_Counter                     ; 83 (0)            ; 44 (0)       ; 0           ; 0            ; 0       ; 0         ; 12   ; 0            ; |One_Counter                                       ; work         ;
;    |Control_Unit:CU|             ; 21 (21)           ; 8 (8)        ; 0           ; 0            ; 0       ; 0         ; 0    ; 0            ; |One_Counter|Control_Unit:CU                       ; work         ;
;    |Data_Path:DP|                ; 62 (0)            ; 36 (0)       ; 0           ; 0            ; 0       ; 0         ; 0    ; 0            ; |One_Counter|Data_Path:DP                          ; work         ;
;       |ALU:ALU1|                 ; 16 (0)            ; 0 (0)        ; 0           ; 0            ; 0       ; 0         ; 0    ; 0            ; |One_Counter|Data_Path:DP|ALU:ALU1                 ; work         ;
;          |FullAdder:Add|         ; 1 (1)             ; 0 (0)        ; 0           ; 0            ; 0       ; 0         ; 0    ; 0            ; |One_Counter|Data_Path:DP|ALU:ALU1|FullAdder:Add   ; work         ;
;          |mux16_1:mux16_1|       ; 15 (15)           ; 0 (0)        ; 0           ; 0            ; 0       ; 0         ; 0    ; 0            ; |One_Counter|Data_Path:DP|ALU:ALU1|mux16_1:mux16_1 ; work         ;
;       |Mux2_1:Mux2_1|            ; 4 (4)             ; 0 (0)        ; 0           ; 0            ; 0       ; 0         ; 0    ; 0            ; |One_Counter|Data_Path:DP|Mux2_1:Mux2_1            ; work         ;
;       |Register4Bit:Reg1|        ; 0 (0)             ; 4 (4)        ; 0           ; 0            ; 0       ; 0         ; 0    ; 0            ; |One_Counter|Data_Path:DP|Register4Bit:Reg1        ; work         ;
;       |RegisterFile:Reg|         ; 38 (38)           ; 32 (32)      ; 0           ; 0            ; 0       ; 0         ; 0    ; 0            ; |One_Counter|Data_Path:DP|RegisterFile:Reg         ; work         ;
;       |Shift_Register:Shift_Reg| ; 4 (4)             ; 0 (0)        ; 0           ; 0            ; 0       ; 0         ; 0    ; 0            ; |One_Counter|Data_Path:DP|Shift_Register:Shift_Reg ; work         ;
+----------------------------------+-------------------+--------------+-------------+--------------+---------+-----------+------+--------------+----------------------------------------------------+--------------+
Note: For table entries with two numbers listed, the numbers in parentheses indicate the number of resources of the given type used by the specific entity alone. The numbers listed outside of parentheses indicate the total resources of the given type used by the specific entity and all of its sub-entities in the hierarchy.


Encoding Type:  One-Hot
+--------------------------------------------------------------------------------------------------------------------------------------------------------+
; State Machine - |One_Counter|Control_Unit:CU|c_state                                                                                                   ;
+----------------+----------------+----------------+----------------+----------------+----------------+----------------+----------------+----------------+
; Name           ; c_state.state7 ; c_state.state6 ; c_state.state5 ; c_state.state4 ; c_state.state3 ; c_state.state2 ; c_state.state1 ; c_state.state0 ;
+----------------+----------------+----------------+----------------+----------------+----------------+----------------+----------------+----------------+
; c_state.state0 ; 0              ; 0              ; 0              ; 0              ; 0              ; 0              ; 0              ; 0              ;
; c_state.state1 ; 0              ; 0              ; 0              ; 0              ; 0              ; 0              ; 1              ; 1              ;
; c_state.state2 ; 0              ; 0              ; 0              ; 0              ; 0              ; 1              ; 0              ; 1              ;
; c_state.state3 ; 0              ; 0              ; 0              ; 0              ; 1              ; 0              ; 0              ; 1              ;
; c_state.state4 ; 0              ; 0              ; 0              ; 1              ; 0              ; 0              ; 0              ; 1              ;
; c_state.state5 ; 0              ; 0              ; 1              ; 0              ; 0              ; 0              ; 0              ; 1              ;
; c_state.state6 ; 0              ; 1              ; 0              ; 0              ; 0              ; 0              ; 0              ; 1              ;
; c_state.state7 ; 1              ; 0              ; 0              ; 0              ; 0              ; 0              ; 0              ; 1              ;
+----------------+----------------+----------------+----------------+----------------+----------------+----------------+----------------+----------------+


+---------------------------------------------------------------------------------------------------------------+
; User-Specified and Inferred Latches                                                                           ;
+-----------------------------------------------------+--------------------------------+------------------------+
; Latch Name                                          ; Latch Enable Signal            ; Free of Timing Hazards ;
+-----------------------------------------------------+--------------------------------+------------------------+
; Control_Unit:CU|S_ALU1[1]                           ; Control_Unit:CU|RAA            ; yes                    ;
; Control_Unit:CU|RAB[1]                              ; Control_Unit:CU|RAA            ; yes                    ;
; Control_Unit:CU|RAB[0]                              ; Control_Unit:CU|RAA            ; yes                    ;
; Control_Unit:CU|RAA[1]                              ; Control_Unit:CU|RAA            ; yes                    ;
; Control_Unit:CU|RAA[0]                              ; Control_Unit:CU|RAA            ; yes                    ;
; Control_Unit:CU|RAA[2]                              ; Control_Unit:CU|RAA            ; yes                    ;
; Control_Unit:CU|S_ALU1[2]                           ; Control_Unit:CU|RAA            ; yes                    ;
; Control_Unit:CU|S_shift[1]                          ; Control_Unit:CU|RAA            ; yes                    ;
; Control_Unit:CU|WA[0]                               ; Control_Unit:CU|c_state.state0 ; yes                    ;
; Control_Unit:CU|WA[1]                               ; Control_Unit:CU|c_state.state0 ; yes                    ;
; Control_Unit:CU|WA[2]                               ; Control_Unit:CU|c_state.state0 ; yes                    ;
; Number of user-specified and inferred latches = 11  ;                                ;                        ;
+-----------------------------------------------------+--------------------------------+------------------------+
Note: All latches listed above may not be present at the end of synthesis due to various synthesis optimizations.


+---------------------------------------------------------------+
; Registers Removed During Synthesis                            ;
+------------------------------------------+--------------------+
; Register name                            ; Reason for Removal ;
+------------------------------------------+--------------------+
; Control_Unit:CU|c_state~2                ; Lost fanout        ;
; Control_Unit:CU|c_state~3                ; Lost fanout        ;
; Control_Unit:CU|c_state~4                ; Lost fanout        ;
; Data_Path:DP|RegisterFile:Reg|regfile~32 ; Lost fanout        ;
; Data_Path:DP|RegisterFile:Reg|regfile~33 ; Lost fanout        ;
; Data_Path:DP|RegisterFile:Reg|regfile~34 ; Lost fanout        ;
; Data_Path:DP|RegisterFile:Reg|regfile~35 ; Lost fanout        ;
; Data_Path:DP|RegisterFile:Reg|regfile~36 ; Lost fanout        ;
; Data_Path:DP|RegisterFile:Reg|regfile~37 ; Lost fanout        ;
; Data_Path:DP|RegisterFile:Reg|regfile~38 ; Lost fanout        ;
; Data_Path:DP|RegisterFile:Reg|regfile~39 ; Lost fanout        ;
; Data_Path:DP|RegisterFile:Reg|regfile~40 ; Lost fanout        ;
; Data_Path:DP|RegisterFile:Reg|regfile~41 ; Lost fanout        ;
; Data_Path:DP|RegisterFile:Reg|regfile~42 ; Lost fanout        ;
; Data_Path:DP|RegisterFile:Reg|regfile~43 ; Lost fanout        ;
; Data_Path:DP|RegisterFile:Reg|regfile~44 ; Lost fanout        ;
; Data_Path:DP|RegisterFile:Reg|regfile~45 ; Lost fanout        ;
; Data_Path:DP|RegisterFile:Reg|regfile~46 ; Lost fanout        ;
; Data_Path:DP|RegisterFile:Reg|regfile~47 ; Lost fanout        ;
; Data_Path:DP|RegisterFile:Reg|regfile~48 ; Lost fanout        ;
; Data_Path:DP|RegisterFile:Reg|regfile~49 ; Lost fanout        ;
; Data_Path:DP|RegisterFile:Reg|regfile~50 ; Lost fanout        ;
; Data_Path:DP|RegisterFile:Reg|regfile~51 ; Lost fanout        ;
; Data_Path:DP|RegisterFile:Reg|regfile~52 ; Lost fanout        ;
; Data_Path:DP|RegisterFile:Reg|regfile~53 ; Lost fanout        ;
; Data_Path:DP|RegisterFile:Reg|regfile~54 ; Lost fanout        ;
; Data_Path:DP|RegisterFile:Reg|regfile~55 ; Lost fanout        ;
; Data_Path:DP|RegisterFile:Reg|regfile~56 ; Lost fanout        ;
; Data_Path:DP|RegisterFile:Reg|regfile~57 ; Lost fanout        ;
; Data_Path:DP|RegisterFile:Reg|regfile~58 ; Lost fanout        ;
; Data_Path:DP|RegisterFile:Reg|regfile~59 ; Lost fanout        ;
; Data_Path:DP|RegisterFile:Reg|regfile~60 ; Lost fanout        ;
; Data_Path:DP|RegisterFile:Reg|regfile~61 ; Lost fanout        ;
; Data_Path:DP|RegisterFile:Reg|regfile~62 ; Lost fanout        ;
; Data_Path:DP|RegisterFile:Reg|regfile~63 ; Lost fanout        ;
; Total Number of Removed Registers = 35   ;                    ;
+------------------------------------------+--------------------+


+------------------------------------------------------+
; General Register Statistics                          ;
+----------------------------------------------+-------+
; Statistic                                    ; Value ;
+----------------------------------------------+-------+
; Total registers                              ; 44    ;
; Number of registers using Synchronous Clear  ; 0     ;
; Number of registers using Synchronous Load   ; 0     ;
; Number of registers using Asynchronous Clear ; 0     ;
; Number of registers using Asynchronous Load  ; 0     ;
; Number of registers using Clock Enable       ; 36    ;
; Number of registers using Preset             ; 0     ;
+----------------------------------------------+-------+


+-----------------------------------------------------------------------------------------------------------------------------------------------------------------------+
; Multiplexer Restructuring Statistics (Restructuring Performed)                                                                                                        ;
+--------------------+-----------+---------------+----------------------+------------------------+------------+---------------------------------------------------------+
; Multiplexer Inputs ; Bus Width ; Baseline Area ; Area if Restructured ; Saving if Restructured ; Registered ; Example Multiplexer Output                              ;
+--------------------+-----------+---------------+----------------------+------------------------+------------+---------------------------------------------------------+
; 4:1                ; 3 bits    ; 6 LEs         ; 6 LEs                ; 0 LEs                  ; No         ; |One_Counter|Data_Path:DP|ALU:ALU1|mux16_1:mux16_1|Mux1 ;
+--------------------+-----------+---------------+----------------------+------------------------+------------+---------------------------------------------------------+


+--------------------------------------------------------------+
; Parameter Settings for User Entity Instance: Control_Unit:CU ;
+----------------+-------+-------------------------------------+
; Parameter Name ; Value ; Type                                ;
+----------------+-------+-------------------------------------+
; state0         ; 000   ; Unsigned Binary                     ;
; state1         ; 001   ; Unsigned Binary                     ;
; state2         ; 010   ; Unsigned Binary                     ;
; state3         ; 011   ; Unsigned Binary                     ;
; state4         ; 100   ; Unsigned Binary                     ;
; state5         ; 101   ; Unsigned Binary                     ;
; state6         ; 110   ; Unsigned Binary                     ;
; state7         ; 111   ; Unsigned Binary                     ;
+----------------+-------+-------------------------------------+
Note: In order to hide this table in the UI and the text report file, please set the "Show Parameter Settings in Synthesis Report" option in "Analysis and Synthesis Settings -> More Settings" to "Off".


+-------------------------------------------------------------------+
; Port Connectivity Checks: "Data_Path:DP|ALU:ALU1|FullAdder:Incre" ;
+---------+-------+----------+--------------------------------------+
; Port    ; Type  ; Severity ; Details                              ;
+---------+-------+----------+--------------------------------------+
; b[3..1] ; Input ; Info     ; Stuck at GND                         ;
; b[0]    ; Input ; Info     ; Stuck at VCC                         ;
+---------+-------+----------+--------------------------------------+


+------------------------------------------------------------------------+
; Port Connectivity Checks: "Data_Path:DP|ALU:ALU1|FullSubtracter:Decre" ;
+---------+-------+----------+-------------------------------------------+
; Port    ; Type  ; Severity ; Details                                   ;
+---------+-------+----------+-------------------------------------------+
; b[3..1] ; Input ; Info     ; Stuck at GND                              ;
; b[0]    ; Input ; Info     ; Stuck at VCC                              ;
+---------+-------+----------+-------------------------------------------+


+-------------------------------------------------------------------+
; Port Connectivity Checks: "Data_Path:DP|ALU:ALU1|mux16_1:mux16_1" ;
+-----------+-------+----------+------------------------------------+
; Port      ; Type  ; Severity ; Details                            ;
+-----------+-------+----------+------------------------------------+
; shiftL[0] ; Input ; Info     ; Stuck at GND                       ;
; shiftR[3] ; Input ; Info     ; Stuck at GND                       ;
+-----------+-------+----------+------------------------------------+


+------------------------------------------------------------------------------------------------------------------------------------------------------------------------+
; Port Connectivity Checks: "Data_Path:DP|ALU:ALU1|mux4_1:mux2"                                                                                                          ;
+------+-------+----------+----------------------------------------------------------------------------------------------------------------------------------------------+
; Port ; Type  ; Severity ; Details                                                                                                                                      ;
+------+-------+----------+----------------------------------------------------------------------------------------------------------------------------------------------+
; mul  ; Input ; Warning  ; Declared by entity but not connected by instance. If a default value exists, it will be used.  Otherwise, the port will be connected to GND. ;
+------+-------+----------+----------------------------------------------------------------------------------------------------------------------------------------------+


+-------------------------------------------------------------------------------------------------------------------------------------------------+
; Port Connectivity Checks: "Data_Path:DP|ALU:ALU1"                                                                                               ;
+------------------+--------+----------+----------------------------------------------------------------------------------------------------------+
; Port             ; Type   ; Severity ; Details                                                                                                  ;
+------------------+--------+----------+----------------------------------------------------------------------------------------------------------+
; cin              ; Input  ; Info     ; Stuck at GND                                                                                             ;
; add_sub_overflow ; Output ; Warning  ; Declared by entity but not connected by instance. Logic that only feeds a dangling port will be removed. ;
; mul_overflow     ; Output ; Warning  ; Declared by entity but not connected by instance. Logic that only feeds a dangling port will be removed. ;
; zero             ; Output ; Warning  ; Declared by entity but not connected by instance. Logic that only feeds a dangling port will be removed. ;
+------------------+--------+----------+----------------------------------------------------------------------------------------------------------+


+-------------------------------+
; Elapsed Time Per Partition    ;
+----------------+--------------+
; Partition Name ; Elapsed Time ;
+----------------+--------------+
; Top            ; 00:00:00     ;
+----------------+--------------+


+-------------------------------+
; Analysis & Synthesis Messages ;
+-------------------------------+
Info: *******************************************************************
Info: Running Quartus II 64-Bit Analysis & Synthesis
    Info: Version 13.0.1 Build 232 06/12/2013 Service Pack 1 SJ Web Edition
    Info: Processing started: Thu Nov 07 08:36:27 2024
Info: Command: quartus_map --read_settings_files=on --write_settings_files=off Lab4 -c Lab4
Warning (20028): Parallel compilation is not licensed and has been disabled
Warning (12018): Entity "Xor" will be ignored because it conflicts with Quartus II primitive name
Info (12021): Found 1 design units, including 1 entities, in source file /users/admin/desktop/lls/thl/lab3/xor.v
Warning (12018): Entity "Or" will be ignored because it conflicts with Quartus II primitive name
Info (12021): Found 1 design units, including 1 entities, in source file /users/admin/desktop/lls/thl/lab3/or.v
Info (12021): Found 1 design units, including 1 entities, in source file /users/admin/desktop/lls/thl/lab3/mux16_1.v
    Info (12023): Found entity 1: mux16_1
Info (12021): Found 1 design units, including 1 entities, in source file /users/admin/desktop/lls/thl/lab3/mux4_1.v
    Info (12023): Found entity 1: mux4_1
Info (12021): Found 1 design units, including 1 entities, in source file /users/admin/desktop/lls/thl/lab3/multiplier.v
    Info (12023): Found entity 1: Multiplier
Info (12021): Found 1 design units, including 1 entities, in source file /users/admin/desktop/lls/thl/lab3/led.v
    Info (12023): Found entity 1: LED
Info (12021): Found 1 design units, including 1 entities, in source file /users/admin/desktop/lls/thl/lab3/fullsubtracter.v
    Info (12023): Found entity 1: FullSubtracter
Info (12021): Found 1 design units, including 1 entities, in source file /users/admin/desktop/lls/thl/lab3/fulladder.v
    Info (12023): Found entity 1: FullAdder
Info (12021): Found 1 design units, including 1 entities, in source file /users/admin/desktop/lls/thl/lab3/comp.v
    Info (12023): Found entity 1: comp
Info (12021): Found 1 design units, including 1 entities, in source file /users/admin/desktop/lls/thl/lab3/bcd_to_led.v
    Info (12023): Found entity 1: bcd_to_led
Warning (12018): Entity "And2" will be ignored because it conflicts with Quartus II primitive name
Info (12021): Found 1 design units, including 1 entities, in source file /users/admin/desktop/lls/thl/lab3/and2.v
Warning (12018): Entity "And" will be ignored because it conflicts with Quartus II primitive name
Info (12021): Found 1 design units, including 1 entities, in source file /users/admin/desktop/lls/thl/lab3/and.v
Info (12021): Found 1 design units, including 1 entities, in source file /users/admin/desktop/lls/thl/lab3/alu.v
    Info (12023): Found entity 1: ALU
Info (12021): Found 1 design units, including 1 entities, in source file registerfile.v
    Info (12023): Found entity 1: RegisterFile
Info (12021): Found 1 design units, including 1 entities, in source file /users/admin/desktop/lls/thl/lab3/mux2_1.v
    Info (12023): Found entity 1: Mux2_1
Info (12021): Found 1 design units, including 1 entities, in source file data_path.v
    Info (12023): Found entity 1: Data_Path
Info (12021): Found 1 design units, including 1 entities, in source file control_unit.v
    Info (12023): Found entity 1: Control_Unit
Info (12021): Found 1 design units, including 1 entities, in source file shift_register.v
    Info (12023): Found entity 1: Shift_Register
Info (12021): Found 1 design units, including 1 entities, in source file register4bit.v
    Info (12023): Found entity 1: Register4Bit
Info (12021): Found 1 design units, including 1 entities, in source file one_counter.v
    Info (12023): Found entity 1: One_Counter
Info (12021): Found 1 design units, including 1 entities, in source file one_counter_tb.v
    Info (12023): Found entity 1: One_Counter_tb
Info (12021): Found 1 design units, including 1 entities, in source file control_unit_tb.v
    Info (12023): Found entity 1: Control_Unit_tb
Critical Warning (10846): Verilog HDL Instantiation warning at bcd_to_led.v(23): instance has no name
Info (12127): Elaborating entity "One_Counter" for the top level hierarchy
Info (12128): Elaborating entity "Control_Unit" for hierarchy "Control_Unit:CU"
Warning (10240): Verilog HDL Always Construct warning at Control_Unit.v(26): inferring latch(es) for variable "WA", which holds its previous value in one or more paths through the always construct
Warning (10240): Verilog HDL Always Construct warning at Control_Unit.v(26): inferring latch(es) for variable "RAA", which holds its previous value in one or more paths through the always construct
Warning (10240): Verilog HDL Always Construct warning at Control_Unit.v(26): inferring latch(es) for variable "RAB", which holds its previous value in one or more paths through the always construct
Warning (10240): Verilog HDL Always Construct warning at Control_Unit.v(26): inferring latch(es) for variable "S_ALU1", which holds its previous value in one or more paths through the always construct
Warning (10240): Verilog HDL Always Construct warning at Control_Unit.v(26): inferring latch(es) for variable "S_shift", which holds its previous value in one or more paths through the always construct
Info (10041): Inferred latch for "S_shift[0]" at Control_Unit.v(26)
Info (10041): Inferred latch for "S_shift[1]" at Control_Unit.v(26)
Info (10041): Inferred latch for "S_ALU1[0]" at Control_Unit.v(26)
Info (10041): Inferred latch for "S_ALU1[1]" at Control_Unit.v(26)
Info (10041): Inferred latch for "S_ALU1[2]" at Control_Unit.v(26)
Info (10041): Inferred latch for "S_ALU1[3]" at Control_Unit.v(26)
Info (10041): Inferred latch for "RAB[0]" at Control_Unit.v(26)
Info (10041): Inferred latch for "RAB[1]" at Control_Unit.v(26)
Info (10041): Inferred latch for "RAB[2]" at Control_Unit.v(26)
Info (10041): Inferred latch for "RAB[3]" at Control_Unit.v(26)
Info (10041): Inferred latch for "RAA[0]" at Control_Unit.v(26)
Info (10041): Inferred latch for "RAA[1]" at Control_Unit.v(26)
Info (10041): Inferred latch for "RAA[2]" at Control_Unit.v(26)
Info (10041): Inferred latch for "RAA[3]" at Control_Unit.v(26)
Info (10041): Inferred latch for "WA[0]" at Control_Unit.v(26)
Info (10041): Inferred latch for "WA[1]" at Control_Unit.v(26)
Info (10041): Inferred latch for "WA[2]" at Control_Unit.v(26)
Info (10041): Inferred latch for "WA[3]" at Control_Unit.v(26)
Info (12128): Elaborating entity "Data_Path" for hierarchy "Data_Path:DP"
Info (12128): Elaborating entity "Mux2_1" for hierarchy "Data_Path:DP|Mux2_1:Mux2_1"
Info (12128): Elaborating entity "RegisterFile" for hierarchy "Data_Path:DP|RegisterFile:Reg"
Info (12128): Elaborating entity "ALU" for hierarchy "Data_Path:DP|ALU:ALU1"
Info (12128): Elaborating entity "mux4_1" for hierarchy "Data_Path:DP|ALU:ALU1|mux4_1:mux1"
Info (12128): Elaborating entity "mux16_1" for hierarchy "Data_Path:DP|ALU:ALU1|mux16_1:mux16_1"
Info (12128): Elaborating entity "comp" for hierarchy "Data_Path:DP|ALU:ALU1|comp:Comp"
Info (12128): Elaborating entity "FullSubtracter" for hierarchy "Data_Path:DP|ALU:ALU1|FullSubtracter:Decre"
Warning (10036): Verilog HDL or VHDL warning at FullSubtracter.v(5): object "co3" assigned a value but never read
Info (12128): Elaborating entity "FullAdder" for hierarchy "Data_Path:DP|ALU:ALU1|FullAdder:Add"
Info (12128): Elaborating entity "Multiplier" for hierarchy "Data_Path:DP|ALU:ALU1|Multiplier:Mul"
Info (12128): Elaborating entity "Shift_Register" for hierarchy "Data_Path:DP|Shift_Register:Shift_Reg"
Info (12128): Elaborating entity "Register4Bit" for hierarchy "Data_Path:DP|Register4Bit:Reg1"
Warning (13046): Tri-state node(s) do not directly drive top-level pin(s)
    Warning (13049): Converted tri-state buffer "Data_Path:DP|RegisterFile:Reg|RDB[0]" feeding internal logic into a wire
    Warning (13049): Converted tri-state buffer "Data_Path:DP|RegisterFile:Reg|RDB[1]" feeding internal logic into a wire
    Warning (13049): Converted tri-state buffer "Data_Path:DP|RegisterFile:Reg|RDB[2]" feeding internal logic into a wire
    Warning (13049): Converted tri-state buffer "Data_Path:DP|RegisterFile:Reg|RDB[3]" feeding internal logic into a wire
    Warning (13049): Converted tri-state buffer "Data_Path:DP|RegisterFile:Reg|RDA[0]" feeding internal logic into a wire
    Warning (13049): Converted tri-state buffer "Data_Path:DP|RegisterFile:Reg|RDA[1]" feeding internal logic into a wire
    Warning (13049): Converted tri-state buffer "Data_Path:DP|RegisterFile:Reg|RDA[2]" feeding internal logic into a wire
    Warning (13049): Converted tri-state buffer "Data_Path:DP|RegisterFile:Reg|RDA[3]" feeding internal logic into a wire
Info (276014): Found 1 instances of uninferred RAM logic
    Info (276004): RAM logic "Data_Path:DP|RegisterFile:Reg|regfile" is uninferred due to inappropriate RAM size
Warning (12241): 2 hierarchies have connectivity warnings - see the Connectivity Checks report folder
Info (13025): Duplicate LATCH primitives merged into single LATCH primitive
    Info (13026): Duplicate LATCH primitive "Control_Unit:CU|RAA[2]" merged with LATCH primitive "Control_Unit:CU|RAB[0]"
Info (17049): 35 registers lost all their fanouts during netlist optimizations.
Info (144001): Generated suppressed messages file C:/Users/Admin/Desktop/LLS/THL/Lab4/output_files/Lab4.map.smsg
Info (16010): Generating hard_block partition "hard_block:auto_generated_inst"
    Info (16011): Adding 0 node(s), including 0 DDIO, 0 PLL, 0 transceiver and 0 LCELL
Info (21057): Implemented 135 device resources after synthesis - the final resource count might be different
    Info (21058): Implemented 7 input pins
    Info (21059): Implemented 5 output pins
    Info (21061): Implemented 123 logic cells
Info: Quartus II 64-Bit Analysis & Synthesis was successful. 0 errors, 22 warnings
    Info: Peak virtual memory: 4606 megabytes
    Info: Processing ended: Thu Nov 07 08:36:28 2024
    Info: Elapsed time: 00:00:01
    Info: Total CPU time (on all processors): 00:00:01


+------------------------------------------+
; Analysis & Synthesis Suppressed Messages ;
+------------------------------------------+
The suppressed messages can be found in C:/Users/Admin/Desktop/LLS/THL/Lab4/output_files/Lab4.map.smsg.


