Analysis & Synthesis report for factorial
Sat Dec 07 15:48:31 2024
Quartus II 64-Bit Version 13.0.1 Build 232 06/12/2013 Service Pack 1 SJ Web Edition


---------------------
; Table of Contents ;
---------------------
  1. Legal Notice
  2. Analysis & Synthesis Summary
  3. Analysis & Synthesis Settings
  4. Parallel Compilation
  5. Analysis & Synthesis Source Files Read
  6. Analysis & Synthesis Resource Usage Summary
  7. Analysis & Synthesis Resource Utilization by Entity
  8. Analysis & Synthesis DSP Block Usage Summary
  9. Registers Removed During Synthesis
 10. General Register Statistics
 11. Multiplexer Restructuring Statistics (Restructuring Performed)
 12. Parameter Settings for Inferred Entity Instance: multi16bit:MUL1|lpm_mult:Mult0
 13. lpm_mult Parameter Settings by Entity Instance
 14. Port Connectivity Checks: "mux3to1:MUX2"
 15. Port Connectivity Checks: "mux3to1:MUX1"
 16. Port Connectivity Checks: "add16bit:ADD1"
 17. Port Connectivity Checks: "Register16:REG_FILE"
 18. Elapsed Time Per Partition
 19. Analysis & Synthesis Messages
 20. Analysis & Synthesis Suppressed Messages



----------------
; Legal Notice ;
----------------
Copyright (C) 1991-2013 Altera Corporation
Your use of Altera Corporation's design tools, logic functions 
and other software and tools, and its AMPP partner logic 
functions, and any output files from any of the foregoing 
(including device programming or simulation files), and any 
associated documentation or information are expressly subject 
to the terms and conditions of the Altera Program License 
Subscription Agreement, Altera MegaCore Function License 
Agreement, or other applicable license agreement, including, 
without limitation, that your use is for the sole purpose of 
programming logic devices manufactured by Altera and sold by 
Altera or its authorized distributors.  Please refer to the 
applicable agreement for further details.



+--------------------------------------------------------------------------------------+
; Analysis & Synthesis Summary                                                         ;
+------------------------------------+-------------------------------------------------+
; Analysis & Synthesis Status        ; Successful - Sat Dec 07 15:48:30 2024           ;
; Quartus II 64-Bit Version          ; 13.0.1 Build 232 06/12/2013 SP 1 SJ Web Edition ;
; Revision Name                      ; factorial                                       ;
; Top-level Entity Name              ; datapath_ss                                     ;
; Family                             ; Cyclone II                                      ;
; Total logic elements               ; 41                                              ;
;     Total combinational functions  ; 41                                              ;
;     Dedicated logic registers      ; 16                                              ;
; Total registers                    ; 16                                              ;
; Total pins                         ; 76                                              ;
; Total virtual pins                 ; 0                                               ;
; Total memory bits                  ; 0                                               ;
; Embedded Multiplier 9-bit elements ; 2                                               ;
; Total PLLs                         ; 0                                               ;
+------------------------------------+-------------------------------------------------+


+----------------------------------------------------------------------------------------------------------------------+
; Analysis & Synthesis Settings                                                                                        ;
+----------------------------------------------------------------------------+--------------------+--------------------+
; Option                                                                     ; Setting            ; Default Value      ;
+----------------------------------------------------------------------------+--------------------+--------------------+
; Device                                                                     ; EP2C35F672C6       ;                    ;
; Top-level entity name                                                      ; datapath_ss        ; factorial          ;
; Family name                                                                ; Cyclone II         ; Cyclone IV GX      ;
; Use smart compilation                                                      ; Off                ; Off                ;
; Enable parallel Assembler and TimeQuest Timing Analyzer during compilation ; On                 ; On                 ;
; Enable compact report table                                                ; Off                ; Off                ;
; Restructure Multiplexers                                                   ; Auto               ; Auto               ;
; Create Debugging Nodes for IP Cores                                        ; Off                ; Off                ;
; Preserve fewer node names                                                  ; On                 ; On                 ;
; Disable OpenCore Plus hardware evaluation                                  ; Off                ; Off                ;
; Verilog Version                                                            ; Verilog_2001       ; Verilog_2001       ;
; VHDL Version                                                               ; VHDL_1993          ; VHDL_1993          ;
; State Machine Processing                                                   ; Auto               ; Auto               ;
; Safe State Machine                                                         ; Off                ; Off                ;
; Extract Verilog State Machines                                             ; On                 ; On                 ;
; Extract VHDL State Machines                                                ; On                 ; On                 ;
; Ignore Verilog initial constructs                                          ; Off                ; Off                ;
; Iteration limit for constant Verilog loops                                 ; 5000               ; 5000               ;
; Iteration limit for non-constant Verilog loops                             ; 250                ; 250                ;
; Add Pass-Through Logic to Inferred RAMs                                    ; On                 ; On                 ;
; Infer RAMs from Raw Logic                                                  ; On                 ; On                 ;
; Parallel Synthesis                                                         ; On                 ; On                 ;
; DSP Block Balancing                                                        ; Auto               ; Auto               ;
; NOT Gate Push-Back                                                         ; On                 ; On                 ;
; Power-Up Don't Care                                                        ; On                 ; On                 ;
; Remove Redundant Logic Cells                                               ; Off                ; Off                ;
; Remove Duplicate Registers                                                 ; On                 ; On                 ;
; Ignore CARRY Buffers                                                       ; Off                ; Off                ;
; Ignore CASCADE Buffers                                                     ; Off                ; Off                ;
; Ignore GLOBAL Buffers                                                      ; Off                ; Off                ;
; Ignore ROW GLOBAL Buffers                                                  ; Off                ; Off                ;
; Ignore LCELL Buffers                                                       ; Off                ; Off                ;
; Ignore SOFT Buffers                                                        ; On                 ; On                 ;
; Limit AHDL Integers to 32 Bits                                             ; Off                ; Off                ;
; Optimization Technique                                                     ; Balanced           ; Balanced           ;
; Carry Chain Length                                                         ; 70                 ; 70                 ;
; Auto Carry Chains                                                          ; On                 ; On                 ;
; Auto Open-Drain Pins                                                       ; On                 ; On                 ;
; Perform WYSIWYG Primitive Resynthesis                                      ; Off                ; Off                ;
; Auto ROM Replacement                                                       ; On                 ; On                 ;
; Auto RAM Replacement                                                       ; On                 ; On                 ;
; Auto Shift Register Replacement                                            ; Auto               ; Auto               ;
; Allow Shift Register Merging across Hierarchies                            ; Auto               ; Auto               ;
; Auto Clock Enable Replacement                                              ; On                 ; On                 ;
; Strict RAM Replacement                                                     ; Off                ; Off                ;
; Allow Synchronous Control Signals                                          ; On                 ; On                 ;
; Force Use of Synchronous Clear Signals                                     ; Off                ; Off                ;
; Auto RAM to Logic Cell Conversion                                          ; Off                ; Off                ;
; Auto Resource Sharing                                                      ; Off                ; Off                ;
; Allow Any RAM Size For Recognition                                         ; Off                ; Off                ;
; Allow Any ROM Size For Recognition                                         ; Off                ; Off                ;
; Allow Any Shift Register Size For Recognition                              ; Off                ; Off                ;
; Use LogicLock Constraints during Resource Balancing                        ; On                 ; On                 ;
; Ignore translate_off and synthesis_off directives                          ; Off                ; Off                ;
; Timing-Driven Synthesis                                                    ; Off                ; Off                ;
; Report Parameter Settings                                                  ; On                 ; On                 ;
; Report Source Assignments                                                  ; On                 ; On                 ;
; Report Connectivity Checks                                                 ; On                 ; On                 ;
; Ignore Maximum Fan-Out Assignments                                         ; Off                ; Off                ;
; Synchronization Register Chain Length                                      ; 2                  ; 2                  ;
; PowerPlay Power Optimization                                               ; Normal compilation ; Normal compilation ;
; HDL message level                                                          ; Level2             ; Level2             ;
; Suppress Register Optimization Related Messages                            ; Off                ; Off                ;
; Number of Removed Registers Reported in Synthesis Report                   ; 5000               ; 5000               ;
; Number of Swept Nodes Reported in Synthesis Report                         ; 5000               ; 5000               ;
; Number of Inverted Registers Reported in Synthesis Report                  ; 100                ; 100                ;
; Clock MUX Protection                                                       ; On                 ; On                 ;
; Auto Gated Clock Conversion                                                ; Off                ; Off                ;
; Block Design Naming                                                        ; Auto               ; Auto               ;
; SDC constraint protection                                                  ; Off                ; Off                ;
; Synthesis Effort                                                           ; Auto               ; Auto               ;
; Shift Register Replacement - Allow Asynchronous Clear Signal               ; On                 ; On                 ;
; Pre-Mapping Resynthesis Optimization                                       ; Off                ; Off                ;
; Analysis & Synthesis Message Level                                         ; Medium             ; Medium             ;
; Disable Register Merging Across Hierarchies                                ; Auto               ; Auto               ;
; Resource Aware Inference For Block RAM                                     ; On                 ; On                 ;
; Synthesis Seed                                                             ; 1                  ; 1                  ;
+----------------------------------------------------------------------------+--------------------+--------------------+


Parallel compilation was disabled, but you have multiple processors available. Enable parallel compilation to reduce compilation time.
+-------------------------------------+
; Parallel Compilation                ;
+----------------------------+--------+
; Processors                 ; Number ;
+----------------------------+--------+
; Number detected on machine ; 8      ;
; Maximum allowed            ; 1      ;
+----------------------------+--------+


+-----------------------------------------------------------------------------------------------------------------------------------------------------------------+
; Analysis & Synthesis Source Files Read                                                                                                                          ;
+----------------------------------+-----------------+------------------------------+-------------------------------------------------------------------+---------+
; File Name with User-Entered Path ; Used in Netlist ; File Type                    ; File Name with Absolute Path                                      ; Library ;
+----------------------------------+-----------------+------------------------------+-------------------------------------------------------------------+---------+
; add16bit.v                       ; yes             ; User Verilog HDL File        ; C:/CE118/BTL_factorial/add16bit.v                                 ;         ;
; multi16bit.v                     ; yes             ; User Verilog HDL File        ; C:/CE118/BTL_factorial/multi16bit.v                               ;         ;
; Register16.v                     ; yes             ; User Verilog HDL File        ; C:/CE118/BTL_factorial/Register16.v                               ;         ;
; mux3to1.v                        ; yes             ; User Verilog HDL File        ; C:/CE118/BTL_factorial/mux3to1.v                                  ;         ;
; datapath_ss.v                    ; yes             ; User Verilog HDL File        ; C:/CE118/BTL_factorial/datapath_ss.v                              ;         ;
; lpm_mult.tdf                     ; yes             ; Megafunction                 ; c:/altera/13.0sp1/quartus/libraries/megafunctions/lpm_mult.tdf    ;         ;
; aglobal130.inc                   ; yes             ; Megafunction                 ; c:/altera/13.0sp1/quartus/libraries/megafunctions/aglobal130.inc  ;         ;
; lpm_add_sub.inc                  ; yes             ; Megafunction                 ; c:/altera/13.0sp1/quartus/libraries/megafunctions/lpm_add_sub.inc ;         ;
; multcore.inc                     ; yes             ; Megafunction                 ; c:/altera/13.0sp1/quartus/libraries/megafunctions/multcore.inc    ;         ;
; bypassff.inc                     ; yes             ; Megafunction                 ; c:/altera/13.0sp1/quartus/libraries/megafunctions/bypassff.inc    ;         ;
; altshift.inc                     ; yes             ; Megafunction                 ; c:/altera/13.0sp1/quartus/libraries/megafunctions/altshift.inc    ;         ;
; db/mult_l8t.tdf                  ; yes             ; Auto-Generated Megafunction  ; C:/CE118/BTL_factorial/db/mult_l8t.tdf                            ;         ;
+----------------------------------+-----------------+------------------------------+-------------------------------------------------------------------+---------+


+---------------------------------------------------------------------------------------------------------------+
; Analysis & Synthesis Resource Usage Summary                                                                   ;
+---------------------------------------------+-----------------------------------------------------------------+
; Resource                                    ; Usage                                                           ;
+---------------------------------------------+-----------------------------------------------------------------+
; Estimated Total logic elements              ; 41                                                              ;
;                                             ;                                                                 ;
; Total combinational functions               ; 41                                                              ;
; Logic element usage by number of LUT inputs ;                                                                 ;
;     -- 4 input functions                    ; 6                                                               ;
;     -- 3 input functions                    ; 16                                                              ;
;     -- <=2 input functions                  ; 19                                                              ;
;                                             ;                                                                 ;
; Logic elements by mode                      ;                                                                 ;
;     -- normal mode                          ; 26                                                              ;
;     -- arithmetic mode                      ; 15                                                              ;
;                                             ;                                                                 ;
; Total registers                             ; 16                                                              ;
;     -- Dedicated logic registers            ; 16                                                              ;
;     -- I/O registers                        ; 0                                                               ;
;                                             ;                                                                 ;
; I/O pins                                    ; 76                                                              ;
; Embedded Multiplier 9-bit elements          ; 2                                                               ;
; Maximum fan-out node                        ; multi16bit:MUL1|lpm_mult:Mult0|mult_l8t:auto_generated|mac_out2 ;
; Maximum fan-out                             ; 28                                                              ;
; Total fan-out                               ; 244                                                             ;
; Average fan-out                             ; 1.81                                                            ;
+---------------------------------------------+-----------------------------------------------------------------+


+-------------------------------------------------------------------------------------------------------------------------------------------------------------------------------------------------------------------------------------+
; Analysis & Synthesis Resource Utilization by Entity                                                                                                                                                                                 ;
+------------------------------------+-------------------+--------------+-------------+--------------+---------+-----------+------+--------------+---------------------------------------------------------------------+--------------+
; Compilation Hierarchy Node         ; LC Combinationals ; LC Registers ; Memory Bits ; DSP Elements ; DSP 9x9 ; DSP 18x18 ; Pins ; Virtual Pins ; Full Hierarchy Name                                                 ; Library Name ;
+------------------------------------+-------------------+--------------+-------------+--------------+---------+-----------+------+--------------+---------------------------------------------------------------------+--------------+
; |datapath_ss                       ; 41 (1)            ; 16 (0)       ; 0           ; 2            ; 0       ; 1         ; 76   ; 0            ; |datapath_ss                                                        ; work         ;
;    |Register16:REG_FILE|           ; 24 (24)           ; 16 (16)      ; 0           ; 0            ; 0       ; 0         ; 0    ; 0            ; |datapath_ss|Register16:REG_FILE                                    ; work         ;
;    |add16bit:ADD1|                 ; 16 (16)           ; 0 (0)        ; 0           ; 0            ; 0       ; 0         ; 0    ; 0            ; |datapath_ss|add16bit:ADD1                                          ; work         ;
;    |multi16bit:MUL1|               ; 0 (0)             ; 0 (0)        ; 0           ; 2            ; 0       ; 1         ; 0    ; 0            ; |datapath_ss|multi16bit:MUL1                                        ; work         ;
;       |lpm_mult:Mult0|             ; 0 (0)             ; 0 (0)        ; 0           ; 2            ; 0       ; 1         ; 0    ; 0            ; |datapath_ss|multi16bit:MUL1|lpm_mult:Mult0                         ; work         ;
;          |mult_l8t:auto_generated| ; 0 (0)             ; 0 (0)        ; 0           ; 2            ; 0       ; 1         ; 0    ; 0            ; |datapath_ss|multi16bit:MUL1|lpm_mult:Mult0|mult_l8t:auto_generated ; work         ;
+------------------------------------+-------------------+--------------+-------------+--------------+---------+-----------+------+--------------+---------------------------------------------------------------------+--------------+
Note: For table entries with two numbers listed, the numbers in parentheses indicate the number of resources of the given type used by the specific entity alone. The numbers listed outside of parentheses indicate the total resources of the given type used by the specific entity and all of its sub-entities in the hierarchy.


+-----------------------------------------------------+
; Analysis & Synthesis DSP Block Usage Summary        ;
+---------------------------------------+-------------+
; Statistic                             ; Number Used ;
+---------------------------------------+-------------+
; Simple Multipliers (9-bit)            ; 0           ;
; Simple Multipliers (18-bit)           ; 1           ;
; Embedded Multiplier Blocks            ; --          ;
; Embedded Multiplier 9-bit elements    ; 2           ;
; Signed Embedded Multipliers           ; 0           ;
; Unsigned Embedded Multipliers         ; 1           ;
; Mixed Sign Embedded Multipliers       ; 0           ;
; Variable Sign Embedded Multipliers    ; 0           ;
; Dedicated Input Shift Register Chains ; 0           ;
+---------------------------------------+-------------+
Note: number of Embedded Multiplier Blocks used is only available after a successful fit.


+-------------------------------------------------------------+
; Registers Removed During Synthesis                          ;
+----------------------------------------+--------------------+
; Register name                          ; Reason for Removal ;
+----------------------------------------+--------------------+
; Register16:REG_FILE|regfile[1][0]      ; Lost fanout        ;
; Register16:REG_FILE|regfile[1][1]      ; Lost fanout        ;
; Register16:REG_FILE|regfile[1][2]      ; Lost fanout        ;
; Register16:REG_FILE|regfile[1][3]      ; Lost fanout        ;
; Register16:REG_FILE|regfile[1][4]      ; Lost fanout        ;
; Register16:REG_FILE|regfile[1][5]      ; Lost fanout        ;
; Register16:REG_FILE|regfile[1][6]      ; Lost fanout        ;
; Register16:REG_FILE|regfile[1][7]      ; Lost fanout        ;
; Register16:REG_FILE|regfile[1][8]      ; Lost fanout        ;
; Register16:REG_FILE|regfile[1][9]      ; Lost fanout        ;
; Register16:REG_FILE|regfile[1][10]     ; Lost fanout        ;
; Register16:REG_FILE|regfile[1][11]     ; Lost fanout        ;
; Register16:REG_FILE|regfile[1][12]     ; Lost fanout        ;
; Register16:REG_FILE|regfile[1][13]     ; Lost fanout        ;
; Register16:REG_FILE|regfile[1][14]     ; Lost fanout        ;
; Register16:REG_FILE|regfile[1][15]     ; Lost fanout        ;
; Total Number of Removed Registers = 16 ;                    ;
+----------------------------------------+--------------------+


+------------------------------------------------------+
; General Register Statistics                          ;
+----------------------------------------------+-------+
; Statistic                                    ; Value ;
+----------------------------------------------+-------+
; Total registers                              ; 16    ;
; Number of registers using Synchronous Clear  ; 14    ;
; Number of registers using Synchronous Load   ; 14    ;
; Number of registers using Asynchronous Clear ; 0     ;
; Number of registers using Asynchronous Load  ; 0     ;
; Number of registers using Clock Enable       ; 14    ;
; Number of registers using Preset             ; 0     ;
+----------------------------------------------+-------+


+---------------------------------------------------------------------------------------------------------------------------------------------------------------+
; Multiplexer Restructuring Statistics (Restructuring Performed)                                                                                                ;
+--------------------+-----------+---------------+----------------------+------------------------+------------+-------------------------------------------------+
; Multiplexer Inputs ; Bus Width ; Baseline Area ; Area if Restructured ; Saving if Restructured ; Registered ; Example Multiplexer Output                      ;
+--------------------+-----------+---------------+----------------------+------------------------+------------+-------------------------------------------------+
; 8:1                ; 14 bits   ; 70 LEs        ; 42 LEs               ; 28 LEs                 ; Yes        ; |datapath_ss|Register16:REG_FILE|regfile[0][15] ;
+--------------------+-----------+---------------+----------------------+------------------------+------------+-------------------------------------------------+


+-----------------------------------------------------------------------------------+
; Parameter Settings for Inferred Entity Instance: multi16bit:MUL1|lpm_mult:Mult0   ;
+------------------------------------------------+------------+---------------------+
; Parameter Name                                 ; Value      ; Type                ;
+------------------------------------------------+------------+---------------------+
; AUTO_CARRY_CHAINS                              ; ON         ; AUTO_CARRY          ;
; IGNORE_CARRY_BUFFERS                           ; OFF        ; IGNORE_CARRY        ;
; AUTO_CASCADE_CHAINS                            ; ON         ; AUTO_CASCADE        ;
; IGNORE_CASCADE_BUFFERS                         ; OFF        ; IGNORE_CASCADE      ;
; LPM_WIDTHA                                     ; 16         ; Untyped             ;
; LPM_WIDTHB                                     ; 16         ; Untyped             ;
; LPM_WIDTHP                                     ; 32         ; Untyped             ;
; LPM_WIDTHR                                     ; 32         ; Untyped             ;
; LPM_WIDTHS                                     ; 1          ; Untyped             ;
; LPM_REPRESENTATION                             ; UNSIGNED   ; Untyped             ;
; LPM_PIPELINE                                   ; 0          ; Untyped             ;
; LATENCY                                        ; 0          ; Untyped             ;
; INPUT_A_IS_CONSTANT                            ; NO         ; Untyped             ;
; INPUT_B_IS_CONSTANT                            ; NO         ; Untyped             ;
; USE_EAB                                        ; OFF        ; Untyped             ;
; MAXIMIZE_SPEED                                 ; 6          ; Untyped             ;
; DEVICE_FAMILY                                  ; Cyclone II ; Untyped             ;
; CARRY_CHAIN                                    ; MANUAL     ; Untyped             ;
; APEX20K_TECHNOLOGY_MAPPER                      ; LUT        ; TECH_MAPPER_APEX20K ;
; DEDICATED_MULTIPLIER_CIRCUITRY                 ; AUTO       ; Untyped             ;
; DEDICATED_MULTIPLIER_MIN_INPUT_WIDTH_FOR_AUTO  ; 0          ; Untyped             ;
; DEDICATED_MULTIPLIER_MIN_OUTPUT_WIDTH_FOR_AUTO ; 0          ; Untyped             ;
; CBXI_PARAMETER                                 ; mult_l8t   ; Untyped             ;
; INPUT_A_FIXED_VALUE                            ; Bx         ; Untyped             ;
; INPUT_B_FIXED_VALUE                            ; Bx         ; Untyped             ;
; USE_AHDL_IMPLEMENTATION                        ; OFF        ; Untyped             ;
+------------------------------------------------+------------+---------------------+
Note: In order to hide this table in the UI and the text report file, please set the "Show Parameter Settings in Synthesis Report" option in "Analysis and Synthesis Settings -> More Settings" to "Off".


+------------------------------------------------------------------------+
; lpm_mult Parameter Settings by Entity Instance                         ;
+---------------------------------------+--------------------------------+
; Name                                  ; Value                          ;
+---------------------------------------+--------------------------------+
; Number of entity instances            ; 1                              ;
; Entity Instance                       ; multi16bit:MUL1|lpm_mult:Mult0 ;
;     -- LPM_WIDTHA                     ; 16                             ;
;     -- LPM_WIDTHB                     ; 16                             ;
;     -- LPM_WIDTHP                     ; 32                             ;
;     -- LPM_REPRESENTATION             ; UNSIGNED                       ;
;     -- INPUT_A_IS_CONSTANT            ; NO                             ;
;     -- INPUT_B_IS_CONSTANT            ; NO                             ;
;     -- USE_EAB                        ; OFF                            ;
;     -- DEDICATED_MULTIPLIER_CIRCUITRY ; AUTO                           ;
;     -- INPUT_A_FIXED_VALUE            ; Bx                             ;
;     -- INPUT_B_FIXED_VALUE            ; Bx                             ;
+---------------------------------------+--------------------------------+


+------------------------------------------+
; Port Connectivity Checks: "mux3to1:MUX2" ;
+------+-------+----------+----------------+
; Port ; Type  ; Severity ; Details        ;
+------+-------+----------+----------------+
; in2  ; Input ; Info     ; Stuck at GND   ;
+------+-------+----------+----------------+


+----------------------------------------------+
; Port Connectivity Checks: "mux3to1:MUX1"     ;
+------------+-------+----------+--------------+
; Port       ; Type  ; Severity ; Details      ;
+------------+-------+----------+--------------+
; in0        ; Input ; Info     ; Stuck at GND ;
; in2[15..1] ; Input ; Info     ; Stuck at GND ;
; in2[0]     ; Input ; Info     ; Stuck at VCC ;
+------------+-------+----------+--------------+


+-------------------------------------------+
; Port Connectivity Checks: "add16bit:ADD1" ;
+------+-------+----------+-----------------+
; Port ; Type  ; Severity ; Details         ;
+------+-------+----------+-----------------+
; b    ; Input ; Info     ; Stuck at VCC    ;
+------+-------+----------+-----------------+


+------------------------------------------------------------------------------------------------------------------------------------------------------------------------------------------------------------+
; Port Connectivity Checks: "Register16:REG_FILE"                                                                                                                                                            ;
+------+-------+----------+----------------------------------------------------------------------------------------------------------------------------------------------------------------------------------+
; Port ; Type  ; Severity ; Details                                                                                                                                                                          ;
+------+-------+----------+----------------------------------------------------------------------------------------------------------------------------------------------------------------------------------+
; WA2  ; Input ; Warning  ; Input port expression (2 bits) is wider than the input port (1 bits) it drives.  The 1 most-significant bit(s) in the expression will be dangling if they have no other fanouts. ;
+------+-------+----------+----------------------------------------------------------------------------------------------------------------------------------------------------------------------------------+


+-------------------------------+
; Elapsed Time Per Partition    ;
+----------------+--------------+
; Partition Name ; Elapsed Time ;
+----------------+--------------+
; Top            ; 00:00:00     ;
+----------------+--------------+


+-------------------------------+
; Analysis & Synthesis Messages ;
+-------------------------------+
Info: *******************************************************************
Info: Running Quartus II 64-Bit Analysis & Synthesis
    Info: Version 13.0.1 Build 232 06/12/2013 Service Pack 1 SJ Web Edition
    Info: Processing started: Sat Dec 07 15:48:29 2024
Info: Command: quartus_map --read_settings_files=on --write_settings_files=off factorial -c factorial
Warning (20028): Parallel compilation is not licensed and has been disabled
Info (12021): Found 1 design units, including 1 entities, in source file mux21.v
    Info (12023): Found entity 1: Mux21
Info (12021): Found 1 design units, including 1 entities, in source file registerfile.v
    Info (12023): Found entity 1: RegisterFile
Info (12021): Found 1 design units, including 1 entities, in source file alu.v
    Info (12023): Found entity 1: ALU
Info (12021): Found 1 design units, including 1 entities, in source file comparator.v
    Info (12023): Found entity 1: Comparator
Info (12021): Found 1 design units, including 1 entities, in source file control_unit.v
    Info (12023): Found entity 1: control_unit
Info (12021): Found 1 design units, including 1 entities, in source file factorial.v
    Info (12023): Found entity 1: factorial
Info (12021): Found 1 design units, including 1 entities, in source file register8bit.v
    Info (12023): Found entity 1: Register8Bit
Info (12021): Found 1 design units, including 1 entities, in source file data_path.v
    Info (12023): Found entity 1: Data_Path
Info (12021): Found 1 design units, including 1 entities, in source file add16bit.v
    Info (12023): Found entity 1: add16bit
Info (12021): Found 1 design units, including 1 entities, in source file multi16bit.v
    Info (12023): Found entity 1: multi16bit
Info (12021): Found 1 design units, including 1 entities, in source file register16.v
    Info (12023): Found entity 1: Register16
Info (12021): Found 1 design units, including 1 entities, in source file mux3to1.v
    Info (12023): Found entity 1: mux3to1
Info (12021): Found 1 design units, including 1 entities, in source file datapath_ss.v
    Info (12023): Found entity 1: datapath_ss
Warning (10236): Verilog HDL Implicit Net warning at datapath_ss.v(35): created implicit net for "RAA1"
Warning (10236): Verilog HDL Implicit Net warning at datapath_ss.v(36): created implicit net for "RAA2"
Info (12127): Elaborating entity "datapath_ss" for the top level hierarchy
Info (12128): Elaborating entity "Register16" for hierarchy "Register16:REG_FILE"
Info (12128): Elaborating entity "multi16bit" for hierarchy "multi16bit:MUL1"
Info (12128): Elaborating entity "add16bit" for hierarchy "add16bit:ADD1"
Info (12128): Elaborating entity "mux3to1" for hierarchy "mux3to1:MUX1"
Warning (13046): Tri-state node(s) do not directly drive top-level pin(s)
    Warning (13049): Converted tri-state buffer "Register16:REG_FILE|RDA2[0]" feeding internal logic into a wire
    Warning (13049): Converted tri-state buffer "Register16:REG_FILE|RDA2[1]" feeding internal logic into a wire
    Warning (13049): Converted tri-state buffer "Register16:REG_FILE|RDA2[2]" feeding internal logic into a wire
    Warning (13049): Converted tri-state buffer "Register16:REG_FILE|RDA2[3]" feeding internal logic into a wire
    Warning (13049): Converted tri-state buffer "Register16:REG_FILE|RDA2[4]" feeding internal logic into a wire
    Warning (13049): Converted tri-state buffer "Register16:REG_FILE|RDA2[5]" feeding internal logic into a wire
    Warning (13049): Converted tri-state buffer "Register16:REG_FILE|RDA2[6]" feeding internal logic into a wire
    Warning (13049): Converted tri-state buffer "Register16:REG_FILE|RDA2[7]" feeding internal logic into a wire
    Warning (13049): Converted tri-state buffer "Register16:REG_FILE|RDA2[8]" feeding internal logic into a wire
    Warning (13049): Converted tri-state buffer "Register16:REG_FILE|RDA2[9]" feeding internal logic into a wire
    Warning (13049): Converted tri-state buffer "Register16:REG_FILE|RDA2[10]" feeding internal logic into a wire
    Warning (13049): Converted tri-state buffer "Register16:REG_FILE|RDA2[11]" feeding internal logic into a wire
    Warning (13049): Converted tri-state buffer "Register16:REG_FILE|RDA2[12]" feeding internal logic into a wire
    Warning (13049): Converted tri-state buffer "Register16:REG_FILE|RDA2[13]" feeding internal logic into a wire
    Warning (13049): Converted tri-state buffer "Register16:REG_FILE|RDA2[14]" feeding internal logic into a wire
    Warning (13049): Converted tri-state buffer "Register16:REG_FILE|RDA2[15]" feeding internal logic into a wire
    Warning (13049): Converted tri-state buffer "Register16:REG_FILE|RDA1[0]" feeding internal logic into a wire
    Warning (13049): Converted tri-state buffer "Register16:REG_FILE|RDA1[1]" feeding internal logic into a wire
    Warning (13049): Converted tri-state buffer "Register16:REG_FILE|RDA1[2]" feeding internal logic into a wire
    Warning (13049): Converted tri-state buffer "Register16:REG_FILE|RDA1[3]" feeding internal logic into a wire
    Warning (13049): Converted tri-state buffer "Register16:REG_FILE|RDA1[4]" feeding internal logic into a wire
    Warning (13049): Converted tri-state buffer "Register16:REG_FILE|RDA1[5]" feeding internal logic into a wire
    Warning (13049): Converted tri-state buffer "Register16:REG_FILE|RDA1[6]" feeding internal logic into a wire
    Warning (13049): Converted tri-state buffer "Register16:REG_FILE|RDA1[7]" feeding internal logic into a wire
    Warning (13049): Converted tri-state buffer "Register16:REG_FILE|RDA1[8]" feeding internal logic into a wire
    Warning (13049): Converted tri-state buffer "Register16:REG_FILE|RDA1[9]" feeding internal logic into a wire
    Warning (13049): Converted tri-state buffer "Register16:REG_FILE|RDA1[10]" feeding internal logic into a wire
    Warning (13049): Converted tri-state buffer "Register16:REG_FILE|RDA1[11]" feeding internal logic into a wire
    Warning (13049): Converted tri-state buffer "Register16:REG_FILE|RDA1[12]" feeding internal logic into a wire
    Warning (13049): Converted tri-state buffer "Register16:REG_FILE|RDA1[13]" feeding internal logic into a wire
    Warning (13049): Converted tri-state buffer "Register16:REG_FILE|RDA1[14]" feeding internal logic into a wire
    Warning (13049): Converted tri-state buffer "Register16:REG_FILE|RDA1[15]" feeding internal logic into a wire
Info (278001): Inferred 1 megafunctions from design logic
    Info (278003): Inferred multiplier megafunction ("lpm_mult") from the following logic: "multi16bit:MUL1|Mult0"
Info (12130): Elaborated megafunction instantiation "multi16bit:MUL1|lpm_mult:Mult0"
Info (12133): Instantiated megafunction "multi16bit:MUL1|lpm_mult:Mult0" with the following parameter:
    Info (12134): Parameter "LPM_WIDTHA" = "16"
    Info (12134): Parameter "LPM_WIDTHB" = "16"
    Info (12134): Parameter "LPM_WIDTHP" = "32"
    Info (12134): Parameter "LPM_WIDTHR" = "32"
    Info (12134): Parameter "LPM_WIDTHS" = "1"
    Info (12134): Parameter "LPM_REPRESENTATION" = "UNSIGNED"
    Info (12134): Parameter "INPUT_A_IS_CONSTANT" = "NO"
    Info (12134): Parameter "INPUT_B_IS_CONSTANT" = "NO"
    Info (12134): Parameter "MAXIMIZE_SPEED" = "6"
Info (12021): Found 1 design units, including 1 entities, in source file db/mult_l8t.tdf
    Info (12023): Found entity 1: mult_l8t
Warning (12241): 1 hierarchies have connectivity warnings - see the Connectivity Checks report folder
Warning (13024): Output pins are stuck at VCC or GND
    Warning (13410): Pin "MUL[1]" is stuck at GND
Info (17049): 16 registers lost all their fanouts during netlist optimizations.
Info (144001): Generated suppressed messages file C:/CE118/BTL_factorial/output_files/factorial.map.smsg
Info (16010): Generating hard_block partition "hard_block:auto_generated_inst"
    Info (16011): Adding 0 node(s), including 0 DDIO, 0 PLL, 0 transceiver and 0 LCELL
Warning (21074): Design contains 19 input pin(s) that do not drive logic
    Warning (15610): No output dependent on input pin "WA2[0]"
    Warning (15610): No output dependent on input pin "DATA_IN1[0]"
    Warning (15610): No output dependent on input pin "DATA_IN1[1]"
    Warning (15610): No output dependent on input pin "DATA_IN1[2]"
    Warning (15610): No output dependent on input pin "DATA_IN1[3]"
    Warning (15610): No output dependent on input pin "DATA_IN1[4]"
    Warning (15610): No output dependent on input pin "DATA_IN1[5]"
    Warning (15610): No output dependent on input pin "DATA_IN1[6]"
    Warning (15610): No output dependent on input pin "DATA_IN1[7]"
    Warning (15610): No output dependent on input pin "DATA_IN1[8]"
    Warning (15610): No output dependent on input pin "DATA_IN1[9]"
    Warning (15610): No output dependent on input pin "DATA_IN1[10]"
    Warning (15610): No output dependent on input pin "DATA_IN1[11]"
    Warning (15610): No output dependent on input pin "DATA_IN1[12]"
    Warning (15610): No output dependent on input pin "DATA_IN1[13]"
    Warning (15610): No output dependent on input pin "DATA_IN1[14]"
    Warning (15610): No output dependent on input pin "DATA_IN1[15]"
    Warning (15610): No output dependent on input pin "REA1"
    Warning (15610): No output dependent on input pin "REA2"
Info (21057): Implemented 119 device resources after synthesis - the final resource count might be different
    Info (21058): Implemented 44 input pins
    Info (21059): Implemented 32 output pins
    Info (21061): Implemented 41 logic cells
    Info (21062): Implemented 2 DSP elements
Info: Quartus II 64-Bit Analysis & Synthesis was successful. 0 errors, 59 warnings
    Info: Peak virtual memory: 4608 megabytes
    Info: Processing ended: Sat Dec 07 15:48:31 2024
    Info: Elapsed time: 00:00:02
    Info: Total CPU time (on all processors): 00:00:00


+------------------------------------------+
; Analysis & Synthesis Suppressed Messages ;
+------------------------------------------+
The suppressed messages can be found in C:/CE118/BTL_factorial/output_files/factorial.map.smsg.


