Analysis & Synthesis report for one_counter_op
Tue Dec 10 10:06:30 2024
Quartus II 64-Bit Version 13.0.1 Build 232 06/12/2013 Service Pack 1 SJ Web Edition


---------------------
; Table of Contents ;
---------------------
  1. Legal Notice
  2. Analysis & Synthesis Summary
  3. Analysis & Synthesis Settings
  4. Parallel Compilation
  5. Analysis & Synthesis Source Files Read
  6. Analysis & Synthesis Resource Usage Summary
  7. Analysis & Synthesis Resource Utilization by Entity
  8. State Machine - |Top_module|controler:control|c_state
  9. Registers Removed During Synthesis
 10. General Register Statistics
 11. Multiplexer Restructuring Statistics (Restructuring Performed)
 12. Parameter Settings for User Entity Instance: controler:control
 13. Port Connectivity Checks: "one_counter_op:datapath|ALU:ALU4"
 14. Port Connectivity Checks: "one_counter_op:datapath|ALU:ALU1|FullAdder:Incre"
 15. Port Connectivity Checks: "one_counter_op:datapath|ALU:ALU1|FullSubtracter:Decre"
 16. Port Connectivity Checks: "one_counter_op:datapath|ALU:ALU1|mux16_1:mux16_1"
 17. Port Connectivity Checks: "one_counter_op:datapath|ALU:ALU1|mux4_1:mux2"
 18. Port Connectivity Checks: "one_counter_op:datapath|ALU:ALU1"
 19. Elapsed Time Per Partition
 20. Analysis & Synthesis Messages
 21. Analysis & Synthesis Suppressed Messages



----------------
; Legal Notice ;
----------------
Copyright (C) 1991-2013 Altera Corporation
Your use of Altera Corporation's design tools, logic functions 
and other software and tools, and its AMPP partner logic 
functions, and any output files from any of the foregoing 
(including device programming or simulation files), and any 
associated documentation or information are expressly subject 
to the terms and conditions of the Altera Program License 
Subscription Agreement, Altera MegaCore Function License 
Agreement, or other applicable license agreement, including, 
without limitation, that your use is for the sole purpose of 
programming logic devices manufactured by Altera and sold by 
Altera or its authorized distributors.  Please refer to the 
applicable agreement for further details.



+--------------------------------------------------------------------------------------+
; Analysis & Synthesis Summary                                                         ;
+------------------------------------+-------------------------------------------------+
; Analysis & Synthesis Status        ; Successful - Tue Dec 10 10:06:30 2024           ;
; Quartus II 64-Bit Version          ; 13.0.1 Build 232 06/12/2013 SP 1 SJ Web Edition ;
; Revision Name                      ; one_counter_op                                  ;
; Top-level Entity Name              ; Top_module                                      ;
; Family                             ; Cyclone II                                      ;
; Total logic elements               ; 70                                              ;
;     Total combinational functions  ; 54                                              ;
;     Dedicated logic registers      ; 52                                              ;
; Total registers                    ; 52                                              ;
; Total pins                         ; 51                                              ;
; Total virtual pins                 ; 0                                               ;
; Total memory bits                  ; 0                                               ;
; Embedded Multiplier 9-bit elements ; 0                                               ;
; Total PLLs                         ; 0                                               ;
+------------------------------------+-------------------------------------------------+


+----------------------------------------------------------------------------------------------------------------------+
; Analysis & Synthesis Settings                                                                                        ;
+----------------------------------------------------------------------------+--------------------+--------------------+
; Option                                                                     ; Setting            ; Default Value      ;
+----------------------------------------------------------------------------+--------------------+--------------------+
; Device                                                                     ; EP2C50F672C6       ;                    ;
; Top-level entity name                                                      ; Top_module         ; one_counter_op     ;
; Family name                                                                ; Cyclone II         ; Cyclone IV GX      ;
; Use smart compilation                                                      ; Off                ; Off                ;
; Enable parallel Assembler and TimeQuest Timing Analyzer during compilation ; On                 ; On                 ;
; Enable compact report table                                                ; Off                ; Off                ;
; Restructure Multiplexers                                                   ; Auto               ; Auto               ;
; Create Debugging Nodes for IP Cores                                        ; Off                ; Off                ;
; Preserve fewer node names                                                  ; On                 ; On                 ;
; Disable OpenCore Plus hardware evaluation                                  ; Off                ; Off                ;
; Verilog Version                                                            ; Verilog_2001       ; Verilog_2001       ;
; VHDL Version                                                               ; VHDL_1993          ; VHDL_1993          ;
; State Machine Processing                                                   ; Auto               ; Auto               ;
; Safe State Machine                                                         ; Off                ; Off                ;
; Extract Verilog State Machines                                             ; On                 ; On                 ;
; Extract VHDL State Machines                                                ; On                 ; On                 ;
; Ignore Verilog initial constructs                                          ; Off                ; Off                ;
; Iteration limit for constant Verilog loops                                 ; 5000               ; 5000               ;
; Iteration limit for non-constant Verilog loops                             ; 250                ; 250                ;
; Add Pass-Through Logic to Inferred RAMs                                    ; On                 ; On                 ;
; Infer RAMs from Raw Logic                                                  ; On                 ; On                 ;
; Parallel Synthesis                                                         ; On                 ; On                 ;
; DSP Block Balancing                                                        ; Auto               ; Auto               ;
; NOT Gate Push-Back                                                         ; On                 ; On                 ;
; Power-Up Don't Care                                                        ; On                 ; On                 ;
; Remove Redundant Logic Cells                                               ; Off                ; Off                ;
; Remove Duplicate Registers                                                 ; On                 ; On                 ;
; Ignore CARRY Buffers                                                       ; Off                ; Off                ;
; Ignore CASCADE Buffers                                                     ; Off                ; Off                ;
; Ignore GLOBAL Buffers                                                      ; Off                ; Off                ;
; Ignore ROW GLOBAL Buffers                                                  ; Off                ; Off                ;
; Ignore LCELL Buffers                                                       ; Off                ; Off                ;
; Ignore SOFT Buffers                                                        ; On                 ; On                 ;
; Limit AHDL Integers to 32 Bits                                             ; Off                ; Off                ;
; Optimization Technique                                                     ; Balanced           ; Balanced           ;
; Carry Chain Length                                                         ; 70                 ; 70                 ;
; Auto Carry Chains                                                          ; On                 ; On                 ;
; Auto Open-Drain Pins                                                       ; On                 ; On                 ;
; Perform WYSIWYG Primitive Resynthesis                                      ; Off                ; Off                ;
; Auto ROM Replacement                                                       ; On                 ; On                 ;
; Auto RAM Replacement                                                       ; On                 ; On                 ;
; Auto Shift Register Replacement                                            ; Auto               ; Auto               ;
; Allow Shift Register Merging across Hierarchies                            ; Auto               ; Auto               ;
; Auto Clock Enable Replacement                                              ; On                 ; On                 ;
; Strict RAM Replacement                                                     ; Off                ; Off                ;
; Allow Synchronous Control Signals                                          ; On                 ; On                 ;
; Force Use of Synchronous Clear Signals                                     ; Off                ; Off                ;
; Auto RAM to Logic Cell Conversion                                          ; Off                ; Off                ;
; Auto Resource Sharing                                                      ; Off                ; Off                ;
; Allow Any RAM Size For Recognition                                         ; Off                ; Off                ;
; Allow Any ROM Size For Recognition                                         ; Off                ; Off                ;
; Allow Any Shift Register Size For Recognition                              ; Off                ; Off                ;
; Use LogicLock Constraints during Resource Balancing                        ; On                 ; On                 ;
; Ignore translate_off and synthesis_off directives                          ; Off                ; Off                ;
; Timing-Driven Synthesis                                                    ; Off                ; Off                ;
; Report Parameter Settings                                                  ; On                 ; On                 ;
; Report Source Assignments                                                  ; On                 ; On                 ;
; Report Connectivity Checks                                                 ; On                 ; On                 ;
; Ignore Maximum Fan-Out Assignments                                         ; Off                ; Off                ;
; Synchronization Register Chain Length                                      ; 2                  ; 2                  ;
; PowerPlay Power Optimization                                               ; Normal compilation ; Normal compilation ;
; HDL message level                                                          ; Level2             ; Level2             ;
; Suppress Register Optimization Related Messages                            ; Off                ; Off                ;
; Number of Removed Registers Reported in Synthesis Report                   ; 5000               ; 5000               ;
; Number of Swept Nodes Reported in Synthesis Report                         ; 5000               ; 5000               ;
; Number of Inverted Registers Reported in Synthesis Report                  ; 100                ; 100                ;
; Clock MUX Protection                                                       ; On                 ; On                 ;
; Auto Gated Clock Conversion                                                ; Off                ; Off                ;
; Block Design Naming                                                        ; Auto               ; Auto               ;
; SDC constraint protection                                                  ; Off                ; Off                ;
; Synthesis Effort                                                           ; Auto               ; Auto               ;
; Shift Register Replacement - Allow Asynchronous Clear Signal               ; On                 ; On                 ;
; Pre-Mapping Resynthesis Optimization                                       ; Off                ; Off                ;
; Analysis & Synthesis Message Level                                         ; Medium             ; Medium             ;
; Disable Register Merging Across Hierarchies                                ; Auto               ; Auto               ;
; Resource Aware Inference For Block RAM                                     ; On                 ; On                 ;
; Synthesis Seed                                                             ; 1                  ; 1                  ;
+----------------------------------------------------------------------------+--------------------+--------------------+


Parallel compilation was disabled, but you have multiple processors available. Enable parallel compilation to reduce compilation time.
+-------------------------------------+
; Parallel Compilation                ;
+----------------------------+--------+
; Processors                 ; Number ;
+----------------------------+--------+
; Number detected on machine ; 8      ;
; Maximum allowed            ; 1      ;
+----------------------------+--------+


+-------------------------------------------------------------------------------------------------------------------------------------------+
; Analysis & Synthesis Source Files Read                                                                                                    ;
+----------------------------------+-----------------+------------------------+---------------------------------------------------+---------+
; File Name with User-Entered Path ; Used in Netlist ; File Type              ; File Name with Absolute Path                      ; Library ;
+----------------------------------+-----------------+------------------------+---------------------------------------------------+---------+
; ../../Lab4/RegisterFile.v        ; yes             ; User Verilog HDL File  ; C:/CE118/Lab06/A_D/LLS1/Lab4/RegisterFile.v       ;         ;
; ../Lab4/Register4Bit.v           ; yes             ; User Verilog HDL File  ; C:/CE118/Lab06/A_D/LLS1/THL/Lab4/Register4Bit.v   ;         ;
; ../Lab3/mux16_1.v                ; yes             ; User Verilog HDL File  ; C:/CE118/Lab06/A_D/LLS1/THL/Lab3/mux16_1.v        ;         ;
; ../Lab3/mux4_1.v                 ; yes             ; User Verilog HDL File  ; C:/CE118/Lab06/A_D/LLS1/THL/Lab3/mux4_1.v         ;         ;
; ../Lab3/Mux2_1.v                 ; yes             ; User Verilog HDL File  ; C:/CE118/Lab06/A_D/LLS1/THL/Lab3/Mux2_1.v         ;         ;
; ../Lab3/Multiplier.v             ; yes             ; User Verilog HDL File  ; C:/CE118/Lab06/A_D/LLS1/THL/Lab3/Multiplier.v     ;         ;
; ../Lab3/FullSubtracter.v         ; yes             ; User Verilog HDL File  ; C:/CE118/Lab06/A_D/LLS1/THL/Lab3/FullSubtracter.v ;         ;
; ../Lab3/FullAdder.v              ; yes             ; User Verilog HDL File  ; C:/CE118/Lab06/A_D/LLS1/THL/Lab3/FullAdder.v      ;         ;
; ../Lab3/comp.v                   ; yes             ; User Verilog HDL File  ; C:/CE118/Lab06/A_D/LLS1/THL/Lab3/comp.v           ;         ;
; ../Lab3/ALU.v                    ; yes             ; User Verilog HDL File  ; C:/CE118/Lab06/A_D/LLS1/THL/Lab3/ALU.v            ;         ;
; one_counter_op.v                 ; yes             ; User Verilog HDL File  ; C:/CE118/Lab06/A_D/LLS1/THL/Lab6/one_counter_op.v ;         ;
; controler.v                      ; yes             ; User Verilog HDL File  ; C:/CE118/Lab06/A_D/LLS1/THL/Lab6/controler.v      ;         ;
; ../Lab4/Top_module.v             ; yes             ; User Verilog HDL File  ; C:/CE118/Lab06/A_D/LLS1/THL/Lab4/Top_module.v     ;         ;
+----------------------------------+-----------------+------------------------+---------------------------------------------------+---------+


+-----------------------------------------------------+
; Analysis & Synthesis Resource Usage Summary         ;
+---------------------------------------------+-------+
; Resource                                    ; Usage ;
+---------------------------------------------+-------+
; Estimated Total logic elements              ; 70    ;
;                                             ;       ;
; Total combinational functions               ; 54    ;
; Logic element usage by number of LUT inputs ;       ;
;     -- 4 input functions                    ; 36    ;
;     -- 3 input functions                    ; 14    ;
;     -- <=2 input functions                  ; 4     ;
;                                             ;       ;
; Logic elements by mode                      ;       ;
;     -- normal mode                          ; 54    ;
;     -- arithmetic mode                      ; 0     ;
;                                             ;       ;
; Total registers                             ; 52    ;
;     -- Dedicated logic registers            ; 52    ;
;     -- I/O registers                        ; 0     ;
;                                             ;       ;
; I/O pins                                    ; 51    ;
; Embedded Multiplier 9-bit elements          ; 0     ;
; Maximum fan-out node                        ; CLK   ;
; Maximum fan-out                             ; 52    ;
; Total fan-out                               ; 427   ;
; Average fan-out                             ; 2.72  ;
+---------------------------------------------+-------+


+------------------------------------------------------------------------------------------------------------------------------------------------------------------------------------------------------------------------+
; Analysis & Synthesis Resource Utilization by Entity                                                                                                                                                                    ;
+------------------------------+-------------------+--------------+-------------+--------------+---------+-----------+------+--------------+--------------------------------------------------------------+--------------+
; Compilation Hierarchy Node   ; LC Combinationals ; LC Registers ; Memory Bits ; DSP Elements ; DSP 9x9 ; DSP 18x18 ; Pins ; Virtual Pins ; Full Hierarchy Name                                          ; Library Name ;
+------------------------------+-------------------+--------------+-------------+--------------+---------+-----------+------+--------------+--------------------------------------------------------------+--------------+
; |Top_module                  ; 54 (0)            ; 52 (0)       ; 0           ; 0            ; 0       ; 0         ; 51   ; 0            ; |Top_module                                                  ; work         ;
;    |controler:control|       ; 13 (13)           ; 4 (4)        ; 0           ; 0            ; 0       ; 0         ; 0    ; 0            ; |Top_module|controler:control                                ; work         ;
;    |one_counter_op:datapath| ; 41 (0)            ; 48 (0)       ; 0           ; 0            ; 0       ; 0         ; 0    ; 0            ; |Top_module|one_counter_op:datapath                          ; work         ;
;       |ALU:ALU1|             ; 25 (0)            ; 0 (0)        ; 0           ; 0            ; 0       ; 0         ; 0    ; 0            ; |Top_module|one_counter_op:datapath|ALU:ALU1                 ; work         ;
;          |FullAdder:Incre|   ; 9 (9)             ; 0 (0)        ; 0           ; 0            ; 0       ; 0         ; 0    ; 0            ; |Top_module|one_counter_op:datapath|ALU:ALU1|FullAdder:Incre ; work         ;
;          |mux16_1:mux16_1|   ; 16 (16)           ; 0 (0)        ; 0           ; 0            ; 0       ; 0         ; 0    ; 0            ; |Top_module|one_counter_op:datapath|ALU:ALU1|mux16_1:mux16_1 ; work         ;
;       |ALU:ALU4|             ; 1 (0)             ; 0 (0)        ; 0           ; 0            ; 0       ; 0         ; 0    ; 0            ; |Top_module|one_counter_op:datapath|ALU:ALU4                 ; work         ;
;          |mux16_1:mux16_1|   ; 1 (1)             ; 0 (0)        ; 0           ; 0            ; 0       ; 0         ; 0    ; 0            ; |Top_module|one_counter_op:datapath|ALU:ALU4|mux16_1:mux16_1 ; work         ;
;       |Mux2_1:Mux|           ; 15 (15)           ; 0 (0)        ; 0           ; 0            ; 0       ; 0         ; 0    ; 0            ; |Top_module|one_counter_op:datapath|Mux2_1:Mux               ; work         ;
;       |Register4Bit:REG|     ; 0 (0)             ; 16 (16)      ; 0           ; 0            ; 0       ; 0         ; 0    ; 0            ; |Top_module|one_counter_op:datapath|Register4Bit:REG         ; work         ;
;       |RegisterFile:RF1|     ; 0 (0)             ; 32 (32)      ; 0           ; 0            ; 0       ; 0         ; 0    ; 0            ; |Top_module|one_counter_op:datapath|RegisterFile:RF1         ; work         ;
+------------------------------+-------------------+--------------+-------------+--------------+---------+-----------+------+--------------+--------------------------------------------------------------+--------------+
Note: For table entries with two numbers listed, the numbers in parentheses indicate the number of resources of the given type used by the specific entity alone. The numbers listed outside of parentheses indicate the total resources of the given type used by the specific entity and all of its sub-entities in the hierarchy.


Encoding Type:  One-Hot
+------------------------------------------------------------------------------------+
; State Machine - |Top_module|controler:control|c_state                              ;
+----------------+----------------+----------------+----------------+----------------+
; Name           ; c_state.state3 ; c_state.state2 ; c_state.state1 ; c_state.state0 ;
+----------------+----------------+----------------+----------------+----------------+
; c_state.state0 ; 0              ; 0              ; 0              ; 0              ;
; c_state.state1 ; 0              ; 0              ; 1              ; 1              ;
; c_state.state2 ; 0              ; 1              ; 0              ; 1              ;
; c_state.state3 ; 1              ; 0              ; 0              ; 1              ;
+----------------+----------------+----------------+----------------+----------------+


+-------------------------------------------------------------------------------+
; Registers Removed During Synthesis                                            ;
+----------------------------------------------------------+--------------------+
; Register name                                            ; Reason for Removal ;
+----------------------------------------------------------+--------------------+
; one_counter_op:datapath|RegisterFile:RF1|regfile[0][0]   ; Lost fanout        ;
; one_counter_op:datapath|RegisterFile:RF1|regfile[0][1]   ; Lost fanout        ;
; one_counter_op:datapath|RegisterFile:RF1|regfile[0][2]   ; Lost fanout        ;
; one_counter_op:datapath|RegisterFile:RF1|regfile[0][3]   ; Lost fanout        ;
; one_counter_op:datapath|RegisterFile:RF1|regfile[0][4]   ; Lost fanout        ;
; one_counter_op:datapath|RegisterFile:RF1|regfile[0][5]   ; Lost fanout        ;
; one_counter_op:datapath|RegisterFile:RF1|regfile[0][6]   ; Lost fanout        ;
; one_counter_op:datapath|RegisterFile:RF1|regfile[0][7]   ; Lost fanout        ;
; one_counter_op:datapath|RegisterFile:RF1|regfile[0][8]   ; Lost fanout        ;
; one_counter_op:datapath|RegisterFile:RF1|regfile[0][9]   ; Lost fanout        ;
; one_counter_op:datapath|RegisterFile:RF1|regfile[0][10]  ; Lost fanout        ;
; one_counter_op:datapath|RegisterFile:RF1|regfile[0][11]  ; Lost fanout        ;
; one_counter_op:datapath|RegisterFile:RF1|regfile[0][12]  ; Lost fanout        ;
; one_counter_op:datapath|RegisterFile:RF1|regfile[0][13]  ; Lost fanout        ;
; one_counter_op:datapath|RegisterFile:RF1|regfile[0][14]  ; Lost fanout        ;
; one_counter_op:datapath|RegisterFile:RF1|regfile[0][15]  ; Lost fanout        ;
; one_counter_op:datapath|RegisterFile:RF1|regfile[3][0]   ; Lost fanout        ;
; one_counter_op:datapath|RegisterFile:RF1|regfile[3][1]   ; Lost fanout        ;
; one_counter_op:datapath|RegisterFile:RF1|regfile[3][2]   ; Lost fanout        ;
; one_counter_op:datapath|RegisterFile:RF1|regfile[3][3]   ; Lost fanout        ;
; one_counter_op:datapath|RegisterFile:RF1|regfile[3][4]   ; Lost fanout        ;
; one_counter_op:datapath|RegisterFile:RF1|regfile[3][5]   ; Lost fanout        ;
; one_counter_op:datapath|RegisterFile:RF1|regfile[3][6]   ; Lost fanout        ;
; one_counter_op:datapath|RegisterFile:RF1|regfile[3][7]   ; Lost fanout        ;
; one_counter_op:datapath|RegisterFile:RF1|regfile[3][8]   ; Lost fanout        ;
; one_counter_op:datapath|RegisterFile:RF1|regfile[3][9]   ; Lost fanout        ;
; one_counter_op:datapath|RegisterFile:RF1|regfile[3][10]  ; Lost fanout        ;
; one_counter_op:datapath|RegisterFile:RF1|regfile[3][11]  ; Lost fanout        ;
; one_counter_op:datapath|RegisterFile:RF1|regfile[3][12]  ; Lost fanout        ;
; one_counter_op:datapath|RegisterFile:RF1|regfile[3][13]  ; Lost fanout        ;
; one_counter_op:datapath|RegisterFile:RF1|regfile[3][14]  ; Lost fanout        ;
; one_counter_op:datapath|RegisterFile:RF1|regfile[3][15]  ; Lost fanout        ;
; one_counter_op:datapath|RegisterFile:RF1|regfile[4][0]   ; Lost fanout        ;
; one_counter_op:datapath|RegisterFile:RF1|regfile[4][1]   ; Lost fanout        ;
; one_counter_op:datapath|RegisterFile:RF1|regfile[4][2]   ; Lost fanout        ;
; one_counter_op:datapath|RegisterFile:RF1|regfile[4][3]   ; Lost fanout        ;
; one_counter_op:datapath|RegisterFile:RF1|regfile[4][4]   ; Lost fanout        ;
; one_counter_op:datapath|RegisterFile:RF1|regfile[4][5]   ; Lost fanout        ;
; one_counter_op:datapath|RegisterFile:RF1|regfile[4][6]   ; Lost fanout        ;
; one_counter_op:datapath|RegisterFile:RF1|regfile[4][7]   ; Lost fanout        ;
; one_counter_op:datapath|RegisterFile:RF1|regfile[4][8]   ; Lost fanout        ;
; one_counter_op:datapath|RegisterFile:RF1|regfile[4][9]   ; Lost fanout        ;
; one_counter_op:datapath|RegisterFile:RF1|regfile[4][10]  ; Lost fanout        ;
; one_counter_op:datapath|RegisterFile:RF1|regfile[4][11]  ; Lost fanout        ;
; one_counter_op:datapath|RegisterFile:RF1|regfile[4][12]  ; Lost fanout        ;
; one_counter_op:datapath|RegisterFile:RF1|regfile[4][13]  ; Lost fanout        ;
; one_counter_op:datapath|RegisterFile:RF1|regfile[4][14]  ; Lost fanout        ;
; one_counter_op:datapath|RegisterFile:RF1|regfile[4][15]  ; Lost fanout        ;
; one_counter_op:datapath|RegisterFile:RF1|regfile[5][0]   ; Lost fanout        ;
; one_counter_op:datapath|RegisterFile:RF1|regfile[5][1]   ; Lost fanout        ;
; one_counter_op:datapath|RegisterFile:RF1|regfile[5][2]   ; Lost fanout        ;
; one_counter_op:datapath|RegisterFile:RF1|regfile[5][3]   ; Lost fanout        ;
; one_counter_op:datapath|RegisterFile:RF1|regfile[5][4]   ; Lost fanout        ;
; one_counter_op:datapath|RegisterFile:RF1|regfile[5][5]   ; Lost fanout        ;
; one_counter_op:datapath|RegisterFile:RF1|regfile[5][6]   ; Lost fanout        ;
; one_counter_op:datapath|RegisterFile:RF1|regfile[5][7]   ; Lost fanout        ;
; one_counter_op:datapath|RegisterFile:RF1|regfile[5][8]   ; Lost fanout        ;
; one_counter_op:datapath|RegisterFile:RF1|regfile[5][9]   ; Lost fanout        ;
; one_counter_op:datapath|RegisterFile:RF1|regfile[5][10]  ; Lost fanout        ;
; one_counter_op:datapath|RegisterFile:RF1|regfile[5][11]  ; Lost fanout        ;
; one_counter_op:datapath|RegisterFile:RF1|regfile[5][12]  ; Lost fanout        ;
; one_counter_op:datapath|RegisterFile:RF1|regfile[5][13]  ; Lost fanout        ;
; one_counter_op:datapath|RegisterFile:RF1|regfile[5][14]  ; Lost fanout        ;
; one_counter_op:datapath|RegisterFile:RF1|regfile[5][15]  ; Lost fanout        ;
; one_counter_op:datapath|RegisterFile:RF1|regfile[6][0]   ; Lost fanout        ;
; one_counter_op:datapath|RegisterFile:RF1|regfile[6][1]   ; Lost fanout        ;
; one_counter_op:datapath|RegisterFile:RF1|regfile[6][2]   ; Lost fanout        ;
; one_counter_op:datapath|RegisterFile:RF1|regfile[6][3]   ; Lost fanout        ;
; one_counter_op:datapath|RegisterFile:RF1|regfile[6][4]   ; Lost fanout        ;
; one_counter_op:datapath|RegisterFile:RF1|regfile[6][5]   ; Lost fanout        ;
; one_counter_op:datapath|RegisterFile:RF1|regfile[6][6]   ; Lost fanout        ;
; one_counter_op:datapath|RegisterFile:RF1|regfile[6][7]   ; Lost fanout        ;
; one_counter_op:datapath|RegisterFile:RF1|regfile[6][8]   ; Lost fanout        ;
; one_counter_op:datapath|RegisterFile:RF1|regfile[6][9]   ; Lost fanout        ;
; one_counter_op:datapath|RegisterFile:RF1|regfile[6][10]  ; Lost fanout        ;
; one_counter_op:datapath|RegisterFile:RF1|regfile[6][11]  ; Lost fanout        ;
; one_counter_op:datapath|RegisterFile:RF1|regfile[6][12]  ; Lost fanout        ;
; one_counter_op:datapath|RegisterFile:RF1|regfile[6][13]  ; Lost fanout        ;
; one_counter_op:datapath|RegisterFile:RF1|regfile[6][14]  ; Lost fanout        ;
; one_counter_op:datapath|RegisterFile:RF1|regfile[6][15]  ; Lost fanout        ;
; one_counter_op:datapath|RegisterFile:RF1|regfile[7][0]   ; Lost fanout        ;
; one_counter_op:datapath|RegisterFile:RF1|regfile[7][1]   ; Lost fanout        ;
; one_counter_op:datapath|RegisterFile:RF1|regfile[7][2]   ; Lost fanout        ;
; one_counter_op:datapath|RegisterFile:RF1|regfile[7][3]   ; Lost fanout        ;
; one_counter_op:datapath|RegisterFile:RF1|regfile[7][4]   ; Lost fanout        ;
; one_counter_op:datapath|RegisterFile:RF1|regfile[7][5]   ; Lost fanout        ;
; one_counter_op:datapath|RegisterFile:RF1|regfile[7][6]   ; Lost fanout        ;
; one_counter_op:datapath|RegisterFile:RF1|regfile[7][7]   ; Lost fanout        ;
; one_counter_op:datapath|RegisterFile:RF1|regfile[7][8]   ; Lost fanout        ;
; one_counter_op:datapath|RegisterFile:RF1|regfile[7][9]   ; Lost fanout        ;
; one_counter_op:datapath|RegisterFile:RF1|regfile[7][10]  ; Lost fanout        ;
; one_counter_op:datapath|RegisterFile:RF1|regfile[7][11]  ; Lost fanout        ;
; one_counter_op:datapath|RegisterFile:RF1|regfile[7][12]  ; Lost fanout        ;
; one_counter_op:datapath|RegisterFile:RF1|regfile[7][13]  ; Lost fanout        ;
; one_counter_op:datapath|RegisterFile:RF1|regfile[7][14]  ; Lost fanout        ;
; one_counter_op:datapath|RegisterFile:RF1|regfile[7][15]  ; Lost fanout        ;
; one_counter_op:datapath|RegisterFile:RF1|regfile[8][0]   ; Lost fanout        ;
; one_counter_op:datapath|RegisterFile:RF1|regfile[8][1]   ; Lost fanout        ;
; one_counter_op:datapath|RegisterFile:RF1|regfile[8][2]   ; Lost fanout        ;
; one_counter_op:datapath|RegisterFile:RF1|regfile[8][3]   ; Lost fanout        ;
; one_counter_op:datapath|RegisterFile:RF1|regfile[8][4]   ; Lost fanout        ;
; one_counter_op:datapath|RegisterFile:RF1|regfile[8][5]   ; Lost fanout        ;
; one_counter_op:datapath|RegisterFile:RF1|regfile[8][6]   ; Lost fanout        ;
; one_counter_op:datapath|RegisterFile:RF1|regfile[8][7]   ; Lost fanout        ;
; one_counter_op:datapath|RegisterFile:RF1|regfile[8][8]   ; Lost fanout        ;
; one_counter_op:datapath|RegisterFile:RF1|regfile[8][9]   ; Lost fanout        ;
; one_counter_op:datapath|RegisterFile:RF1|regfile[8][10]  ; Lost fanout        ;
; one_counter_op:datapath|RegisterFile:RF1|regfile[8][11]  ; Lost fanout        ;
; one_counter_op:datapath|RegisterFile:RF1|regfile[8][12]  ; Lost fanout        ;
; one_counter_op:datapath|RegisterFile:RF1|regfile[8][13]  ; Lost fanout        ;
; one_counter_op:datapath|RegisterFile:RF1|regfile[8][14]  ; Lost fanout        ;
; one_counter_op:datapath|RegisterFile:RF1|regfile[8][15]  ; Lost fanout        ;
; one_counter_op:datapath|RegisterFile:RF1|regfile[9][0]   ; Lost fanout        ;
; one_counter_op:datapath|RegisterFile:RF1|regfile[9][1]   ; Lost fanout        ;
; one_counter_op:datapath|RegisterFile:RF1|regfile[9][2]   ; Lost fanout        ;
; one_counter_op:datapath|RegisterFile:RF1|regfile[9][3]   ; Lost fanout        ;
; one_counter_op:datapath|RegisterFile:RF1|regfile[9][4]   ; Lost fanout        ;
; one_counter_op:datapath|RegisterFile:RF1|regfile[9][5]   ; Lost fanout        ;
; one_counter_op:datapath|RegisterFile:RF1|regfile[9][6]   ; Lost fanout        ;
; one_counter_op:datapath|RegisterFile:RF1|regfile[9][7]   ; Lost fanout        ;
; one_counter_op:datapath|RegisterFile:RF1|regfile[9][8]   ; Lost fanout        ;
; one_counter_op:datapath|RegisterFile:RF1|regfile[9][9]   ; Lost fanout        ;
; one_counter_op:datapath|RegisterFile:RF1|regfile[9][10]  ; Lost fanout        ;
; one_counter_op:datapath|RegisterFile:RF1|regfile[9][11]  ; Lost fanout        ;
; one_counter_op:datapath|RegisterFile:RF1|regfile[9][12]  ; Lost fanout        ;
; one_counter_op:datapath|RegisterFile:RF1|regfile[9][13]  ; Lost fanout        ;
; one_counter_op:datapath|RegisterFile:RF1|regfile[9][14]  ; Lost fanout        ;
; one_counter_op:datapath|RegisterFile:RF1|regfile[9][15]  ; Lost fanout        ;
; one_counter_op:datapath|RegisterFile:RF1|regfile[10][0]  ; Lost fanout        ;
; one_counter_op:datapath|RegisterFile:RF1|regfile[10][1]  ; Lost fanout        ;
; one_counter_op:datapath|RegisterFile:RF1|regfile[10][2]  ; Lost fanout        ;
; one_counter_op:datapath|RegisterFile:RF1|regfile[10][3]  ; Lost fanout        ;
; one_counter_op:datapath|RegisterFile:RF1|regfile[10][4]  ; Lost fanout        ;
; one_counter_op:datapath|RegisterFile:RF1|regfile[10][5]  ; Lost fanout        ;
; one_counter_op:datapath|RegisterFile:RF1|regfile[10][6]  ; Lost fanout        ;
; one_counter_op:datapath|RegisterFile:RF1|regfile[10][7]  ; Lost fanout        ;
; one_counter_op:datapath|RegisterFile:RF1|regfile[10][8]  ; Lost fanout        ;
; one_counter_op:datapath|RegisterFile:RF1|regfile[10][9]  ; Lost fanout        ;
; one_counter_op:datapath|RegisterFile:RF1|regfile[10][10] ; Lost fanout        ;
; one_counter_op:datapath|RegisterFile:RF1|regfile[10][11] ; Lost fanout        ;
; one_counter_op:datapath|RegisterFile:RF1|regfile[10][12] ; Lost fanout        ;
; one_counter_op:datapath|RegisterFile:RF1|regfile[10][13] ; Lost fanout        ;
; one_counter_op:datapath|RegisterFile:RF1|regfile[10][14] ; Lost fanout        ;
; one_counter_op:datapath|RegisterFile:RF1|regfile[10][15] ; Lost fanout        ;
; one_counter_op:datapath|RegisterFile:RF1|regfile[11][0]  ; Lost fanout        ;
; one_counter_op:datapath|RegisterFile:RF1|regfile[11][1]  ; Lost fanout        ;
; one_counter_op:datapath|RegisterFile:RF1|regfile[11][2]  ; Lost fanout        ;
; one_counter_op:datapath|RegisterFile:RF1|regfile[11][3]  ; Lost fanout        ;
; one_counter_op:datapath|RegisterFile:RF1|regfile[11][4]  ; Lost fanout        ;
; one_counter_op:datapath|RegisterFile:RF1|regfile[11][5]  ; Lost fanout        ;
; one_counter_op:datapath|RegisterFile:RF1|regfile[11][6]  ; Lost fanout        ;
; one_counter_op:datapath|RegisterFile:RF1|regfile[11][7]  ; Lost fanout        ;
; one_counter_op:datapath|RegisterFile:RF1|regfile[11][8]  ; Lost fanout        ;
; one_counter_op:datapath|RegisterFile:RF1|regfile[11][9]  ; Lost fanout        ;
; one_counter_op:datapath|RegisterFile:RF1|regfile[11][10] ; Lost fanout        ;
; one_counter_op:datapath|RegisterFile:RF1|regfile[11][11] ; Lost fanout        ;
; one_counter_op:datapath|RegisterFile:RF1|regfile[11][12] ; Lost fanout        ;
; one_counter_op:datapath|RegisterFile:RF1|regfile[11][13] ; Lost fanout        ;
; one_counter_op:datapath|RegisterFile:RF1|regfile[11][14] ; Lost fanout        ;
; one_counter_op:datapath|RegisterFile:RF1|regfile[11][15] ; Lost fanout        ;
; one_counter_op:datapath|RegisterFile:RF1|regfile[12][0]  ; Lost fanout        ;
; one_counter_op:datapath|RegisterFile:RF1|regfile[12][1]  ; Lost fanout        ;
; one_counter_op:datapath|RegisterFile:RF1|regfile[12][2]  ; Lost fanout        ;
; one_counter_op:datapath|RegisterFile:RF1|regfile[12][3]  ; Lost fanout        ;
; one_counter_op:datapath|RegisterFile:RF1|regfile[12][4]  ; Lost fanout        ;
; one_counter_op:datapath|RegisterFile:RF1|regfile[12][5]  ; Lost fanout        ;
; one_counter_op:datapath|RegisterFile:RF1|regfile[12][6]  ; Lost fanout        ;
; one_counter_op:datapath|RegisterFile:RF1|regfile[12][7]  ; Lost fanout        ;
; one_counter_op:datapath|RegisterFile:RF1|regfile[12][8]  ; Lost fanout        ;
; one_counter_op:datapath|RegisterFile:RF1|regfile[12][9]  ; Lost fanout        ;
; one_counter_op:datapath|RegisterFile:RF1|regfile[12][10] ; Lost fanout        ;
; one_counter_op:datapath|RegisterFile:RF1|regfile[12][11] ; Lost fanout        ;
; one_counter_op:datapath|RegisterFile:RF1|regfile[12][12] ; Lost fanout        ;
; one_counter_op:datapath|RegisterFile:RF1|regfile[12][13] ; Lost fanout        ;
; one_counter_op:datapath|RegisterFile:RF1|regfile[12][14] ; Lost fanout        ;
; one_counter_op:datapath|RegisterFile:RF1|regfile[12][15] ; Lost fanout        ;
; one_counter_op:datapath|RegisterFile:RF1|regfile[13][0]  ; Lost fanout        ;
; one_counter_op:datapath|RegisterFile:RF1|regfile[13][1]  ; Lost fanout        ;
; one_counter_op:datapath|RegisterFile:RF1|regfile[13][2]  ; Lost fanout        ;
; one_counter_op:datapath|RegisterFile:RF1|regfile[13][3]  ; Lost fanout        ;
; one_counter_op:datapath|RegisterFile:RF1|regfile[13][4]  ; Lost fanout        ;
; one_counter_op:datapath|RegisterFile:RF1|regfile[13][5]  ; Lost fanout        ;
; one_counter_op:datapath|RegisterFile:RF1|regfile[13][6]  ; Lost fanout        ;
; one_counter_op:datapath|RegisterFile:RF1|regfile[13][7]  ; Lost fanout        ;
; one_counter_op:datapath|RegisterFile:RF1|regfile[13][8]  ; Lost fanout        ;
; one_counter_op:datapath|RegisterFile:RF1|regfile[13][9]  ; Lost fanout        ;
; one_counter_op:datapath|RegisterFile:RF1|regfile[13][10] ; Lost fanout        ;
; one_counter_op:datapath|RegisterFile:RF1|regfile[13][11] ; Lost fanout        ;
; one_counter_op:datapath|RegisterFile:RF1|regfile[13][12] ; Lost fanout        ;
; one_counter_op:datapath|RegisterFile:RF1|regfile[13][13] ; Lost fanout        ;
; one_counter_op:datapath|RegisterFile:RF1|regfile[13][14] ; Lost fanout        ;
; one_counter_op:datapath|RegisterFile:RF1|regfile[13][15] ; Lost fanout        ;
; one_counter_op:datapath|RegisterFile:RF1|regfile[14][0]  ; Lost fanout        ;
; one_counter_op:datapath|RegisterFile:RF1|regfile[14][1]  ; Lost fanout        ;
; one_counter_op:datapath|RegisterFile:RF1|regfile[14][2]  ; Lost fanout        ;
; one_counter_op:datapath|RegisterFile:RF1|regfile[14][3]  ; Lost fanout        ;
; one_counter_op:datapath|RegisterFile:RF1|regfile[14][4]  ; Lost fanout        ;
; one_counter_op:datapath|RegisterFile:RF1|regfile[14][5]  ; Lost fanout        ;
; one_counter_op:datapath|RegisterFile:RF1|regfile[14][6]  ; Lost fanout        ;
; one_counter_op:datapath|RegisterFile:RF1|regfile[14][7]  ; Lost fanout        ;
; one_counter_op:datapath|RegisterFile:RF1|regfile[14][8]  ; Lost fanout        ;
; one_counter_op:datapath|RegisterFile:RF1|regfile[14][9]  ; Lost fanout        ;
; one_counter_op:datapath|RegisterFile:RF1|regfile[14][10] ; Lost fanout        ;
; one_counter_op:datapath|RegisterFile:RF1|regfile[14][11] ; Lost fanout        ;
; one_counter_op:datapath|RegisterFile:RF1|regfile[14][12] ; Lost fanout        ;
; one_counter_op:datapath|RegisterFile:RF1|regfile[14][13] ; Lost fanout        ;
; one_counter_op:datapath|RegisterFile:RF1|regfile[14][14] ; Lost fanout        ;
; one_counter_op:datapath|RegisterFile:RF1|regfile[14][15] ; Lost fanout        ;
; one_counter_op:datapath|RegisterFile:RF1|regfile[15][0]  ; Lost fanout        ;
; one_counter_op:datapath|RegisterFile:RF1|regfile[15][1]  ; Lost fanout        ;
; one_counter_op:datapath|RegisterFile:RF1|regfile[15][2]  ; Lost fanout        ;
; one_counter_op:datapath|RegisterFile:RF1|regfile[15][3]  ; Lost fanout        ;
; one_counter_op:datapath|RegisterFile:RF1|regfile[15][4]  ; Lost fanout        ;
; one_counter_op:datapath|RegisterFile:RF1|regfile[15][5]  ; Lost fanout        ;
; one_counter_op:datapath|RegisterFile:RF1|regfile[15][6]  ; Lost fanout        ;
; one_counter_op:datapath|RegisterFile:RF1|regfile[15][7]  ; Lost fanout        ;
; one_counter_op:datapath|RegisterFile:RF1|regfile[15][8]  ; Lost fanout        ;
; one_counter_op:datapath|RegisterFile:RF1|regfile[15][9]  ; Lost fanout        ;
; one_counter_op:datapath|RegisterFile:RF1|regfile[15][10] ; Lost fanout        ;
; one_counter_op:datapath|RegisterFile:RF1|regfile[15][11] ; Lost fanout        ;
; one_counter_op:datapath|RegisterFile:RF1|regfile[15][12] ; Lost fanout        ;
; one_counter_op:datapath|RegisterFile:RF1|regfile[15][13] ; Lost fanout        ;
; one_counter_op:datapath|RegisterFile:RF1|regfile[15][14] ; Lost fanout        ;
; one_counter_op:datapath|RegisterFile:RF1|regfile[15][15] ; Lost fanout        ;
; controler:control|c_state~2                              ; Lost fanout        ;
; controler:control|c_state~3                              ; Lost fanout        ;
; Total Number of Removed Registers = 226                  ;                    ;
+----------------------------------------------------------+--------------------+


+------------------------------------------------------+
; General Register Statistics                          ;
+----------------------------------------------+-------+
; Statistic                                    ; Value ;
+----------------------------------------------+-------+
; Total registers                              ; 52    ;
; Number of registers using Synchronous Clear  ; 0     ;
; Number of registers using Synchronous Load   ; 16    ;
; Number of registers using Asynchronous Clear ; 0     ;
; Number of registers using Asynchronous Load  ; 0     ;
; Number of registers using Clock Enable       ; 48    ;
; Number of registers using Preset             ; 0     ;
+----------------------------------------------+-------+


+----------------------------------------------------------------------------------------------------------------------------------------------------------------------------------+
; Multiplexer Restructuring Statistics (Restructuring Performed)                                                                                                                   ;
+--------------------+-----------+---------------+----------------------+------------------------+------------+--------------------------------------------------------------------+
; Multiplexer Inputs ; Bus Width ; Baseline Area ; Area if Restructured ; Saving if Restructured ; Registered ; Example Multiplexer Output                                         ;
+--------------------+-----------+---------------+----------------------+------------------------+------------+--------------------------------------------------------------------+
; 3:1                ; 15 bits   ; 30 LEs        ; 30 LEs               ; 0 LEs                  ; Yes        ; |Top_module|one_counter_op:datapath|RegisterFile:RF1|regfile[2][0] ;
+--------------------+-----------+---------------+----------------------+------------------------+------------+--------------------------------------------------------------------+


+----------------------------------------------------------------+
; Parameter Settings for User Entity Instance: controler:control ;
+----------------+-------+---------------------------------------+
; Parameter Name ; Value ; Type                                  ;
+----------------+-------+---------------------------------------+
; state0         ; 00    ; Unsigned Binary                       ;
; state1         ; 01    ; Unsigned Binary                       ;
; state2         ; 10    ; Unsigned Binary                       ;
; state3         ; 11    ; Unsigned Binary                       ;
+----------------+-------+---------------------------------------+
Note: In order to hide this table in the UI and the text report file, please set the "Show Parameter Settings in Synthesis Report" option in "Analysis and Synthesis Settings -> More Settings" to "Off".


+-------------------------------------------------------------------------------------------------------------------------------------------------------------------------------------+
; Port Connectivity Checks: "one_counter_op:datapath|ALU:ALU4"                                                                                                                        ;
+------------------+--------+----------+----------------------------------------------------------------------------------------------------------------------------------------------+
; Port             ; Type   ; Severity ; Details                                                                                                                                      ;
+------------------+--------+----------+----------------------------------------------------------------------------------------------------------------------------------------------+
; b                ; Input  ; Warning  ; Declared by entity but not connected by instance. If a default value exists, it will be used.  Otherwise, the port will be connected to GND. ;
; cin              ; Input  ; Warning  ; Declared by entity but not connected by instance. If a default value exists, it will be used.  Otherwise, the port will be connected to GND. ;
; add_sub_overflow ; Output ; Warning  ; Declared by entity but not connected by instance. Logic that only feeds a dangling port will be removed.                                     ;
; mul_overflow     ; Output ; Warning  ; Declared by entity but not connected by instance. Logic that only feeds a dangling port will be removed.                                     ;
; zero             ; Output ; Warning  ; Declared by entity but not connected by instance. Logic that only feeds a dangling port will be removed.                                     ;
+------------------+--------+----------+----------------------------------------------------------------------------------------------------------------------------------------------+


+------------------------------------------------------------------------------+
; Port Connectivity Checks: "one_counter_op:datapath|ALU:ALU1|FullAdder:Incre" ;
+----------+-------+----------+------------------------------------------------+
; Port     ; Type  ; Severity ; Details                                        ;
+----------+-------+----------+------------------------------------------------+
; b[15..1] ; Input ; Info     ; Stuck at GND                                   ;
; b[0]     ; Input ; Info     ; Stuck at VCC                                   ;
+----------+-------+----------+------------------------------------------------+


+-----------------------------------------------------------------------------------+
; Port Connectivity Checks: "one_counter_op:datapath|ALU:ALU1|FullSubtracter:Decre" ;
+----------+-------+----------+-----------------------------------------------------+
; Port     ; Type  ; Severity ; Details                                             ;
+----------+-------+----------+-----------------------------------------------------+
; b[15..1] ; Input ; Info     ; Stuck at GND                                        ;
; b[0]     ; Input ; Info     ; Stuck at VCC                                        ;
+----------+-------+----------+-----------------------------------------------------+


+------------------------------------------------------------------------------+
; Port Connectivity Checks: "one_counter_op:datapath|ALU:ALU1|mux16_1:mux16_1" ;
+------------+-------+----------+----------------------------------------------+
; Port       ; Type  ; Severity ; Details                                      ;
+------------+-------+----------+----------------------------------------------+
; shiftL[0]  ; Input ; Info     ; Stuck at GND                                 ;
; shiftR[15] ; Input ; Info     ; Stuck at GND                                 ;
+------------+-------+----------+----------------------------------------------+


+------------------------------------------------------------------------------------------------------------------------------------------------------------------------+
; Port Connectivity Checks: "one_counter_op:datapath|ALU:ALU1|mux4_1:mux2"                                                                                               ;
+------+-------+----------+----------------------------------------------------------------------------------------------------------------------------------------------+
; Port ; Type  ; Severity ; Details                                                                                                                                      ;
+------+-------+----------+----------------------------------------------------------------------------------------------------------------------------------------------+
; mul  ; Input ; Warning  ; Declared by entity but not connected by instance. If a default value exists, it will be used.  Otherwise, the port will be connected to GND. ;
+------+-------+----------+----------------------------------------------------------------------------------------------------------------------------------------------+


+-------------------------------------------------------------------------------------------------------------------------------------------------------------------------------------+
; Port Connectivity Checks: "one_counter_op:datapath|ALU:ALU1"                                                                                                                        ;
+------------------+--------+----------+----------------------------------------------------------------------------------------------------------------------------------------------+
; Port             ; Type   ; Severity ; Details                                                                                                                                      ;
+------------------+--------+----------+----------------------------------------------------------------------------------------------------------------------------------------------+
; cin              ; Input  ; Info     ; Stuck at GND                                                                                                                                 ;
; b                ; Input  ; Warning  ; Declared by entity but not connected by instance. If a default value exists, it will be used.  Otherwise, the port will be connected to GND. ;
; add_sub_overflow ; Output ; Warning  ; Declared by entity but not connected by instance. Logic that only feeds a dangling port will be removed.                                     ;
; mul_overflow     ; Output ; Warning  ; Declared by entity but not connected by instance. Logic that only feeds a dangling port will be removed.                                     ;
; zero             ; Output ; Warning  ; Declared by entity but not connected by instance. Logic that only feeds a dangling port will be removed.                                     ;
+------------------+--------+----------+----------------------------------------------------------------------------------------------------------------------------------------------+


+-------------------------------+
; Elapsed Time Per Partition    ;
+----------------+--------------+
; Partition Name ; Elapsed Time ;
+----------------+--------------+
; Top            ; 00:00:00     ;
+----------------+--------------+


+-------------------------------+
; Analysis & Synthesis Messages ;
+-------------------------------+
Info: *******************************************************************
Info: Running Quartus II 64-Bit Analysis & Synthesis
    Info: Version 13.0.1 Build 232 06/12/2013 Service Pack 1 SJ Web Edition
    Info: Processing started: Tue Dec 10 10:06:28 2024
Info: Command: quartus_map --read_settings_files=on --write_settings_files=off one_counter_op -c one_counter_op
Warning (20028): Parallel compilation is not licensed and has been disabled
Info (12021): Found 1 design units, including 1 entities, in source file /ce118/lab06/a_d/lls1/lab4/registerfile.v
    Info (12023): Found entity 1: RegisterFile
Info (12021): Found 1 design units, including 1 entities, in source file /ce118/lab06/a_d/lls1/thl/lab2/delay_1s.v
    Info (12023): Found entity 1: delay_1s
Info (12021): Found 1 design units, including 1 entities, in source file /ce118/lab06/a_d/lls1/thl/lab4/register4bit.v
    Info (12023): Found entity 1: Register4Bit
Warning (12019): Can't analyze file -- file ../../../DOLLS/Lab4/RegisterFile.v is missing
Warning (12018): Entity "Xor" will be ignored because it conflicts with Quartus II primitive name
Info (12021): Found 1 design units, including 1 entities, in source file /ce118/lab06/a_d/lls1/thl/lab3/xor.v
Warning (12018): Entity "Or" will be ignored because it conflicts with Quartus II primitive name
Info (12021): Found 1 design units, including 1 entities, in source file /ce118/lab06/a_d/lls1/thl/lab3/or.v
Info (12021): Found 1 design units, including 1 entities, in source file /ce118/lab06/a_d/lls1/thl/lab3/mux16_1.v
    Info (12023): Found entity 1: mux16_1
Info (12021): Found 1 design units, including 1 entities, in source file /ce118/lab06/a_d/lls1/thl/lab3/mux4_1.v
    Info (12023): Found entity 1: mux4_1
Info (12021): Found 1 design units, including 1 entities, in source file /ce118/lab06/a_d/lls1/thl/lab3/mux2_1.v
    Info (12023): Found entity 1: Mux2_1
Info (12021): Found 1 design units, including 1 entities, in source file /ce118/lab06/a_d/lls1/thl/lab3/multiplier.v
    Info (12023): Found entity 1: Multiplier
Info (12021): Found 1 design units, including 1 entities, in source file /ce118/lab06/a_d/lls1/thl/lab3/led.v
    Info (12023): Found entity 1: LED
Info (12021): Found 1 design units, including 1 entities, in source file /ce118/lab06/a_d/lls1/thl/lab3/fullsubtracter.v
    Info (12023): Found entity 1: FullSubtracter
Info (12021): Found 1 design units, including 1 entities, in source file /ce118/lab06/a_d/lls1/thl/lab3/fulladder.v
    Info (12023): Found entity 1: FullAdder
Info (12021): Found 1 design units, including 1 entities, in source file /ce118/lab06/a_d/lls1/thl/lab3/comp.v
    Info (12023): Found entity 1: comp
Info (12021): Found 1 design units, including 1 entities, in source file /ce118/lab06/a_d/lls1/thl/lab3/bcd_to_led.v
    Info (12023): Found entity 1: bcd_to_led
Warning (12018): Entity "And2" will be ignored because it conflicts with Quartus II primitive name
Info (12021): Found 1 design units, including 1 entities, in source file /ce118/lab06/a_d/lls1/thl/lab3/and2.v
Warning (12018): Entity "And" will be ignored because it conflicts with Quartus II primitive name
Info (12021): Found 1 design units, including 1 entities, in source file /ce118/lab06/a_d/lls1/thl/lab3/and.v
Info (12021): Found 1 design units, including 1 entities, in source file /ce118/lab06/a_d/lls1/thl/lab3/alu.v
    Info (12023): Found entity 1: ALU
Info (12021): Found 1 design units, including 1 entities, in source file one_counter_op.v
    Info (12023): Found entity 1: one_counter_op
Info (12021): Found 1 design units, including 1 entities, in source file controler.v
    Info (12023): Found entity 1: controler
Info (12021): Found 1 design units, including 1 entities, in source file /ce118/lab06/a_d/lls1/thl/lab4/top_module.v
    Info (12023): Found entity 1: Top_module
Info (12021): Found 1 design units, including 1 entities, in source file led_display_two_digits.v
    Info (12023): Found entity 1: led_display_two_digits
Info (12021): Found 1 design units, including 1 entities, in source file /ce118/lab06/a_d/lls1/thl/lab2/top_to_de2.v
    Info (12023): Found entity 1: Top_to_DE2
Warning (10236): Verilog HDL Implicit Net warning at FullSubtracter.v(37): created implicit net for "co8"
Warning (10236): Verilog HDL Implicit Net warning at FullSubtracter.v(40): created implicit net for "co9"
Warning (10236): Verilog HDL Implicit Net warning at FullSubtracter.v(43): created implicit net for "co10"
Warning (10236): Verilog HDL Implicit Net warning at FullSubtracter.v(46): created implicit net for "co11"
Warning (10236): Verilog HDL Implicit Net warning at FullSubtracter.v(49): created implicit net for "co12"
Warning (10236): Verilog HDL Implicit Net warning at FullSubtracter.v(52): created implicit net for "co13"
Warning (10236): Verilog HDL Implicit Net warning at FullSubtracter.v(55): created implicit net for "co14"
Warning (10236): Verilog HDL Implicit Net warning at FullSubtracter.v(58): created implicit net for "co15"
Critical Warning (10846): Verilog HDL Instantiation warning at bcd_to_led.v(23): instance has no name
Info (12127): Elaborating entity "Top_module" for the top level hierarchy
Info (12128): Elaborating entity "one_counter_op" for hierarchy "one_counter_op:datapath"
Info (12128): Elaborating entity "Mux2_1" for hierarchy "one_counter_op:datapath|Mux2_1:Mux"
Info (12128): Elaborating entity "RegisterFile" for hierarchy "one_counter_op:datapath|RegisterFile:RF1"
Info (12128): Elaborating entity "ALU" for hierarchy "one_counter_op:datapath|ALU:ALU1"
Info (12128): Elaborating entity "mux4_1" for hierarchy "one_counter_op:datapath|ALU:ALU1|mux4_1:mux1"
Info (12128): Elaborating entity "mux16_1" for hierarchy "one_counter_op:datapath|ALU:ALU1|mux16_1:mux16_1"
Info (12128): Elaborating entity "comp" for hierarchy "one_counter_op:datapath|ALU:ALU1|comp:Comp"
Info (12128): Elaborating entity "FullSubtracter" for hierarchy "one_counter_op:datapath|ALU:ALU1|FullSubtracter:Decre"
Warning (10036): Verilog HDL or VHDL warning at FullSubtracter.v(58): object "co15" assigned a value but never read
Info (12128): Elaborating entity "FullAdder" for hierarchy "one_counter_op:datapath|ALU:ALU1|FullAdder:Add"
Warning (10036): Verilog HDL or VHDL warning at FullAdder.v(5): object "co15" assigned a value but never read
Info (12128): Elaborating entity "Multiplier" for hierarchy "one_counter_op:datapath|ALU:ALU1|Multiplier:Mul"
Info (12128): Elaborating entity "Register4Bit" for hierarchy "one_counter_op:datapath|Register4Bit:REG"
Info (12128): Elaborating entity "controler" for hierarchy "controler:control"
Warning (10240): Verilog HDL Always Construct warning at controler.v(29): inferring latch(es) for variable "WAB", which holds its previous value in one or more paths through the always construct
Warning (10240): Verilog HDL Always Construct warning at controler.v(29): inferring latch(es) for variable "WAA", which holds its previous value in one or more paths through the always construct
Warning (10240): Verilog HDL Always Construct warning at controler.v(29): inferring latch(es) for variable "RAB", which holds its previous value in one or more paths through the always construct
Warning (10240): Verilog HDL Always Construct warning at controler.v(29): inferring latch(es) for variable "RAA", which holds its previous value in one or more paths through the always construct
Info (10041): Inferred latch for "RAA[0]" at controler.v(29)
Info (10041): Inferred latch for "RAA[1]" at controler.v(29)
Info (10041): Inferred latch for "RAA[2]" at controler.v(29)
Info (10041): Inferred latch for "RAA[3]" at controler.v(29)
Info (10041): Inferred latch for "RAB[0]" at controler.v(29)
Info (10041): Inferred latch for "RAB[1]" at controler.v(29)
Info (10041): Inferred latch for "RAB[2]" at controler.v(29)
Info (10041): Inferred latch for "RAB[3]" at controler.v(29)
Info (10041): Inferred latch for "WAA[0]" at controler.v(29)
Info (10041): Inferred latch for "WAA[1]" at controler.v(29)
Info (10041): Inferred latch for "WAA[2]" at controler.v(29)
Info (10041): Inferred latch for "WAA[3]" at controler.v(29)
Info (10041): Inferred latch for "WAB[0]" at controler.v(29)
Info (10041): Inferred latch for "WAB[1]" at controler.v(29)
Info (10041): Inferred latch for "WAB[2]" at controler.v(29)
Info (10041): Inferred latch for "WAB[3]" at controler.v(29)
Warning (13046): Tri-state node(s) do not directly drive top-level pin(s)
    Warning (13049): Converted tri-state buffer "one_counter_op:datapath|RegisterFile:RF1|RDA[0]" feeding internal logic into a wire
    Warning (13049): Converted tri-state buffer "one_counter_op:datapath|RegisterFile:RF1|RDA[1]" feeding internal logic into a wire
    Warning (13049): Converted tri-state buffer "one_counter_op:datapath|RegisterFile:RF1|RDA[2]" feeding internal logic into a wire
    Warning (13049): Converted tri-state buffer "one_counter_op:datapath|RegisterFile:RF1|RDA[3]" feeding internal logic into a wire
    Warning (13049): Converted tri-state buffer "one_counter_op:datapath|RegisterFile:RF1|RDA[4]" feeding internal logic into a wire
    Warning (13049): Converted tri-state buffer "one_counter_op:datapath|RegisterFile:RF1|RDA[5]" feeding internal logic into a wire
    Warning (13049): Converted tri-state buffer "one_counter_op:datapath|RegisterFile:RF1|RDA[6]" feeding internal logic into a wire
    Warning (13049): Converted tri-state buffer "one_counter_op:datapath|RegisterFile:RF1|RDA[7]" feeding internal logic into a wire
    Warning (13049): Converted tri-state buffer "one_counter_op:datapath|RegisterFile:RF1|RDA[8]" feeding internal logic into a wire
    Warning (13049): Converted tri-state buffer "one_counter_op:datapath|RegisterFile:RF1|RDA[9]" feeding internal logic into a wire
    Warning (13049): Converted tri-state buffer "one_counter_op:datapath|RegisterFile:RF1|RDA[10]" feeding internal logic into a wire
    Warning (13049): Converted tri-state buffer "one_counter_op:datapath|RegisterFile:RF1|RDA[11]" feeding internal logic into a wire
    Warning (13049): Converted tri-state buffer "one_counter_op:datapath|RegisterFile:RF1|RDA[12]" feeding internal logic into a wire
    Warning (13049): Converted tri-state buffer "one_counter_op:datapath|RegisterFile:RF1|RDA[13]" feeding internal logic into a wire
    Warning (13049): Converted tri-state buffer "one_counter_op:datapath|RegisterFile:RF1|RDA[14]" feeding internal logic into a wire
    Warning (13049): Converted tri-state buffer "one_counter_op:datapath|RegisterFile:RF1|RDA[15]" feeding internal logic into a wire
Warning (12241): 3 hierarchies have connectivity warnings - see the Connectivity Checks report folder
Warning (13046): Tri-state node(s) do not directly drive top-level pin(s)
    Warning (13047): Converted the fan-out from the tri-state buffer "one_counter_op:datapath|RegisterFile:RF1|RDB[0]" to the node "controler:control|Equal0" into an OR gate
    Warning (13047): Converted the fan-out from the tri-state buffer "one_counter_op:datapath|RegisterFile:RF1|RDB[1]" to the node "controler:control|Equal0" into an OR gate
    Warning (13047): Converted the fan-out from the tri-state buffer "one_counter_op:datapath|RegisterFile:RF1|RDB[2]" to the node "controler:control|Equal0" into an OR gate
    Warning (13047): Converted the fan-out from the tri-state buffer "one_counter_op:datapath|RegisterFile:RF1|RDB[3]" to the node "controler:control|Equal0" into an OR gate
    Warning (13047): Converted the fan-out from the tri-state buffer "one_counter_op:datapath|RegisterFile:RF1|RDB[4]" to the node "controler:control|Equal0" into an OR gate
    Warning (13047): Converted the fan-out from the tri-state buffer "one_counter_op:datapath|RegisterFile:RF1|RDB[5]" to the node "controler:control|Equal0" into an OR gate
    Warning (13047): Converted the fan-out from the tri-state buffer "one_counter_op:datapath|RegisterFile:RF1|RDB[6]" to the node "controler:control|Equal0" into an OR gate
    Warning (13047): Converted the fan-out from the tri-state buffer "one_counter_op:datapath|RegisterFile:RF1|RDB[7]" to the node "controler:control|Equal0" into an OR gate
    Warning (13047): Converted the fan-out from the tri-state buffer "one_counter_op:datapath|RegisterFile:RF1|RDB[8]" to the node "controler:control|Equal0" into an OR gate
    Warning (13047): Converted the fan-out from the tri-state buffer "one_counter_op:datapath|RegisterFile:RF1|RDB[9]" to the node "controler:control|Equal0" into an OR gate
    Warning (13047): Converted the fan-out from the tri-state buffer "one_counter_op:datapath|RegisterFile:RF1|RDB[10]" to the node "controler:control|Equal0" into an OR gate
    Warning (13047): Converted the fan-out from the tri-state buffer "one_counter_op:datapath|RegisterFile:RF1|RDB[11]" to the node "controler:control|Equal0" into an OR gate
    Warning (13047): Converted the fan-out from the tri-state buffer "one_counter_op:datapath|RegisterFile:RF1|RDB[12]" to the node "controler:control|Equal0" into an OR gate
    Warning (13047): Converted the fan-out from the tri-state buffer "one_counter_op:datapath|RegisterFile:RF1|RDB[13]" to the node "controler:control|Equal0" into an OR gate
    Warning (13047): Converted the fan-out from the tri-state buffer "one_counter_op:datapath|RegisterFile:RF1|RDB[14]" to the node "controler:control|Equal0" into an OR gate
    Warning (13047): Converted the fan-out from the tri-state buffer "one_counter_op:datapath|RegisterFile:RF1|RDB[15]" to the node "one_counter_op:datapath|ALU:ALU4|mux16_1:mux16_1|Mux0" into an OR gate
Info (17049): 226 registers lost all their fanouts during netlist optimizations.
Info (144001): Generated suppressed messages file C:/CE118/Lab06/A_D/LLS1/THL/Lab6/output_files/one_counter_op.map.smsg
Info (16010): Generating hard_block partition "hard_block:auto_generated_inst"
    Info (16011): Adding 0 node(s), including 0 DDIO, 0 PLL, 0 transceiver and 0 LCELL
Info (21057): Implemented 137 device resources after synthesis - the final resource count might be different
    Info (21058): Implemented 18 input pins
    Info (21059): Implemented 33 output pins
    Info (21061): Implemented 86 logic cells
Info: Quartus II 64-Bit Analysis & Synthesis was successful. 0 errors, 56 warnings
    Info: Peak virtual memory: 4604 megabytes
    Info: Processing ended: Tue Dec 10 10:06:30 2024
    Info: Elapsed time: 00:00:02
    Info: Total CPU time (on all processors): 00:00:01


+------------------------------------------+
; Analysis & Synthesis Suppressed Messages ;
+------------------------------------------+
The suppressed messages can be found in C:/CE118/Lab06/A_D/LLS1/THL/Lab6/output_files/one_counter_op.map.smsg.


