Simulator report for parallel_datapath
Fri Nov 29 10:09:27 2024
Quartus II 64-Bit Version 13.0.1 Build 232 06/12/2013 Service Pack 1 SJ Web Edition


---------------------
; Table of Contents ;
---------------------
  1. Legal Notice
  2. Simulator Summary
  3. Simulator Settings
  4. Simulation Waveforms
  5. Coverage Summary
  6. Complete 1/0-Value Coverage
  7. Missing 1-Value Coverage
  8. Missing 0-Value Coverage
  9. Simulator INI Usage
 10. Simulator Messages



----------------
; Legal Notice ;
----------------
Copyright (C) 1991-2013 Altera Corporation
Your use of Altera Corporation's design tools, logic functions 
and other software and tools, and its AMPP partner logic 
functions, and any output files from any of the foregoing 
(including device programming or simulation files), and any 
associated documentation or information are expressly subject 
to the terms and conditions of the Altera Program License 
Subscription Agreement, Altera MegaCore Function License 
Agreement, or other applicable license agreement, including, 
without limitation, that your use is for the sole purpose of 
programming logic devices manufactured by Altera and sold by 
Altera or its authorized distributors.  Please refer to the 
applicable agreement for further details.



+--------------------------------------------+
; Simulator Summary                          ;
+-----------------------------+--------------+
; Type                        ; Value        ;
+-----------------------------+--------------+
; Simulation Start Time       ; 0 ps         ;
; Simulation End Time         ; 1.0 us       ;
; Simulation Netlist Size     ; 410 nodes    ;
; Simulation Coverage         ;      76.83 % ;
; Total Number of Transitions ; 3662         ;
; Simulation Breakpoints      ; 0            ;
; Family                      ; Cyclone II   ;
+-----------------------------+--------------+


+-----------------------------------------------------------------------------------------------------------------------------------------------------------------------------------+
; Simulator Settings                                                                                                                                                                ;
+--------------------------------------------------------------------------------------------+----------------------------------------------------------------------+---------------+
; Option                                                                                     ; Setting                                                              ; Default Value ;
+--------------------------------------------------------------------------------------------+----------------------------------------------------------------------+---------------+
; Simulation mode                                                                            ; Functional                                                           ; Timing        ;
; Start time                                                                                 ; 0 ns                                                                 ; 0 ns          ;
; Simulation results format                                                                  ; VWF                                                                  ;               ;
; Vector input source                                                                        ; C:/CE118/Lab05/LAB5_mach/Lab5_02/Lab4/parallel_datapath/Waveform.vwf ;               ;
; Add pins automatically to simulation output waveforms                                      ; On                                                                   ; On            ;
; Check outputs                                                                              ; Off                                                                  ; Off           ;
; Report simulation coverage                                                                 ; On                                                                   ; On            ;
; Display complete 1/0 value coverage report                                                 ; On                                                                   ; On            ;
; Display missing 1-value coverage report                                                    ; On                                                                   ; On            ;
; Display missing 0-value coverage report                                                    ; On                                                                   ; On            ;
; Detect setup and hold time violations                                                      ; Off                                                                  ; Off           ;
; Detect glitches                                                                            ; Off                                                                  ; Off           ;
; Disable timing delays in Timing Simulation                                                 ; Off                                                                  ; Off           ;
; Generate Signal Activity File                                                              ; Off                                                                  ; Off           ;
; Generate VCD File for PowerPlay Power Analyzer                                             ; Off                                                                  ; Off           ;
; Group bus channels in simulation results                                                   ; Off                                                                  ; Off           ;
; Preserve fewer signal transitions to reduce memory requirements                            ; On                                                                   ; On            ;
; Trigger vector comparison with the specified mode                                          ; INPUT_EDGE                                                           ; INPUT_EDGE    ;
; Disable setup and hold time violations detection in input registers of bi-directional pins ; Off                                                                  ; Off           ;
; Overwrite Waveform Inputs With Simulation Outputs                                          ; Off                                                                  ;               ;
; Perform Glitch Filtering in Timing Simulation                                              ; Auto                                                                 ; Auto          ;
+--------------------------------------------------------------------------------------------+----------------------------------------------------------------------+---------------+


+----------------------+
; Simulation Waveforms ;
+----------------------+
Waveform report data cannot be output to ASCII.
Please use Quartus II 64-Bit to view the waveform report data.


+--------------------------------------------------------------------+
; Coverage Summary                                                   ;
+-----------------------------------------------------+--------------+
; Type                                                ; Value        ;
+-----------------------------------------------------+--------------+
; Total coverage as a percentage                      ;      76.83 % ;
; Total nodes checked                                 ; 410          ;
; Total output ports checked                          ; 410          ;
; Total output ports with complete 1/0-value coverage ; 315          ;
; Total output ports with no 1/0-value coverage       ; 51           ;
; Total output ports with no 1-value coverage         ; 79           ;
; Total output ports with no 0-value coverage         ; 67           ;
+-----------------------------------------------------+--------------+


The following table displays output ports that toggle between 1 and 0 during simulation.
+--------------------------------------------------------------------------------------------------------------------------------------------------------------------------------------+
; Complete 1/0-Value Coverage                                                                                                                                                          ;
+---------------------------------------------------------------------------------+---------------------------------------------------------------------------------+------------------+
; Node Name                                                                       ; Output Port Name                                                                ; Output Port Type ;
+---------------------------------------------------------------------------------+---------------------------------------------------------------------------------+------------------+
; |parallel_datapath|Data_0                                                       ; |parallel_datapath|Data_0                                                       ; pin_out          ;
; |parallel_datapath|REA                                                          ; |parallel_datapath|REA                                                          ; out              ;
; |parallel_datapath|REB                                                          ; |parallel_datapath|REB                                                          ; out              ;
; |parallel_datapath|WEB                                                          ; |parallel_datapath|WEB                                                          ; out              ;
; |parallel_datapath|CLK                                                          ; |parallel_datapath|CLK                                                          ; out              ;
; |parallel_datapath|ALU_ope[2]                                                   ; |parallel_datapath|ALU_ope[2]                                                   ; out              ;
; |parallel_datapath|ALU_ope[1]                                                   ; |parallel_datapath|ALU_ope[1]                                                   ; out              ;
; |parallel_datapath|ALU_ope[0]                                                   ; |parallel_datapath|ALU_ope[0]                                                   ; out              ;
; |parallel_datapath|PASS                                                         ; |parallel_datapath|PASS                                                         ; out              ;
; |parallel_datapath|RAA[1]                                                       ; |parallel_datapath|RAA[1]                                                       ; out              ;
; |parallel_datapath|RBB[1]                                                       ; |parallel_datapath|RBB[1]                                                       ; out              ;
; |parallel_datapath|RBB[0]                                                       ; |parallel_datapath|RBB[0]                                                       ; out              ;
; |parallel_datapath|WA[1]                                                        ; |parallel_datapath|WA[1]                                                        ; out              ;
; |parallel_datapath|WA[0]                                                        ; |parallel_datapath|WA[0]                                                        ; out              ;
; |parallel_datapath|RESULT[3]                                                    ; |parallel_datapath|RESULT[3]                                                    ; pin_out          ;
; |parallel_datapath|RESULT[2]                                                    ; |parallel_datapath|RESULT[2]                                                    ; pin_out          ;
; |parallel_datapath|RESULT[1]                                                    ; |parallel_datapath|RESULT[1]                                                    ; pin_out          ;
; |parallel_datapath|RESULT[0]                                                    ; |parallel_datapath|RESULT[0]                                                    ; pin_out          ;
; |parallel_datapath|OE                                                           ; |parallel_datapath|OE                                                           ; out              ;
; |parallel_datapath|Tri4bit:inst7|inst3                                          ; |parallel_datapath|Tri4bit:inst7|inst3                                          ; out              ;
; |parallel_datapath|Tri4bit:inst7|inst4                                          ; |parallel_datapath|Tri4bit:inst7|inst4                                          ; out              ;
; |parallel_datapath|Tri4bit:inst7|inst5                                          ; |parallel_datapath|Tri4bit:inst7|inst5                                          ; out              ;
; |parallel_datapath|Tri4bit:inst7|inst6                                          ; |parallel_datapath|Tri4bit:inst7|inst6                                          ; out              ;
; |parallel_datapath|shifter:inst3|21mux:inst4|5                                  ; |parallel_datapath|shifter:inst3|21mux:inst4|5                                  ; out0             ;
; |parallel_datapath|shifter:inst3|21mux:inst4|6                                  ; |parallel_datapath|shifter:inst3|21mux:inst4|6                                  ; out0             ;
; |parallel_datapath|shifter:inst3|21mux:inst4|7                                  ; |parallel_datapath|shifter:inst3|21mux:inst4|7                                  ; out0             ;
; |parallel_datapath|shifter:inst3|21mux:inst3|5                                  ; |parallel_datapath|shifter:inst3|21mux:inst3|5                                  ; out0             ;
; |parallel_datapath|shifter:inst3|21mux:inst3|6                                  ; |parallel_datapath|shifter:inst3|21mux:inst3|6                                  ; out0             ;
; |parallel_datapath|shifter:inst3|21mux:inst3|7                                  ; |parallel_datapath|shifter:inst3|21mux:inst3|7                                  ; out0             ;
; |parallel_datapath|shifter:inst3|21mux:inst2|5                                  ; |parallel_datapath|shifter:inst3|21mux:inst2|5                                  ; out0             ;
; |parallel_datapath|shifter:inst3|21mux:inst2|6                                  ; |parallel_datapath|shifter:inst3|21mux:inst2|6                                  ; out0             ;
; |parallel_datapath|shifter:inst3|21mux:inst2|7                                  ; |parallel_datapath|shifter:inst3|21mux:inst2|7                                  ; out0             ;
; |parallel_datapath|shifter:inst3|21mux:inst1|6                                  ; |parallel_datapath|shifter:inst3|21mux:inst1|6                                  ; out0             ;
; |parallel_datapath|ALU_4bits:inst1|ALU:inst3|AU:inst|HA:inst3|xor3:inst|1       ; |parallel_datapath|ALU_4bits:inst1|ALU:inst3|AU:inst|HA:inst3|xor3:inst|1       ; out0             ;
; |parallel_datapath|ALU_4bits:inst1|ALU:inst3|AU:inst|HA:inst2|xor3:inst|1       ; |parallel_datapath|ALU_4bits:inst1|ALU:inst3|AU:inst|HA:inst2|xor3:inst|1       ; out0             ;
; |parallel_datapath|ALU_4bits:inst1|ALU:inst3|AU:inst|HA:inst2|xor3:inst|3       ; |parallel_datapath|ALU_4bits:inst1|ALU:inst3|AU:inst|HA:inst2|xor3:inst|3       ; out0             ;
; |parallel_datapath|ALU_4bits:inst1|ALU:inst3|AU:inst|HA:inst1|xor3:inst|1       ; |parallel_datapath|ALU_4bits:inst1|ALU:inst3|AU:inst|HA:inst1|xor3:inst|1       ; out0             ;
; |parallel_datapath|ALU_4bits:inst1|ALU:inst3|AU:inst|HA:inst1|xor3:inst|3       ; |parallel_datapath|ALU_4bits:inst1|ALU:inst3|AU:inst|HA:inst1|xor3:inst|3       ; out0             ;
; |parallel_datapath|ALU_4bits:inst1|ALU:inst3|AU:inst|HA:inst|xor3:inst|1        ; |parallel_datapath|ALU_4bits:inst1|ALU:inst3|AU:inst|HA:inst|xor3:inst|1        ; out0             ;
; |parallel_datapath|ALU_4bits:inst1|ALU:inst3|AU:inst|mux41:inst7|21mux:inst2|5  ; |parallel_datapath|ALU_4bits:inst1|ALU:inst3|AU:inst|mux41:inst7|21mux:inst2|5  ; out0             ;
; |parallel_datapath|ALU_4bits:inst1|ALU:inst3|AU:inst|mux41:inst7|21mux:inst2|6  ; |parallel_datapath|ALU_4bits:inst1|ALU:inst3|AU:inst|mux41:inst7|21mux:inst2|6  ; out0             ;
; |parallel_datapath|ALU_4bits:inst1|ALU:inst3|AU:inst|mux41:inst7|21mux:inst2|7  ; |parallel_datapath|ALU_4bits:inst1|ALU:inst3|AU:inst|mux41:inst7|21mux:inst2|7  ; out0             ;
; |parallel_datapath|ALU_4bits:inst1|ALU:inst3|AU:inst|mux41:inst7|21mux:inst|5   ; |parallel_datapath|ALU_4bits:inst1|ALU:inst3|AU:inst|mux41:inst7|21mux:inst|5   ; out0             ;
; |parallel_datapath|ALU_4bits:inst1|ALU:inst3|AU:inst|mux41:inst7|21mux:inst|6   ; |parallel_datapath|ALU_4bits:inst1|ALU:inst3|AU:inst|mux41:inst7|21mux:inst|6   ; out0             ;
; |parallel_datapath|ALU_4bits:inst1|ALU:inst3|AU:inst|mux41:inst7|21mux:inst|7   ; |parallel_datapath|ALU_4bits:inst1|ALU:inst3|AU:inst|mux41:inst7|21mux:inst|7   ; out0             ;
; |parallel_datapath|ALU_4bits:inst1|ALU:inst3|AU:inst|mux41:inst7|21mux:inst3|5  ; |parallel_datapath|ALU_4bits:inst1|ALU:inst3|AU:inst|mux41:inst7|21mux:inst3|5  ; out0             ;
; |parallel_datapath|ALU_4bits:inst1|ALU:inst3|AU:inst|mux41:inst7|21mux:inst3|6  ; |parallel_datapath|ALU_4bits:inst1|ALU:inst3|AU:inst|mux41:inst7|21mux:inst3|6  ; out0             ;
; |parallel_datapath|ALU_4bits:inst1|ALU:inst3|AU:inst|mux41:inst7|21mux:inst3|7  ; |parallel_datapath|ALU_4bits:inst1|ALU:inst3|AU:inst|mux41:inst7|21mux:inst3|7  ; out0             ;
; |parallel_datapath|ALU_4bits:inst1|ALU:inst3|LU:inst1|inst1                     ; |parallel_datapath|ALU_4bits:inst1|ALU:inst3|LU:inst1|inst1                     ; out0             ;
; |parallel_datapath|ALU_4bits:inst1|ALU:inst3|LU:inst1|inst2                     ; |parallel_datapath|ALU_4bits:inst1|ALU:inst3|LU:inst1|inst2                     ; out0             ;
; |parallel_datapath|ALU_4bits:inst1|ALU:inst3|LU:inst1|inst3                     ; |parallel_datapath|ALU_4bits:inst1|ALU:inst3|LU:inst1|inst3                     ; out0             ;
; |parallel_datapath|ALU_4bits:inst1|ALU:inst3|LU:inst1|mux41:inst4|21mux:inst2|5 ; |parallel_datapath|ALU_4bits:inst1|ALU:inst3|LU:inst1|mux41:inst4|21mux:inst2|5 ; out0             ;
; |parallel_datapath|ALU_4bits:inst1|ALU:inst3|LU:inst1|mux41:inst4|21mux:inst2|6 ; |parallel_datapath|ALU_4bits:inst1|ALU:inst3|LU:inst1|mux41:inst4|21mux:inst2|6 ; out0             ;
; |parallel_datapath|ALU_4bits:inst1|ALU:inst3|LU:inst1|mux41:inst4|21mux:inst|5  ; |parallel_datapath|ALU_4bits:inst1|ALU:inst3|LU:inst1|mux41:inst4|21mux:inst|5  ; out0             ;
; |parallel_datapath|ALU_4bits:inst1|ALU:inst3|LU:inst1|mux41:inst4|21mux:inst|6  ; |parallel_datapath|ALU_4bits:inst1|ALU:inst3|LU:inst1|mux41:inst4|21mux:inst|6  ; out0             ;
; |parallel_datapath|ALU_4bits:inst1|ALU:inst3|LU:inst1|mux41:inst4|21mux:inst|7  ; |parallel_datapath|ALU_4bits:inst1|ALU:inst3|LU:inst1|mux41:inst4|21mux:inst|7  ; out0             ;
; |parallel_datapath|ALU_4bits:inst1|ALU:inst3|LU:inst1|mux41:inst4|21mux:inst3|5 ; |parallel_datapath|ALU_4bits:inst1|ALU:inst3|LU:inst1|mux41:inst4|21mux:inst3|5 ; out0             ;
; |parallel_datapath|ALU_4bits:inst1|ALU:inst3|LU:inst1|mux41:inst4|21mux:inst3|6 ; |parallel_datapath|ALU_4bits:inst1|ALU:inst3|LU:inst1|mux41:inst4|21mux:inst3|6 ; out0             ;
; |parallel_datapath|ALU_4bits:inst1|ALU:inst3|LU:inst1|mux41:inst4|21mux:inst3|7 ; |parallel_datapath|ALU_4bits:inst1|ALU:inst3|LU:inst1|mux41:inst4|21mux:inst3|7 ; out0             ;
; |parallel_datapath|ALU_4bits:inst1|ALU:inst3|21mux:inst5|5                      ; |parallel_datapath|ALU_4bits:inst1|ALU:inst3|21mux:inst5|5                      ; out0             ;
; |parallel_datapath|ALU_4bits:inst1|ALU:inst3|21mux:inst5|6                      ; |parallel_datapath|ALU_4bits:inst1|ALU:inst3|21mux:inst5|6                      ; out0             ;
; |parallel_datapath|ALU_4bits:inst1|ALU:inst3|21mux:inst5|7                      ; |parallel_datapath|ALU_4bits:inst1|ALU:inst3|21mux:inst5|7                      ; out0             ;
; |parallel_datapath|ALU_4bits:inst1|ALU:inst|21mux:inst7|6                       ; |parallel_datapath|ALU_4bits:inst1|ALU:inst|21mux:inst7|6                       ; out0             ;
; |parallel_datapath|ALU_4bits:inst1|ALU:inst|AU:inst|mux41:inst8|21mux:inst2|5   ; |parallel_datapath|ALU_4bits:inst1|ALU:inst|AU:inst|mux41:inst8|21mux:inst2|5   ; out0             ;
; |parallel_datapath|ALU_4bits:inst1|ALU:inst|AU:inst|mux41:inst8|21mux:inst2|6   ; |parallel_datapath|ALU_4bits:inst1|ALU:inst|AU:inst|mux41:inst8|21mux:inst2|6   ; out0             ;
; |parallel_datapath|ALU_4bits:inst1|ALU:inst|AU:inst|mux41:inst8|21mux:inst2|7   ; |parallel_datapath|ALU_4bits:inst1|ALU:inst|AU:inst|mux41:inst8|21mux:inst2|7   ; out0             ;
; |parallel_datapath|ALU_4bits:inst1|ALU:inst|AU:inst|mux41:inst8|21mux:inst|5    ; |parallel_datapath|ALU_4bits:inst1|ALU:inst|AU:inst|mux41:inst8|21mux:inst|5    ; out0             ;
; |parallel_datapath|ALU_4bits:inst1|ALU:inst|AU:inst|mux41:inst8|21mux:inst|6    ; |parallel_datapath|ALU_4bits:inst1|ALU:inst|AU:inst|mux41:inst8|21mux:inst|6    ; out0             ;
; |parallel_datapath|ALU_4bits:inst1|ALU:inst|AU:inst|mux41:inst8|21mux:inst|7    ; |parallel_datapath|ALU_4bits:inst1|ALU:inst|AU:inst|mux41:inst8|21mux:inst|7    ; out0             ;
; |parallel_datapath|ALU_4bits:inst1|ALU:inst|AU:inst|mux41:inst8|21mux:inst3|5   ; |parallel_datapath|ALU_4bits:inst1|ALU:inst|AU:inst|mux41:inst8|21mux:inst3|5   ; out0             ;
; |parallel_datapath|ALU_4bits:inst1|ALU:inst|AU:inst|mux41:inst8|21mux:inst3|6   ; |parallel_datapath|ALU_4bits:inst1|ALU:inst|AU:inst|mux41:inst8|21mux:inst3|6   ; out0             ;
; |parallel_datapath|ALU_4bits:inst1|ALU:inst|AU:inst|mux41:inst8|21mux:inst3|7   ; |parallel_datapath|ALU_4bits:inst1|ALU:inst|AU:inst|mux41:inst8|21mux:inst3|7   ; out0             ;
; |parallel_datapath|ALU_4bits:inst1|ALU:inst|AU:inst|HA:inst2|inst8              ; |parallel_datapath|ALU_4bits:inst1|ALU:inst|AU:inst|HA:inst2|inst8              ; out0             ;
; |parallel_datapath|ALU_4bits:inst1|ALU:inst|AU:inst|HA:inst2|xor3:inst|1        ; |parallel_datapath|ALU_4bits:inst1|ALU:inst|AU:inst|HA:inst2|xor3:inst|1        ; out0             ;
; |parallel_datapath|ALU_4bits:inst1|ALU:inst|AU:inst|HA:inst1|inst4              ; |parallel_datapath|ALU_4bits:inst1|ALU:inst|AU:inst|HA:inst1|inst4              ; out0             ;
; |parallel_datapath|ALU_4bits:inst1|ALU:inst|AU:inst|HA:inst1|xor3:inst|1        ; |parallel_datapath|ALU_4bits:inst1|ALU:inst|AU:inst|HA:inst1|xor3:inst|1        ; out0             ;
; |parallel_datapath|ALU_4bits:inst1|ALU:inst|AU:inst|mux41:inst7|21mux:inst2|5   ; |parallel_datapath|ALU_4bits:inst1|ALU:inst|AU:inst|mux41:inst7|21mux:inst2|5   ; out0             ;
; |parallel_datapath|ALU_4bits:inst1|ALU:inst|AU:inst|mux41:inst7|21mux:inst2|6   ; |parallel_datapath|ALU_4bits:inst1|ALU:inst|AU:inst|mux41:inst7|21mux:inst2|6   ; out0             ;
; |parallel_datapath|ALU_4bits:inst1|ALU:inst|AU:inst|mux41:inst7|21mux:inst|5    ; |parallel_datapath|ALU_4bits:inst1|ALU:inst|AU:inst|mux41:inst7|21mux:inst|5    ; out0             ;
; |parallel_datapath|ALU_4bits:inst1|ALU:inst|AU:inst|mux41:inst7|21mux:inst|6    ; |parallel_datapath|ALU_4bits:inst1|ALU:inst|AU:inst|mux41:inst7|21mux:inst|6    ; out0             ;
; |parallel_datapath|ALU_4bits:inst1|ALU:inst|AU:inst|mux41:inst7|21mux:inst|7    ; |parallel_datapath|ALU_4bits:inst1|ALU:inst|AU:inst|mux41:inst7|21mux:inst|7    ; out0             ;
; |parallel_datapath|ALU_4bits:inst1|ALU:inst|AU:inst|mux41:inst7|21mux:inst3|5   ; |parallel_datapath|ALU_4bits:inst1|ALU:inst|AU:inst|mux41:inst7|21mux:inst3|5   ; out0             ;
; |parallel_datapath|ALU_4bits:inst1|ALU:inst|AU:inst|mux41:inst7|21mux:inst3|6   ; |parallel_datapath|ALU_4bits:inst1|ALU:inst|AU:inst|mux41:inst7|21mux:inst3|6   ; out0             ;
; |parallel_datapath|ALU_4bits:inst1|ALU:inst|AU:inst|mux41:inst7|21mux:inst3|7   ; |parallel_datapath|ALU_4bits:inst1|ALU:inst|AU:inst|mux41:inst7|21mux:inst3|7   ; out0             ;
; |parallel_datapath|ALU_4bits:inst1|ALU:inst|LU:inst1|inst1                      ; |parallel_datapath|ALU_4bits:inst1|ALU:inst|LU:inst1|inst1                      ; out0             ;
; |parallel_datapath|ALU_4bits:inst1|ALU:inst|LU:inst1|inst2                      ; |parallel_datapath|ALU_4bits:inst1|ALU:inst|LU:inst1|inst2                      ; out0             ;
; |parallel_datapath|ALU_4bits:inst1|ALU:inst|LU:inst1|inst3                      ; |parallel_datapath|ALU_4bits:inst1|ALU:inst|LU:inst1|inst3                      ; out0             ;
; |parallel_datapath|ALU_4bits:inst1|ALU:inst|LU:inst1|mux41:inst4|21mux:inst2|5  ; |parallel_datapath|ALU_4bits:inst1|ALU:inst|LU:inst1|mux41:inst4|21mux:inst2|5  ; out0             ;
; |parallel_datapath|ALU_4bits:inst1|ALU:inst|LU:inst1|mux41:inst4|21mux:inst2|6  ; |parallel_datapath|ALU_4bits:inst1|ALU:inst|LU:inst1|mux41:inst4|21mux:inst2|6  ; out0             ;
; |parallel_datapath|ALU_4bits:inst1|ALU:inst|LU:inst1|mux41:inst4|21mux:inst|5   ; |parallel_datapath|ALU_4bits:inst1|ALU:inst|LU:inst1|mux41:inst4|21mux:inst|5   ; out0             ;
; |parallel_datapath|ALU_4bits:inst1|ALU:inst|LU:inst1|mux41:inst4|21mux:inst|6   ; |parallel_datapath|ALU_4bits:inst1|ALU:inst|LU:inst1|mux41:inst4|21mux:inst|6   ; out0             ;
; |parallel_datapath|ALU_4bits:inst1|ALU:inst|LU:inst1|mux41:inst4|21mux:inst|7   ; |parallel_datapath|ALU_4bits:inst1|ALU:inst|LU:inst1|mux41:inst4|21mux:inst|7   ; out0             ;
; |parallel_datapath|ALU_4bits:inst1|ALU:inst|LU:inst1|mux41:inst4|21mux:inst3|5  ; |parallel_datapath|ALU_4bits:inst1|ALU:inst|LU:inst1|mux41:inst4|21mux:inst3|5  ; out0             ;
; |parallel_datapath|ALU_4bits:inst1|ALU:inst|LU:inst1|mux41:inst4|21mux:inst3|6  ; |parallel_datapath|ALU_4bits:inst1|ALU:inst|LU:inst1|mux41:inst4|21mux:inst3|6  ; out0             ;
; |parallel_datapath|ALU_4bits:inst1|ALU:inst|LU:inst1|mux41:inst4|21mux:inst3|7  ; |parallel_datapath|ALU_4bits:inst1|ALU:inst|LU:inst1|mux41:inst4|21mux:inst3|7  ; out0             ;
; |parallel_datapath|ALU_4bits:inst1|ALU:inst|21mux:inst5|5                       ; |parallel_datapath|ALU_4bits:inst1|ALU:inst|21mux:inst5|5                       ; out0             ;
; |parallel_datapath|ALU_4bits:inst1|ALU:inst|21mux:inst5|6                       ; |parallel_datapath|ALU_4bits:inst1|ALU:inst|21mux:inst5|6                       ; out0             ;
; |parallel_datapath|ALU_4bits:inst1|ALU:inst|21mux:inst5|7                       ; |parallel_datapath|ALU_4bits:inst1|ALU:inst|21mux:inst5|7                       ; out0             ;
; |parallel_datapath|ALU_4bits:inst1|ALU:inst1|21mux:inst7|6                      ; |parallel_datapath|ALU_4bits:inst1|ALU:inst1|21mux:inst7|6                      ; out0             ;
; |parallel_datapath|ALU_4bits:inst1|ALU:inst1|AU:inst|mux41:inst8|21mux:inst2|5  ; |parallel_datapath|ALU_4bits:inst1|ALU:inst1|AU:inst|mux41:inst8|21mux:inst2|5  ; out0             ;
; |parallel_datapath|ALU_4bits:inst1|ALU:inst1|AU:inst|mux41:inst8|21mux:inst2|6  ; |parallel_datapath|ALU_4bits:inst1|ALU:inst1|AU:inst|mux41:inst8|21mux:inst2|6  ; out0             ;
; |parallel_datapath|ALU_4bits:inst1|ALU:inst1|AU:inst|mux41:inst8|21mux:inst2|7  ; |parallel_datapath|ALU_4bits:inst1|ALU:inst1|AU:inst|mux41:inst8|21mux:inst2|7  ; out0             ;
; |parallel_datapath|ALU_4bits:inst1|ALU:inst1|AU:inst|mux41:inst8|21mux:inst|5   ; |parallel_datapath|ALU_4bits:inst1|ALU:inst1|AU:inst|mux41:inst8|21mux:inst|5   ; out0             ;
; |parallel_datapath|ALU_4bits:inst1|ALU:inst1|AU:inst|mux41:inst8|21mux:inst|6   ; |parallel_datapath|ALU_4bits:inst1|ALU:inst1|AU:inst|mux41:inst8|21mux:inst|6   ; out0             ;
; |parallel_datapath|ALU_4bits:inst1|ALU:inst1|AU:inst|mux41:inst8|21mux:inst|7   ; |parallel_datapath|ALU_4bits:inst1|ALU:inst1|AU:inst|mux41:inst8|21mux:inst|7   ; out0             ;
; |parallel_datapath|ALU_4bits:inst1|ALU:inst1|AU:inst|mux41:inst8|21mux:inst3|5  ; |parallel_datapath|ALU_4bits:inst1|ALU:inst1|AU:inst|mux41:inst8|21mux:inst3|5  ; out0             ;
; |parallel_datapath|ALU_4bits:inst1|ALU:inst1|AU:inst|mux41:inst8|21mux:inst3|6  ; |parallel_datapath|ALU_4bits:inst1|ALU:inst1|AU:inst|mux41:inst8|21mux:inst3|6  ; out0             ;
; |parallel_datapath|ALU_4bits:inst1|ALU:inst1|AU:inst|mux41:inst8|21mux:inst3|7  ; |parallel_datapath|ALU_4bits:inst1|ALU:inst1|AU:inst|mux41:inst8|21mux:inst3|7  ; out0             ;
; |parallel_datapath|ALU_4bits:inst1|ALU:inst1|AU:inst|HA:inst3|inst2             ; |parallel_datapath|ALU_4bits:inst1|ALU:inst1|AU:inst|HA:inst3|inst2             ; out0             ;
; |parallel_datapath|ALU_4bits:inst1|ALU:inst1|AU:inst|HA:inst3|xor3:inst|1       ; |parallel_datapath|ALU_4bits:inst1|ALU:inst1|AU:inst|HA:inst3|xor3:inst|1       ; out0             ;
; |parallel_datapath|ALU_4bits:inst1|ALU:inst1|AU:inst|HA:inst2|inst8             ; |parallel_datapath|ALU_4bits:inst1|ALU:inst1|AU:inst|HA:inst2|inst8             ; out0             ;
; |parallel_datapath|ALU_4bits:inst1|ALU:inst1|AU:inst|HA:inst2|inst2             ; |parallel_datapath|ALU_4bits:inst1|ALU:inst1|AU:inst|HA:inst2|inst2             ; out0             ;
; |parallel_datapath|ALU_4bits:inst1|ALU:inst1|AU:inst|HA:inst2|inst3             ; |parallel_datapath|ALU_4bits:inst1|ALU:inst1|AU:inst|HA:inst2|inst3             ; out0             ;
; |parallel_datapath|ALU_4bits:inst1|ALU:inst1|AU:inst|HA:inst2|inst4             ; |parallel_datapath|ALU_4bits:inst1|ALU:inst1|AU:inst|HA:inst2|inst4             ; out0             ;
; |parallel_datapath|ALU_4bits:inst1|ALU:inst1|AU:inst|HA:inst2|xor3:inst|1       ; |parallel_datapath|ALU_4bits:inst1|ALU:inst1|AU:inst|HA:inst2|xor3:inst|1       ; out0             ;
; |parallel_datapath|ALU_4bits:inst1|ALU:inst1|AU:inst|HA:inst2|xor3:inst|3       ; |parallel_datapath|ALU_4bits:inst1|ALU:inst1|AU:inst|HA:inst2|xor3:inst|3       ; out0             ;
; |parallel_datapath|ALU_4bits:inst1|ALU:inst1|AU:inst|HA:inst1|inst8             ; |parallel_datapath|ALU_4bits:inst1|ALU:inst1|AU:inst|HA:inst1|inst8             ; out0             ;
; |parallel_datapath|ALU_4bits:inst1|ALU:inst1|AU:inst|HA:inst1|inst2             ; |parallel_datapath|ALU_4bits:inst1|ALU:inst1|AU:inst|HA:inst1|inst2             ; out0             ;
; |parallel_datapath|ALU_4bits:inst1|ALU:inst1|AU:inst|HA:inst1|inst3             ; |parallel_datapath|ALU_4bits:inst1|ALU:inst1|AU:inst|HA:inst1|inst3             ; out0             ;
; |parallel_datapath|ALU_4bits:inst1|ALU:inst1|AU:inst|HA:inst1|inst4             ; |parallel_datapath|ALU_4bits:inst1|ALU:inst1|AU:inst|HA:inst1|inst4             ; out0             ;
; |parallel_datapath|ALU_4bits:inst1|ALU:inst1|AU:inst|HA:inst1|xor3:inst|1       ; |parallel_datapath|ALU_4bits:inst1|ALU:inst1|AU:inst|HA:inst1|xor3:inst|1       ; out0             ;
; |parallel_datapath|ALU_4bits:inst1|ALU:inst1|AU:inst|HA:inst1|xor3:inst|3       ; |parallel_datapath|ALU_4bits:inst1|ALU:inst1|AU:inst|HA:inst1|xor3:inst|3       ; out0             ;
; |parallel_datapath|ALU_4bits:inst1|ALU:inst1|AU:inst|HA:inst|inst8              ; |parallel_datapath|ALU_4bits:inst1|ALU:inst1|AU:inst|HA:inst|inst8              ; out0             ;
; |parallel_datapath|ALU_4bits:inst1|ALU:inst1|AU:inst|HA:inst|inst2              ; |parallel_datapath|ALU_4bits:inst1|ALU:inst1|AU:inst|HA:inst|inst2              ; out0             ;
; |parallel_datapath|ALU_4bits:inst1|ALU:inst1|AU:inst|HA:inst|xor3:inst|1        ; |parallel_datapath|ALU_4bits:inst1|ALU:inst1|AU:inst|HA:inst|xor3:inst|1        ; out0             ;
; |parallel_datapath|ALU_4bits:inst1|ALU:inst1|AU:inst|mux41:inst7|21mux:inst2|5  ; |parallel_datapath|ALU_4bits:inst1|ALU:inst1|AU:inst|mux41:inst7|21mux:inst2|5  ; out0             ;
; |parallel_datapath|ALU_4bits:inst1|ALU:inst1|AU:inst|mux41:inst7|21mux:inst2|6  ; |parallel_datapath|ALU_4bits:inst1|ALU:inst1|AU:inst|mux41:inst7|21mux:inst2|6  ; out0             ;
; |parallel_datapath|ALU_4bits:inst1|ALU:inst1|AU:inst|mux41:inst7|21mux:inst2|7  ; |parallel_datapath|ALU_4bits:inst1|ALU:inst1|AU:inst|mux41:inst7|21mux:inst2|7  ; out0             ;
; |parallel_datapath|ALU_4bits:inst1|ALU:inst1|AU:inst|mux41:inst7|21mux:inst|5   ; |parallel_datapath|ALU_4bits:inst1|ALU:inst1|AU:inst|mux41:inst7|21mux:inst|5   ; out0             ;
; |parallel_datapath|ALU_4bits:inst1|ALU:inst1|AU:inst|mux41:inst7|21mux:inst|6   ; |parallel_datapath|ALU_4bits:inst1|ALU:inst1|AU:inst|mux41:inst7|21mux:inst|6   ; out0             ;
; |parallel_datapath|ALU_4bits:inst1|ALU:inst1|AU:inst|mux41:inst7|21mux:inst|7   ; |parallel_datapath|ALU_4bits:inst1|ALU:inst1|AU:inst|mux41:inst7|21mux:inst|7   ; out0             ;
; |parallel_datapath|ALU_4bits:inst1|ALU:inst1|AU:inst|mux41:inst7|21mux:inst3|5  ; |parallel_datapath|ALU_4bits:inst1|ALU:inst1|AU:inst|mux41:inst7|21mux:inst3|5  ; out0             ;
; |parallel_datapath|ALU_4bits:inst1|ALU:inst1|AU:inst|mux41:inst7|21mux:inst3|6  ; |parallel_datapath|ALU_4bits:inst1|ALU:inst1|AU:inst|mux41:inst7|21mux:inst3|6  ; out0             ;
; |parallel_datapath|ALU_4bits:inst1|ALU:inst1|AU:inst|mux41:inst7|21mux:inst3|7  ; |parallel_datapath|ALU_4bits:inst1|ALU:inst1|AU:inst|mux41:inst7|21mux:inst3|7  ; out0             ;
; |parallel_datapath|ALU_4bits:inst1|ALU:inst1|LU:inst1|inst1                     ; |parallel_datapath|ALU_4bits:inst1|ALU:inst1|LU:inst1|inst1                     ; out0             ;
; |parallel_datapath|ALU_4bits:inst1|ALU:inst1|LU:inst1|inst2                     ; |parallel_datapath|ALU_4bits:inst1|ALU:inst1|LU:inst1|inst2                     ; out0             ;
; |parallel_datapath|ALU_4bits:inst1|ALU:inst1|LU:inst1|inst3                     ; |parallel_datapath|ALU_4bits:inst1|ALU:inst1|LU:inst1|inst3                     ; out0             ;
; |parallel_datapath|ALU_4bits:inst1|ALU:inst1|LU:inst1|mux41:inst4|21mux:inst2|5 ; |parallel_datapath|ALU_4bits:inst1|ALU:inst1|LU:inst1|mux41:inst4|21mux:inst2|5 ; out0             ;
; |parallel_datapath|ALU_4bits:inst1|ALU:inst1|LU:inst1|mux41:inst4|21mux:inst2|6 ; |parallel_datapath|ALU_4bits:inst1|ALU:inst1|LU:inst1|mux41:inst4|21mux:inst2|6 ; out0             ;
; |parallel_datapath|ALU_4bits:inst1|ALU:inst1|LU:inst1|mux41:inst4|21mux:inst|5  ; |parallel_datapath|ALU_4bits:inst1|ALU:inst1|LU:inst1|mux41:inst4|21mux:inst|5  ; out0             ;
; |parallel_datapath|ALU_4bits:inst1|ALU:inst1|LU:inst1|mux41:inst4|21mux:inst|6  ; |parallel_datapath|ALU_4bits:inst1|ALU:inst1|LU:inst1|mux41:inst4|21mux:inst|6  ; out0             ;
; |parallel_datapath|ALU_4bits:inst1|ALU:inst1|LU:inst1|mux41:inst4|21mux:inst|7  ; |parallel_datapath|ALU_4bits:inst1|ALU:inst1|LU:inst1|mux41:inst4|21mux:inst|7  ; out0             ;
; |parallel_datapath|ALU_4bits:inst1|ALU:inst1|LU:inst1|mux41:inst4|21mux:inst3|5 ; |parallel_datapath|ALU_4bits:inst1|ALU:inst1|LU:inst1|mux41:inst4|21mux:inst3|5 ; out0             ;
; |parallel_datapath|ALU_4bits:inst1|ALU:inst1|LU:inst1|mux41:inst4|21mux:inst3|6 ; |parallel_datapath|ALU_4bits:inst1|ALU:inst1|LU:inst1|mux41:inst4|21mux:inst3|6 ; out0             ;
; |parallel_datapath|ALU_4bits:inst1|ALU:inst1|LU:inst1|mux41:inst4|21mux:inst3|7 ; |parallel_datapath|ALU_4bits:inst1|ALU:inst1|LU:inst1|mux41:inst4|21mux:inst3|7 ; out0             ;
; |parallel_datapath|ALU_4bits:inst1|ALU:inst1|21mux:inst5|5                      ; |parallel_datapath|ALU_4bits:inst1|ALU:inst1|21mux:inst5|5                      ; out0             ;
; |parallel_datapath|ALU_4bits:inst1|ALU:inst1|21mux:inst5|6                      ; |parallel_datapath|ALU_4bits:inst1|ALU:inst1|21mux:inst5|6                      ; out0             ;
; |parallel_datapath|ALU_4bits:inst1|ALU:inst1|21mux:inst5|7                      ; |parallel_datapath|ALU_4bits:inst1|ALU:inst1|21mux:inst5|7                      ; out0             ;
; |parallel_datapath|ALU_4bits:inst1|ALU:inst2|21mux:inst7|6                      ; |parallel_datapath|ALU_4bits:inst1|ALU:inst2|21mux:inst7|6                      ; out0             ;
; |parallel_datapath|ALU_4bits:inst1|ALU:inst2|AU:inst|mux41:inst8|21mux:inst2|5  ; |parallel_datapath|ALU_4bits:inst1|ALU:inst2|AU:inst|mux41:inst8|21mux:inst2|5  ; out0             ;
; |parallel_datapath|ALU_4bits:inst1|ALU:inst2|AU:inst|mux41:inst8|21mux:inst2|6  ; |parallel_datapath|ALU_4bits:inst1|ALU:inst2|AU:inst|mux41:inst8|21mux:inst2|6  ; out0             ;
; |parallel_datapath|ALU_4bits:inst1|ALU:inst2|AU:inst|mux41:inst8|21mux:inst2|7  ; |parallel_datapath|ALU_4bits:inst1|ALU:inst2|AU:inst|mux41:inst8|21mux:inst2|7  ; out0             ;
; |parallel_datapath|ALU_4bits:inst1|ALU:inst2|AU:inst|mux41:inst8|21mux:inst|5   ; |parallel_datapath|ALU_4bits:inst1|ALU:inst2|AU:inst|mux41:inst8|21mux:inst|5   ; out0             ;
; |parallel_datapath|ALU_4bits:inst1|ALU:inst2|AU:inst|mux41:inst8|21mux:inst|6   ; |parallel_datapath|ALU_4bits:inst1|ALU:inst2|AU:inst|mux41:inst8|21mux:inst|6   ; out0             ;
; |parallel_datapath|ALU_4bits:inst1|ALU:inst2|AU:inst|mux41:inst8|21mux:inst|7   ; |parallel_datapath|ALU_4bits:inst1|ALU:inst2|AU:inst|mux41:inst8|21mux:inst|7   ; out0             ;
; |parallel_datapath|ALU_4bits:inst1|ALU:inst2|AU:inst|mux41:inst8|21mux:inst3|5  ; |parallel_datapath|ALU_4bits:inst1|ALU:inst2|AU:inst|mux41:inst8|21mux:inst3|5  ; out0             ;
; |parallel_datapath|ALU_4bits:inst1|ALU:inst2|AU:inst|mux41:inst8|21mux:inst3|6  ; |parallel_datapath|ALU_4bits:inst1|ALU:inst2|AU:inst|mux41:inst8|21mux:inst3|6  ; out0             ;
; |parallel_datapath|ALU_4bits:inst1|ALU:inst2|AU:inst|mux41:inst8|21mux:inst3|7  ; |parallel_datapath|ALU_4bits:inst1|ALU:inst2|AU:inst|mux41:inst8|21mux:inst3|7  ; out0             ;
; |parallel_datapath|ALU_4bits:inst1|ALU:inst2|AU:inst|HA:inst3|inst2             ; |parallel_datapath|ALU_4bits:inst1|ALU:inst2|AU:inst|HA:inst3|inst2             ; out0             ;
; |parallel_datapath|ALU_4bits:inst1|ALU:inst2|AU:inst|HA:inst3|xor3:inst|1       ; |parallel_datapath|ALU_4bits:inst1|ALU:inst2|AU:inst|HA:inst3|xor3:inst|1       ; out0             ;
; |parallel_datapath|ALU_4bits:inst1|ALU:inst2|AU:inst|HA:inst2|inst8             ; |parallel_datapath|ALU_4bits:inst1|ALU:inst2|AU:inst|HA:inst2|inst8             ; out0             ;
; |parallel_datapath|ALU_4bits:inst1|ALU:inst2|AU:inst|HA:inst2|inst2             ; |parallel_datapath|ALU_4bits:inst1|ALU:inst2|AU:inst|HA:inst2|inst2             ; out0             ;
; |parallel_datapath|ALU_4bits:inst1|ALU:inst2|AU:inst|HA:inst2|inst3             ; |parallel_datapath|ALU_4bits:inst1|ALU:inst2|AU:inst|HA:inst2|inst3             ; out0             ;
; |parallel_datapath|ALU_4bits:inst1|ALU:inst2|AU:inst|HA:inst2|inst4             ; |parallel_datapath|ALU_4bits:inst1|ALU:inst2|AU:inst|HA:inst2|inst4             ; out0             ;
; |parallel_datapath|ALU_4bits:inst1|ALU:inst2|AU:inst|HA:inst2|xor3:inst|1       ; |parallel_datapath|ALU_4bits:inst1|ALU:inst2|AU:inst|HA:inst2|xor3:inst|1       ; out0             ;
; |parallel_datapath|ALU_4bits:inst1|ALU:inst2|AU:inst|HA:inst2|xor3:inst|3       ; |parallel_datapath|ALU_4bits:inst1|ALU:inst2|AU:inst|HA:inst2|xor3:inst|3       ; out0             ;
; |parallel_datapath|ALU_4bits:inst1|ALU:inst2|AU:inst|HA:inst1|inst8             ; |parallel_datapath|ALU_4bits:inst1|ALU:inst2|AU:inst|HA:inst1|inst8             ; out0             ;
; |parallel_datapath|ALU_4bits:inst1|ALU:inst2|AU:inst|HA:inst1|inst2             ; |parallel_datapath|ALU_4bits:inst1|ALU:inst2|AU:inst|HA:inst1|inst2             ; out0             ;
; |parallel_datapath|ALU_4bits:inst1|ALU:inst2|AU:inst|HA:inst1|inst3             ; |parallel_datapath|ALU_4bits:inst1|ALU:inst2|AU:inst|HA:inst1|inst3             ; out0             ;
; |parallel_datapath|ALU_4bits:inst1|ALU:inst2|AU:inst|HA:inst1|inst4             ; |parallel_datapath|ALU_4bits:inst1|ALU:inst2|AU:inst|HA:inst1|inst4             ; out0             ;
; |parallel_datapath|ALU_4bits:inst1|ALU:inst2|AU:inst|HA:inst1|xor3:inst|1       ; |parallel_datapath|ALU_4bits:inst1|ALU:inst2|AU:inst|HA:inst1|xor3:inst|1       ; out0             ;
; |parallel_datapath|ALU_4bits:inst1|ALU:inst2|AU:inst|HA:inst1|xor3:inst|3       ; |parallel_datapath|ALU_4bits:inst1|ALU:inst2|AU:inst|HA:inst1|xor3:inst|3       ; out0             ;
; |parallel_datapath|ALU_4bits:inst1|ALU:inst2|AU:inst|HA:inst|inst8              ; |parallel_datapath|ALU_4bits:inst1|ALU:inst2|AU:inst|HA:inst|inst8              ; out0             ;
; |parallel_datapath|ALU_4bits:inst1|ALU:inst2|AU:inst|HA:inst|inst2              ; |parallel_datapath|ALU_4bits:inst1|ALU:inst2|AU:inst|HA:inst|inst2              ; out0             ;
; |parallel_datapath|ALU_4bits:inst1|ALU:inst2|AU:inst|HA:inst|xor3:inst|1        ; |parallel_datapath|ALU_4bits:inst1|ALU:inst2|AU:inst|HA:inst|xor3:inst|1        ; out0             ;
; |parallel_datapath|ALU_4bits:inst1|ALU:inst2|AU:inst|mux41:inst7|21mux:inst2|5  ; |parallel_datapath|ALU_4bits:inst1|ALU:inst2|AU:inst|mux41:inst7|21mux:inst2|5  ; out0             ;
; |parallel_datapath|ALU_4bits:inst1|ALU:inst2|AU:inst|mux41:inst7|21mux:inst2|6  ; |parallel_datapath|ALU_4bits:inst1|ALU:inst2|AU:inst|mux41:inst7|21mux:inst2|6  ; out0             ;
; |parallel_datapath|ALU_4bits:inst1|ALU:inst2|AU:inst|mux41:inst7|21mux:inst|5   ; |parallel_datapath|ALU_4bits:inst1|ALU:inst2|AU:inst|mux41:inst7|21mux:inst|5   ; out0             ;
; |parallel_datapath|ALU_4bits:inst1|ALU:inst2|AU:inst|mux41:inst7|21mux:inst|6   ; |parallel_datapath|ALU_4bits:inst1|ALU:inst2|AU:inst|mux41:inst7|21mux:inst|6   ; out0             ;
; |parallel_datapath|ALU_4bits:inst1|ALU:inst2|AU:inst|mux41:inst7|21mux:inst|7   ; |parallel_datapath|ALU_4bits:inst1|ALU:inst2|AU:inst|mux41:inst7|21mux:inst|7   ; out0             ;
; |parallel_datapath|ALU_4bits:inst1|ALU:inst2|AU:inst|mux41:inst7|21mux:inst3|5  ; |parallel_datapath|ALU_4bits:inst1|ALU:inst2|AU:inst|mux41:inst7|21mux:inst3|5  ; out0             ;
; |parallel_datapath|ALU_4bits:inst1|ALU:inst2|AU:inst|mux41:inst7|21mux:inst3|6  ; |parallel_datapath|ALU_4bits:inst1|ALU:inst2|AU:inst|mux41:inst7|21mux:inst3|6  ; out0             ;
; |parallel_datapath|ALU_4bits:inst1|ALU:inst2|AU:inst|mux41:inst7|21mux:inst3|7  ; |parallel_datapath|ALU_4bits:inst1|ALU:inst2|AU:inst|mux41:inst7|21mux:inst3|7  ; out0             ;
; |parallel_datapath|ALU_4bits:inst1|ALU:inst2|LU:inst1|inst1                     ; |parallel_datapath|ALU_4bits:inst1|ALU:inst2|LU:inst1|inst1                     ; out0             ;
; |parallel_datapath|ALU_4bits:inst1|ALU:inst2|LU:inst1|inst2                     ; |parallel_datapath|ALU_4bits:inst1|ALU:inst2|LU:inst1|inst2                     ; out0             ;
; |parallel_datapath|ALU_4bits:inst1|ALU:inst2|LU:inst1|inst3                     ; |parallel_datapath|ALU_4bits:inst1|ALU:inst2|LU:inst1|inst3                     ; out0             ;
; |parallel_datapath|ALU_4bits:inst1|ALU:inst2|LU:inst1|mux41:inst4|21mux:inst2|5 ; |parallel_datapath|ALU_4bits:inst1|ALU:inst2|LU:inst1|mux41:inst4|21mux:inst2|5 ; out0             ;
; |parallel_datapath|ALU_4bits:inst1|ALU:inst2|LU:inst1|mux41:inst4|21mux:inst2|6 ; |parallel_datapath|ALU_4bits:inst1|ALU:inst2|LU:inst1|mux41:inst4|21mux:inst2|6 ; out0             ;
; |parallel_datapath|ALU_4bits:inst1|ALU:inst2|LU:inst1|mux41:inst4|21mux:inst2|7 ; |parallel_datapath|ALU_4bits:inst1|ALU:inst2|LU:inst1|mux41:inst4|21mux:inst2|7 ; out0             ;
; |parallel_datapath|ALU_4bits:inst1|ALU:inst2|LU:inst1|mux41:inst4|21mux:inst|5  ; |parallel_datapath|ALU_4bits:inst1|ALU:inst2|LU:inst1|mux41:inst4|21mux:inst|5  ; out0             ;
; |parallel_datapath|ALU_4bits:inst1|ALU:inst2|LU:inst1|mux41:inst4|21mux:inst|6  ; |parallel_datapath|ALU_4bits:inst1|ALU:inst2|LU:inst1|mux41:inst4|21mux:inst|6  ; out0             ;
; |parallel_datapath|ALU_4bits:inst1|ALU:inst2|LU:inst1|mux41:inst4|21mux:inst3|5 ; |parallel_datapath|ALU_4bits:inst1|ALU:inst2|LU:inst1|mux41:inst4|21mux:inst3|5 ; out0             ;
; |parallel_datapath|ALU_4bits:inst1|ALU:inst2|LU:inst1|mux41:inst4|21mux:inst3|6 ; |parallel_datapath|ALU_4bits:inst1|ALU:inst2|LU:inst1|mux41:inst4|21mux:inst3|6 ; out0             ;
; |parallel_datapath|ALU_4bits:inst1|ALU:inst2|21mux:inst5|5                      ; |parallel_datapath|ALU_4bits:inst1|ALU:inst2|21mux:inst5|5                      ; out0             ;
; |parallel_datapath|ALU_4bits:inst1|ALU:inst2|21mux:inst5|6                      ; |parallel_datapath|ALU_4bits:inst1|ALU:inst2|21mux:inst5|6                      ; out0             ;
; |parallel_datapath|mux21_4bit:inst2|21mux:inst3|5                               ; |parallel_datapath|mux21_4bit:inst2|21mux:inst3|5                               ; out0             ;
; |parallel_datapath|mux21_4bit:inst2|21mux:inst3|7                               ; |parallel_datapath|mux21_4bit:inst2|21mux:inst3|7                               ; out0             ;
; |parallel_datapath|mux21_4bit:inst2|21mux:inst1|5                               ; |parallel_datapath|mux21_4bit:inst2|21mux:inst1|5                               ; out0             ;
; |parallel_datapath|mux21_4bit:inst2|21mux:inst1|7                               ; |parallel_datapath|mux21_4bit:inst2|21mux:inst1|7                               ; out0             ;
; |parallel_datapath|mux21_4bit:inst2|21mux:inst|5                                ; |parallel_datapath|mux21_4bit:inst2|21mux:inst|5                                ; out0             ;
; |parallel_datapath|mux21_4bit:inst2|21mux:inst|7                                ; |parallel_datapath|mux21_4bit:inst2|21mux:inst|7                                ; out0             ;
; |parallel_datapath|mux21_4bit:inst2|21mux:inst2|5                               ; |parallel_datapath|mux21_4bit:inst2|21mux:inst2|5                               ; out0             ;
; |parallel_datapath|mux21_4bit:inst2|21mux:inst2|7                               ; |parallel_datapath|mux21_4bit:inst2|21mux:inst2|7                               ; out0             ;
; |parallel_datapath|RF:inst|A[2]                                                 ; |parallel_datapath|RF:inst|A[2]                                                 ; out0             ;
; |parallel_datapath|RF:inst|A[1]                                                 ; |parallel_datapath|RF:inst|A[1]                                                 ; out0             ;
; |parallel_datapath|RF:inst|A[0]                                                 ; |parallel_datapath|RF:inst|A[0]                                                 ; out0             ;
; |parallel_datapath|RF:inst|A[3]                                                 ; |parallel_datapath|RF:inst|A[3]                                                 ; out0             ;
; |parallel_datapath|RF:inst|B[2]                                                 ; |parallel_datapath|RF:inst|B[2]                                                 ; out0             ;
; |parallel_datapath|RF:inst|B[1]                                                 ; |parallel_datapath|RF:inst|B[1]                                                 ; out0             ;
; |parallel_datapath|RF:inst|B[0]                                                 ; |parallel_datapath|RF:inst|B[0]                                                 ; out0             ;
; |parallel_datapath|RF:inst|B[3]                                                 ; |parallel_datapath|RF:inst|B[3]                                                 ; out0             ;
; |parallel_datapath|RF:inst|RFC:inst10|inst3                                     ; |parallel_datapath|RF:inst|RFC:inst10|inst3                                     ; out0             ;
; |parallel_datapath|RF:inst|RFC:inst8|inst3                                      ; |parallel_datapath|RF:inst|RFC:inst8|inst3                                      ; out0             ;
; |parallel_datapath|RF:inst|RFC:inst8|inst2                                      ; |parallel_datapath|RF:inst|RFC:inst8|inst2                                      ; out0             ;
; |parallel_datapath|RF:inst|RFC:inst8|inst7                                      ; |parallel_datapath|RF:inst|RFC:inst8|inst7                                      ; out0             ;
; |parallel_datapath|RF:inst|RFC:inst8|21mux:inst1|5                              ; |parallel_datapath|RF:inst|RFC:inst8|21mux:inst1|5                              ; out0             ;
; |parallel_datapath|RF:inst|RFC:inst8|21mux:inst1|6                              ; |parallel_datapath|RF:inst|RFC:inst8|21mux:inst1|6                              ; out0             ;
; |parallel_datapath|RF:inst|RFC:inst|inst5                                       ; |parallel_datapath|RF:inst|RFC:inst|inst5                                       ; out              ;
; |parallel_datapath|RF:inst|RFC:inst|inst                                        ; |parallel_datapath|RF:inst|RFC:inst|inst                                        ; regout           ;
; |parallel_datapath|RF:inst|RFC:inst|inst3                                       ; |parallel_datapath|RF:inst|RFC:inst|inst3                                       ; out0             ;
; |parallel_datapath|RF:inst|RFC:inst|21mux:inst1|7                               ; |parallel_datapath|RF:inst|RFC:inst|21mux:inst1|7                               ; out0             ;
; |parallel_datapath|RF:inst|RFC:inst2|inst3                                      ; |parallel_datapath|RF:inst|RFC:inst2|inst3                                      ; out0             ;
; |parallel_datapath|RF:inst|RFC:inst2|inst2                                      ; |parallel_datapath|RF:inst|RFC:inst2|inst2                                      ; out0             ;
; |parallel_datapath|RF:inst|RFC:inst2|inst7                                      ; |parallel_datapath|RF:inst|RFC:inst2|inst7                                      ; out0             ;
; |parallel_datapath|RF:inst|RFC:inst2|21mux:inst1|5                              ; |parallel_datapath|RF:inst|RFC:inst2|21mux:inst1|5                              ; out0             ;
; |parallel_datapath|RF:inst|RFC:inst2|21mux:inst1|6                              ; |parallel_datapath|RF:inst|RFC:inst2|21mux:inst1|6                              ; out0             ;
; |parallel_datapath|RF:inst|RFC:inst15|inst                                      ; |parallel_datapath|RF:inst|RFC:inst15|inst                                      ; regout           ;
; |parallel_datapath|RF:inst|RFC:inst15|inst3                                     ; |parallel_datapath|RF:inst|RFC:inst15|inst3                                     ; out0             ;
; |parallel_datapath|RF:inst|RFC:inst15|inst2                                     ; |parallel_datapath|RF:inst|RFC:inst15|inst2                                     ; out0             ;
; |parallel_datapath|RF:inst|RFC:inst15|inst7                                     ; |parallel_datapath|RF:inst|RFC:inst15|inst7                                     ; out0             ;
; |parallel_datapath|RF:inst|RFC:inst15|inst6                                     ; |parallel_datapath|RF:inst|RFC:inst15|inst6                                     ; out              ;
; |parallel_datapath|RF:inst|RFC:inst15|21mux:inst1|5                             ; |parallel_datapath|RF:inst|RFC:inst15|21mux:inst1|5                             ; out0             ;
; |parallel_datapath|RF:inst|RFC:inst15|21mux:inst1|6                             ; |parallel_datapath|RF:inst|RFC:inst15|21mux:inst1|6                             ; out0             ;
; |parallel_datapath|RF:inst|RFC:inst15|21mux:inst1|7                             ; |parallel_datapath|RF:inst|RFC:inst15|21mux:inst1|7                             ; out0             ;
; |parallel_datapath|RF:inst|RFC:inst13|inst5                                     ; |parallel_datapath|RF:inst|RFC:inst13|inst5                                     ; out              ;
; |parallel_datapath|RF:inst|RFC:inst13|inst                                      ; |parallel_datapath|RF:inst|RFC:inst13|inst                                      ; regout           ;
; |parallel_datapath|RF:inst|RFC:inst13|inst3                                     ; |parallel_datapath|RF:inst|RFC:inst13|inst3                                     ; out0             ;
; |parallel_datapath|RF:inst|RFC:inst13|inst2                                     ; |parallel_datapath|RF:inst|RFC:inst13|inst2                                     ; out0             ;
; |parallel_datapath|RF:inst|RFC:inst13|inst7                                     ; |parallel_datapath|RF:inst|RFC:inst13|inst7                                     ; out0             ;
; |parallel_datapath|RF:inst|RFC:inst13|21mux:inst1|5                             ; |parallel_datapath|RF:inst|RFC:inst13|21mux:inst1|5                             ; out0             ;
; |parallel_datapath|RF:inst|RFC:inst13|21mux:inst1|6                             ; |parallel_datapath|RF:inst|RFC:inst13|21mux:inst1|6                             ; out0             ;
; |parallel_datapath|RF:inst|RFC:inst13|21mux:inst1|7                             ; |parallel_datapath|RF:inst|RFC:inst13|21mux:inst1|7                             ; out0             ;
; |parallel_datapath|RF:inst|RFC:inst7|inst3                                      ; |parallel_datapath|RF:inst|RFC:inst7|inst3                                      ; out0             ;
; |parallel_datapath|RF:inst|RFC:inst7|inst2                                      ; |parallel_datapath|RF:inst|RFC:inst7|inst2                                      ; out0             ;
; |parallel_datapath|RF:inst|RFC:inst7|inst7                                      ; |parallel_datapath|RF:inst|RFC:inst7|inst7                                      ; out0             ;
; |parallel_datapath|RF:inst|RFC:inst7|21mux:inst1|6                              ; |parallel_datapath|RF:inst|RFC:inst7|21mux:inst1|6                              ; out0             ;
; |parallel_datapath|RF:inst|RFC:inst5|inst5                                      ; |parallel_datapath|RF:inst|RFC:inst5|inst5                                      ; out              ;
; |parallel_datapath|RF:inst|RFC:inst5|inst                                       ; |parallel_datapath|RF:inst|RFC:inst5|inst                                       ; regout           ;
; |parallel_datapath|RF:inst|RFC:inst5|inst3                                      ; |parallel_datapath|RF:inst|RFC:inst5|inst3                                      ; out0             ;
; |parallel_datapath|RF:inst|RFC:inst5|inst2                                      ; |parallel_datapath|RF:inst|RFC:inst5|inst2                                      ; out0             ;
; |parallel_datapath|RF:inst|RFC:inst5|inst8                                      ; |parallel_datapath|RF:inst|RFC:inst5|inst8                                      ; out0             ;
; |parallel_datapath|RF:inst|RFC:inst5|21mux:inst1|5                              ; |parallel_datapath|RF:inst|RFC:inst5|21mux:inst1|5                              ; out0             ;
; |parallel_datapath|RF:inst|RFC:inst5|21mux:inst1|6                              ; |parallel_datapath|RF:inst|RFC:inst5|21mux:inst1|6                              ; out0             ;
; |parallel_datapath|RF:inst|RFC:inst5|21mux:inst1|7                              ; |parallel_datapath|RF:inst|RFC:inst5|21mux:inst1|7                              ; out0             ;
; |parallel_datapath|RF:inst|RFC:inst12|inst5                                     ; |parallel_datapath|RF:inst|RFC:inst12|inst5                                     ; out              ;
; |parallel_datapath|RF:inst|RFC:inst12|inst                                      ; |parallel_datapath|RF:inst|RFC:inst12|inst                                      ; regout           ;
; |parallel_datapath|RF:inst|RFC:inst12|inst3                                     ; |parallel_datapath|RF:inst|RFC:inst12|inst3                                     ; out0             ;
; |parallel_datapath|RF:inst|RFC:inst12|inst2                                     ; |parallel_datapath|RF:inst|RFC:inst12|inst2                                     ; out0             ;
; |parallel_datapath|RF:inst|RFC:inst12|inst7                                     ; |parallel_datapath|RF:inst|RFC:inst12|inst7                                     ; out0             ;
; |parallel_datapath|RF:inst|RFC:inst12|21mux:inst1|5                             ; |parallel_datapath|RF:inst|RFC:inst12|21mux:inst1|5                             ; out0             ;
; |parallel_datapath|RF:inst|RFC:inst12|21mux:inst1|6                             ; |parallel_datapath|RF:inst|RFC:inst12|21mux:inst1|6                             ; out0             ;
; |parallel_datapath|RF:inst|RFC:inst12|21mux:inst1|7                             ; |parallel_datapath|RF:inst|RFC:inst12|21mux:inst1|7                             ; out0             ;
; |parallel_datapath|RF:inst|RFC:inst14|inst3                                     ; |parallel_datapath|RF:inst|RFC:inst14|inst3                                     ; out0             ;
; |parallel_datapath|RF:inst|RFC:inst14|inst2                                     ; |parallel_datapath|RF:inst|RFC:inst14|inst2                                     ; out0             ;
; |parallel_datapath|RF:inst|RFC:inst14|inst7                                     ; |parallel_datapath|RF:inst|RFC:inst14|inst7                                     ; out0             ;
; |parallel_datapath|RF:inst|RFC:inst14|21mux:inst1|5                             ; |parallel_datapath|RF:inst|RFC:inst14|21mux:inst1|5                             ; out0             ;
; |parallel_datapath|RF:inst|RFC:inst14|21mux:inst1|6                             ; |parallel_datapath|RF:inst|RFC:inst14|21mux:inst1|6                             ; out0             ;
; |parallel_datapath|RF:inst|RFC:inst6|inst3                                      ; |parallel_datapath|RF:inst|RFC:inst6|inst3                                      ; out0             ;
; |parallel_datapath|RF:inst|RFC:inst6|inst2                                      ; |parallel_datapath|RF:inst|RFC:inst6|inst2                                      ; out0             ;
; |parallel_datapath|RF:inst|RFC:inst6|inst7                                      ; |parallel_datapath|RF:inst|RFC:inst6|inst7                                      ; out0             ;
; |parallel_datapath|RF:inst|RFC:inst6|21mux:inst1|5                              ; |parallel_datapath|RF:inst|RFC:inst6|21mux:inst1|5                              ; out0             ;
; |parallel_datapath|RF:inst|RFC:inst6|21mux:inst1|6                              ; |parallel_datapath|RF:inst|RFC:inst6|21mux:inst1|6                              ; out0             ;
; |parallel_datapath|RF:inst|RFC:inst4|inst5                                      ; |parallel_datapath|RF:inst|RFC:inst4|inst5                                      ; out              ;
; |parallel_datapath|RF:inst|RFC:inst4|inst                                       ; |parallel_datapath|RF:inst|RFC:inst4|inst                                       ; regout           ;
; |parallel_datapath|RF:inst|RFC:inst4|inst3                                      ; |parallel_datapath|RF:inst|RFC:inst4|inst3                                      ; out0             ;
; |parallel_datapath|RF:inst|RFC:inst4|inst2                                      ; |parallel_datapath|RF:inst|RFC:inst4|inst2                                      ; out0             ;
; |parallel_datapath|RF:inst|RFC:inst4|inst8                                      ; |parallel_datapath|RF:inst|RFC:inst4|inst8                                      ; out0             ;
; |parallel_datapath|RF:inst|RFC:inst4|21mux:inst1|5                              ; |parallel_datapath|RF:inst|RFC:inst4|21mux:inst1|5                              ; out0             ;
; |parallel_datapath|RF:inst|RFC:inst4|21mux:inst1|6                              ; |parallel_datapath|RF:inst|RFC:inst4|21mux:inst1|6                              ; out0             ;
; |parallel_datapath|RF:inst|RFC:inst4|21mux:inst1|7                              ; |parallel_datapath|RF:inst|RFC:inst4|21mux:inst1|7                              ; out0             ;
; |parallel_datapath|RF:inst|RFC:inst9|inst5                                      ; |parallel_datapath|RF:inst|RFC:inst9|inst5                                      ; out              ;
; |parallel_datapath|RF:inst|RFC:inst9|inst3                                      ; |parallel_datapath|RF:inst|RFC:inst9|inst3                                      ; out0             ;
; |parallel_datapath|RF:inst|RFC:inst9|inst2                                      ; |parallel_datapath|RF:inst|RFC:inst9|inst2                                      ; out0             ;
; |parallel_datapath|RF:inst|RFC:inst9|inst7                                      ; |parallel_datapath|RF:inst|RFC:inst9|inst7                                      ; out0             ;
; |parallel_datapath|RF:inst|RFC:inst9|21mux:inst1|5                              ; |parallel_datapath|RF:inst|RFC:inst9|21mux:inst1|5                              ; out0             ;
; |parallel_datapath|RF:inst|RFC:inst9|21mux:inst1|6                              ; |parallel_datapath|RF:inst|RFC:inst9|21mux:inst1|6                              ; out0             ;
; |parallel_datapath|RF:inst|RFC:inst9|21mux:inst1|7                              ; |parallel_datapath|RF:inst|RFC:inst9|21mux:inst1|7                              ; out0             ;
; |parallel_datapath|RF:inst|RFC:inst11|inst3                                     ; |parallel_datapath|RF:inst|RFC:inst11|inst3                                     ; out0             ;
; |parallel_datapath|RF:inst|RFC:inst11|inst2                                     ; |parallel_datapath|RF:inst|RFC:inst11|inst2                                     ; out0             ;
; |parallel_datapath|RF:inst|RFC:inst11|inst7                                     ; |parallel_datapath|RF:inst|RFC:inst11|inst7                                     ; out0             ;
; |parallel_datapath|RF:inst|RFC:inst11|21mux:inst1|5                             ; |parallel_datapath|RF:inst|RFC:inst11|21mux:inst1|5                             ; out0             ;
; |parallel_datapath|RF:inst|RFC:inst11|21mux:inst1|6                             ; |parallel_datapath|RF:inst|RFC:inst11|21mux:inst1|6                             ; out0             ;
; |parallel_datapath|RF:inst|RFC:inst3|inst3                                      ; |parallel_datapath|RF:inst|RFC:inst3|inst3                                      ; out0             ;
; |parallel_datapath|RF:inst|RFC:inst3|inst2                                      ; |parallel_datapath|RF:inst|RFC:inst3|inst2                                      ; out0             ;
; |parallel_datapath|RF:inst|RFC:inst3|inst7                                      ; |parallel_datapath|RF:inst|RFC:inst3|inst7                                      ; out0             ;
; |parallel_datapath|RF:inst|RFC:inst3|21mux:inst1|5                              ; |parallel_datapath|RF:inst|RFC:inst3|21mux:inst1|5                              ; out0             ;
; |parallel_datapath|RF:inst|RFC:inst3|21mux:inst1|6                              ; |parallel_datapath|RF:inst|RFC:inst3|21mux:inst1|6                              ; out0             ;
; |parallel_datapath|RF:inst|DECODER:inst18|inst                                  ; |parallel_datapath|RF:inst|DECODER:inst18|inst                                  ; out0             ;
; |parallel_datapath|RF:inst|DECODER:inst18|inst1                                 ; |parallel_datapath|RF:inst|DECODER:inst18|inst1                                 ; out0             ;
; |parallel_datapath|RF:inst|DECODER:inst18|inst3                                 ; |parallel_datapath|RF:inst|DECODER:inst18|inst3                                 ; out0             ;
; |parallel_datapath|RF:inst|DECODER:inst19|inst                                  ; |parallel_datapath|RF:inst|DECODER:inst19|inst                                  ; out0             ;
; |parallel_datapath|RF:inst|DECODER:inst19|inst2                                 ; |parallel_datapath|RF:inst|DECODER:inst19|inst2                                 ; out0             ;
; |parallel_datapath|RF:inst|DECODER:inst20|inst                                  ; |parallel_datapath|RF:inst|DECODER:inst20|inst                                  ; out0             ;
; |parallel_datapath|RF:inst|DECODER:inst17|inst1                                 ; |parallel_datapath|RF:inst|DECODER:inst17|inst1                                 ; out0             ;
; |parallel_datapath|RF:inst|DECODER:inst17|inst2                                 ; |parallel_datapath|RF:inst|DECODER:inst17|inst2                                 ; out0             ;
; |parallel_datapath|RF:inst|DECODER:inst17|inst3                                 ; |parallel_datapath|RF:inst|DECODER:inst17|inst3                                 ; out0             ;
; |parallel_datapath|RF:inst|RFC:inst1|inst5                                      ; |parallel_datapath|RF:inst|RFC:inst1|inst5                                      ; out              ;
; |parallel_datapath|RF:inst|RFC:inst1|inst                                       ; |parallel_datapath|RF:inst|RFC:inst1|inst                                       ; regout           ;
; |parallel_datapath|RF:inst|RFC:inst1|inst3                                      ; |parallel_datapath|RF:inst|RFC:inst1|inst3                                      ; out0             ;
; |parallel_datapath|RF:inst|RFC:inst1|inst2                                      ; |parallel_datapath|RF:inst|RFC:inst1|inst2                                      ; out0             ;
; |parallel_datapath|RF:inst|RFC:inst1|inst8                                      ; |parallel_datapath|RF:inst|RFC:inst1|inst8                                      ; out0             ;
; |parallel_datapath|RF:inst|RFC:inst1|21mux:inst1|5                              ; |parallel_datapath|RF:inst|RFC:inst1|21mux:inst1|5                              ; out0             ;
; |parallel_datapath|RF:inst|RFC:inst1|21mux:inst1|6                              ; |parallel_datapath|RF:inst|RFC:inst1|21mux:inst1|6                              ; out0             ;
; |parallel_datapath|RF:inst|RFC:inst1|21mux:inst1|7                              ; |parallel_datapath|RF:inst|RFC:inst1|21mux:inst1|7                              ; out0             ;
; |parallel_datapath|Zero:inst4|inst2                                             ; |parallel_datapath|Zero:inst4|inst2                                             ; out0             ;
+---------------------------------------------------------------------------------+---------------------------------------------------------------------------------+------------------+


The following table displays output ports that do not toggle to 1 during simulation.
+------------------------------------------------------------------------------------------------------------------------------------------------------------+
; Missing 1-Value Coverage                                                                                                                                   ;
+--------------------------------------------------------------------+--------------------------------------------------------------------+------------------+
; Node Name                                                          ; Output Port Name                                                   ; Output Port Type ;
+--------------------------------------------------------------------+--------------------------------------------------------------------+------------------+
; |parallel_datapath|WEA                                             ; |parallel_datapath|WEA                                             ; out              ;
; |parallel_datapath|IE                                              ; |parallel_datapath|IE                                              ; out              ;
; |parallel_datapath|DATA[3]                                         ; |parallel_datapath|DATA[3]                                         ; out              ;
; |parallel_datapath|DATA[2]                                         ; |parallel_datapath|DATA[2]                                         ; out              ;
; |parallel_datapath|DATA[1]                                         ; |parallel_datapath|DATA[1]                                         ; out              ;
; |parallel_datapath|DATA[0]                                         ; |parallel_datapath|DATA[0]                                         ; out              ;
; |parallel_datapath|RAA[0]                                          ; |parallel_datapath|RAA[0]                                          ; out              ;
; |parallel_datapath|WB[1]                                           ; |parallel_datapath|WB[1]                                           ; out              ;
; |parallel_datapath|WB[0]                                           ; |parallel_datapath|WB[0]                                           ; out              ;
; |parallel_datapath|ALU_4bits:inst1|ALU:inst|AU:inst|HA:inst2|inst4 ; |parallel_datapath|ALU_4bits:inst1|ALU:inst|AU:inst|HA:inst2|inst4 ; out0             ;
; |parallel_datapath|mux21_4bit:inst2|21mux:inst3|6                  ; |parallel_datapath|mux21_4bit:inst2|21mux:inst3|6                  ; out0             ;
; |parallel_datapath|mux21_4bit:inst2|21mux:inst1|6                  ; |parallel_datapath|mux21_4bit:inst2|21mux:inst1|6                  ; out0             ;
; |parallel_datapath|mux21_4bit:inst2|21mux:inst|6                   ; |parallel_datapath|mux21_4bit:inst2|21mux:inst|6                   ; out0             ;
; |parallel_datapath|mux21_4bit:inst2|21mux:inst2|6                  ; |parallel_datapath|mux21_4bit:inst2|21mux:inst2|6                  ; out0             ;
; |parallel_datapath|RF:inst|RFC:inst10|inst5                        ; |parallel_datapath|RF:inst|RFC:inst10|inst5                        ; out              ;
; |parallel_datapath|RF:inst|RFC:inst10|inst                         ; |parallel_datapath|RF:inst|RFC:inst10|inst                         ; regout           ;
; |parallel_datapath|RF:inst|RFC:inst10|inst2                        ; |parallel_datapath|RF:inst|RFC:inst10|inst2                        ; out0             ;
; |parallel_datapath|RF:inst|RFC:inst10|inst8                        ; |parallel_datapath|RF:inst|RFC:inst10|inst8                        ; out0             ;
; |parallel_datapath|RF:inst|RFC:inst10|inst7                        ; |parallel_datapath|RF:inst|RFC:inst10|inst7                        ; out0             ;
; |parallel_datapath|RF:inst|RFC:inst10|inst6                        ; |parallel_datapath|RF:inst|RFC:inst10|inst6                        ; out              ;
; |parallel_datapath|RF:inst|RFC:inst10|21mux:inst1|5                ; |parallel_datapath|RF:inst|RFC:inst10|21mux:inst1|5                ; out0             ;
; |parallel_datapath|RF:inst|RFC:inst10|21mux:inst1|6                ; |parallel_datapath|RF:inst|RFC:inst10|21mux:inst1|6                ; out0             ;
; |parallel_datapath|RF:inst|RFC:inst10|21mux:inst1|7                ; |parallel_datapath|RF:inst|RFC:inst10|21mux:inst1|7                ; out0             ;
; |parallel_datapath|RF:inst|RFC:inst8|inst5                         ; |parallel_datapath|RF:inst|RFC:inst8|inst5                         ; out              ;
; |parallel_datapath|RF:inst|RFC:inst8|inst                          ; |parallel_datapath|RF:inst|RFC:inst8|inst                          ; regout           ;
; |parallel_datapath|RF:inst|RFC:inst8|inst8                         ; |parallel_datapath|RF:inst|RFC:inst8|inst8                         ; out0             ;
; |parallel_datapath|RF:inst|RFC:inst8|inst6                         ; |parallel_datapath|RF:inst|RFC:inst8|inst6                         ; out              ;
; |parallel_datapath|RF:inst|RFC:inst8|21mux:inst1|7                 ; |parallel_datapath|RF:inst|RFC:inst8|21mux:inst1|7                 ; out0             ;
; |parallel_datapath|RF:inst|RFC:inst|inst2                          ; |parallel_datapath|RF:inst|RFC:inst|inst2                          ; out0             ;
; |parallel_datapath|RF:inst|RFC:inst|inst8                          ; |parallel_datapath|RF:inst|RFC:inst|inst8                          ; out0             ;
; |parallel_datapath|RF:inst|RFC:inst|inst7                          ; |parallel_datapath|RF:inst|RFC:inst|inst7                          ; out0             ;
; |parallel_datapath|RF:inst|RFC:inst|21mux:inst1|5                  ; |parallel_datapath|RF:inst|RFC:inst|21mux:inst1|5                  ; out0             ;
; |parallel_datapath|RF:inst|RFC:inst|21mux:inst1|6                  ; |parallel_datapath|RF:inst|RFC:inst|21mux:inst1|6                  ; out0             ;
; |parallel_datapath|RF:inst|RFC:inst2|inst5                         ; |parallel_datapath|RF:inst|RFC:inst2|inst5                         ; out              ;
; |parallel_datapath|RF:inst|RFC:inst2|inst                          ; |parallel_datapath|RF:inst|RFC:inst2|inst                          ; regout           ;
; |parallel_datapath|RF:inst|RFC:inst2|inst8                         ; |parallel_datapath|RF:inst|RFC:inst2|inst8                         ; out0             ;
; |parallel_datapath|RF:inst|RFC:inst2|inst6                         ; |parallel_datapath|RF:inst|RFC:inst2|inst6                         ; out              ;
; |parallel_datapath|RF:inst|RFC:inst2|21mux:inst1|7                 ; |parallel_datapath|RF:inst|RFC:inst2|21mux:inst1|7                 ; out0             ;
; |parallel_datapath|RF:inst|RFC:inst15|inst5                        ; |parallel_datapath|RF:inst|RFC:inst15|inst5                        ; out              ;
; |parallel_datapath|RF:inst|RFC:inst15|inst8                        ; |parallel_datapath|RF:inst|RFC:inst15|inst8                        ; out0             ;
; |parallel_datapath|RF:inst|RFC:inst13|inst8                        ; |parallel_datapath|RF:inst|RFC:inst13|inst8                        ; out0             ;
; |parallel_datapath|RF:inst|RFC:inst13|inst6                        ; |parallel_datapath|RF:inst|RFC:inst13|inst6                        ; out              ;
; |parallel_datapath|RF:inst|RFC:inst7|inst5                         ; |parallel_datapath|RF:inst|RFC:inst7|inst5                         ; out              ;
; |parallel_datapath|RF:inst|RFC:inst7|inst8                         ; |parallel_datapath|RF:inst|RFC:inst7|inst8                         ; out0             ;
; |parallel_datapath|RF:inst|RFC:inst7|21mux:inst1|7                 ; |parallel_datapath|RF:inst|RFC:inst7|21mux:inst1|7                 ; out0             ;
; |parallel_datapath|RF:inst|RFC:inst5|inst7                         ; |parallel_datapath|RF:inst|RFC:inst5|inst7                         ; out0             ;
; |parallel_datapath|RF:inst|RFC:inst12|inst8                        ; |parallel_datapath|RF:inst|RFC:inst12|inst8                        ; out0             ;
; |parallel_datapath|RF:inst|RFC:inst12|inst6                        ; |parallel_datapath|RF:inst|RFC:inst12|inst6                        ; out              ;
; |parallel_datapath|RF:inst|RFC:inst14|inst5                        ; |parallel_datapath|RF:inst|RFC:inst14|inst5                        ; out              ;
; |parallel_datapath|RF:inst|RFC:inst14|inst                         ; |parallel_datapath|RF:inst|RFC:inst14|inst                         ; regout           ;
; |parallel_datapath|RF:inst|RFC:inst14|inst8                        ; |parallel_datapath|RF:inst|RFC:inst14|inst8                        ; out0             ;
; |parallel_datapath|RF:inst|RFC:inst14|inst6                        ; |parallel_datapath|RF:inst|RFC:inst14|inst6                        ; out              ;
; |parallel_datapath|RF:inst|RFC:inst14|21mux:inst1|7                ; |parallel_datapath|RF:inst|RFC:inst14|21mux:inst1|7                ; out0             ;
; |parallel_datapath|RF:inst|RFC:inst6|inst5                         ; |parallel_datapath|RF:inst|RFC:inst6|inst5                         ; out              ;
; |parallel_datapath|RF:inst|RFC:inst6|inst                          ; |parallel_datapath|RF:inst|RFC:inst6|inst                          ; regout           ;
; |parallel_datapath|RF:inst|RFC:inst6|inst8                         ; |parallel_datapath|RF:inst|RFC:inst6|inst8                         ; out0             ;
; |parallel_datapath|RF:inst|RFC:inst6|inst6                         ; |parallel_datapath|RF:inst|RFC:inst6|inst6                         ; out              ;
; |parallel_datapath|RF:inst|RFC:inst6|21mux:inst1|7                 ; |parallel_datapath|RF:inst|RFC:inst6|21mux:inst1|7                 ; out0             ;
; |parallel_datapath|RF:inst|RFC:inst4|inst7                         ; |parallel_datapath|RF:inst|RFC:inst4|inst7                         ; out0             ;
; |parallel_datapath|RF:inst|RFC:inst9|inst8                         ; |parallel_datapath|RF:inst|RFC:inst9|inst8                         ; out0             ;
; |parallel_datapath|RF:inst|RFC:inst9|inst6                         ; |parallel_datapath|RF:inst|RFC:inst9|inst6                         ; out              ;
; |parallel_datapath|RF:inst|RFC:inst11|inst5                        ; |parallel_datapath|RF:inst|RFC:inst11|inst5                        ; out              ;
; |parallel_datapath|RF:inst|RFC:inst11|inst                         ; |parallel_datapath|RF:inst|RFC:inst11|inst                         ; regout           ;
; |parallel_datapath|RF:inst|RFC:inst11|inst8                        ; |parallel_datapath|RF:inst|RFC:inst11|inst8                        ; out0             ;
; |parallel_datapath|RF:inst|RFC:inst11|inst6                        ; |parallel_datapath|RF:inst|RFC:inst11|inst6                        ; out              ;
; |parallel_datapath|RF:inst|RFC:inst11|21mux:inst1|7                ; |parallel_datapath|RF:inst|RFC:inst11|21mux:inst1|7                ; out0             ;
; |parallel_datapath|RF:inst|RFC:inst3|inst5                         ; |parallel_datapath|RF:inst|RFC:inst3|inst5                         ; out              ;
; |parallel_datapath|RF:inst|RFC:inst3|inst                          ; |parallel_datapath|RF:inst|RFC:inst3|inst                          ; regout           ;
; |parallel_datapath|RF:inst|RFC:inst3|inst8                         ; |parallel_datapath|RF:inst|RFC:inst3|inst8                         ; out0             ;
; |parallel_datapath|RF:inst|RFC:inst3|inst6                         ; |parallel_datapath|RF:inst|RFC:inst3|inst6                         ; out              ;
; |parallel_datapath|RF:inst|RFC:inst3|21mux:inst1|7                 ; |parallel_datapath|RF:inst|RFC:inst3|21mux:inst1|7                 ; out0             ;
; |parallel_datapath|RF:inst|DECODER:inst18|inst2                    ; |parallel_datapath|RF:inst|DECODER:inst18|inst2                    ; out0             ;
; |parallel_datapath|RF:inst|DECODER:inst19|inst1                    ; |parallel_datapath|RF:inst|DECODER:inst19|inst1                    ; out0             ;
; |parallel_datapath|RF:inst|DECODER:inst19|inst3                    ; |parallel_datapath|RF:inst|DECODER:inst19|inst3                    ; out0             ;
; |parallel_datapath|RF:inst|DECODER:inst20|inst1                    ; |parallel_datapath|RF:inst|DECODER:inst20|inst1                    ; out0             ;
; |parallel_datapath|RF:inst|DECODER:inst20|inst2                    ; |parallel_datapath|RF:inst|DECODER:inst20|inst2                    ; out0             ;
; |parallel_datapath|RF:inst|DECODER:inst20|inst3                    ; |parallel_datapath|RF:inst|DECODER:inst20|inst3                    ; out0             ;
; |parallel_datapath|RF:inst|DECODER:inst17|inst                     ; |parallel_datapath|RF:inst|DECODER:inst17|inst                     ; out0             ;
; |parallel_datapath|RF:inst|RFC:inst1|inst7                         ; |parallel_datapath|RF:inst|RFC:inst1|inst7                         ; out0             ;
+--------------------------------------------------------------------+--------------------------------------------------------------------+------------------+


The following table displays output ports that do not toggle to 0 during simulation.
+--------------------------------------------------------------------------------------------------------------------------------------------------------------------------------------+
; Missing 0-Value Coverage                                                                                                                                                             ;
+---------------------------------------------------------------------------------+---------------------------------------------------------------------------------+------------------+
; Node Name                                                                       ; Output Port Name                                                                ; Output Port Type ;
+---------------------------------------------------------------------------------+---------------------------------------------------------------------------------+------------------+
; |parallel_datapath|DATA[3]                                                      ; |parallel_datapath|DATA[3]                                                      ; out              ;
; |parallel_datapath|DATA[2]                                                      ; |parallel_datapath|DATA[2]                                                      ; out              ;
; |parallel_datapath|DATA[1]                                                      ; |parallel_datapath|DATA[1]                                                      ; out              ;
; |parallel_datapath|RAA[0]                                                       ; |parallel_datapath|RAA[0]                                                       ; out              ;
; |parallel_datapath|WB[1]                                                        ; |parallel_datapath|WB[1]                                                        ; out              ;
; |parallel_datapath|WB[0]                                                        ; |parallel_datapath|WB[0]                                                        ; out              ;
; |parallel_datapath|ALU_4bits:inst1|ALU:inst3|LU:inst1|mux41:inst4|21mux:inst2|7 ; |parallel_datapath|ALU_4bits:inst1|ALU:inst3|LU:inst1|mux41:inst4|21mux:inst2|7 ; out0             ;
; |parallel_datapath|ALU_4bits:inst1|ALU:inst|AU:inst|mux41:inst7|21mux:inst2|7   ; |parallel_datapath|ALU_4bits:inst1|ALU:inst|AU:inst|mux41:inst7|21mux:inst2|7   ; out0             ;
; |parallel_datapath|ALU_4bits:inst1|ALU:inst|LU:inst1|mux41:inst4|21mux:inst2|7  ; |parallel_datapath|ALU_4bits:inst1|ALU:inst|LU:inst1|mux41:inst4|21mux:inst2|7  ; out0             ;
; |parallel_datapath|ALU_4bits:inst1|ALU:inst1|LU:inst1|mux41:inst4|21mux:inst2|7 ; |parallel_datapath|ALU_4bits:inst1|ALU:inst1|LU:inst1|mux41:inst4|21mux:inst2|7 ; out0             ;
; |parallel_datapath|ALU_4bits:inst1|ALU:inst2|AU:inst|mux41:inst7|21mux:inst2|7  ; |parallel_datapath|ALU_4bits:inst1|ALU:inst2|AU:inst|mux41:inst7|21mux:inst2|7  ; out0             ;
; |parallel_datapath|ALU_4bits:inst1|ALU:inst2|LU:inst1|mux41:inst4|21mux:inst|7  ; |parallel_datapath|ALU_4bits:inst1|ALU:inst2|LU:inst1|mux41:inst4|21mux:inst|7  ; out0             ;
; |parallel_datapath|ALU_4bits:inst1|ALU:inst2|LU:inst1|mux41:inst4|21mux:inst3|7 ; |parallel_datapath|ALU_4bits:inst1|ALU:inst2|LU:inst1|mux41:inst4|21mux:inst3|7 ; out0             ;
; |parallel_datapath|ALU_4bits:inst1|ALU:inst2|21mux:inst5|7                      ; |parallel_datapath|ALU_4bits:inst1|ALU:inst2|21mux:inst5|7                      ; out0             ;
; |parallel_datapath|RF:inst|RFC:inst10|inst5                                     ; |parallel_datapath|RF:inst|RFC:inst10|inst5                                     ; out              ;
; |parallel_datapath|RF:inst|RFC:inst10|inst                                      ; |parallel_datapath|RF:inst|RFC:inst10|inst                                      ; regout           ;
; |parallel_datapath|RF:inst|RFC:inst10|inst8                                     ; |parallel_datapath|RF:inst|RFC:inst10|inst8                                     ; out0             ;
; |parallel_datapath|RF:inst|RFC:inst10|21mux:inst1|7                             ; |parallel_datapath|RF:inst|RFC:inst10|21mux:inst1|7                             ; out0             ;
; |parallel_datapath|RF:inst|RFC:inst8|inst                                       ; |parallel_datapath|RF:inst|RFC:inst8|inst                                       ; regout           ;
; |parallel_datapath|RF:inst|RFC:inst8|inst8                                      ; |parallel_datapath|RF:inst|RFC:inst8|inst8                                      ; out0             ;
; |parallel_datapath|RF:inst|RFC:inst8|inst6                                      ; |parallel_datapath|RF:inst|RFC:inst8|inst6                                      ; out              ;
; |parallel_datapath|RF:inst|RFC:inst8|21mux:inst1|7                              ; |parallel_datapath|RF:inst|RFC:inst8|21mux:inst1|7                              ; out0             ;
; |parallel_datapath|RF:inst|RFC:inst|inst8                                       ; |parallel_datapath|RF:inst|RFC:inst|inst8                                       ; out0             ;
; |parallel_datapath|RF:inst|RFC:inst|inst6                                       ; |parallel_datapath|RF:inst|RFC:inst|inst6                                       ; out              ;
; |parallel_datapath|RF:inst|RFC:inst2|inst5                                      ; |parallel_datapath|RF:inst|RFC:inst2|inst5                                      ; out              ;
; |parallel_datapath|RF:inst|RFC:inst2|inst                                       ; |parallel_datapath|RF:inst|RFC:inst2|inst                                       ; regout           ;
; |parallel_datapath|RF:inst|RFC:inst2|inst8                                      ; |parallel_datapath|RF:inst|RFC:inst2|inst8                                      ; out0             ;
; |parallel_datapath|RF:inst|RFC:inst2|21mux:inst1|7                              ; |parallel_datapath|RF:inst|RFC:inst2|21mux:inst1|7                              ; out0             ;
; |parallel_datapath|RF:inst|RFC:inst15|inst5                                     ; |parallel_datapath|RF:inst|RFC:inst15|inst5                                     ; out              ;
; |parallel_datapath|RF:inst|RFC:inst15|inst8                                     ; |parallel_datapath|RF:inst|RFC:inst15|inst8                                     ; out0             ;
; |parallel_datapath|RF:inst|RFC:inst13|inst8                                     ; |parallel_datapath|RF:inst|RFC:inst13|inst8                                     ; out0             ;
; |parallel_datapath|RF:inst|RFC:inst13|inst6                                     ; |parallel_datapath|RF:inst|RFC:inst13|inst6                                     ; out              ;
; |parallel_datapath|RF:inst|RFC:inst7|inst5                                      ; |parallel_datapath|RF:inst|RFC:inst7|inst5                                      ; out              ;
; |parallel_datapath|RF:inst|RFC:inst7|inst                                       ; |parallel_datapath|RF:inst|RFC:inst7|inst                                       ; regout           ;
; |parallel_datapath|RF:inst|RFC:inst7|inst8                                      ; |parallel_datapath|RF:inst|RFC:inst7|inst8                                      ; out0             ;
; |parallel_datapath|RF:inst|RFC:inst7|inst6                                      ; |parallel_datapath|RF:inst|RFC:inst7|inst6                                      ; out              ;
; |parallel_datapath|RF:inst|RFC:inst7|21mux:inst1|5                              ; |parallel_datapath|RF:inst|RFC:inst7|21mux:inst1|5                              ; out0             ;
; |parallel_datapath|RF:inst|RFC:inst5|inst6                                      ; |parallel_datapath|RF:inst|RFC:inst5|inst6                                      ; out              ;
; |parallel_datapath|RF:inst|RFC:inst12|inst8                                     ; |parallel_datapath|RF:inst|RFC:inst12|inst8                                     ; out0             ;
; |parallel_datapath|RF:inst|RFC:inst12|inst6                                     ; |parallel_datapath|RF:inst|RFC:inst12|inst6                                     ; out              ;
; |parallel_datapath|RF:inst|RFC:inst14|inst5                                     ; |parallel_datapath|RF:inst|RFC:inst14|inst5                                     ; out              ;
; |parallel_datapath|RF:inst|RFC:inst14|inst                                      ; |parallel_datapath|RF:inst|RFC:inst14|inst                                      ; regout           ;
; |parallel_datapath|RF:inst|RFC:inst14|inst8                                     ; |parallel_datapath|RF:inst|RFC:inst14|inst8                                     ; out0             ;
; |parallel_datapath|RF:inst|RFC:inst14|21mux:inst1|7                             ; |parallel_datapath|RF:inst|RFC:inst14|21mux:inst1|7                             ; out0             ;
; |parallel_datapath|RF:inst|RFC:inst6|inst5                                      ; |parallel_datapath|RF:inst|RFC:inst6|inst5                                      ; out              ;
; |parallel_datapath|RF:inst|RFC:inst6|inst                                       ; |parallel_datapath|RF:inst|RFC:inst6|inst                                       ; regout           ;
; |parallel_datapath|RF:inst|RFC:inst6|inst8                                      ; |parallel_datapath|RF:inst|RFC:inst6|inst8                                      ; out0             ;
; |parallel_datapath|RF:inst|RFC:inst6|21mux:inst1|7                              ; |parallel_datapath|RF:inst|RFC:inst6|21mux:inst1|7                              ; out0             ;
; |parallel_datapath|RF:inst|RFC:inst4|inst6                                      ; |parallel_datapath|RF:inst|RFC:inst4|inst6                                      ; out              ;
; |parallel_datapath|RF:inst|RFC:inst9|inst                                       ; |parallel_datapath|RF:inst|RFC:inst9|inst                                       ; regout           ;
; |parallel_datapath|RF:inst|RFC:inst9|inst8                                      ; |parallel_datapath|RF:inst|RFC:inst9|inst8                                      ; out0             ;
; |parallel_datapath|RF:inst|RFC:inst9|inst6                                      ; |parallel_datapath|RF:inst|RFC:inst9|inst6                                      ; out              ;
; |parallel_datapath|RF:inst|RFC:inst11|inst5                                     ; |parallel_datapath|RF:inst|RFC:inst11|inst5                                     ; out              ;
; |parallel_datapath|RF:inst|RFC:inst11|inst                                      ; |parallel_datapath|RF:inst|RFC:inst11|inst                                      ; regout           ;
; |parallel_datapath|RF:inst|RFC:inst11|inst8                                     ; |parallel_datapath|RF:inst|RFC:inst11|inst8                                     ; out0             ;
; |parallel_datapath|RF:inst|RFC:inst11|21mux:inst1|7                             ; |parallel_datapath|RF:inst|RFC:inst11|21mux:inst1|7                             ; out0             ;
; |parallel_datapath|RF:inst|RFC:inst3|inst5                                      ; |parallel_datapath|RF:inst|RFC:inst3|inst5                                      ; out              ;
; |parallel_datapath|RF:inst|RFC:inst3|inst                                       ; |parallel_datapath|RF:inst|RFC:inst3|inst                                       ; regout           ;
; |parallel_datapath|RF:inst|RFC:inst3|inst8                                      ; |parallel_datapath|RF:inst|RFC:inst3|inst8                                      ; out0             ;
; |parallel_datapath|RF:inst|RFC:inst3|21mux:inst1|7                              ; |parallel_datapath|RF:inst|RFC:inst3|21mux:inst1|7                              ; out0             ;
; |parallel_datapath|RF:inst|DECODER:inst18|inst2                                 ; |parallel_datapath|RF:inst|DECODER:inst18|inst2                                 ; out0             ;
; |parallel_datapath|RF:inst|DECODER:inst19|inst1                                 ; |parallel_datapath|RF:inst|DECODER:inst19|inst1                                 ; out0             ;
; |parallel_datapath|RF:inst|DECODER:inst19|inst3                                 ; |parallel_datapath|RF:inst|DECODER:inst19|inst3                                 ; out0             ;
; |parallel_datapath|RF:inst|DECODER:inst20|inst1                                 ; |parallel_datapath|RF:inst|DECODER:inst20|inst1                                 ; out0             ;
; |parallel_datapath|RF:inst|DECODER:inst20|inst2                                 ; |parallel_datapath|RF:inst|DECODER:inst20|inst2                                 ; out0             ;
; |parallel_datapath|RF:inst|DECODER:inst20|inst3                                 ; |parallel_datapath|RF:inst|DECODER:inst20|inst3                                 ; out0             ;
; |parallel_datapath|RF:inst|RFC:inst1|inst6                                      ; |parallel_datapath|RF:inst|RFC:inst1|inst6                                      ; out              ;
+---------------------------------------------------------------------------------+---------------------------------------------------------------------------------+------------------+


+---------------------+
; Simulator INI Usage ;
+--------+------------+
; Option ; Usage      ;
+--------+------------+


+--------------------+
; Simulator Messages ;
+--------------------+
Info: *******************************************************************
Info: Running Quartus II 64-Bit Simulator
    Info: Version 13.0.1 Build 232 06/12/2013 Service Pack 1 SJ Web Edition
    Info: Processing started: Fri Nov 29 10:09:26 2024
Info: Command: quartus_sim --simulation_results_format=VWF parallel_datapath -c parallel_datapath
Info (324025): Using vector source file "C:/CE118/Lab05/LAB5_mach/Lab5_02/Lab4/parallel_datapath/Waveform.vwf"
Info (310003): Option to preserve fewer signal transitions to reduce memory requirements is enabled
    Info (310004): Simulation has been partitioned into sub-simulations according to the maximum transition count determined by the engine. Transitions from memory will be flushed out to disk at the end of each sub-simulation to reduce memory requirements.
Info (310002): Simulation partitioned into 1 sub-simulations
Info (328053): Simulation coverage is      76.83 %
Info (328052): Number of transitions in simulation is 3662
Info (324045): Vector file parallel_datapath.sim.vwf is saved in VWF text format. You can compress it into CVWF format in order to reduce file size. For more details please refer to the Quartus II Help.
Info: Quartus II 64-Bit Simulator was successful. 0 errors, 0 warnings
    Info: Peak virtual memory: 4444 megabytes
    Info: Processing ended: Fri Nov 29 10:09:27 2024
    Info: Elapsed time: 00:00:01
    Info: Total CPU time (on all processors): 00:00:00


