Analysis & Synthesis report for datapath
Sat Dec 07 12:18:59 2024
Quartus II 64-Bit Version 13.0.1 Build 232 06/12/2013 Service Pack 1 SJ Web Edition


---------------------
; Table of Contents ;
---------------------
  1. Legal Notice
  2. Analysis & Synthesis Summary
  3. Analysis & Synthesis Settings
  4. Parallel Compilation
  5. Analysis & Synthesis Source Files Read
  6. Analysis & Synthesis Resource Usage Summary
  7. Analysis & Synthesis Resource Utilization by Entity
  8. General Register Statistics
  9. Multiplexer Restructuring Statistics (Restructuring Performed)
 10. Elapsed Time Per Partition
 11. Analysis & Synthesis Messages
 12. Analysis & Synthesis Suppressed Messages



----------------
; Legal Notice ;
----------------
Copyright (C) 1991-2013 Altera Corporation
Your use of Altera Corporation's design tools, logic functions 
and other software and tools, and its AMPP partner logic 
functions, and any output files from any of the foregoing 
(including device programming or simulation files), and any 
associated documentation or information are expressly subject 
to the terms and conditions of the Altera Program License 
Subscription Agreement, Altera MegaCore Function License 
Agreement, or other applicable license agreement, including, 
without limitation, that your use is for the sole purpose of 
programming logic devices manufactured by Altera and sold by 
Altera or its authorized distributors.  Please refer to the 
applicable agreement for further details.



+--------------------------------------------------------------------------------------+
; Analysis & Synthesis Summary                                                         ;
+------------------------------------+-------------------------------------------------+
; Analysis & Synthesis Status        ; Successful - Sat Dec 07 12:18:59 2024           ;
; Quartus II 64-Bit Version          ; 13.0.1 Build 232 06/12/2013 SP 1 SJ Web Edition ;
; Revision Name                      ; datapath                                        ;
; Top-level Entity Name              ; Data_Path                                       ;
; Family                             ; Cyclone II                                      ;
; Total logic elements               ; 217                                             ;
;     Total combinational functions  ; 157                                             ;
;     Dedicated logic registers      ; 68                                              ;
; Total registers                    ; 68                                              ;
; Total pins                         ; 32                                              ;
; Total virtual pins                 ; 0                                               ;
; Total memory bits                  ; 0                                               ;
; Embedded Multiplier 9-bit elements ; 0                                               ;
; Total PLLs                         ; 0                                               ;
+------------------------------------+-------------------------------------------------+


+----------------------------------------------------------------------------------------------------------------------+
; Analysis & Synthesis Settings                                                                                        ;
+----------------------------------------------------------------------------+--------------------+--------------------+
; Option                                                                     ; Setting            ; Default Value      ;
+----------------------------------------------------------------------------+--------------------+--------------------+
; Device                                                                     ; EP2C35F672C6       ;                    ;
; Top-level entity name                                                      ; Data_Path          ; datapath           ;
; Family name                                                                ; Cyclone II         ; Cyclone IV GX      ;
; Use smart compilation                                                      ; Off                ; Off                ;
; Enable parallel Assembler and TimeQuest Timing Analyzer during compilation ; On                 ; On                 ;
; Enable compact report table                                                ; Off                ; Off                ;
; Restructure Multiplexers                                                   ; Auto               ; Auto               ;
; Create Debugging Nodes for IP Cores                                        ; Off                ; Off                ;
; Preserve fewer node names                                                  ; On                 ; On                 ;
; Disable OpenCore Plus hardware evaluation                                  ; Off                ; Off                ;
; Verilog Version                                                            ; Verilog_2001       ; Verilog_2001       ;
; VHDL Version                                                               ; VHDL_1993          ; VHDL_1993          ;
; State Machine Processing                                                   ; Auto               ; Auto               ;
; Safe State Machine                                                         ; Off                ; Off                ;
; Extract Verilog State Machines                                             ; On                 ; On                 ;
; Extract VHDL State Machines                                                ; On                 ; On                 ;
; Ignore Verilog initial constructs                                          ; Off                ; Off                ;
; Iteration limit for constant Verilog loops                                 ; 5000               ; 5000               ;
; Iteration limit for non-constant Verilog loops                             ; 250                ; 250                ;
; Add Pass-Through Logic to Inferred RAMs                                    ; On                 ; On                 ;
; Infer RAMs from Raw Logic                                                  ; On                 ; On                 ;
; Parallel Synthesis                                                         ; On                 ; On                 ;
; DSP Block Balancing                                                        ; Auto               ; Auto               ;
; NOT Gate Push-Back                                                         ; On                 ; On                 ;
; Power-Up Don't Care                                                        ; On                 ; On                 ;
; Remove Redundant Logic Cells                                               ; Off                ; Off                ;
; Remove Duplicate Registers                                                 ; On                 ; On                 ;
; Ignore CARRY Buffers                                                       ; Off                ; Off                ;
; Ignore CASCADE Buffers                                                     ; Off                ; Off                ;
; Ignore GLOBAL Buffers                                                      ; Off                ; Off                ;
; Ignore ROW GLOBAL Buffers                                                  ; Off                ; Off                ;
; Ignore LCELL Buffers                                                       ; Off                ; Off                ;
; Ignore SOFT Buffers                                                        ; On                 ; On                 ;
; Limit AHDL Integers to 32 Bits                                             ; Off                ; Off                ;
; Optimization Technique                                                     ; Balanced           ; Balanced           ;
; Carry Chain Length                                                         ; 70                 ; 70                 ;
; Auto Carry Chains                                                          ; On                 ; On                 ;
; Auto Open-Drain Pins                                                       ; On                 ; On                 ;
; Perform WYSIWYG Primitive Resynthesis                                      ; Off                ; Off                ;
; Auto ROM Replacement                                                       ; On                 ; On                 ;
; Auto RAM Replacement                                                       ; On                 ; On                 ;
; Auto Shift Register Replacement                                            ; Auto               ; Auto               ;
; Allow Shift Register Merging across Hierarchies                            ; Auto               ; Auto               ;
; Auto Clock Enable Replacement                                              ; On                 ; On                 ;
; Strict RAM Replacement                                                     ; Off                ; Off                ;
; Allow Synchronous Control Signals                                          ; On                 ; On                 ;
; Force Use of Synchronous Clear Signals                                     ; Off                ; Off                ;
; Auto RAM to Logic Cell Conversion                                          ; Off                ; Off                ;
; Auto Resource Sharing                                                      ; Off                ; Off                ;
; Allow Any RAM Size For Recognition                                         ; Off                ; Off                ;
; Allow Any ROM Size For Recognition                                         ; Off                ; Off                ;
; Allow Any Shift Register Size For Recognition                              ; Off                ; Off                ;
; Use LogicLock Constraints during Resource Balancing                        ; On                 ; On                 ;
; Ignore translate_off and synthesis_off directives                          ; Off                ; Off                ;
; Timing-Driven Synthesis                                                    ; Off                ; Off                ;
; Report Parameter Settings                                                  ; On                 ; On                 ;
; Report Source Assignments                                                  ; On                 ; On                 ;
; Report Connectivity Checks                                                 ; On                 ; On                 ;
; Ignore Maximum Fan-Out Assignments                                         ; Off                ; Off                ;
; Synchronization Register Chain Length                                      ; 2                  ; 2                  ;
; PowerPlay Power Optimization                                               ; Normal compilation ; Normal compilation ;
; HDL message level                                                          ; Level2             ; Level2             ;
; Suppress Register Optimization Related Messages                            ; Off                ; Off                ;
; Number of Removed Registers Reported in Synthesis Report                   ; 5000               ; 5000               ;
; Number of Swept Nodes Reported in Synthesis Report                         ; 5000               ; 5000               ;
; Number of Inverted Registers Reported in Synthesis Report                  ; 100                ; 100                ;
; Clock MUX Protection                                                       ; On                 ; On                 ;
; Auto Gated Clock Conversion                                                ; Off                ; Off                ;
; Block Design Naming                                                        ; Auto               ; Auto               ;
; SDC constraint protection                                                  ; Off                ; Off                ;
; Synthesis Effort                                                           ; Auto               ; Auto               ;
; Shift Register Replacement - Allow Asynchronous Clear Signal               ; On                 ; On                 ;
; Pre-Mapping Resynthesis Optimization                                       ; Off                ; Off                ;
; Analysis & Synthesis Message Level                                         ; Medium             ; Medium             ;
; Disable Register Merging Across Hierarchies                                ; Auto               ; Auto               ;
; Resource Aware Inference For Block RAM                                     ; On                 ; On                 ;
; Synthesis Seed                                                             ; 1                  ; 1                  ;
+----------------------------------------------------------------------------+--------------------+--------------------+


Parallel compilation was disabled, but you have multiple processors available. Enable parallel compilation to reduce compilation time.
+-------------------------------------+
; Parallel Compilation                ;
+----------------------------+--------+
; Processors                 ; Number ;
+----------------------------+--------+
; Number detected on machine ; 8      ;
; Maximum allowed            ; 1      ;
+----------------------------+--------+


+----------------------------------------------------------------------------------------------------------------------------------+
; Analysis & Synthesis Source Files Read                                                                                           ;
+----------------------------------+-----------------+------------------------+------------------------------------------+---------+
; File Name with User-Entered Path ; Used in Netlist ; File Type              ; File Name with Absolute Path             ; Library ;
+----------------------------------+-----------------+------------------------+------------------------------------------+---------+
; RegisterFile.v                   ; yes             ; User Verilog HDL File  ; C:/CE118/datapath_lab04/RegisterFile.v   ;         ;
; Data_Path.v                      ; yes             ; User Verilog HDL File  ; C:/CE118/datapath_lab04/Data_Path.v      ;         ;
; Register4Bit.v                   ; yes             ; User Verilog HDL File  ; C:/CE118/datapath_lab04/Register4Bit.v   ;         ;
; Shift_Register.v                 ; yes             ; User Verilog HDL File  ; C:/CE118/datapath_lab04/Shift_Register.v ;         ;
; Mux2_1.v                         ; yes             ; User Verilog HDL File  ; C:/CE118/datapath_lab04/Mux2_1.v         ;         ;
; ALU_4bit.v                       ; yes             ; User Verilog HDL File  ; C:/CE118/datapath_lab04/ALU_4bit.v       ;         ;
+----------------------------------+-----------------+------------------------+------------------------------------------+---------+


+-----------------------------------------------------+
; Analysis & Synthesis Resource Usage Summary         ;
+---------------------------------------------+-------+
; Resource                                    ; Usage ;
+---------------------------------------------+-------+
; Estimated Total logic elements              ; 217   ;
;                                             ;       ;
; Total combinational functions               ; 157   ;
; Logic element usage by number of LUT inputs ;       ;
;     -- 4 input functions                    ; 123   ;
;     -- 3 input functions                    ; 11    ;
;     -- <=2 input functions                  ; 23    ;
;                                             ;       ;
; Logic elements by mode                      ;       ;
;     -- normal mode                          ; 151   ;
;     -- arithmetic mode                      ; 6     ;
;                                             ;       ;
; Total registers                             ; 68    ;
;     -- Dedicated logic registers            ; 68    ;
;     -- I/O registers                        ; 0     ;
;                                             ;       ;
; I/O pins                                    ; 32    ;
; Embedded Multiplier 9-bit elements          ; 0     ;
; Maximum fan-out node                        ; CLK   ;
; Maximum fan-out                             ; 68    ;
; Total fan-out                               ; 780   ;
; Average fan-out                             ; 3.04  ;
+---------------------------------------------+-------+


+------------------------------------------------------------------------------------------------------------------------------------------------------------------------------------------------+
; Analysis & Synthesis Resource Utilization by Entity                                                                                                                                            ;
+-------------------------------+-------------------+--------------+-------------+--------------+---------+-----------+------+--------------+-------------------------------------+--------------+
; Compilation Hierarchy Node    ; LC Combinationals ; LC Registers ; Memory Bits ; DSP Elements ; DSP 9x9 ; DSP 18x18 ; Pins ; Virtual Pins ; Full Hierarchy Name                 ; Library Name ;
+-------------------------------+-------------------+--------------+-------------+--------------+---------+-----------+------+--------------+-------------------------------------+--------------+
; |Data_Path                    ; 157 (1)           ; 68 (0)       ; 0           ; 0            ; 0       ; 0         ; 32   ; 0            ; |Data_Path                          ; work         ;
;    |ALU_4bit:ALU1|            ; 26 (26)           ; 0 (0)        ; 0           ; 0            ; 0       ; 0         ; 0    ; 0            ; |Data_Path|ALU_4bit:ALU1            ; work         ;
;    |Mux2_1:Mux2_1|            ; 4 (4)             ; 0 (0)        ; 0           ; 0            ; 0       ; 0         ; 0    ; 0            ; |Data_Path|Mux2_1:Mux2_1            ; work         ;
;    |Register4Bit:Reg1|        ; 0 (0)             ; 4 (4)        ; 0           ; 0            ; 0       ; 0         ; 0    ; 0            ; |Data_Path|Register4Bit:Reg1        ; work         ;
;    |RegisterFile:Reg|         ; 112 (112)         ; 64 (64)      ; 0           ; 0            ; 0       ; 0         ; 0    ; 0            ; |Data_Path|RegisterFile:Reg         ; work         ;
;    |Shift_Register:Shift_Reg| ; 14 (14)           ; 0 (0)        ; 0           ; 0            ; 0       ; 0         ; 0    ; 0            ; |Data_Path|Shift_Register:Shift_Reg ; work         ;
+-------------------------------+-------------------+--------------+-------------+--------------+---------+-----------+------+--------------+-------------------------------------+--------------+
Note: For table entries with two numbers listed, the numbers in parentheses indicate the number of resources of the given type used by the specific entity alone. The numbers listed outside of parentheses indicate the total resources of the given type used by the specific entity and all of its sub-entities in the hierarchy.


+------------------------------------------------------+
; General Register Statistics                          ;
+----------------------------------------------+-------+
; Statistic                                    ; Value ;
+----------------------------------------------+-------+
; Total registers                              ; 68    ;
; Number of registers using Synchronous Clear  ; 0     ;
; Number of registers using Synchronous Load   ; 0     ;
; Number of registers using Asynchronous Clear ; 0     ;
; Number of registers using Asynchronous Load  ; 0     ;
; Number of registers using Clock Enable       ; 68    ;
; Number of registers using Preset             ; 0     ;
+----------------------------------------------+-------+


+--------------------------------------------------------------------------------------------------------------------------------------------------------+
; Multiplexer Restructuring Statistics (Restructuring Performed)                                                                                         ;
+--------------------+-----------+---------------+----------------------+------------------------+------------+------------------------------------------+
; Multiplexer Inputs ; Bus Width ; Baseline Area ; Area if Restructured ; Saving if Restructured ; Registered ; Example Multiplexer Output               ;
+--------------------+-----------+---------------+----------------------+------------------------+------------+------------------------------------------+
; 4:1                ; 2 bits    ; 4 LEs         ; 4 LEs                ; 0 LEs                  ; No         ; |Data_Path|Shift_Register:Shift_Reg|Mux1 ;
; 8:1                ; 3 bits    ; 15 LEs        ; 15 LEs               ; 0 LEs                  ; No         ; |Data_Path|ALU_4bit:ALU1|Mux0            ;
+--------------------+-----------+---------------+----------------------+------------------------+------------+------------------------------------------+


+-------------------------------+
; Elapsed Time Per Partition    ;
+----------------+--------------+
; Partition Name ; Elapsed Time ;
+----------------+--------------+
; Top            ; 00:00:00     ;
+----------------+--------------+


+-------------------------------+
; Analysis & Synthesis Messages ;
+-------------------------------+
Info: *******************************************************************
Info: Running Quartus II 64-Bit Analysis & Synthesis
    Info: Version 13.0.1 Build 232 06/12/2013 Service Pack 1 SJ Web Edition
    Info: Processing started: Sat Dec 07 12:18:58 2024
Info: Command: quartus_map --read_settings_files=on --write_settings_files=off datapath -c datapath
Warning (20028): Parallel compilation is not licensed and has been disabled
Info (12021): Found 1 design units, including 1 entities, in source file registerfile.v
    Info (12023): Found entity 1: RegisterFile
Info (12021): Found 1 design units, including 1 entities, in source file data_path.v
    Info (12023): Found entity 1: Data_Path
Info (12021): Found 1 design units, including 1 entities, in source file register4bit.v
    Info (12023): Found entity 1: Register4Bit
Info (12021): Found 1 design units, including 1 entities, in source file shift_register.v
    Info (12023): Found entity 1: Shift_Register
Info (12021): Found 1 design units, including 1 entities, in source file mux2_1.v
    Info (12023): Found entity 1: Mux2_1
Info (12021): Found 1 design units, including 1 entities, in source file alu.v
    Info (12023): Found entity 1: ALU
Info (12021): Found 1 design units, including 1 entities, in source file alu_4bit.v
    Info (12023): Found entity 1: ALU_4bit
Info (12021): Found 1 design units, including 1 entities, in source file control_unit.v
    Info (12023): Found entity 1: Control_Unit
Info (12021): Found 1 design units, including 1 entities, in source file top_module.v
    Info (12023): Found entity 1: Top_Module
Info (12021): Found 1 design units, including 1 entities, in source file top_module_tb.v
    Info (12023): Found entity 1: Top_Module_tb
Info (12127): Elaborating entity "Data_Path" for the top level hierarchy
Info (12128): Elaborating entity "Mux2_1" for hierarchy "Mux2_1:Mux2_1"
Info (12128): Elaborating entity "RegisterFile" for hierarchy "RegisterFile:Reg"
Info (12128): Elaborating entity "ALU_4bit" for hierarchy "ALU_4bit:ALU1"
Warning (10230): Verilog HDL assignment warning at ALU_4bit.v(13): truncated value with size 32 to match size of target (4)
Warning (10230): Verilog HDL assignment warning at ALU_4bit.v(16): truncated value with size 32 to match size of target (4)
Info (12128): Elaborating entity "Shift_Register" for hierarchy "Shift_Register:Shift_Reg"
Info (12128): Elaborating entity "Register4Bit" for hierarchy "Register4Bit:Reg1"
Warning (13046): Tri-state node(s) do not directly drive top-level pin(s)
    Warning (13049): Converted tri-state buffer "RegisterFile:Reg|RDB[0]" feeding internal logic into a wire
    Warning (13049): Converted tri-state buffer "RegisterFile:Reg|RDB[1]" feeding internal logic into a wire
    Warning (13049): Converted tri-state buffer "RegisterFile:Reg|RDB[2]" feeding internal logic into a wire
    Warning (13049): Converted tri-state buffer "RegisterFile:Reg|RDB[3]" feeding internal logic into a wire
    Warning (13049): Converted tri-state buffer "RegisterFile:Reg|RDA[0]" feeding internal logic into a wire
    Warning (13049): Converted tri-state buffer "RegisterFile:Reg|RDA[1]" feeding internal logic into a wire
    Warning (13049): Converted tri-state buffer "RegisterFile:Reg|RDA[2]" feeding internal logic into a wire
    Warning (13049): Converted tri-state buffer "RegisterFile:Reg|RDA[3]" feeding internal logic into a wire
Info (276014): Found 1 instances of uninferred RAM logic
    Info (276004): RAM logic "RegisterFile:Reg|regfile" is uninferred due to inappropriate RAM size
Info (144001): Generated suppressed messages file C:/CE118/datapath_lab04/output_files/datapath.map.smsg
Info (16010): Generating hard_block partition "hard_block:auto_generated_inst"
    Info (16011): Adding 0 node(s), including 0 DDIO, 0 PLL, 0 transceiver and 0 LCELL
Warning (21074): Design contains 2 input pin(s) that do not drive logic
    Warning (15610): No output dependent on input pin "REA"
    Warning (15610): No output dependent on input pin "REB"
Info (21057): Implemented 257 device resources after synthesis - the final resource count might be different
    Info (21058): Implemented 27 input pins
    Info (21059): Implemented 5 output pins
    Info (21061): Implemented 225 logic cells
Info: Quartus II 64-Bit Analysis & Synthesis was successful. 0 errors, 15 warnings
    Info: Peak virtual memory: 4604 megabytes
    Info: Processing ended: Sat Dec 07 12:18:59 2024
    Info: Elapsed time: 00:00:01
    Info: Total CPU time (on all processors): 00:00:01


+------------------------------------------+
; Analysis & Synthesis Suppressed Messages ;
+------------------------------------------+
The suppressed messages can be found in C:/CE118/datapath_lab04/output_files/datapath.map.smsg.


