Analysis & Synthesis report for ALU
Tue Oct 15 09:15:57 2024
Quartus II 64-Bit Version 13.0.1 Build 232 06/12/2013 Service Pack 1 SJ Web Edition


---------------------
; Table of Contents ;
---------------------
  1. Legal Notice
  2. Analysis & Synthesis Summary
  3. Analysis & Synthesis Settings
  4. Parallel Compilation
  5. Analysis & Synthesis Source Files Read
  6. Analysis & Synthesis Resource Usage Summary
  7. Analysis & Synthesis Resource Utilization by Entity
  8. General Register Statistics
  9. Multiplexer Restructuring Statistics (Restructuring Performed)
 10. Parameter Settings for Inferred Entity Instance: ALU:comb_3|Multiplier:Mul|lpm_mult:Mult0
 11. lpm_mult Parameter Settings by Entity Instance
 12. Port Connectivity Checks: "ALU:comb_3|FullAdder:Incre"
 13. Port Connectivity Checks: "ALU:comb_3|FullSubtracter:Decre"
 14. Port Connectivity Checks: "ALU:comb_3|mux16_1:mux16_1"
 15. Port Connectivity Checks: "ALU:comb_3|mux4_1:comb_24"
 16. Elapsed Time Per Partition
 17. Analysis & Synthesis Messages
 18. Analysis & Synthesis Suppressed Messages



----------------
; Legal Notice ;
----------------
Copyright (C) 1991-2013 Altera Corporation
Your use of Altera Corporation's design tools, logic functions 
and other software and tools, and its AMPP partner logic 
functions, and any output files from any of the foregoing 
(including device programming or simulation files), and any 
associated documentation or information are expressly subject 
to the terms and conditions of the Altera Program License 
Subscription Agreement, Altera MegaCore Function License 
Agreement, or other applicable license agreement, including, 
without limitation, that your use is for the sole purpose of 
programming logic devices manufactured by Altera and sold by 
Altera or its authorized distributors.  Please refer to the 
applicable agreement for further details.



+--------------------------------------------------------------------------------------+
; Analysis & Synthesis Summary                                                         ;
+------------------------------------+-------------------------------------------------+
; Analysis & Synthesis Status        ; Successful - Tue Oct 15 09:15:57 2024           ;
; Quartus II 64-Bit Version          ; 13.0.1 Build 232 06/12/2013 SP 1 SJ Web Edition ;
; Revision Name                      ; ALU                                             ;
; Top-level Entity Name              ; bcd_to_led                                      ;
; Family                             ; Cyclone II                                      ;
; Total logic elements               ; 115                                             ;
;     Total combinational functions  ; 115                                             ;
;     Dedicated logic registers      ; 0                                               ;
; Total registers                    ; 0                                               ;
; Total pins                         ; 84                                              ;
; Total virtual pins                 ; 0                                               ;
; Total memory bits                  ; 0                                               ;
; Embedded Multiplier 9-bit elements ; 0                                               ;
; Total PLLs                         ; 0                                               ;
+------------------------------------+-------------------------------------------------+


+----------------------------------------------------------------------------------------------------------------------+
; Analysis & Synthesis Settings                                                                                        ;
+----------------------------------------------------------------------------+--------------------+--------------------+
; Option                                                                     ; Setting            ; Default Value      ;
+----------------------------------------------------------------------------+--------------------+--------------------+
; Device                                                                     ; EP2C35F672C6       ;                    ;
; Top-level entity name                                                      ; bcd_to_led         ; ALU                ;
; Family name                                                                ; Cyclone II         ; Cyclone IV GX      ;
; Use smart compilation                                                      ; Off                ; Off                ;
; Enable parallel Assembler and TimeQuest Timing Analyzer during compilation ; On                 ; On                 ;
; Enable compact report table                                                ; Off                ; Off                ;
; Restructure Multiplexers                                                   ; Auto               ; Auto               ;
; Create Debugging Nodes for IP Cores                                        ; Off                ; Off                ;
; Preserve fewer node names                                                  ; On                 ; On                 ;
; Disable OpenCore Plus hardware evaluation                                  ; Off                ; Off                ;
; Verilog Version                                                            ; Verilog_2001       ; Verilog_2001       ;
; VHDL Version                                                               ; VHDL_1993          ; VHDL_1993          ;
; State Machine Processing                                                   ; Auto               ; Auto               ;
; Safe State Machine                                                         ; Off                ; Off                ;
; Extract Verilog State Machines                                             ; On                 ; On                 ;
; Extract VHDL State Machines                                                ; On                 ; On                 ;
; Ignore Verilog initial constructs                                          ; Off                ; Off                ;
; Iteration limit for constant Verilog loops                                 ; 5000               ; 5000               ;
; Iteration limit for non-constant Verilog loops                             ; 250                ; 250                ;
; Add Pass-Through Logic to Inferred RAMs                                    ; On                 ; On                 ;
; Infer RAMs from Raw Logic                                                  ; On                 ; On                 ;
; Parallel Synthesis                                                         ; On                 ; On                 ;
; DSP Block Balancing                                                        ; Auto               ; Auto               ;
; NOT Gate Push-Back                                                         ; On                 ; On                 ;
; Power-Up Don't Care                                                        ; On                 ; On                 ;
; Remove Redundant Logic Cells                                               ; Off                ; Off                ;
; Remove Duplicate Registers                                                 ; On                 ; On                 ;
; Ignore CARRY Buffers                                                       ; Off                ; Off                ;
; Ignore CASCADE Buffers                                                     ; Off                ; Off                ;
; Ignore GLOBAL Buffers                                                      ; Off                ; Off                ;
; Ignore ROW GLOBAL Buffers                                                  ; Off                ; Off                ;
; Ignore LCELL Buffers                                                       ; Off                ; Off                ;
; Ignore SOFT Buffers                                                        ; On                 ; On                 ;
; Limit AHDL Integers to 32 Bits                                             ; Off                ; Off                ;
; Optimization Technique                                                     ; Balanced           ; Balanced           ;
; Carry Chain Length                                                         ; 70                 ; 70                 ;
; Auto Carry Chains                                                          ; On                 ; On                 ;
; Auto Open-Drain Pins                                                       ; On                 ; On                 ;
; Perform WYSIWYG Primitive Resynthesis                                      ; Off                ; Off                ;
; Auto ROM Replacement                                                       ; On                 ; On                 ;
; Auto RAM Replacement                                                       ; On                 ; On                 ;
; Auto Shift Register Replacement                                            ; Auto               ; Auto               ;
; Allow Shift Register Merging across Hierarchies                            ; Auto               ; Auto               ;
; Auto Clock Enable Replacement                                              ; On                 ; On                 ;
; Strict RAM Replacement                                                     ; Off                ; Off                ;
; Allow Synchronous Control Signals                                          ; On                 ; On                 ;
; Force Use of Synchronous Clear Signals                                     ; Off                ; Off                ;
; Auto RAM to Logic Cell Conversion                                          ; Off                ; Off                ;
; Auto Resource Sharing                                                      ; Off                ; Off                ;
; Allow Any RAM Size For Recognition                                         ; Off                ; Off                ;
; Allow Any ROM Size For Recognition                                         ; Off                ; Off                ;
; Allow Any Shift Register Size For Recognition                              ; Off                ; Off                ;
; Use LogicLock Constraints during Resource Balancing                        ; On                 ; On                 ;
; Ignore translate_off and synthesis_off directives                          ; Off                ; Off                ;
; Timing-Driven Synthesis                                                    ; Off                ; Off                ;
; Report Parameter Settings                                                  ; On                 ; On                 ;
; Report Source Assignments                                                  ; On                 ; On                 ;
; Report Connectivity Checks                                                 ; On                 ; On                 ;
; Ignore Maximum Fan-Out Assignments                                         ; Off                ; Off                ;
; Synchronization Register Chain Length                                      ; 2                  ; 2                  ;
; PowerPlay Power Optimization                                               ; Normal compilation ; Normal compilation ;
; HDL message level                                                          ; Level2             ; Level2             ;
; Suppress Register Optimization Related Messages                            ; Off                ; Off                ;
; Number of Removed Registers Reported in Synthesis Report                   ; 5000               ; 5000               ;
; Number of Swept Nodes Reported in Synthesis Report                         ; 5000               ; 5000               ;
; Number of Inverted Registers Reported in Synthesis Report                  ; 100                ; 100                ;
; Clock MUX Protection                                                       ; On                 ; On                 ;
; Auto Gated Clock Conversion                                                ; Off                ; Off                ;
; Block Design Naming                                                        ; Auto               ; Auto               ;
; SDC constraint protection                                                  ; Off                ; Off                ;
; Synthesis Effort                                                           ; Auto               ; Auto               ;
; Shift Register Replacement - Allow Asynchronous Clear Signal               ; On                 ; On                 ;
; Pre-Mapping Resynthesis Optimization                                       ; Off                ; Off                ;
; Analysis & Synthesis Message Level                                         ; Medium             ; Medium             ;
; Disable Register Merging Across Hierarchies                                ; Auto               ; Auto               ;
; Resource Aware Inference For Block RAM                                     ; On                 ; On                 ;
; Synthesis Seed                                                             ; 1                  ; 1                  ;
+----------------------------------------------------------------------------+--------------------+--------------------+


Parallel compilation was disabled, but you have multiple processors available. Enable parallel compilation to reduce compilation time.
+-------------------------------------+
; Parallel Compilation                ;
+----------------------------+--------+
; Processors                 ; Number ;
+----------------------------+--------+
; Number detected on machine ; 12     ;
; Maximum allowed            ; 1      ;
+----------------------------+--------+


+-----------------------------------------------------------------------------------------------------------------------------------------------------------------+
; Analysis & Synthesis Source Files Read                                                                                                                          ;
+----------------------------------+-----------------+------------------------------+-------------------------------------------------------------------+---------+
; File Name with User-Entered Path ; Used in Netlist ; File Type                    ; File Name with Absolute Path                                      ; Library ;
+----------------------------------+-----------------+------------------------------+-------------------------------------------------------------------+---------+
; ALU.v                            ; yes             ; User Verilog HDL File        ; C:/Users/Admin/Desktop/LLS/THL/Lab3/ALU.v                         ;         ;
; Multiplier.v                     ; yes             ; User Verilog HDL File        ; C:/Users/Admin/Desktop/LLS/THL/Lab3/Multiplier.v                  ;         ;
; FullAdder.v                      ; yes             ; User Verilog HDL File        ; C:/Users/Admin/Desktop/LLS/THL/Lab3/FullAdder.v                   ;         ;
; FullSubtracter.v                 ; yes             ; User Verilog HDL File        ; C:/Users/Admin/Desktop/LLS/THL/Lab3/FullSubtracter.v              ;         ;
; mux16_1.v                        ; yes             ; User Verilog HDL File        ; C:/Users/Admin/Desktop/LLS/THL/Lab3/mux16_1.v                     ;         ;
; comp.v                           ; yes             ; User Verilog HDL File        ; C:/Users/Admin/Desktop/LLS/THL/Lab3/comp.v                        ;         ;
; mux4_1.v                         ; yes             ; User Verilog HDL File        ; C:/Users/Admin/Desktop/LLS/THL/Lab3/mux4_1.v                      ;         ;
; LED.v                            ; yes             ; User Verilog HDL File        ; C:/Users/Admin/Desktop/LLS/THL/Lab3/LED.v                         ;         ;
; bcd_to_led.v                     ; yes             ; User Verilog HDL File        ; C:/Users/Admin/Desktop/LLS/THL/Lab3/bcd_to_led.v                  ;         ;
; lpm_mult.tdf                     ; yes             ; Megafunction                 ; c:/altera/13.0sp1/quartus/libraries/megafunctions/lpm_mult.tdf    ;         ;
; aglobal130.inc                   ; yes             ; Megafunction                 ; c:/altera/13.0sp1/quartus/libraries/megafunctions/aglobal130.inc  ;         ;
; lpm_add_sub.inc                  ; yes             ; Megafunction                 ; c:/altera/13.0sp1/quartus/libraries/megafunctions/lpm_add_sub.inc ;         ;
; multcore.inc                     ; yes             ; Megafunction                 ; c:/altera/13.0sp1/quartus/libraries/megafunctions/multcore.inc    ;         ;
; bypassff.inc                     ; yes             ; Megafunction                 ; c:/altera/13.0sp1/quartus/libraries/megafunctions/bypassff.inc    ;         ;
; altshift.inc                     ; yes             ; Megafunction                 ; c:/altera/13.0sp1/quartus/libraries/megafunctions/altshift.inc    ;         ;
; db/mult_uss.tdf                  ; yes             ; Auto-Generated Megafunction  ; C:/Users/Admin/Desktop/LLS/THL/Lab3/db/mult_uss.tdf               ;         ;
+----------------------------------+-----------------+------------------------------+-------------------------------------------------------------------+---------+


+-----------------------------------------------------+
; Analysis & Synthesis Resource Usage Summary         ;
+---------------------------------------------+-------+
; Resource                                    ; Usage ;
+---------------------------------------------+-------+
; Estimated Total logic elements              ; 115   ;
;                                             ;       ;
; Total combinational functions               ; 115   ;
; Logic element usage by number of LUT inputs ;       ;
;     -- 4 input functions                    ; 57    ;
;     -- 3 input functions                    ; 49    ;
;     -- <=2 input functions                  ; 9     ;
;                                             ;       ;
; Logic elements by mode                      ;       ;
;     -- normal mode                          ; 111   ;
;     -- arithmetic mode                      ; 4     ;
;                                             ;       ;
; Total registers                             ; 0     ;
;     -- Dedicated logic registers            ; 0     ;
;     -- I/O registers                        ; 0     ;
;                                             ;       ;
; I/O pins                                    ; 84    ;
; Embedded Multiplier 9-bit elements          ; 0     ;
; Maximum fan-out node                        ; a[1]  ;
; Maximum fan-out                             ; 26    ;
; Total fan-out                               ; 437   ;
; Average fan-out                             ; 2.20  ;
+---------------------------------------------+-------+


+-------------------------------------------------------------------------------------------------------------------------------------------------------------------------------------------------------------------------------------------------+
; Analysis & Synthesis Resource Utilization by Entity                                                                                                                                                                                             ;
+---------------------------------------+-------------------+--------------+-------------+--------------+---------+-----------+------+--------------+------------------------------------------------------------------------------+--------------+
; Compilation Hierarchy Node            ; LC Combinationals ; LC Registers ; Memory Bits ; DSP Elements ; DSP 9x9 ; DSP 18x18 ; Pins ; Virtual Pins ; Full Hierarchy Name                                                          ; Library Name ;
+---------------------------------------+-------------------+--------------+-------------+--------------+---------+-----------+------+--------------+------------------------------------------------------------------------------+--------------+
; |bcd_to_led                           ; 115 (2)           ; 0 (0)        ; 0           ; 0            ; 0       ; 0         ; 84   ; 0            ; |bcd_to_led                                                                  ; work         ;
;    |ALU:comb_3|                       ; 92 (2)            ; 0 (0)        ; 0           ; 0            ; 0       ; 0         ; 0    ; 0            ; |bcd_to_led|ALU:comb_3                                                       ; work         ;
;       |FullAdder:Add|                 ; 9 (9)             ; 0 (0)        ; 0           ; 0            ; 0       ; 0         ; 0    ; 0            ; |bcd_to_led|ALU:comb_3|FullAdder:Add                                         ; work         ;
;       |FullAdder:Incre|               ; 4 (4)             ; 0 (0)        ; 0           ; 0            ; 0       ; 0         ; 0    ; 0            ; |bcd_to_led|ALU:comb_3|FullAdder:Incre                                       ; work         ;
;       |FullSubtracter:Decre|          ; 4 (4)             ; 0 (0)        ; 0           ; 0            ; 0       ; 0         ; 0    ; 0            ; |bcd_to_led|ALU:comb_3|FullSubtracter:Decre                                  ; work         ;
;       |FullSubtracter:Sub|            ; 7 (7)             ; 0 (0)        ; 0           ; 0            ; 0       ; 0         ; 0    ; 0            ; |bcd_to_led|ALU:comb_3|FullSubtracter:Sub                                    ; work         ;
;       |Multiplier:Mul|                ; 16 (1)            ; 0 (0)        ; 0           ; 0            ; 0       ; 0         ; 0    ; 0            ; |bcd_to_led|ALU:comb_3|Multiplier:Mul                                        ; work         ;
;          |lpm_mult:Mult0|             ; 15 (0)            ; 0 (0)        ; 0           ; 0            ; 0       ; 0         ; 0    ; 0            ; |bcd_to_led|ALU:comb_3|Multiplier:Mul|lpm_mult:Mult0                         ; work         ;
;             |mult_uss:auto_generated| ; 15 (15)           ; 0 (0)        ; 0           ; 0            ; 0       ; 0         ; 0    ; 0            ; |bcd_to_led|ALU:comb_3|Multiplier:Mul|lpm_mult:Mult0|mult_uss:auto_generated ; work         ;
;       |mux16_1:mux16_1|               ; 38 (38)           ; 0 (0)        ; 0           ; 0            ; 0       ; 0         ; 0    ; 0            ; |bcd_to_led|ALU:comb_3|mux16_1:mux16_1                                       ; work         ;
;       |mux4_1:comb_23|                ; 7 (7)             ; 0 (0)        ; 0           ; 0            ; 0       ; 0         ; 0    ; 0            ; |bcd_to_led|ALU:comb_3|mux4_1:comb_23                                        ; work         ;
;       |mux4_1:comb_24|                ; 5 (5)             ; 0 (0)        ; 0           ; 0            ; 0       ; 0         ; 0    ; 0            ; |bcd_to_led|ALU:comb_3|mux4_1:comb_24                                        ; work         ;
;    |LED:ledA|                         ; 7 (7)             ; 0 (0)        ; 0           ; 0            ; 0       ; 0         ; 0    ; 0            ; |bcd_to_led|LED:ledA                                                         ; work         ;
;    |LED:ledB|                         ; 7 (7)             ; 0 (0)        ; 0           ; 0            ; 0       ; 0         ; 0    ; 0            ; |bcd_to_led|LED:ledB                                                         ; work         ;
;    |LED:ledc|                         ; 7 (7)             ; 0 (0)        ; 0           ; 0            ; 0       ; 0         ; 0    ; 0            ; |bcd_to_led|LED:ledc                                                         ; work         ;
+---------------------------------------+-------------------+--------------+-------------+--------------+---------+-----------+------+--------------+------------------------------------------------------------------------------+--------------+
Note: For table entries with two numbers listed, the numbers in parentheses indicate the number of resources of the given type used by the specific entity alone. The numbers listed outside of parentheses indicate the total resources of the given type used by the specific entity and all of its sub-entities in the hierarchy.


+------------------------------------------------------+
; General Register Statistics                          ;
+----------------------------------------------+-------+
; Statistic                                    ; Value ;
+----------------------------------------------+-------+
; Total registers                              ; 0     ;
; Number of registers using Synchronous Clear  ; 0     ;
; Number of registers using Synchronous Load   ; 0     ;
; Number of registers using Asynchronous Clear ; 0     ;
; Number of registers using Asynchronous Load  ; 0     ;
; Number of registers using Clock Enable       ; 0     ;
; Number of registers using Preset             ; 0     ;
+----------------------------------------------+-------+


+-----------------------------------------------------------------------------------------------------------------------------------------------------------+
; Multiplexer Restructuring Statistics (Restructuring Performed)                                                                                            ;
+--------------------+-----------+---------------+----------------------+------------------------+------------+---------------------------------------------+
; Multiplexer Inputs ; Bus Width ; Baseline Area ; Area if Restructured ; Saving if Restructured ; Registered ; Example Multiplexer Output                  ;
+--------------------+-----------+---------------+----------------------+------------------------+------------+---------------------------------------------+
; 14:1               ; 2 bits    ; 18 LEs        ; 14 LEs               ; 4 LEs                  ; No         ; |bcd_to_led|ALU:comb_3|mux16_1:mux16_1|Mux1 ;
+--------------------+-----------+---------------+----------------------+------------------------+------------+---------------------------------------------+


+-------------------------------------------------------------------------------------------+
; Parameter Settings for Inferred Entity Instance: ALU:comb_3|Multiplier:Mul|lpm_mult:Mult0 ;
+------------------------------------------------+------------+-----------------------------+
; Parameter Name                                 ; Value      ; Type                        ;
+------------------------------------------------+------------+-----------------------------+
; AUTO_CARRY_CHAINS                              ; ON         ; AUTO_CARRY                  ;
; IGNORE_CARRY_BUFFERS                           ; OFF        ; IGNORE_CARRY                ;
; AUTO_CASCADE_CHAINS                            ; ON         ; AUTO_CASCADE                ;
; IGNORE_CASCADE_BUFFERS                         ; OFF        ; IGNORE_CASCADE              ;
; LPM_WIDTHA                                     ; 4          ; Untyped                     ;
; LPM_WIDTHB                                     ; 4          ; Untyped                     ;
; LPM_WIDTHP                                     ; 8          ; Untyped                     ;
; LPM_WIDTHR                                     ; 8          ; Untyped                     ;
; LPM_WIDTHS                                     ; 1          ; Untyped                     ;
; LPM_REPRESENTATION                             ; SIGNED     ; Untyped                     ;
; LPM_PIPELINE                                   ; 0          ; Untyped                     ;
; LATENCY                                        ; 0          ; Untyped                     ;
; INPUT_A_IS_CONSTANT                            ; NO         ; Untyped                     ;
; INPUT_B_IS_CONSTANT                            ; NO         ; Untyped                     ;
; USE_EAB                                        ; OFF        ; Untyped                     ;
; MAXIMIZE_SPEED                                 ; 5          ; Untyped                     ;
; DEVICE_FAMILY                                  ; Cyclone II ; Untyped                     ;
; CARRY_CHAIN                                    ; MANUAL     ; Untyped                     ;
; APEX20K_TECHNOLOGY_MAPPER                      ; LUT        ; TECH_MAPPER_APEX20K         ;
; DEDICATED_MULTIPLIER_CIRCUITRY                 ; AUTO       ; Untyped                     ;
; DEDICATED_MULTIPLIER_MIN_INPUT_WIDTH_FOR_AUTO  ; 0          ; Untyped                     ;
; DEDICATED_MULTIPLIER_MIN_OUTPUT_WIDTH_FOR_AUTO ; 0          ; Untyped                     ;
; CBXI_PARAMETER                                 ; mult_uss   ; Untyped                     ;
; INPUT_A_FIXED_VALUE                            ; Bx         ; Untyped                     ;
; INPUT_B_FIXED_VALUE                            ; Bx         ; Untyped                     ;
; USE_AHDL_IMPLEMENTATION                        ; OFF        ; Untyped                     ;
+------------------------------------------------+------------+-----------------------------+
Note: In order to hide this table in the UI and the text report file, please set the "Show Parameter Settings in Synthesis Report" option in "Analysis and Synthesis Settings -> More Settings" to "Off".


+----------------------------------------------------------------------------------+
; lpm_mult Parameter Settings by Entity Instance                                   ;
+---------------------------------------+------------------------------------------+
; Name                                  ; Value                                    ;
+---------------------------------------+------------------------------------------+
; Number of entity instances            ; 1                                        ;
; Entity Instance                       ; ALU:comb_3|Multiplier:Mul|lpm_mult:Mult0 ;
;     -- LPM_WIDTHA                     ; 4                                        ;
;     -- LPM_WIDTHB                     ; 4                                        ;
;     -- LPM_WIDTHP                     ; 8                                        ;
;     -- LPM_REPRESENTATION             ; SIGNED                                   ;
;     -- INPUT_A_IS_CONSTANT            ; NO                                       ;
;     -- INPUT_B_IS_CONSTANT            ; NO                                       ;
;     -- USE_EAB                        ; OFF                                      ;
;     -- DEDICATED_MULTIPLIER_CIRCUITRY ; AUTO                                     ;
;     -- INPUT_A_FIXED_VALUE            ; Bx                                       ;
;     -- INPUT_B_FIXED_VALUE            ; Bx                                       ;
+---------------------------------------+------------------------------------------+


+--------------------------------------------------------+
; Port Connectivity Checks: "ALU:comb_3|FullAdder:Incre" ;
+---------+-------+----------+---------------------------+
; Port    ; Type  ; Severity ; Details                   ;
+---------+-------+----------+---------------------------+
; b[3..1] ; Input ; Info     ; Stuck at GND              ;
; b[0]    ; Input ; Info     ; Stuck at VCC              ;
+---------+-------+----------+---------------------------+


+-------------------------------------------------------------+
; Port Connectivity Checks: "ALU:comb_3|FullSubtracter:Decre" ;
+---------+-------+----------+--------------------------------+
; Port    ; Type  ; Severity ; Details                        ;
+---------+-------+----------+--------------------------------+
; b[3..1] ; Input ; Info     ; Stuck at GND                   ;
; b[0]    ; Input ; Info     ; Stuck at VCC                   ;
+---------+-------+----------+--------------------------------+


+--------------------------------------------------------+
; Port Connectivity Checks: "ALU:comb_3|mux16_1:mux16_1" ;
+-----------+-------+----------+-------------------------+
; Port      ; Type  ; Severity ; Details                 ;
+-----------+-------+----------+-------------------------+
; shiftL[0] ; Input ; Info     ; Stuck at GND            ;
; shiftR[3] ; Input ; Info     ; Stuck at GND            ;
+-----------+-------+----------+-------------------------+


+------------------------------------------------------------------------------------------------------------------------------------------------------------------------+
; Port Connectivity Checks: "ALU:comb_3|mux4_1:comb_24"                                                                                                                  ;
+------+-------+----------+----------------------------------------------------------------------------------------------------------------------------------------------+
; Port ; Type  ; Severity ; Details                                                                                                                                      ;
+------+-------+----------+----------------------------------------------------------------------------------------------------------------------------------------------+
; mul  ; Input ; Warning  ; Declared by entity but not connected by instance. If a default value exists, it will be used.  Otherwise, the port will be connected to GND. ;
+------+-------+----------+----------------------------------------------------------------------------------------------------------------------------------------------+


+-------------------------------+
; Elapsed Time Per Partition    ;
+----------------+--------------+
; Partition Name ; Elapsed Time ;
+----------------+--------------+
; Top            ; 00:00:00     ;
+----------------+--------------+


+-------------------------------+
; Analysis & Synthesis Messages ;
+-------------------------------+
Info: *******************************************************************
Info: Running Quartus II 64-Bit Analysis & Synthesis
    Info: Version 13.0.1 Build 232 06/12/2013 Service Pack 1 SJ Web Edition
    Info: Processing started: Tue Oct 15 09:15:55 2024
Info: Command: quartus_map --read_settings_files=on --write_settings_files=off ALU -c ALU
Warning (20028): Parallel compilation is not licensed and has been disabled
Info (12021): Found 1 design units, including 1 entities, in source file alu.v
    Info (12023): Found entity 1: ALU
Info (12021): Found 1 design units, including 1 entities, in source file multiplier.v
    Info (12023): Found entity 1: Multiplier
Info (12021): Found 1 design units, including 1 entities, in source file fulladder.v
    Info (12023): Found entity 1: FullAdder
Info (12021): Found 1 design units, including 1 entities, in source file fullsubtracter.v
    Info (12023): Found entity 1: FullSubtracter
Info (12021): Found 1 design units, including 1 entities, in source file mux16_1.v
    Info (12023): Found entity 1: mux16_1
Info (12021): Found 1 design units, including 1 entities, in source file comp.v
    Info (12023): Found entity 1: comp
Info (12021): Found 1 design units, including 1 entities, in source file mux4_1.v
    Info (12023): Found entity 1: mux4_1
Info (12021): Found 1 design units, including 1 entities, in source file led.v
    Info (12023): Found entity 1: LED
Info (12021): Found 1 design units, including 1 entities, in source file bcd_to_led.v
    Info (12023): Found entity 1: bcd_to_led
Critical Warning (10846): Verilog HDL Instantiation warning at ALU.v(39): instance has no name
Critical Warning (10846): Verilog HDL Instantiation warning at ALU.v(40): instance has no name
Critical Warning (10846): Verilog HDL Instantiation warning at bcd_to_led.v(23): instance has no name
Info (12127): Elaborating entity "bcd_to_led" for the top level hierarchy
Info (12128): Elaborating entity "ALU" for hierarchy "ALU:comb_3"
Info (12128): Elaborating entity "mux4_1" for hierarchy "ALU:comb_3|mux4_1:comb_23"
Info (12128): Elaborating entity "mux16_1" for hierarchy "ALU:comb_3|mux16_1:mux16_1"
Info (12128): Elaborating entity "comp" for hierarchy "ALU:comb_3|comp:Comp"
Info (12128): Elaborating entity "FullSubtracter" for hierarchy "ALU:comb_3|FullSubtracter:Decre"
Warning (10036): Verilog HDL or VHDL warning at FullSubtracter.v(5): object "co3" assigned a value but never read
Info (12128): Elaborating entity "FullAdder" for hierarchy "ALU:comb_3|FullAdder:Add"
Info (12128): Elaborating entity "Multiplier" for hierarchy "ALU:comb_3|Multiplier:Mul"
Info (12128): Elaborating entity "LED" for hierarchy "LED:ledA"
Info (278001): Inferred 1 megafunctions from design logic
    Info (278003): Inferred multiplier megafunction ("lpm_mult") from the following logic: "ALU:comb_3|Multiplier:Mul|Mult0"
Info (12130): Elaborated megafunction instantiation "ALU:comb_3|Multiplier:Mul|lpm_mult:Mult0"
Info (12133): Instantiated megafunction "ALU:comb_3|Multiplier:Mul|lpm_mult:Mult0" with the following parameter:
    Info (12134): Parameter "LPM_WIDTHA" = "4"
    Info (12134): Parameter "LPM_WIDTHB" = "4"
    Info (12134): Parameter "LPM_WIDTHP" = "8"
    Info (12134): Parameter "LPM_WIDTHR" = "8"
    Info (12134): Parameter "LPM_WIDTHS" = "1"
    Info (12134): Parameter "LPM_REPRESENTATION" = "SIGNED"
    Info (12134): Parameter "INPUT_A_IS_CONSTANT" = "NO"
    Info (12134): Parameter "INPUT_B_IS_CONSTANT" = "NO"
    Info (12134): Parameter "MAXIMIZE_SPEED" = "5"
Info (12021): Found 1 design units, including 1 entities, in source file db/mult_uss.tdf
    Info (12023): Found entity 1: mult_uss
Warning (14284): Synthesized away the following node(s):
    Warning (14285): Synthesized away the following LCELL buffer node(s):
        Warning (14320): Synthesized away node "ALU:comb_3|Multiplier:Mul|lpm_mult:Mult0|mult_uss:auto_generated|le2a[4]"
        Warning (14320): Synthesized away node "ALU:comb_3|Multiplier:Mul|lpm_mult:Mult0|mult_uss:auto_generated|le2a[3]"
        Warning (14320): Synthesized away node "ALU:comb_3|Multiplier:Mul|lpm_mult:Mult0|mult_uss:auto_generated|le2a[2]"
        Warning (14320): Synthesized away node "ALU:comb_3|Multiplier:Mul|lpm_mult:Mult0|mult_uss:auto_generated|le4a[4]"
        Warning (14320): Synthesized away node "ALU:comb_3|Multiplier:Mul|lpm_mult:Mult0|mult_uss:auto_generated|le4a[3]"
        Warning (14320): Synthesized away node "ALU:comb_3|Multiplier:Mul|lpm_mult:Mult0|mult_uss:auto_generated|le4a[2]"
Warning (14284): Synthesized away the following node(s):
    Warning (14285): Synthesized away the following LCELL buffer node(s):
        Warning (14320): Synthesized away node "ALU:comb_3|Multiplier:Mul|lpm_mult:Mult0|mult_uss:auto_generated|le5a[4]"
Warning (12241): 1 hierarchies have connectivity warnings - see the Connectivity Checks report folder
Info (13014): Ignored 18 buffer(s)
    Info (13016): Ignored 2 CARRY_SUM buffer(s)
    Info (13019): Ignored 16 SOFT buffer(s)
Warning (13024): Output pins are stuck at VCC or GND
    Warning (13410): Pin "ledcin1[1]" is stuck at VCC
    Warning (13410): Pin "ledcin1[2]" is stuck at VCC
    Warning (13410): Pin "ledcin1[3]" is stuck at VCC
    Warning (13410): Pin "ledcin1[6]" is stuck at VCC
    Warning (13410): Pin "ledcin2[3]" is stuck at VCC
    Warning (13410): Pin "ledcin2[4]" is stuck at VCC
    Warning (13410): Pin "ledcin2[5]" is stuck at VCC
    Warning (13410): Pin "ledcin2[6]" is stuck at VCC
    Warning (13410): Pin "daua[1]" is stuck at VCC
    Warning (13410): Pin "daua[2]" is stuck at VCC
    Warning (13410): Pin "daua[3]" is stuck at VCC
    Warning (13410): Pin "daua[4]" is stuck at VCC
    Warning (13410): Pin "daua[5]" is stuck at VCC
    Warning (13410): Pin "daua[6]" is stuck at VCC
    Warning (13410): Pin "daub[1]" is stuck at VCC
    Warning (13410): Pin "daub[2]" is stuck at VCC
    Warning (13410): Pin "daub[3]" is stuck at VCC
    Warning (13410): Pin "daub[4]" is stuck at VCC
    Warning (13410): Pin "daub[5]" is stuck at VCC
    Warning (13410): Pin "daub[6]" is stuck at VCC
    Warning (13410): Pin "dauout[1]" is stuck at VCC
    Warning (13410): Pin "dauout[2]" is stuck at VCC
    Warning (13410): Pin "dauout[3]" is stuck at VCC
    Warning (13410): Pin "dauout[4]" is stuck at VCC
    Warning (13410): Pin "dauout[5]" is stuck at VCC
    Warning (13410): Pin "dauout[6]" is stuck at VCC
Info (144001): Generated suppressed messages file C:/Users/Admin/Desktop/LLS/THL/Lab3/output_files/ALU.map.smsg
Info (16010): Generating hard_block partition "hard_block:auto_generated_inst"
    Info (16011): Adding 0 node(s), including 0 DDIO, 0 PLL, 0 transceiver and 0 LCELL
Info (21057): Implemented 199 device resources after synthesis - the final resource count might be different
    Info (21058): Implemented 13 input pins
    Info (21059): Implemented 71 output pins
    Info (21061): Implemented 115 logic cells
Info: Quartus II 64-Bit Analysis & Synthesis was successful. 0 errors, 44 warnings
    Info: Peak virtual memory: 4608 megabytes
    Info: Processing ended: Tue Oct 15 09:15:57 2024
    Info: Elapsed time: 00:00:02
    Info: Total CPU time (on all processors): 00:00:01


+------------------------------------------+
; Analysis & Synthesis Suppressed Messages ;
+------------------------------------------+
The suppressed messages can be found in C:/Users/Admin/Desktop/LLS/THL/Lab3/output_files/ALU.map.smsg.


