Analysis & Synthesis report for lab06_ban1_code
Mon Dec 09 21:56:20 2024
Quartus II 64-Bit Version 13.0.1 Build 232 06/12/2013 Service Pack 1 SJ Web Edition


---------------------
; Table of Contents ;
---------------------
  1. Legal Notice
  2. Analysis & Synthesis Summary
  3. Analysis & Synthesis Settings
  4. Parallel Compilation
  5. Analysis & Synthesis Source Files Read
  6. Analysis & Synthesis Resource Usage Summary
  7. Analysis & Synthesis Resource Utilization by Entity
  8. Registers Removed During Synthesis
  9. General Register Statistics
 10. Multiplexer Restructuring Statistics (Restructuring Performed)
 11. Elapsed Time Per Partition
 12. Analysis & Synthesis Messages
 13. Analysis & Synthesis Suppressed Messages



----------------
; Legal Notice ;
----------------
Copyright (C) 1991-2013 Altera Corporation
Your use of Altera Corporation's design tools, logic functions 
and other software and tools, and its AMPP partner logic 
functions, and any output files from any of the foregoing 
(including device programming or simulation files), and any 
associated documentation or information are expressly subject 
to the terms and conditions of the Altera Program License 
Subscription Agreement, Altera MegaCore Function License 
Agreement, or other applicable license agreement, including, 
without limitation, that your use is for the sole purpose of 
programming logic devices manufactured by Altera and sold by 
Altera or its authorized distributors.  Please refer to the 
applicable agreement for further details.



+--------------------------------------------------------------------------------------+
; Analysis & Synthesis Summary                                                         ;
+------------------------------------+-------------------------------------------------+
; Analysis & Synthesis Status        ; Successful - Mon Dec 09 21:56:20 2024           ;
; Quartus II 64-Bit Version          ; 13.0.1 Build 232 06/12/2013 SP 1 SJ Web Edition ;
; Revision Name                      ; lab06_ban1_code                                 ;
; Top-level Entity Name              ; Data_Path                                       ;
; Family                             ; Cyclone II                                      ;
; Total logic elements               ; 74                                              ;
;     Total combinational functions  ; 74                                              ;
;     Dedicated logic registers      ; 20                                              ;
; Total registers                    ; 20                                              ;
; Total pins                         ; 51                                              ;
; Total virtual pins                 ; 0                                               ;
; Total memory bits                  ; 0                                               ;
; Embedded Multiplier 9-bit elements ; 0                                               ;
; Total PLLs                         ; 0                                               ;
+------------------------------------+-------------------------------------------------+


+----------------------------------------------------------------------------------------------------------------------+
; Analysis & Synthesis Settings                                                                                        ;
+----------------------------------------------------------------------------+--------------------+--------------------+
; Option                                                                     ; Setting            ; Default Value      ;
+----------------------------------------------------------------------------+--------------------+--------------------+
; Device                                                                     ; EP2C50F672C6       ;                    ;
; Top-level entity name                                                      ; Data_Path          ; lab06_ban1_code    ;
; Family name                                                                ; Cyclone II         ; Cyclone IV GX      ;
; Use smart compilation                                                      ; Off                ; Off                ;
; Enable parallel Assembler and TimeQuest Timing Analyzer during compilation ; On                 ; On                 ;
; Enable compact report table                                                ; Off                ; Off                ;
; Restructure Multiplexers                                                   ; Auto               ; Auto               ;
; Create Debugging Nodes for IP Cores                                        ; Off                ; Off                ;
; Preserve fewer node names                                                  ; On                 ; On                 ;
; Disable OpenCore Plus hardware evaluation                                  ; Off                ; Off                ;
; Verilog Version                                                            ; Verilog_2001       ; Verilog_2001       ;
; VHDL Version                                                               ; VHDL_1993          ; VHDL_1993          ;
; State Machine Processing                                                   ; Auto               ; Auto               ;
; Safe State Machine                                                         ; Off                ; Off                ;
; Extract Verilog State Machines                                             ; On                 ; On                 ;
; Extract VHDL State Machines                                                ; On                 ; On                 ;
; Ignore Verilog initial constructs                                          ; Off                ; Off                ;
; Iteration limit for constant Verilog loops                                 ; 5000               ; 5000               ;
; Iteration limit for non-constant Verilog loops                             ; 250                ; 250                ;
; Add Pass-Through Logic to Inferred RAMs                                    ; On                 ; On                 ;
; Infer RAMs from Raw Logic                                                  ; On                 ; On                 ;
; Parallel Synthesis                                                         ; On                 ; On                 ;
; DSP Block Balancing                                                        ; Auto               ; Auto               ;
; NOT Gate Push-Back                                                         ; On                 ; On                 ;
; Power-Up Don't Care                                                        ; On                 ; On                 ;
; Remove Redundant Logic Cells                                               ; Off                ; Off                ;
; Remove Duplicate Registers                                                 ; On                 ; On                 ;
; Ignore CARRY Buffers                                                       ; Off                ; Off                ;
; Ignore CASCADE Buffers                                                     ; Off                ; Off                ;
; Ignore GLOBAL Buffers                                                      ; Off                ; Off                ;
; Ignore ROW GLOBAL Buffers                                                  ; Off                ; Off                ;
; Ignore LCELL Buffers                                                       ; Off                ; Off                ;
; Ignore SOFT Buffers                                                        ; On                 ; On                 ;
; Limit AHDL Integers to 32 Bits                                             ; Off                ; Off                ;
; Optimization Technique                                                     ; Balanced           ; Balanced           ;
; Carry Chain Length                                                         ; 70                 ; 70                 ;
; Auto Carry Chains                                                          ; On                 ; On                 ;
; Auto Open-Drain Pins                                                       ; On                 ; On                 ;
; Perform WYSIWYG Primitive Resynthesis                                      ; Off                ; Off                ;
; Auto ROM Replacement                                                       ; On                 ; On                 ;
; Auto RAM Replacement                                                       ; On                 ; On                 ;
; Auto Shift Register Replacement                                            ; Auto               ; Auto               ;
; Allow Shift Register Merging across Hierarchies                            ; Auto               ; Auto               ;
; Auto Clock Enable Replacement                                              ; On                 ; On                 ;
; Strict RAM Replacement                                                     ; Off                ; Off                ;
; Allow Synchronous Control Signals                                          ; On                 ; On                 ;
; Force Use of Synchronous Clear Signals                                     ; Off                ; Off                ;
; Auto RAM to Logic Cell Conversion                                          ; Off                ; Off                ;
; Auto Resource Sharing                                                      ; Off                ; Off                ;
; Allow Any RAM Size For Recognition                                         ; Off                ; Off                ;
; Allow Any ROM Size For Recognition                                         ; Off                ; Off                ;
; Allow Any Shift Register Size For Recognition                              ; Off                ; Off                ;
; Use LogicLock Constraints during Resource Balancing                        ; On                 ; On                 ;
; Ignore translate_off and synthesis_off directives                          ; Off                ; Off                ;
; Timing-Driven Synthesis                                                    ; Off                ; Off                ;
; Report Parameter Settings                                                  ; On                 ; On                 ;
; Report Source Assignments                                                  ; On                 ; On                 ;
; Report Connectivity Checks                                                 ; On                 ; On                 ;
; Ignore Maximum Fan-Out Assignments                                         ; Off                ; Off                ;
; Synchronization Register Chain Length                                      ; 2                  ; 2                  ;
; PowerPlay Power Optimization                                               ; Normal compilation ; Normal compilation ;
; HDL message level                                                          ; Level2             ; Level2             ;
; Suppress Register Optimization Related Messages                            ; Off                ; Off                ;
; Number of Removed Registers Reported in Synthesis Report                   ; 5000               ; 5000               ;
; Number of Swept Nodes Reported in Synthesis Report                         ; 5000               ; 5000               ;
; Number of Inverted Registers Reported in Synthesis Report                  ; 100                ; 100                ;
; Clock MUX Protection                                                       ; On                 ; On                 ;
; Auto Gated Clock Conversion                                                ; Off                ; Off                ;
; Block Design Naming                                                        ; Auto               ; Auto               ;
; SDC constraint protection                                                  ; Off                ; Off                ;
; Synthesis Effort                                                           ; Auto               ; Auto               ;
; Shift Register Replacement - Allow Asynchronous Clear Signal               ; On                 ; On                 ;
; Pre-Mapping Resynthesis Optimization                                       ; Off                ; Off                ;
; Analysis & Synthesis Message Level                                         ; Medium             ; Medium             ;
; Disable Register Merging Across Hierarchies                                ; Auto               ; Auto               ;
; Resource Aware Inference For Block RAM                                     ; On                 ; On                 ;
; Synthesis Seed                                                             ; 1                  ; 1                  ;
+----------------------------------------------------------------------------+--------------------+--------------------+


Parallel compilation was disabled, but you have multiple processors available. Enable parallel compilation to reduce compilation time.
+-------------------------------------+
; Parallel Compilation                ;
+----------------------------+--------+
; Processors                 ; Number ;
+----------------------------+--------+
; Number detected on machine ; 8      ;
; Maximum allowed            ; 1      ;
+----------------------------+--------+


+------------------------------------------------------------------------------------------------------------------------+
; Analysis & Synthesis Source Files Read                                                                                 ;
+----------------------------------+-----------------+------------------------+--------------------------------+---------+
; File Name with User-Entered Path ; Used in Netlist ; File Type              ; File Name with Absolute Path   ; Library ;
+----------------------------------+-----------------+------------------------+--------------------------------+---------+
; mux2_1.v                         ; yes             ; User Verilog HDL File  ; C:/CE118/Lab06/mux2_1.v        ;         ;
; tri_state.v                      ; yes             ; User Verilog HDL File  ; C:/CE118/Lab06/tri_state.v     ;         ;
; alu.v                            ; yes             ; User Verilog HDL File  ; C:/CE118/Lab06/alu.v           ;         ;
; Data_Path.v                      ; yes             ; User Verilog HDL File  ; C:/CE118/Lab06/Data_Path.v     ;         ;
; Shift_reg.v                      ; yes             ; User Verilog HDL File  ; C:/CE118/Lab06/Shift_reg.v     ;         ;
; register_file.v                  ; yes             ; User Verilog HDL File  ; C:/CE118/Lab06/register_file.v ;         ;
+----------------------------------+-----------------+------------------------+--------------------------------+---------+


+-----------------------------------------------------+
; Analysis & Synthesis Resource Usage Summary         ;
+---------------------------------------------+-------+
; Resource                                    ; Usage ;
+---------------------------------------------+-------+
; Estimated Total logic elements              ; 74    ;
;                                             ;       ;
; Total combinational functions               ; 74    ;
; Logic element usage by number of LUT inputs ;       ;
;     -- 4 input functions                    ; 35    ;
;     -- 3 input functions                    ; 35    ;
;     -- <=2 input functions                  ; 4     ;
;                                             ;       ;
; Logic elements by mode                      ;       ;
;     -- normal mode                          ; 68    ;
;     -- arithmetic mode                      ; 6     ;
;                                             ;       ;
; Total registers                             ; 20    ;
;     -- Dedicated logic registers            ; 20    ;
;     -- I/O registers                        ; 0     ;
;                                             ;       ;
; I/O pins                                    ; 51    ;
; Embedded Multiplier 9-bit elements          ; 0     ;
; Maximum fan-out node                        ; CLK   ;
; Maximum fan-out                             ; 20    ;
; Total fan-out                               ; 337   ;
; Average fan-out                             ; 2.32  ;
+---------------------------------------------+-------+


+--------------------------------------------------------------------------------------------------------------------------------------------------------------------------------------+
; Analysis & Synthesis Resource Utilization by Entity                                                                                                                                  ;
+----------------------------+-------------------+--------------+-------------+--------------+---------+-----------+------+--------------+------------------------------+--------------+
; Compilation Hierarchy Node ; LC Combinationals ; LC Registers ; Memory Bits ; DSP Elements ; DSP 9x9 ; DSP 18x18 ; Pins ; Virtual Pins ; Full Hierarchy Name          ; Library Name ;
+----------------------------+-------------------+--------------+-------------+--------------+---------+-----------+------+--------------+------------------------------+--------------+
; |Data_Path                 ; 74 (0)            ; 20 (0)       ; 0           ; 0            ; 0       ; 0         ; 51   ; 0            ; |Data_Path                   ; work         ;
;    |Shift_reg:shift|       ; 4 (4)             ; 4 (4)        ; 0           ; 0            ; 0       ; 0         ; 0    ; 0            ; |Data_Path|Shift_reg:shift   ; work         ;
;    |alu:alu|               ; 15 (15)           ; 0 (0)        ; 0           ; 0            ; 0       ; 0         ; 0    ; 0            ; |Data_Path|alu:alu           ; work         ;
;    |mux2_1:mux|            ; 8 (8)             ; 0 (0)        ; 0           ; 0            ; 0       ; 0         ; 0    ; 0            ; |Data_Path|mux2_1:mux        ; work         ;
;    |register_file:Reg|     ; 47 (47)           ; 16 (16)      ; 0           ; 0            ; 0       ; 0         ; 0    ; 0            ; |Data_Path|register_file:Reg ; work         ;
+----------------------------+-------------------+--------------+-------------+--------------+---------+-----------+------+--------------+------------------------------+--------------+
Note: For table entries with two numbers listed, the numbers in parentheses indicate the number of resources of the given type used by the specific entity alone. The numbers listed outside of parentheses indicate the total resources of the given type used by the specific entity and all of its sub-entities in the hierarchy.


+---------------------------------------------------------------------------------+
; Registers Removed During Synthesis                                              ;
+----------------------------------------+----------------------------------------+
; Register name                          ; Reason for Removal                     ;
+----------------------------------------+----------------------------------------+
; Shift_reg:shift|data_out[4..15]        ; Stuck at GND due to stuck port data_in ;
; Total Number of Removed Registers = 12 ;                                        ;
+----------------------------------------+----------------------------------------+


+------------------------------------------------------+
; General Register Statistics                          ;
+----------------------------------------------+-------+
; Statistic                                    ; Value ;
+----------------------------------------------+-------+
; Total registers                              ; 20    ;
; Number of registers using Synchronous Clear  ; 0     ;
; Number of registers using Synchronous Load   ; 4     ;
; Number of registers using Asynchronous Clear ; 0     ;
; Number of registers using Asynchronous Load  ; 0     ;
; Number of registers using Clock Enable       ; 16    ;
; Number of registers using Preset             ; 0     ;
+----------------------------------------------+-------+


+----------------------------------------------------------------------------------------------------------------------------------------------------------+
; Multiplexer Restructuring Statistics (Restructuring Performed)                                                                                           ;
+--------------------+-----------+---------------+----------------------+------------------------+------------+--------------------------------------------+
; Multiplexer Inputs ; Bus Width ; Baseline Area ; Area if Restructured ; Saving if Restructured ; Registered ; Example Multiplexer Output                 ;
+--------------------+-----------+---------------+----------------------+------------------------+------------+--------------------------------------------+
; 4:1                ; 4 bits    ; 8 LEs         ; 4 LEs                ; 4 LEs                  ; Yes        ; |Data_Path|register_file:Reg|regfile[3][0] ;
; 4:1                ; 4 bits    ; 8 LEs         ; 4 LEs                ; 4 LEs                  ; Yes        ; |Data_Path|register_file:Reg|regfile[2][0] ;
; 4:1                ; 4 bits    ; 8 LEs         ; 4 LEs                ; 4 LEs                  ; Yes        ; |Data_Path|register_file:Reg|regfile[1][0] ;
; 4:1                ; 4 bits    ; 8 LEs         ; 4 LEs                ; 4 LEs                  ; Yes        ; |Data_Path|register_file:Reg|regfile[0][0] ;
; 4:1                ; 4 bits    ; 8 LEs         ; 8 LEs                ; 0 LEs                  ; No         ; |Data_Path|register_file:Reg|Mux3          ;
; 4:1                ; 4 bits    ; 8 LEs         ; 8 LEs                ; 0 LEs                  ; No         ; |Data_Path|register_file:Reg|Mux7          ;
; 9:1                ; 3 bits    ; 18 LEs        ; 18 LEs               ; 0 LEs                  ; No         ; |Data_Path|mux2_1:mux|muxout[1]            ;
+--------------------+-----------+---------------+----------------------+------------------------+------------+--------------------------------------------+


+-------------------------------+
; Elapsed Time Per Partition    ;
+----------------+--------------+
; Partition Name ; Elapsed Time ;
+----------------+--------------+
; Top            ; 00:00:00     ;
+----------------+--------------+


+-------------------------------+
; Analysis & Synthesis Messages ;
+-------------------------------+
Info: *******************************************************************
Info: Running Quartus II 64-Bit Analysis & Synthesis
    Info: Version 13.0.1 Build 232 06/12/2013 Service Pack 1 SJ Web Edition
    Info: Processing started: Mon Dec 09 21:56:19 2024
Info: Command: quartus_map --read_settings_files=on --write_settings_files=off lab06_ban1_code -c lab06_ban1_code
Warning (20028): Parallel compilation is not licensed and has been disabled
Info (12021): Found 1 design units, including 1 entities, in source file /ce118/da_ck/da_optimate/lab4/shift_register.v
    Info (12023): Found entity 1: Shift_Register
Info (12021): Found 1 design units, including 1 entities, in source file /ce118/da_ck/da_optimate/lab4/registerfile.v
    Info (12023): Found entity 1: RegisterFile
Info (12021): Found 1 design units, including 1 entities, in source file /ce118/da_ck/da_optimate/lab4/register4bit.v
    Info (12023): Found entity 1: Register4Bit
Info (12021): Found 1 design units, including 1 entities, in source file /ce118/da_ck/da_optimate/lab4/one_counter_tb.v
    Info (12023): Found entity 1: One_Counter_tb
Info (12021): Found 1 design units, including 1 entities, in source file /ce118/da_ck/da_optimate/lab4/one_counter.v
    Info (12023): Found entity 1: One_Counter
Info (12021): Found 1 design units, including 1 entities, in source file /ce118/da_ck/da_optimate/lab4/giaithua.v
    Info (12023): Found entity 1: giaithua
Info (12021): Found 1 design units, including 1 entities, in source file /ce118/da_ck/da_optimate/lab4/control_unit_tb.v
    Info (12023): Found entity 1: Control_Unit_tb
Info (12021): Found 1 design units, including 1 entities, in source file /ce118/da_ck/da_optimate/lab4/control_unit.v
    Info (12023): Found entity 1: Control_Unit
Warning (12018): Entity "Xor" will be ignored because it conflicts with Quartus II primitive name
Info (12021): Found 1 design units, including 1 entities, in source file /ce118/da_ck/da_optimate/lab3/xor.v
Warning (12018): Entity "Or" will be ignored because it conflicts with Quartus II primitive name
Info (12021): Found 1 design units, including 1 entities, in source file /ce118/da_ck/da_optimate/lab3/or.v
Info (12021): Found 1 design units, including 1 entities, in source file /ce118/da_ck/da_optimate/lab3/mux16_1.v
    Info (12023): Found entity 1: mux16_1
Info (12021): Found 1 design units, including 1 entities, in source file /ce118/da_ck/da_optimate/lab3/mux4_1.v
    Info (12023): Found entity 1: mux4_1
Info (12021): Found 1 design units, including 1 entities, in source file /ce118/da_ck/da_optimate/lab3/multiplier.v
    Info (12023): Found entity 1: Multiplier
Info (12021): Found 1 design units, including 1 entities, in source file /ce118/da_ck/da_optimate/lab3/led.v
    Info (12023): Found entity 1: LED
Info (12021): Found 1 design units, including 1 entities, in source file /ce118/da_ck/da_optimate/lab3/fullsubtracter.v
    Info (12023): Found entity 1: FullSubtracter
Info (12021): Found 1 design units, including 1 entities, in source file /ce118/da_ck/da_optimate/lab3/fulladder.v
    Info (12023): Found entity 1: FullAdder
Info (12021): Found 1 design units, including 1 entities, in source file /ce118/da_ck/da_optimate/lab3/comp.v
    Info (12023): Found entity 1: comp
Info (12021): Found 1 design units, including 1 entities, in source file /ce118/da_ck/da_optimate/lab3/bcd_to_led.v
    Info (12023): Found entity 1: bcd_to_led
Warning (12018): Entity "And2" will be ignored because it conflicts with Quartus II primitive name
Info (12021): Found 1 design units, including 1 entities, in source file /ce118/da_ck/da_optimate/lab3/and2.v
Warning (12018): Entity "And" will be ignored because it conflicts with Quartus II primitive name
Info (12021): Found 1 design units, including 1 entities, in source file /ce118/da_ck/da_optimate/lab3/and.v
Info (12021): Found 1 design units, including 1 entities, in source file /ce118/da_ck/da_optimate/lab3/alu.v
    Info (12023): Found entity 1: ALU
Info (12021): Found 1 design units, including 1 entities, in source file mux2_1.v
    Info (12023): Found entity 1: mux2_1
Info (12021): Found 1 design units, including 1 entities, in source file zero.v
    Info (12023): Found entity 1: zero
Info (12021): Found 1 design units, including 1 entities, in source file tri_state.v
    Info (12023): Found entity 1: tri_state
Info (12021): Found 1 design units, including 1 entities, in source file alu.v
    Info (12023): Found entity 1: alu
Info (12021): Found 1 design units, including 1 entities, in source file data_path.v
    Info (12023): Found entity 1: Data_Path
Info (12021): Found 1 design units, including 1 entities, in source file shift_reg.v
    Info (12023): Found entity 1: Shift_reg
Info (12021): Found 1 design units, including 1 entities, in source file register_file.v
    Info (12023): Found entity 1: register_file
Info (12021): Found 1 design units, including 1 entities, in source file control_unit_op.v
    Info (12023): Found entity 1: Control_Unit_op
Warning (10236): Verilog HDL Implicit Net warning at FullSubtracter.v(37): created implicit net for "co8"
Warning (10236): Verilog HDL Implicit Net warning at FullSubtracter.v(40): created implicit net for "co9"
Warning (10236): Verilog HDL Implicit Net warning at FullSubtracter.v(43): created implicit net for "co10"
Warning (10236): Verilog HDL Implicit Net warning at FullSubtracter.v(46): created implicit net for "co11"
Warning (10236): Verilog HDL Implicit Net warning at FullSubtracter.v(49): created implicit net for "co12"
Warning (10236): Verilog HDL Implicit Net warning at FullSubtracter.v(52): created implicit net for "co13"
Warning (10236): Verilog HDL Implicit Net warning at FullSubtracter.v(55): created implicit net for "co14"
Warning (10236): Verilog HDL Implicit Net warning at FullSubtracter.v(58): created implicit net for "co15"
Warning (10236): Verilog HDL Implicit Net warning at FullAdder.v(34): created implicit net for "co8"
Warning (10236): Verilog HDL Implicit Net warning at FullAdder.v(37): created implicit net for "co9"
Warning (10236): Verilog HDL Implicit Net warning at FullAdder.v(40): created implicit net for "co10"
Warning (10236): Verilog HDL Implicit Net warning at FullAdder.v(43): created implicit net for "co11"
Warning (10236): Verilog HDL Implicit Net warning at FullAdder.v(46): created implicit net for "co12"
Warning (10236): Verilog HDL Implicit Net warning at FullAdder.v(49): created implicit net for "co13"
Warning (10236): Verilog HDL Implicit Net warning at FullAdder.v(52): created implicit net for "co14"
Warning (10236): Verilog HDL Implicit Net warning at FullAdder.v(55): created implicit net for "co15"
Critical Warning (10846): Verilog HDL Instantiation warning at bcd_to_led.v(23): instance has no name
Info (12127): Elaborating entity "Data_Path" for the top level hierarchy
Info (12128): Elaborating entity "mux2_1" for hierarchy "mux2_1:mux"
Info (12128): Elaborating entity "register_file" for hierarchy "register_file:Reg"
Warning (10027): Verilog HDL or VHDL warning at the register_file.v(21): index expression is not wide enough to address all of the elements in the array
Warning (10027): Verilog HDL or VHDL warning at the register_file.v(22): index expression is not wide enough to address all of the elements in the array
Warning (10230): Verilog HDL assignment warning at register_file.v(27): truncated value with size 16 to match size of target (4)
Warning (10230): Verilog HDL assignment warning at register_file.v(30): truncated value with size 16 to match size of target (4)
Info (12128): Elaborating entity "alu" for hierarchy "alu:alu"
Warning (10230): Verilog HDL assignment warning at alu.v(14): truncated value with size 32 to match size of target (16)
Warning (10230): Verilog HDL assignment warning at alu.v(17): truncated value with size 32 to match size of target (16)
Info (12128): Elaborating entity "Shift_reg" for hierarchy "Shift_reg:shift"
Info (12128): Elaborating entity "tri_state" for hierarchy "tri_state:tri_state"
Warning (13046): Tri-state node(s) do not directly drive top-level pin(s)
    Warning (13049): Converted tri-state buffer "register_file:Reg|RDB[0]" feeding internal logic into a wire
    Warning (13049): Converted tri-state buffer "register_file:Reg|RDB[1]" feeding internal logic into a wire
    Warning (13049): Converted tri-state buffer "register_file:Reg|RDB[2]" feeding internal logic into a wire
    Warning (13049): Converted tri-state buffer "register_file:Reg|RDB[3]" feeding internal logic into a wire
    Warning (13049): Converted tri-state buffer "register_file:Reg|RDB[4]" feeding internal logic into a wire
    Warning (13049): Converted tri-state buffer "register_file:Reg|RDB[5]" feeding internal logic into a wire
    Warning (13049): Converted tri-state buffer "register_file:Reg|RDB[6]" feeding internal logic into a wire
    Warning (13049): Converted tri-state buffer "register_file:Reg|RDB[7]" feeding internal logic into a wire
    Warning (13049): Converted tri-state buffer "register_file:Reg|RDB[8]" feeding internal logic into a wire
    Warning (13049): Converted tri-state buffer "register_file:Reg|RDB[9]" feeding internal logic into a wire
    Warning (13049): Converted tri-state buffer "register_file:Reg|RDB[10]" feeding internal logic into a wire
    Warning (13049): Converted tri-state buffer "register_file:Reg|RDB[11]" feeding internal logic into a wire
    Warning (13049): Converted tri-state buffer "register_file:Reg|RDB[12]" feeding internal logic into a wire
    Warning (13049): Converted tri-state buffer "register_file:Reg|RDB[13]" feeding internal logic into a wire
    Warning (13049): Converted tri-state buffer "register_file:Reg|RDB[14]" feeding internal logic into a wire
    Warning (13049): Converted tri-state buffer "register_file:Reg|RDB[15]" feeding internal logic into a wire
    Warning (13049): Converted tri-state buffer "register_file:Reg|RDA[0]" feeding internal logic into a wire
    Warning (13049): Converted tri-state buffer "register_file:Reg|RDA[1]" feeding internal logic into a wire
    Warning (13049): Converted tri-state buffer "register_file:Reg|RDA[2]" feeding internal logic into a wire
    Warning (13049): Converted tri-state buffer "register_file:Reg|RDA[3]" feeding internal logic into a wire
    Warning (13049): Converted tri-state buffer "register_file:Reg|RDA[4]" feeding internal logic into a wire
    Warning (13049): Converted tri-state buffer "register_file:Reg|RDA[5]" feeding internal logic into a wire
    Warning (13049): Converted tri-state buffer "register_file:Reg|RDA[6]" feeding internal logic into a wire
    Warning (13049): Converted tri-state buffer "register_file:Reg|RDA[7]" feeding internal logic into a wire
    Warning (13049): Converted tri-state buffer "register_file:Reg|RDA[8]" feeding internal logic into a wire
    Warning (13049): Converted tri-state buffer "register_file:Reg|RDA[9]" feeding internal logic into a wire
    Warning (13049): Converted tri-state buffer "register_file:Reg|RDA[10]" feeding internal logic into a wire
    Warning (13049): Converted tri-state buffer "register_file:Reg|RDA[11]" feeding internal logic into a wire
    Warning (13049): Converted tri-state buffer "register_file:Reg|RDA[12]" feeding internal logic into a wire
    Warning (13049): Converted tri-state buffer "register_file:Reg|RDA[13]" feeding internal logic into a wire
    Warning (13049): Converted tri-state buffer "register_file:Reg|RDA[14]" feeding internal logic into a wire
    Warning (13049): Converted tri-state buffer "register_file:Reg|RDA[15]" feeding internal logic into a wire
Info (144001): Generated suppressed messages file C:/CE118/Lab06/output_files/lab06_ban1_code.map.smsg
Info (16010): Generating hard_block partition "hard_block:auto_generated_inst"
    Info (16011): Adding 0 node(s), including 0 DDIO, 0 PLL, 0 transceiver and 0 LCELL
Warning (21074): Design contains 14 input pin(s) that do not drive logic
    Warning (15610): No output dependent on input pin "DataIn[4]"
    Warning (15610): No output dependent on input pin "DataIn[5]"
    Warning (15610): No output dependent on input pin "DataIn[6]"
    Warning (15610): No output dependent on input pin "DataIn[7]"
    Warning (15610): No output dependent on input pin "DataIn[8]"
    Warning (15610): No output dependent on input pin "DataIn[9]"
    Warning (15610): No output dependent on input pin "DataIn[10]"
    Warning (15610): No output dependent on input pin "DataIn[11]"
    Warning (15610): No output dependent on input pin "DataIn[12]"
    Warning (15610): No output dependent on input pin "DataIn[13]"
    Warning (15610): No output dependent on input pin "DataIn[14]"
    Warning (15610): No output dependent on input pin "DataIn[15]"
    Warning (15610): No output dependent on input pin "REA"
    Warning (15610): No output dependent on input pin "REB"
Info (21057): Implemented 129 device resources after synthesis - the final resource count might be different
    Info (21058): Implemented 35 input pins
    Info (21059): Implemented 16 output pins
    Info (21061): Implemented 78 logic cells
Info: Quartus II 64-Bit Analysis & Synthesis was successful. 0 errors, 76 warnings
    Info: Peak virtual memory: 4600 megabytes
    Info: Processing ended: Mon Dec 09 21:56:20 2024
    Info: Elapsed time: 00:00:01
    Info: Total CPU time (on all processors): 00:00:01


+------------------------------------------+
; Analysis & Synthesis Suppressed Messages ;
+------------------------------------------+
The suppressed messages can be found in C:/CE118/Lab06/output_files/lab06_ban1_code.map.smsg.


