Analysis & Synthesis report for Mssv_lab01
Sun Sep 22 15:41:47 2024
Quartus II 64-Bit Version 13.0.1 Build 232 06/12/2013 Service Pack 1 SJ Web Edition


---------------------
; Table of Contents ;
---------------------
  1. Legal Notice
  2. Analysis & Synthesis Summary
  3. Analysis & Synthesis Settings
  4. Parallel Compilation
  5. Analysis & Synthesis Source Files Read
  6. Analysis & Synthesis Resource Usage Summary
  7. Analysis & Synthesis Resource Utilization by Entity
  8. General Register Statistics
  9. Elapsed Time Per Partition
 10. Analysis & Synthesis Messages



----------------
; Legal Notice ;
----------------
Copyright (C) 1991-2013 Altera Corporation
Your use of Altera Corporation's design tools, logic functions 
and other software and tools, and its AMPP partner logic 
functions, and any output files from any of the foregoing 
(including device programming or simulation files), and any 
associated documentation or information are expressly subject 
to the terms and conditions of the Altera Program License 
Subscription Agreement, Altera MegaCore Function License 
Agreement, or other applicable license agreement, including, 
without limitation, that your use is for the sole purpose of 
programming logic devices manufactured by Altera and sold by 
Altera or its authorized distributors.  Please refer to the 
applicable agreement for further details.



+--------------------------------------------------------------------------------------+
; Analysis & Synthesis Summary                                                         ;
+------------------------------------+-------------------------------------------------+
; Analysis & Synthesis Status        ; Successful - Sun Sep 22 15:41:47 2024           ;
; Quartus II 64-Bit Version          ; 13.0.1 Build 232 06/12/2013 SP 1 SJ Web Edition ;
; Revision Name                      ; Mssv_lab01                                      ;
; Top-level Entity Name              ; DFF_MSSV                                        ;
; Family                             ; Cyclone II                                      ;
; Total logic elements               ; 13                                              ;
;     Total combinational functions  ; 13                                              ;
;     Dedicated logic registers      ; 3                                               ;
; Total registers                    ; 3                                               ;
; Total pins                         ; 9                                               ;
; Total virtual pins                 ; 0                                               ;
; Total memory bits                  ; 0                                               ;
; Embedded Multiplier 9-bit elements ; 0                                               ;
; Total PLLs                         ; 0                                               ;
+------------------------------------+-------------------------------------------------+


+----------------------------------------------------------------------------------------------------------------------+
; Analysis & Synthesis Settings                                                                                        ;
+----------------------------------------------------------------------------+--------------------+--------------------+
; Option                                                                     ; Setting            ; Default Value      ;
+----------------------------------------------------------------------------+--------------------+--------------------+
; Device                                                                     ; EP2C35F672C6       ;                    ;
; Top-level entity name                                                      ; DFF_MSSV           ; Mssv_lab01         ;
; Family name                                                                ; Cyclone II         ; Cyclone IV GX      ;
; Use smart compilation                                                      ; Off                ; Off                ;
; Enable parallel Assembler and TimeQuest Timing Analyzer during compilation ; On                 ; On                 ;
; Enable compact report table                                                ; Off                ; Off                ;
; Restructure Multiplexers                                                   ; Auto               ; Auto               ;
; Create Debugging Nodes for IP Cores                                        ; Off                ; Off                ;
; Preserve fewer node names                                                  ; On                 ; On                 ;
; Disable OpenCore Plus hardware evaluation                                  ; Off                ; Off                ;
; Verilog Version                                                            ; Verilog_2001       ; Verilog_2001       ;
; VHDL Version                                                               ; VHDL_1993          ; VHDL_1993          ;
; State Machine Processing                                                   ; Auto               ; Auto               ;
; Safe State Machine                                                         ; Off                ; Off                ;
; Extract Verilog State Machines                                             ; On                 ; On                 ;
; Extract VHDL State Machines                                                ; On                 ; On                 ;
; Ignore Verilog initial constructs                                          ; Off                ; Off                ;
; Iteration limit for constant Verilog loops                                 ; 5000               ; 5000               ;
; Iteration limit for non-constant Verilog loops                             ; 250                ; 250                ;
; Add Pass-Through Logic to Inferred RAMs                                    ; On                 ; On                 ;
; Infer RAMs from Raw Logic                                                  ; On                 ; On                 ;
; Parallel Synthesis                                                         ; On                 ; On                 ;
; DSP Block Balancing                                                        ; Auto               ; Auto               ;
; NOT Gate Push-Back                                                         ; On                 ; On                 ;
; Power-Up Don't Care                                                        ; On                 ; On                 ;
; Remove Redundant Logic Cells                                               ; Off                ; Off                ;
; Remove Duplicate Registers                                                 ; On                 ; On                 ;
; Ignore CARRY Buffers                                                       ; Off                ; Off                ;
; Ignore CASCADE Buffers                                                     ; Off                ; Off                ;
; Ignore GLOBAL Buffers                                                      ; Off                ; Off                ;
; Ignore ROW GLOBAL Buffers                                                  ; Off                ; Off                ;
; Ignore LCELL Buffers                                                       ; Off                ; Off                ;
; Ignore SOFT Buffers                                                        ; On                 ; On                 ;
; Limit AHDL Integers to 32 Bits                                             ; Off                ; Off                ;
; Optimization Technique                                                     ; Balanced           ; Balanced           ;
; Carry Chain Length                                                         ; 70                 ; 70                 ;
; Auto Carry Chains                                                          ; On                 ; On                 ;
; Auto Open-Drain Pins                                                       ; On                 ; On                 ;
; Perform WYSIWYG Primitive Resynthesis                                      ; Off                ; Off                ;
; Auto ROM Replacement                                                       ; On                 ; On                 ;
; Auto RAM Replacement                                                       ; On                 ; On                 ;
; Auto Shift Register Replacement                                            ; Auto               ; Auto               ;
; Allow Shift Register Merging across Hierarchies                            ; Auto               ; Auto               ;
; Auto Clock Enable Replacement                                              ; On                 ; On                 ;
; Strict RAM Replacement                                                     ; Off                ; Off                ;
; Allow Synchronous Control Signals                                          ; On                 ; On                 ;
; Force Use of Synchronous Clear Signals                                     ; Off                ; Off                ;
; Auto RAM to Logic Cell Conversion                                          ; Off                ; Off                ;
; Auto Resource Sharing                                                      ; Off                ; Off                ;
; Allow Any RAM Size For Recognition                                         ; Off                ; Off                ;
; Allow Any ROM Size For Recognition                                         ; Off                ; Off                ;
; Allow Any Shift Register Size For Recognition                              ; Off                ; Off                ;
; Use LogicLock Constraints during Resource Balancing                        ; On                 ; On                 ;
; Ignore translate_off and synthesis_off directives                          ; Off                ; Off                ;
; Timing-Driven Synthesis                                                    ; Off                ; Off                ;
; Report Parameter Settings                                                  ; On                 ; On                 ;
; Report Source Assignments                                                  ; On                 ; On                 ;
; Report Connectivity Checks                                                 ; On                 ; On                 ;
; Ignore Maximum Fan-Out Assignments                                         ; Off                ; Off                ;
; Synchronization Register Chain Length                                      ; 2                  ; 2                  ;
; PowerPlay Power Optimization                                               ; Normal compilation ; Normal compilation ;
; HDL message level                                                          ; Level2             ; Level2             ;
; Suppress Register Optimization Related Messages                            ; Off                ; Off                ;
; Number of Removed Registers Reported in Synthesis Report                   ; 5000               ; 5000               ;
; Number of Swept Nodes Reported in Synthesis Report                         ; 5000               ; 5000               ;
; Number of Inverted Registers Reported in Synthesis Report                  ; 100                ; 100                ;
; Clock MUX Protection                                                       ; On                 ; On                 ;
; Auto Gated Clock Conversion                                                ; Off                ; Off                ;
; Block Design Naming                                                        ; Auto               ; Auto               ;
; SDC constraint protection                                                  ; Off                ; Off                ;
; Synthesis Effort                                                           ; Auto               ; Auto               ;
; Shift Register Replacement - Allow Asynchronous Clear Signal               ; On                 ; On                 ;
; Pre-Mapping Resynthesis Optimization                                       ; Off                ; Off                ;
; Analysis & Synthesis Message Level                                         ; Medium             ; Medium             ;
; Disable Register Merging Across Hierarchies                                ; Auto               ; Auto               ;
; Resource Aware Inference For Block RAM                                     ; On                 ; On                 ;
; Synthesis Seed                                                             ; 1                  ; 1                  ;
+----------------------------------------------------------------------------+--------------------+--------------------+


Parallel compilation was disabled, but you have multiple processors available. Enable parallel compilation to reduce compilation time.
+-------------------------------------+
; Parallel Compilation                ;
+----------------------------+--------+
; Processors                 ; Number ;
+----------------------------+--------+
; Number detected on machine ; 8      ;
; Maximum allowed            ; 1      ;
+----------------------------+--------+


+-----------------------------------------------------------------------------------------------------------------------------------------------------+
; Analysis & Synthesis Source Files Read                                                                                                              ;
+----------------------------------+-----------------+------------------------------------+-------------------------------------------------+---------+
; File Name with User-Entered Path ; Used in Netlist ; File Type                          ; File Name with Absolute Path                    ; Library ;
+----------------------------------+-----------------+------------------------------------+-------------------------------------------------+---------+
; D1.bdf                           ; yes             ; User Block Diagram/Schematic File  ; C:/CE118/Lab01/Mssv_Video_youtube/D1.bdf        ;         ;
; D0.bdf                           ; yes             ; User Block Diagram/Schematic File  ; C:/CE118/Lab01/Mssv_Video_youtube/D0.bdf        ;         ;
; DFF_COUNT.bdf                    ; yes             ; User Block Diagram/Schematic File  ; C:/CE118/Lab01/Mssv_Video_youtube/DFF_COUNT.bdf ;         ;
; D22.bdf                          ; yes             ; User Block Diagram/Schematic File  ; C:/CE118/Lab01/Mssv_Video_youtube/D22.bdf       ;         ;
; D33.bdf                          ; yes             ; User Block Diagram/Schematic File  ; C:/CE118/Lab01/Mssv_Video_youtube/D33.bdf       ;         ;
; D32.bdf                          ; yes             ; User Block Diagram/Schematic File  ; C:/CE118/Lab01/Mssv_Video_youtube/D32.bdf       ;         ;
; D31.bdf                          ; yes             ; User Block Diagram/Schematic File  ; C:/CE118/Lab01/Mssv_Video_youtube/D31.bdf       ;         ;
; D30.bdf                          ; yes             ; User Block Diagram/Schematic File  ; C:/CE118/Lab01/Mssv_Video_youtube/D30.bdf       ;         ;
; DFF_MSSV.bdf                     ; yes             ; User Block Diagram/Schematic File  ; C:/CE118/Lab01/Mssv_Video_youtube/DFF_MSSV.bdf  ;         ;
+----------------------------------+-----------------+------------------------------------+-------------------------------------------------+---------+


+-----------------------------------------------------+
; Analysis & Synthesis Resource Usage Summary         ;
+---------------------------------------------+-------+
; Resource                                    ; Usage ;
+---------------------------------------------+-------+
; Estimated Total logic elements              ; 13    ;
;                                             ;       ;
; Total combinational functions               ; 13    ;
; Logic element usage by number of LUT inputs ;       ;
;     -- 4 input functions                    ; 6     ;
;     -- 3 input functions                    ; 6     ;
;     -- <=2 input functions                  ; 1     ;
;                                             ;       ;
; Logic elements by mode                      ;       ;
;     -- normal mode                          ; 13    ;
;     -- arithmetic mode                      ; 0     ;
;                                             ;       ;
; Total registers                             ; 3     ;
;     -- Dedicated logic registers            ; 3     ;
;     -- I/O registers                        ; 0     ;
;                                             ;       ;
; I/O pins                                    ; 9     ;
; Embedded Multiplier 9-bit elements          ; 0     ;
; Maximum fan-out node                        ; EN    ;
; Maximum fan-out                             ; 9     ;
; Total fan-out                               ; 57    ;
; Average fan-out                             ; 2.28  ;
+---------------------------------------------+-------+


+-------------------------------------------------------------------------------------------------------------------------------------------------------------------------------------------+
; Analysis & Synthesis Resource Utilization by Entity                                                                                                                                       ;
+----------------------------+-------------------+--------------+-------------+--------------+---------+-----------+------+--------------+-----------------------------------+--------------+
; Compilation Hierarchy Node ; LC Combinationals ; LC Registers ; Memory Bits ; DSP Elements ; DSP 9x9 ; DSP 18x18 ; Pins ; Virtual Pins ; Full Hierarchy Name               ; Library Name ;
+----------------------------+-------------------+--------------+-------------+--------------+---------+-----------+------+--------------+-----------------------------------+--------------+
; |DFF_MSSV                  ; 13 (0)            ; 3 (0)        ; 0           ; 0            ; 0       ; 0         ; 9    ; 0            ; |DFF_MSSV                         ; work         ;
;    |D30:inst7|             ; 1 (1)             ; 0 (0)        ; 0           ; 0            ; 0       ; 0         ; 0    ; 0            ; |DFF_MSSV|D30:inst7               ; work         ;
;    |D31:inst6|             ; 1 (1)             ; 0 (0)        ; 0           ; 0            ; 0       ; 0         ; 0    ; 0            ; |DFF_MSSV|D31:inst6               ; work         ;
;    |D32:inst5|             ; 1 (1)             ; 0 (0)        ; 0           ; 0            ; 0       ; 0         ; 0    ; 0            ; |DFF_MSSV|D32:inst5               ; work         ;
;    |DFF_COUNT:inst|        ; 10 (9)            ; 3 (3)        ; 0           ; 0            ; 0       ; 0         ; 0    ; 0            ; |DFF_MSSV|DFF_COUNT:inst          ; work         ;
;       |D1:inst4|           ; 1 (1)             ; 0 (0)        ; 0           ; 0            ; 0       ; 0         ; 0    ; 0            ; |DFF_MSSV|DFF_COUNT:inst|D1:inst4 ; work         ;
+----------------------------+-------------------+--------------+-------------+--------------+---------+-----------+------+--------------+-----------------------------------+--------------+
Note: For table entries with two numbers listed, the numbers in parentheses indicate the number of resources of the given type used by the specific entity alone. The numbers listed outside of parentheses indicate the total resources of the given type used by the specific entity and all of its sub-entities in the hierarchy.


+------------------------------------------------------+
; General Register Statistics                          ;
+----------------------------------------------+-------+
; Statistic                                    ; Value ;
+----------------------------------------------+-------+
; Total registers                              ; 3     ;
; Number of registers using Synchronous Clear  ; 0     ;
; Number of registers using Synchronous Load   ; 0     ;
; Number of registers using Asynchronous Clear ; 3     ;
; Number of registers using Asynchronous Load  ; 0     ;
; Number of registers using Clock Enable       ; 0     ;
; Number of registers using Preset             ; 0     ;
+----------------------------------------------+-------+


+-------------------------------+
; Elapsed Time Per Partition    ;
+----------------+--------------+
; Partition Name ; Elapsed Time ;
+----------------+--------------+
; Top            ; 00:00:00     ;
+----------------+--------------+


+-------------------------------+
; Analysis & Synthesis Messages ;
+-------------------------------+
Info: *******************************************************************
Info: Running Quartus II 64-Bit Analysis & Synthesis
    Info: Version 13.0.1 Build 232 06/12/2013 Service Pack 1 SJ Web Edition
    Info: Processing started: Sun Sep 22 15:41:46 2024
Info: Command: quartus_map --read_settings_files=on --write_settings_files=off Mssv_lab01 -c Mssv_lab01
Warning (20028): Parallel compilation is not licensed and has been disabled
Info (12021): Found 1 design units, including 1 entities, in source file d2.bdf
    Info (12023): Found entity 1: D2
Info (12021): Found 1 design units, including 1 entities, in source file d1.bdf
    Info (12023): Found entity 1: D1
Info (12021): Found 1 design units, including 1 entities, in source file d0.bdf
    Info (12023): Found entity 1: D0
Info (12021): Found 1 design units, including 1 entities, in source file dff_count.bdf
    Info (12023): Found entity 1: DFF_COUNT
Info (12021): Found 1 design units, including 1 entities, in source file d22.bdf
    Info (12023): Found entity 1: D22
Info (12021): Found 1 design units, including 1 entities, in source file d33.bdf
    Info (12023): Found entity 1: D33
Info (12021): Found 1 design units, including 1 entities, in source file d32.bdf
    Info (12023): Found entity 1: D32
Info (12021): Found 1 design units, including 1 entities, in source file d31.bdf
    Info (12023): Found entity 1: D31
Info (12021): Found 1 design units, including 1 entities, in source file d30.bdf
    Info (12023): Found entity 1: D30
Info (12021): Found 1 design units, including 1 entities, in source file dff_mssv.bdf
    Info (12023): Found entity 1: DFF_MSSV
Info (12021): Found 1 design units, including 1 entities, in source file block2.bdf
    Info (12023): Found entity 1: Block2
Info (12127): Elaborating entity "DFF_MSSV" for the top level hierarchy
Info (12128): Elaborating entity "D33" for hierarchy "D33:inst4"
Warning (275008): Primitive "NOT" of instance "inst" not used
Warning (275008): Primitive "NOT" of instance "inst1" not used
Warning (275008): Primitive "NOT" of instance "inst2" not used
Info (12128): Elaborating entity "DFF_COUNT" for hierarchy "DFF_COUNT:inst"
Info (12128): Elaborating entity "D22" for hierarchy "DFF_COUNT:inst|D22:inst6"
Info (12128): Elaborating entity "D1" for hierarchy "DFF_COUNT:inst|D1:inst4"
Info (12128): Elaborating entity "D0" for hierarchy "DFF_COUNT:inst|D0:inst7"
Info (12128): Elaborating entity "D32" for hierarchy "D32:inst5"
Warning (275009): Pin "Q2" not connected
Warning (275008): Primitive "NOT" of instance "inst" not used
Warning (275008): Primitive "NOT" of instance "inst1" not used
Info (12128): Elaborating entity "D31" for hierarchy "D31:inst6"
Warning (275008): Primitive "NOT" of instance "inst2" not used
Info (12128): Elaborating entity "D30" for hierarchy "D30:inst7"
Warning (13004): Presettable and clearable registers converted to equivalent circuits with latches. Registers power-up to an undefined state, and DEVCLRn places the registers in an undefined state.
    Warning (13310): Register "DFF_COUNT:inst|inst" is converted into an equivalent circuit using register "DFF_COUNT:inst|inst~_emulated" and latch "DFF_COUNT:inst|inst~1"
    Warning (13310): Register "DFF_COUNT:inst|inst1" is converted into an equivalent circuit using register "DFF_COUNT:inst|inst1~_emulated" and latch "DFF_COUNT:inst|inst1~1"
    Warning (13310): Register "DFF_COUNT:inst|inst2" is converted into an equivalent circuit using register "DFF_COUNT:inst|inst2~_emulated" and latch "DFF_COUNT:inst|inst2~1"
Info (16010): Generating hard_block partition "hard_block:auto_generated_inst"
    Info (16011): Adding 0 node(s), including 0 DDIO, 0 PLL, 0 transceiver and 0 LCELL
Info (21057): Implemented 22 device resources after synthesis - the final resource count might be different
    Info (21058): Implemented 5 input pins
    Info (21059): Implemented 4 output pins
    Info (21061): Implemented 13 logic cells
Info: Quartus II 64-Bit Analysis & Synthesis was successful. 0 errors, 12 warnings
    Info: Peak virtual memory: 4597 megabytes
    Info: Processing ended: Sun Sep 22 15:41:47 2024
    Info: Elapsed time: 00:00:01
    Info: Total CPU time (on all processors): 00:00:01


